[0.165s] Invoking command in '/home/pradyun/Assignment2_ws/build/interfaces': CMAKE_PREFIX_PATH=${CMAKE_PREFIX_PATH}:/home/pradyun/Assignment2_ws/install/my_py_pkg:/home/pradyun/Assignment2_ws/install/Rover:/opt/ros/humble /usr/bin/cmake --build /home/pradyun/Assignment2_ws/build/interfaces -- -j12 -l12
[0.326s] [  2%] [34m[1mGenerating C code for ROS interfaces[0m
[0.327s] [  5%] [34m[1mGenerating C++ code for ROS interfaces[0m
[0.327s] [  5%] Built target ament_cmake_python_copy_interfaces
[0.371s] running egg_info
[0.371s] creating interfaces.egg-info
[0.372s] writing interfaces.egg-info/PKG-INFO
[0.372s] writing dependency_links to interfaces.egg-info/dependency_links.txt
[0.372s] writing top-level names to interfaces.egg-info/top_level.txt
[0.372s] writing manifest file 'interfaces.egg-info/SOURCES.txt'
[0.373s] reading manifest file 'interfaces.egg-info/SOURCES.txt'
[0.373s] writing manifest file 'interfaces.egg-info/SOURCES.txt'
[0.395s] [  5%] Built target ament_cmake_python_build_interfaces_egg
[0.415s] [  5%] Built target interfaces__cpp
[0.421s] [ 10%] [34m[1mGenerating C++ type support dispatch for ROS interfaces[0m
[0.421s] [ 10%] [34m[1mGenerating C++ type support for eProsima Fast-RTPS[0m
[0.425s] [ 12%] [34m[1mGenerating C++ introspection for ROS interfaces[0m
[0.430s] [ 15%] [32mBuilding C object CMakeFiles/interfaces__rosidl_generator_c.dir/rosidl_generator_c/interfaces/msg/detail/rover_odometry__functions.c.o[0m
[0.433s] [ 17%] [32mBuilding C object CMakeFiles/interfaces__rosidl_generator_c.dir/rosidl_generator_c/interfaces/srv/detail/add_three_ints__functions.c.o[0m
[0.501s] [ 20%] [32m[1mLinking C shared library libinterfaces__rosidl_generator_c.so[0m
[0.538s] [ 20%] Built target interfaces__rosidl_generator_c
[0.545s] [ 23%] [34m[1mGenerating C type support for eProsima Fast-RTPS[0m
[0.547s] [ 25%] [34m[1mGenerating C introspection for ROS interfaces[0m
[0.547s] [ 28%] [34m[1mGenerating C type support dispatch for ROS interfaces[0m
[0.607s] [ 30%] [32mBuilding CXX object CMakeFiles/interfaces__rosidl_typesupport_cpp.dir/rosidl_typesupport_cpp/interfaces/srv/add_three_ints__type_support.cpp.o[0m
[0.607s] [ 33%] [32mBuilding CXX object CMakeFiles/interfaces__rosidl_typesupport_cpp.dir/rosidl_typesupport_cpp/interfaces/msg/rover_odometry__type_support.cpp.o[0m
[0.639s] [ 35%] [32mBuilding CXX object CMakeFiles/interfaces__rosidl_typesupport_fastrtps_cpp.dir/rosidl_typesupport_fastrtps_cpp/interfaces/msg/detail/dds_fastrtps/rover_odometry__type_support.cpp.o[0m
[0.640s] [ 38%] [32mBuilding CXX object CMakeFiles/interfaces__rosidl_typesupport_fastrtps_cpp.dir/rosidl_typesupport_fastrtps_cpp/interfaces/srv/detail/dds_fastrtps/add_three_ints__type_support.cpp.o[0m
[0.705s] [ 43%] [32mBuilding CXX object CMakeFiles/interfaces__rosidl_typesupport_introspection_cpp.dir/rosidl_typesupport_introspection_cpp/interfaces/msg/detail/rover_odometry__type_support.cpp.o[0m
[0.705s] [ 43%] [32mBuilding CXX object CMakeFiles/interfaces__rosidl_typesupport_introspection_cpp.dir/rosidl_typesupport_introspection_cpp/interfaces/srv/detail/add_three_ints__type_support.cpp.o[0m
[0.785s] [ 46%] [32mBuilding CXX object CMakeFiles/interfaces__rosidl_typesupport_c.dir/rosidl_typesupport_c/interfaces/srv/add_three_ints__type_support.cpp.o[0m
[0.788s] [ 48%] [32mBuilding CXX object CMakeFiles/interfaces__rosidl_typesupport_c.dir/rosidl_typesupport_c/interfaces/msg/rover_odometry__type_support.cpp.o[0m
[0.824s] [ 51%] [32m[1mLinking CXX shared library libinterfaces__rosidl_typesupport_c.so[0m
[0.872s] [ 51%] Built target interfaces__rosidl_typesupport_c
[0.884s] [ 56%] [32mBuilding CXX object CMakeFiles/interfaces__rosidl_typesupport_fastrtps_c.dir/rosidl_typesupport_fastrtps_c/interfaces/srv/detail/add_three_ints__type_support_c.cpp.o[0m
[0.884s] [ 56%] [32mBuilding CXX object CMakeFiles/interfaces__rosidl_typesupport_fastrtps_c.dir/rosidl_typesupport_fastrtps_c/interfaces/msg/detail/rover_odometry__type_support_c.cpp.o[0m
[0.892s] [ 58%] [32mBuilding C object CMakeFiles/interfaces__rosidl_typesupport_introspection_c.dir/rosidl_typesupport_introspection_c/interfaces/msg/detail/rover_odometry__type_support.c.o[0m
[0.892s] [ 61%] [32mBuilding C object CMakeFiles/interfaces__rosidl_typesupport_introspection_c.dir/rosidl_typesupport_introspection_c/interfaces/srv/detail/add_three_ints__type_support.c.o[0m
[0.938s] [ 64%] [32m[1mLinking C shared library libinterfaces__rosidl_typesupport_introspection_c.so[0m
[0.972s] [ 64%] Built target interfaces__rosidl_typesupport_introspection_c
[0.990s] [ 66%] [32m[1mLinking CXX shared library libinterfaces__rosidl_typesupport_cpp.so[0m
[1.039s] [ 66%] Built target interfaces__rosidl_typesupport_cpp
[1.060s] [ 69%] [32m[1mLinking CXX shared library libinterfaces__rosidl_typesupport_fastrtps_cpp.so[0m
[1.118s] [ 69%] Built target interfaces__rosidl_typesupport_fastrtps_cpp
[1.177s] [ 71%] [32m[1mLinking CXX shared library libinterfaces__rosidl_typesupport_fastrtps_c.so[0m
[1.211s] [ 74%] [32m[1mLinking CXX shared library libinterfaces__rosidl_typesupport_introspection_cpp.so[0m
[1.238s] [ 74%] Built target interfaces__rosidl_typesupport_fastrtps_c
[1.266s] [ 74%] Built target interfaces__rosidl_typesupport_introspection_cpp
[1.282s] [ 74%] Built target interfaces
[1.306s] [ 76%] [34m[1mGenerating Python code for ROS interfaces[0m
[1.587s] [ 76%] Built target interfaces__py
[1.609s] [ 79%] [32mBuilding C object CMakeFiles/interfaces__rosidl_generator_py.dir/rosidl_generator_py/interfaces/msg/_rover_odometry_s.c.o[0m
[1.611s] [ 82%] [32mBuilding C object CMakeFiles/interfaces__rosidl_generator_py.dir/rosidl_generator_py/interfaces/srv/_add_three_ints_s.c.o[0m
[1.691s] [ 84%] [32m[1mLinking C shared library rosidl_generator_py/interfaces/libinterfaces__rosidl_generator_py.so[0m
[1.724s] [ 84%] Built target interfaces__rosidl_generator_py
[1.740s] [ 87%] [32mBuilding C object CMakeFiles/interfaces__rosidl_typesupport_fastrtps_c__pyext.dir/rosidl_generator_py/interfaces/_interfaces_s.ep.rosidl_typesupport_fastrtps_c.c.o[0m
[1.742s] [ 89%] [32mBuilding C object CMakeFiles/interfaces__rosidl_typesupport_c__pyext.dir/rosidl_generator_py/interfaces/_interfaces_s.ep.rosidl_typesupport_c.c.o[0m
[1.743s] [ 92%] [32mBuilding C object CMakeFiles/interfaces__rosidl_typesupport_introspection_c__pyext.dir/rosidl_generator_py/interfaces/_interfaces_s.ep.rosidl_typesupport_introspection_c.c.o[0m
[1.811s] [ 94%] [32m[1mLinking C shared library rosidl_generator_py/interfaces/interfaces_s__rosidl_typesupport_introspection_c.cpython-310-x86_64-linux-gnu.so[0m
[1.812s] [ 97%] [32m[1mLinking C shared library rosidl_generator_py/interfaces/interfaces_s__rosidl_typesupport_c.cpython-310-x86_64-linux-gnu.so[0m
[1.813s] [100%] [32m[1mLinking C shared library rosidl_generator_py/interfaces/interfaces_s__rosidl_typesupport_fastrtps_c.cpython-310-x86_64-linux-gnu.so[0m
[1.841s] [100%] Built target interfaces__rosidl_typesupport_fastrtps_c__pyext
[1.842s] [100%] Built target interfaces__rosidl_typesupport_c__pyext
[1.843s] [100%] Built target interfaces__rosidl_typesupport_introspection_c__pyext
[1.854s] Invoked command in '/home/pradyun/Assignment2_ws/build/interfaces' returned '0': CMAKE_PREFIX_PATH=${CMAKE_PREFIX_PATH}:/home/pradyun/Assignment2_ws/install/my_py_pkg:/home/pradyun/Assignment2_ws/install/Rover:/opt/ros/humble /usr/bin/cmake --build /home/pradyun/Assignment2_ws/build/interfaces -- -j12 -l12
[1.856s] Invoking command in '/home/pradyun/Assignment2_ws/build/interfaces': CMAKE_PREFIX_PATH=${CMAKE_PREFIX_PATH}:/home/pradyun/Assignment2_ws/install/my_py_pkg:/home/pradyun/Assignment2_ws/install/Rover:/opt/ros/humble /usr/bin/cmake --install /home/pradyun/Assignment2_ws/build/interfaces
[1.866s] -- Install configuration: ""
[1.866s] -- Installing: /home/pradyun/Assignment2_ws/install/interfaces/share/ament_index/resource_index/rosidl_interfaces/interfaces
[1.866s] -- Installing: /home/pradyun/Assignment2_ws/install/interfaces/include/interfaces/interfaces
[1.866s] -- Installing: /home/pradyun/Assignment2_ws/install/interfaces/include/interfaces/interfaces/msg
[1.866s] -- Installing: /home/pradyun/Assignment2_ws/install/interfaces/include/interfaces/interfaces/msg/rover_odometry.h
[1.866s] -- Installing: /home/pradyun/Assignment2_ws/install/interfaces/include/interfaces/interfaces/msg/rosidl_generator_c__visibility_control.h
[1.866s] -- Installing: /home/pradyun/Assignment2_ws/install/interfaces/include/interfaces/interfaces/msg/detail
[1.866s] -- Installing: /home/pradyun/Assignment2_ws/install/interfaces/include/interfaces/interfaces/msg/detail/rover_odometry__type_support.h
[1.866s] -- Installing: /home/pradyun/Assignment2_ws/install/interfaces/include/interfaces/interfaces/msg/detail/rover_odometry__struct.h
[1.866s] -- Installing: /home/pradyun/Assignment2_ws/install/interfaces/include/interfaces/interfaces/msg/detail/rover_odometry__functions.h
[1.867s] -- Installing: /home/pradyun/Assignment2_ws/install/interfaces/include/interfaces/interfaces/msg/detail/rover_odometry__functions.c
[1.867s] -- Installing: /home/pradyun/Assignment2_ws/install/interfaces/include/interfaces/interfaces/srv
[1.867s] -- Installing: /home/pradyun/Assignment2_ws/install/interfaces/include/interfaces/interfaces/srv/add_three_ints.h
[1.867s] -- Installing: /home/pradyun/Assignment2_ws/install/interfaces/include/interfaces/interfaces/srv/detail
[1.867s] -- Installing: /home/pradyun/Assignment2_ws/install/interfaces/include/interfaces/interfaces/srv/detail/add_three_ints__functions.c
[1.867s] -- Installing: /home/pradyun/Assignment2_ws/install/interfaces/include/interfaces/interfaces/srv/detail/add_three_ints__type_support.h
[1.867s] -- Installing: /home/pradyun/Assignment2_ws/install/interfaces/include/interfaces/interfaces/srv/detail/add_three_ints__struct.h
[1.867s] -- Installing: /home/pradyun/Assignment2_ws/install/interfaces/include/interfaces/interfaces/srv/detail/add_three_ints__functions.h
[1.867s] -- Installing: /home/pradyun/Assignment2_ws/install/interfaces/share/interfaces/environment/library_path.sh
[1.867s] -- Installing: /home/pradyun/Assignment2_ws/install/interfaces/share/interfaces/environment/library_path.dsv
[1.867s] -- Installing: /home/pradyun/Assignment2_ws/install/interfaces/lib/libinterfaces__rosidl_generator_c.so
[1.867s] -- Set runtime path of "/home/pradyun/Assignment2_ws/install/interfaces/lib/libinterfaces__rosidl_generator_c.so" to ""
[1.867s] -- Up-to-date: /home/pradyun/Assignment2_ws/install/interfaces/include/interfaces/interfaces
[1.868s] -- Up-to-date: /home/pradyun/Assignment2_ws/install/interfaces/include/interfaces/interfaces/msg
[1.868s] -- Installing: /home/pradyun/Assignment2_ws/install/interfaces/include/interfaces/interfaces/msg/rosidl_typesupport_fastrtps_c__visibility_control.h
[1.868s] -- Up-to-date: /home/pradyun/Assignment2_ws/install/interfaces/include/interfaces/interfaces/msg/detail
[1.868s] -- Installing: /home/pradyun/Assignment2_ws/install/interfaces/include/interfaces/interfaces/msg/detail/rover_odometry__rosidl_typesupport_fastrtps_c.h
[1.868s] -- Up-to-date: /home/pradyun/Assignment2_ws/install/interfaces/include/interfaces/interfaces/srv
[1.868s] -- Up-to-date: /home/pradyun/Assignment2_ws/install/interfaces/include/interfaces/interfaces/srv/detail
[1.868s] -- Installing: /home/pradyun/Assignment2_ws/install/interfaces/include/interfaces/interfaces/srv/detail/add_three_ints__rosidl_typesupport_fastrtps_c.h
[1.868s] -- Installing: /home/pradyun/Assignment2_ws/install/interfaces/lib/libinterfaces__rosidl_typesupport_fastrtps_c.so
[1.868s] -- Set runtime path of "/home/pradyun/Assignment2_ws/install/interfaces/lib/libinterfaces__rosidl_typesupport_fastrtps_c.so" to ""
[1.868s] -- Up-to-date: /home/pradyun/Assignment2_ws/install/interfaces/include/interfaces/interfaces
[1.868s] -- Up-to-date: /home/pradyun/Assignment2_ws/install/interfaces/include/interfaces/interfaces/msg
[1.868s] -- Installing: /home/pradyun/Assignment2_ws/install/interfaces/include/interfaces/interfaces/msg/rover_odometry.hpp
[1.868s] -- Installing: /home/pradyun/Assignment2_ws/install/interfaces/include/interfaces/interfaces/msg/rosidl_generator_cpp__visibility_control.hpp
[1.868s] -- Up-to-date: /home/pradyun/Assignment2_ws/install/interfaces/include/interfaces/interfaces/msg/detail
[1.868s] -- Installing: /home/pradyun/Assignment2_ws/install/interfaces/include/interfaces/interfaces/msg/detail/rover_odometry__struct.hpp
[1.868s] -- Installing: /home/pradyun/Assignment2_ws/install/interfaces/include/interfaces/interfaces/msg/detail/rover_odometry__traits.hpp
[1.869s] -- Installing: /home/pradyun/Assignment2_ws/install/interfaces/include/interfaces/interfaces/msg/detail/rover_odometry__type_support.hpp
[1.869s] -- Installing: /home/pradyun/Assignment2_ws/install/interfaces/include/interfaces/interfaces/msg/detail/rover_odometry__builder.hpp
[1.869s] -- Up-to-date: /home/pradyun/Assignment2_ws/install/interfaces/include/interfaces/interfaces/srv
[1.869s] -- Installing: /home/pradyun/Assignment2_ws/install/interfaces/include/interfaces/interfaces/srv/add_three_ints.hpp
[1.869s] -- Up-to-date: /home/pradyun/Assignment2_ws/install/interfaces/include/interfaces/interfaces/srv/detail
[1.869s] -- Installing: /home/pradyun/Assignment2_ws/install/interfaces/include/interfaces/interfaces/srv/detail/add_three_ints__struct.hpp
[1.869s] -- Installing: /home/pradyun/Assignment2_ws/install/interfaces/include/interfaces/interfaces/srv/detail/add_three_ints__builder.hpp
[1.869s] -- Installing: /home/pradyun/Assignment2_ws/install/interfaces/include/interfaces/interfaces/srv/detail/add_three_ints__traits.hpp
[1.869s] -- Installing: /home/pradyun/Assignment2_ws/install/interfaces/include/interfaces/interfaces/srv/detail/add_three_ints__type_support.hpp
[1.869s] -- Up-to-date: /home/pradyun/Assignment2_ws/install/interfaces/include/interfaces/interfaces
[1.869s] -- Up-to-date: /home/pradyun/Assignment2_ws/install/interfaces/include/interfaces/interfaces/msg
[1.869s] -- Installing: /home/pradyun/Assignment2_ws/install/interfaces/include/interfaces/interfaces/msg/rosidl_typesupport_fastrtps_cpp__visibility_control.h
[1.869s] -- Up-to-date: /home/pradyun/Assignment2_ws/install/interfaces/include/interfaces/interfaces/msg/detail
[1.869s] -- Installing: /home/pradyun/Assignment2_ws/install/interfaces/include/interfaces/interfaces/msg/detail/rover_odometry__rosidl_typesupport_fastrtps_cpp.hpp
[1.869s] -- Installing: /home/pradyun/Assignment2_ws/install/interfaces/include/interfaces/interfaces/msg/detail/dds_fastrtps
[1.869s] -- Up-to-date: /home/pradyun/Assignment2_ws/install/interfaces/include/interfaces/interfaces/srv
[1.869s] -- Up-to-date: /home/pradyun/Assignment2_ws/install/interfaces/include/interfaces/interfaces/srv/detail
[1.869s] -- Installing: /home/pradyun/Assignment2_ws/install/interfaces/include/interfaces/interfaces/srv/detail/dds_fastrtps
[1.869s] -- Installing: /home/pradyun/Assignment2_ws/install/interfaces/include/interfaces/interfaces/srv/detail/add_three_ints__rosidl_typesupport_fastrtps_cpp.hpp
[1.870s] -- Installing: /home/pradyun/Assignment2_ws/install/interfaces/lib/libinterfaces__rosidl_typesupport_fastrtps_cpp.so
[1.870s] -- Set runtime path of "/home/pradyun/Assignment2_ws/install/interfaces/lib/libinterfaces__rosidl_typesupport_fastrtps_cpp.so" to ""
[1.870s] -- Up-to-date: /home/pradyun/Assignment2_ws/install/interfaces/include/interfaces/interfaces
[1.870s] -- Up-to-date: /home/pradyun/Assignment2_ws/install/interfaces/include/interfaces/interfaces/msg
[1.870s] -- Installing: /home/pradyun/Assignment2_ws/install/interfaces/include/interfaces/interfaces/msg/rosidl_typesupport_introspection_c__visibility_control.h
[1.870s] -- Up-to-date: /home/pradyun/Assignment2_ws/install/interfaces/include/interfaces/interfaces/msg/detail
[1.870s] -- Installing: /home/pradyun/Assignment2_ws/install/interfaces/include/interfaces/interfaces/msg/detail/rover_odometry__type_support.c
[1.870s] -- Installing: /home/pradyun/Assignment2_ws/install/interfaces/include/interfaces/interfaces/msg/detail/rover_odometry__rosidl_typesupport_introspection_c.h
[1.870s] -- Up-to-date: /home/pradyun/Assignment2_ws/install/interfaces/include/interfaces/interfaces/srv
[1.870s] -- Up-to-date: /home/pradyun/Assignment2_ws/install/interfaces/include/interfaces/interfaces/srv/detail
[1.870s] -- Installing: /home/pradyun/Assignment2_ws/install/interfaces/include/interfaces/interfaces/srv/detail/add_three_ints__type_support.c
[1.870s] -- Installing: /home/pradyun/Assignment2_ws/install/interfaces/include/interfaces/interfaces/srv/detail/add_three_ints__rosidl_typesupport_introspection_c.h
[1.870s] -- Installing: /home/pradyun/Assignment2_ws/install/interfaces/lib/libinterfaces__rosidl_typesupport_introspection_c.so
[1.870s] -- Set runtime path of "/home/pradyun/Assignment2_ws/install/interfaces/lib/libinterfaces__rosidl_typesupport_introspection_c.so" to ""
[1.870s] -- Installing: /home/pradyun/Assignment2_ws/install/interfaces/lib/libinterfaces__rosidl_typesupport_c.so
[1.870s] -- Set runtime path of "/home/pradyun/Assignment2_ws/install/interfaces/lib/libinterfaces__rosidl_typesupport_c.so" to ""
[1.870s] -- Up-to-date: /home/pradyun/Assignment2_ws/install/interfaces/include/interfaces/interfaces
[1.870s] -- Up-to-date: /home/pradyun/Assignment2_ws/install/interfaces/include/interfaces/interfaces/msg
[1.870s] -- Up-to-date: /home/pradyun/Assignment2_ws/install/interfaces/include/interfaces/interfaces/msg/detail
[1.871s] -- Installing: /home/pradyun/Assignment2_ws/install/interfaces/include/interfaces/interfaces/msg/detail/rover_odometry__type_support.cpp
[1.871s] -- Installing: /home/pradyun/Assignment2_ws/install/interfaces/include/interfaces/interfaces/msg/detail/rover_odometry__rosidl_typesupport_introspection_cpp.hpp
[1.871s] -- Up-to-date: /home/pradyun/Assignment2_ws/install/interfaces/include/interfaces/interfaces/srv
[1.871s] -- Up-to-date: /home/pradyun/Assignment2_ws/install/interfaces/include/interfaces/interfaces/srv/detail
[1.871s] -- Installing: /home/pradyun/Assignment2_ws/install/interfaces/include/interfaces/interfaces/srv/detail/add_three_ints__type_support.cpp
[1.871s] -- Installing: /home/pradyun/Assignment2_ws/install/interfaces/include/interfaces/interfaces/srv/detail/add_three_ints__rosidl_typesupport_introspection_cpp.hpp
[1.871s] -- Installing: /home/pradyun/Assignment2_ws/install/interfaces/lib/libinterfaces__rosidl_typesupport_introspection_cpp.so
[1.871s] -- Set runtime path of "/home/pradyun/Assignment2_ws/install/interfaces/lib/libinterfaces__rosidl_typesupport_introspection_cpp.so" to ""
[1.871s] -- Installing: /home/pradyun/Assignment2_ws/install/interfaces/lib/libinterfaces__rosidl_typesupport_cpp.so
[1.871s] -- Set runtime path of "/home/pradyun/Assignment2_ws/install/interfaces/lib/libinterfaces__rosidl_typesupport_cpp.so" to ""
[1.871s] -- Installing: /home/pradyun/Assignment2_ws/install/interfaces/share/interfaces/environment/pythonpath.sh
[1.871s] -- Installing: /home/pradyun/Assignment2_ws/install/interfaces/share/interfaces/environment/pythonpath.dsv
[1.871s] -- Installing: /home/pradyun/Assignment2_ws/install/interfaces/local/lib/python3.10/dist-packages/interfaces-0.0.0-py3.10.egg-info
[1.871s] -- Installing: /home/pradyun/Assignment2_ws/install/interfaces/local/lib/python3.10/dist-packages/interfaces-0.0.0-py3.10.egg-info/PKG-INFO
[1.871s] -- Installing: /home/pradyun/Assignment2_ws/install/interfaces/local/lib/python3.10/dist-packages/interfaces-0.0.0-py3.10.egg-info/SOURCES.txt
[1.871s] -- Installing: /home/pradyun/Assignment2_ws/install/interfaces/local/lib/python3.10/dist-packages/interfaces-0.0.0-py3.10.egg-info/dependency_links.txt
[1.871s] -- Installing: /home/pradyun/Assignment2_ws/install/interfaces/local/lib/python3.10/dist-packages/interfaces-0.0.0-py3.10.egg-info/top_level.txt
[1.871s] -- Installing: /home/pradyun/Assignment2_ws/install/interfaces/local/lib/python3.10/dist-packages/interfaces
[1.871s] -- Installing: /home/pradyun/Assignment2_ws/install/interfaces/local/lib/python3.10/dist-packages/interfaces/libinterfaces__rosidl_generator_py.so
[1.872s] -- Installing: /home/pradyun/Assignment2_ws/install/interfaces/local/lib/python3.10/dist-packages/interfaces/__init__.py
[1.872s] -- Installing: /home/pradyun/Assignment2_ws/install/interfaces/local/lib/python3.10/dist-packages/interfaces/interfaces_s__rosidl_typesupport_fastrtps_c.cpython-310-x86_64-linux-gnu.so
[1.872s] -- Installing: /home/pradyun/Assignment2_ws/install/interfaces/local/lib/python3.10/dist-packages/interfaces/interfaces_s__rosidl_typesupport_introspection_c.cpython-310-x86_64-linux-gnu.so
[1.872s] -- Installing: /home/pradyun/Assignment2_ws/install/interfaces/local/lib/python3.10/dist-packages/interfaces/_interfaces_s.ep.rosidl_typesupport_c.c
[1.872s] -- Installing: /home/pradyun/Assignment2_ws/install/interfaces/local/lib/python3.10/dist-packages/interfaces/_interfaces_s.ep.rosidl_typesupport_introspection_c.c
[1.872s] -- Installing: /home/pradyun/Assignment2_ws/install/interfaces/local/lib/python3.10/dist-packages/interfaces/interfaces_s__rosidl_typesupport_c.cpython-310-x86_64-linux-gnu.so
[1.872s] -- Installing: /home/pradyun/Assignment2_ws/install/interfaces/local/lib/python3.10/dist-packages/interfaces/_interfaces_s.ep.rosidl_typesupport_fastrtps_c.c
[1.872s] -- Installing: /home/pradyun/Assignment2_ws/install/interfaces/local/lib/python3.10/dist-packages/interfaces/msg
[1.872s] -- Installing: /home/pradyun/Assignment2_ws/install/interfaces/local/lib/python3.10/dist-packages/interfaces/msg/__init__.py
[1.872s] -- Installing: /home/pradyun/Assignment2_ws/install/interfaces/local/lib/python3.10/dist-packages/interfaces/msg/_rover_odometry.py
[1.872s] -- Installing: /home/pradyun/Assignment2_ws/install/interfaces/local/lib/python3.10/dist-packages/interfaces/msg/_rover_odometry_s.c
[1.872s] -- Installing: /home/pradyun/Assignment2_ws/install/interfaces/local/lib/python3.10/dist-packages/interfaces/srv
[1.872s] -- Installing: /home/pradyun/Assignment2_ws/install/interfaces/local/lib/python3.10/dist-packages/interfaces/srv/__init__.py
[1.872s] -- Installing: /home/pradyun/Assignment2_ws/install/interfaces/local/lib/python3.10/dist-packages/interfaces/srv/_add_three_ints_s.c
[1.872s] -- Installing: /home/pradyun/Assignment2_ws/install/interfaces/local/lib/python3.10/dist-packages/interfaces/srv/_add_three_ints.py
[1.899s] Listing '/home/pradyun/Assignment2_ws/install/interfaces/local/lib/python3.10/dist-packages/interfaces'...
[1.899s] Compiling '/home/pradyun/Assignment2_ws/install/interfaces/local/lib/python3.10/dist-packages/interfaces/__init__.py'...
[1.899s] Listing '/home/pradyun/Assignment2_ws/install/interfaces/local/lib/python3.10/dist-packages/interfaces/msg'...
[1.899s] Compiling '/home/pradyun/Assignment2_ws/install/interfaces/local/lib/python3.10/dist-packages/interfaces/msg/__init__.py'...
[1.899s] Compiling '/home/pradyun/Assignment2_ws/install/interfaces/local/lib/python3.10/dist-packages/interfaces/msg/_rover_odometry.py'...
[1.899s] Listing '/home/pradyun/Assignment2_ws/install/interfaces/local/lib/python3.10/dist-packages/interfaces/srv'...
[1.899s] Compiling '/home/pradyun/Assignment2_ws/install/interfaces/local/lib/python3.10/dist-packages/interfaces/srv/__init__.py'...
[1.899s] Compiling '/home/pradyun/Assignment2_ws/install/interfaces/local/lib/python3.10/dist-packages/interfaces/srv/_add_three_ints.py'...
[1.902s] -- Installing: /home/pradyun/Assignment2_ws/install/interfaces/local/lib/python3.10/dist-packages/interfaces/interfaces_s__rosidl_typesupport_fastrtps_c.cpython-310-x86_64-linux-gnu.so
[1.902s] -- Set runtime path of "/home/pradyun/Assignment2_ws/install/interfaces/local/lib/python3.10/dist-packages/interfaces/interfaces_s__rosidl_typesupport_fastrtps_c.cpython-310-x86_64-linux-gnu.so" to ""
[1.902s] -- Installing: /home/pradyun/Assignment2_ws/install/interfaces/local/lib/python3.10/dist-packages/interfaces/interfaces_s__rosidl_typesupport_introspection_c.cpython-310-x86_64-linux-gnu.so
[1.902s] -- Set runtime path of "/home/pradyun/Assignment2_ws/install/interfaces/local/lib/python3.10/dist-packages/interfaces/interfaces_s__rosidl_typesupport_introspection_c.cpython-310-x86_64-linux-gnu.so" to ""
[1.902s] -- Installing: /home/pradyun/Assignment2_ws/install/interfaces/local/lib/python3.10/dist-packages/interfaces/interfaces_s__rosidl_typesupport_c.cpython-310-x86_64-linux-gnu.so
[1.902s] -- Set runtime path of "/home/pradyun/Assignment2_ws/install/interfaces/local/lib/python3.10/dist-packages/interfaces/interfaces_s__rosidl_typesupport_c.cpython-310-x86_64-linux-gnu.so" to ""
[1.902s] -- Installing: /home/pradyun/Assignment2_ws/install/interfaces/lib/libinterfaces__rosidl_generator_py.so
[1.903s] -- Set runtime path of "/home/pradyun/Assignment2_ws/install/interfaces/lib/libinterfaces__rosidl_generator_py.so" to ""
[1.903s] -- Installing: /home/pradyun/Assignment2_ws/install/interfaces/share/interfaces/msg/RoverOdometry.idl
[1.903s] -- Installing: /home/pradyun/Assignment2_ws/install/interfaces/share/interfaces/srv/AddThreeInts.idl
[1.903s] -- Installing: /home/pradyun/Assignment2_ws/install/interfaces/share/interfaces/mars_msgs/RoverOdometry.msg
[1.903s] -- Installing: /home/pradyun/Assignment2_ws/install/interfaces/share/interfaces/srv/AddThreeInts.srv
[1.903s] -- Installing: /home/pradyun/Assignment2_ws/install/interfaces/share/interfaces/srv/AddThreeInts_Request.msg
[1.903s] -- Installing: /home/pradyun/Assignment2_ws/install/interfaces/share/interfaces/srv/AddThreeInts_Response.msg
[1.903s] -- Installing: /home/pradyun/Assignment2_ws/install/interfaces/share/ament_index/resource_index/package_run_dependencies/interfaces
[1.903s] -- Installing: /home/pradyun/Assignment2_ws/install/interfaces/share/ament_index/resource_index/parent_prefix_path/interfaces
[1.903s] -- Installing: /home/pradyun/Assignment2_ws/install/interfaces/share/interfaces/environment/ament_prefix_path.sh
[1.903s] -- Installing: /home/pradyun/Assignment2_ws/install/interfaces/share/interfaces/environment/ament_prefix_path.dsv
[1.903s] -- Installing: /home/pradyun/Assignment2_ws/install/interfaces/share/interfaces/environment/path.sh
[1.903s] -- Installing: /home/pradyun/Assignment2_ws/install/interfaces/share/interfaces/environment/path.dsv
[1.903s] -- Installing: /home/pradyun/Assignment2_ws/install/interfaces/share/interfaces/local_setup.bash
[1.903s] -- Installing: /home/pradyun/Assignment2_ws/install/interfaces/share/interfaces/local_setup.sh
[1.903s] -- Installing: /home/pradyun/Assignment2_ws/install/interfaces/share/interfaces/local_setup.zsh
[1.903s] -- Installing: /home/pradyun/Assignment2_ws/install/interfaces/share/interfaces/local_setup.dsv
[1.904s] -- Installing: /home/pradyun/Assignment2_ws/install/interfaces/share/interfaces/package.dsv
[1.904s] -- Installing: /home/pradyun/Assignment2_ws/install/interfaces/share/ament_index/resource_index/packages/interfaces
[1.904s] -- Installing: /home/pradyun/Assignment2_ws/install/interfaces/share/interfaces/cmake/export_interfaces__rosidl_generator_cExport.cmake
[1.904s] -- Installing: /home/pradyun/Assignment2_ws/install/interfaces/share/interfaces/cmake/export_interfaces__rosidl_generator_cExport-noconfig.cmake
[1.904s] -- Installing: /home/pradyun/Assignment2_ws/install/interfaces/share/interfaces/cmake/export_interfaces__rosidl_typesupport_fastrtps_cExport.cmake
[1.904s] -- Installing: /home/pradyun/Assignment2_ws/install/interfaces/share/interfaces/cmake/export_interfaces__rosidl_typesupport_fastrtps_cExport-noconfig.cmake
[1.904s] -- Installing: /home/pradyun/Assignment2_ws/install/interfaces/share/interfaces/cmake/export_interfaces__rosidl_generator_cppExport.cmake
[1.904s] -- Installing: /home/pradyun/Assignment2_ws/install/interfaces/share/interfaces/cmake/export_interfaces__rosidl_typesupport_fastrtps_cppExport.cmake
[1.904s] -- Installing: /home/pradyun/Assignment2_ws/install/interfaces/share/interfaces/cmake/export_interfaces__rosidl_typesupport_fastrtps_cppExport-noconfig.cmake
[1.904s] -- Installing: /home/pradyun/Assignment2_ws/install/interfaces/share/interfaces/cmake/interfaces__rosidl_typesupport_introspection_cExport.cmake
[1.904s] -- Installing: /home/pradyun/Assignment2_ws/install/interfaces/share/interfaces/cmake/interfaces__rosidl_typesupport_introspection_cExport-noconfig.cmake
[1.904s] -- Installing: /home/pradyun/Assignment2_ws/install/interfaces/share/interfaces/cmake/interfaces__rosidl_typesupport_cExport.cmake
[1.904s] -- Installing: /home/pradyun/Assignment2_ws/install/interfaces/share/interfaces/cmake/interfaces__rosidl_typesupport_cExport-noconfig.cmake
[1.904s] -- Installing: /home/pradyun/Assignment2_ws/install/interfaces/share/interfaces/cmake/interfaces__rosidl_typesupport_introspection_cppExport.cmake
[1.904s] -- Installing: /home/pradyun/Assignment2_ws/install/interfaces/share/interfaces/cmake/interfaces__rosidl_typesupport_introspection_cppExport-noconfig.cmake
[1.904s] -- Installing: /home/pradyun/Assignment2_ws/install/interfaces/share/interfaces/cmake/interfaces__rosidl_typesupport_cppExport.cmake
[1.904s] -- Installing: /home/pradyun/Assignment2_ws/install/interfaces/share/interfaces/cmake/interfaces__rosidl_typesupport_cppExport-noconfig.cmake
[1.904s] -- Installing: /home/pradyun/Assignment2_ws/install/interfaces/share/interfaces/cmake/export_interfaces__rosidl_generator_pyExport.cmake
[1.904s] -- Installing: /home/pradyun/Assignment2_ws/install/interfaces/share/interfaces/cmake/export_interfaces__rosidl_generator_pyExport-noconfig.cmake
[1.905s] -- Installing: /home/pradyun/Assignment2_ws/install/interfaces/share/interfaces/cmake/rosidl_cmake-extras.cmake
[1.905s] -- Installing: /home/pradyun/Assignment2_ws/install/interfaces/share/interfaces/cmake/ament_cmake_export_dependencies-extras.cmake
[1.905s] -- Installing: /home/pradyun/Assignment2_ws/install/interfaces/share/interfaces/cmake/ament_cmake_export_include_directories-extras.cmake
[1.905s] -- Installing: /home/pradyun/Assignment2_ws/install/interfaces/share/interfaces/cmake/ament_cmake_export_libraries-extras.cmake
[1.905s] -- Installing: /home/pradyun/Assignment2_ws/install/interfaces/share/interfaces/cmake/ament_cmake_export_targets-extras.cmake
[1.905s] -- Installing: /home/pradyun/Assignment2_ws/install/interfaces/share/interfaces/cmake/rosidl_cmake_export_typesupport_targets-extras.cmake
[1.905s] -- Installing: /home/pradyun/Assignment2_ws/install/interfaces/share/interfaces/cmake/rosidl_cmake_export_typesupport_libraries-extras.cmake
[1.905s] -- Installing: /home/pradyun/Assignment2_ws/install/interfaces/share/interfaces/cmake/interfacesConfig.cmake
[1.905s] -- Installing: /home/pradyun/Assignment2_ws/install/interfaces/share/interfaces/cmake/interfacesConfig-version.cmake
[1.905s] -- Installing: /home/pradyun/Assignment2_ws/install/interfaces/share/interfaces/package.xml
[1.907s] Invoked command in '/home/pradyun/Assignment2_ws/build/interfaces' returned '0': CMAKE_PREFIX_PATH=${CMAKE_PREFIX_PATH}:/home/pradyun/Assignment2_ws/install/my_py_pkg:/home/pradyun/Assignment2_ws/install/Rover:/opt/ros/humble /usr/bin/cmake --install /home/pradyun/Assignment2_ws/build/interfaces
