[0.737s] Invoking command in '/home/pradyun/Assignment2_ws/src/rover': PYTHONPATH=/home/pradyun/Assignment2_ws/build/rover/prefix_override:/usr/lib/python3/dist-packages/colcon_core/task/python/colcon_distutils_commands:/home/pradyun/Assignment2_ws/install/rover/lib/python3.10/site-packages:${PYTHONPATH} /usr/bin/python3 -W ignore:setup.py install is deprecated -W ignore:easy_install command is deprecated setup.py egg_info --egg-base ../../build/rover build --build-base /home/pradyun/Assignment2_ws/build/rover/build install --record /home/pradyun/Assignment2_ws/build/rover/install.log --single-version-externally-managed install_data
[0.879s] running egg_info
[0.880s] creating ../../build/rover/Rover.egg-info
[0.880s] writing ../../build/rover/Rover.egg-info/PKG-INFO
[0.880s] writing dependency_links to ../../build/rover/Rover.egg-info/dependency_links.txt
[0.881s] writing entry points to ../../build/rover/Rover.egg-info/entry_points.txt
[0.881s] writing requirements to ../../build/rover/Rover.egg-info/requires.txt
[0.881s] writing top-level names to ../../build/rover/Rover.egg-info/top_level.txt
[0.881s] writing manifest file '../../build/rover/Rover.egg-info/SOURCES.txt'
[0.881s] reading manifest file '../../build/rover/Rover.egg-info/SOURCES.txt'
[0.882s] writing manifest file '../../build/rover/Rover.egg-info/SOURCES.txt'
[0.882s] running build
[0.882s] running build_py
[0.882s] creating /home/pradyun/Assignment2_ws/build/rover/build
[0.883s] creating /home/pradyun/Assignment2_ws/build/rover/build/lib
[0.883s] creating /home/pradyun/Assignment2_ws/build/rover/build/lib/rover
[0.883s] copying rover/__init__.py -> /home/pradyun/Assignment2_ws/build/rover/build/lib/rover
[0.883s] copying rover/pub1.py -> /home/pradyun/Assignment2_ws/build/rover/build/lib/rover
[0.883s] copying rover/pub2.py -> /home/pradyun/Assignment2_ws/build/rover/build/lib/rover
[0.883s] copying rover/sub.py -> /home/pradyun/Assignment2_ws/build/rover/build/lib/rover
[0.883s] running install
[0.884s] running install_lib
[0.884s] creating /home/pradyun/Assignment2_ws/install/rover/lib/python3.10/site-packages/rover
[0.884s] copying /home/pradyun/Assignment2_ws/build/rover/build/lib/rover/__init__.py -> /home/pradyun/Assignment2_ws/install/rover/lib/python3.10/site-packages/rover
[0.884s] copying /home/pradyun/Assignment2_ws/build/rover/build/lib/rover/sub.py -> /home/pradyun/Assignment2_ws/install/rover/lib/python3.10/site-packages/rover
[0.884s] copying /home/pradyun/Assignment2_ws/build/rover/build/lib/rover/pub2.py -> /home/pradyun/Assignment2_ws/install/rover/lib/python3.10/site-packages/rover
[0.884s] copying /home/pradyun/Assignment2_ws/build/rover/build/lib/rover/pub1.py -> /home/pradyun/Assignment2_ws/install/rover/lib/python3.10/site-packages/rover
[0.884s] byte-compiling /home/pradyun/Assignment2_ws/install/rover/lib/python3.10/site-packages/rover/__init__.py to __init__.cpython-310.pyc
[0.884s] byte-compiling /home/pradyun/Assignment2_ws/install/rover/lib/python3.10/site-packages/rover/sub.py to sub.cpython-310.pyc
[0.884s] byte-compiling /home/pradyun/Assignment2_ws/install/rover/lib/python3.10/site-packages/rover/pub2.py to pub2.cpython-310.pyc
[0.884s] byte-compiling /home/pradyun/Assignment2_ws/install/rover/lib/python3.10/site-packages/rover/pub1.py to pub1.cpython-310.pyc
[0.884s] running install_data
[0.886s] error: can't copy 'resource/Rover': doesn't exist or not a regular file
