[0.571s] Invoking command in '/home/pradyun/Assignment2_ws/src/Rover': PYTHONPATH=/home/pradyun/Assignment2_ws/build/Rover/prefix_override:/usr/lib/python3/dist-packages/colcon_core/task/python/colcon_distutils_commands:/home/pradyun/Assignment2_ws/install/Rover/lib/python3.10/site-packages:${PYTHONPATH} /usr/bin/python3 -W ignore:setup.py install is deprecated -W ignore:easy_install command is deprecated setup.py egg_info --egg-base ../../build/Rover build --build-base /home/pradyun/Assignment2_ws/build/Rover/build install --record /home/pradyun/Assignment2_ws/build/Rover/install.log --single-version-externally-managed install_data
[0.715s] running egg_info
[0.715s] creating ../../build/Rover/Rover.egg-info
[0.715s] writing ../../build/Rover/Rover.egg-info/PKG-INFO
[0.715s] writing dependency_links to ../../build/Rover/Rover.egg-info/dependency_links.txt
[0.715s] writing entry points to ../../build/Rover/Rover.egg-info/entry_points.txt
[0.715s] writing requirements to ../../build/Rover/Rover.egg-info/requires.txt
[0.715s] writing top-level names to ../../build/Rover/Rover.egg-info/top_level.txt
[0.715s] writing manifest file '../../build/Rover/Rover.egg-info/SOURCES.txt'
[0.716s] reading manifest file '../../build/Rover/Rover.egg-info/SOURCES.txt'
[0.717s] writing manifest file '../../build/Rover/Rover.egg-info/SOURCES.txt'
[0.717s] running build
[0.717s] running build_py
[0.717s] creating /home/pradyun/Assignment2_ws/build/Rover/build
[0.717s] creating /home/pradyun/Assignment2_ws/build/Rover/build/lib
[0.717s] creating /home/pradyun/Assignment2_ws/build/Rover/build/lib/Rover
[0.717s] copying Rover/__init__.py -> /home/pradyun/Assignment2_ws/build/Rover/build/lib/Rover
[0.717s] copying Rover/sub.py -> /home/pradyun/Assignment2_ws/build/Rover/build/lib/Rover
[0.717s] copying Rover/pub2.py -> /home/pradyun/Assignment2_ws/build/Rover/build/lib/Rover
[0.717s] copying Rover/pub1.py -> /home/pradyun/Assignment2_ws/build/Rover/build/lib/Rover
[0.717s] running install
[0.717s] running install_lib
[0.718s] creating /home/pradyun/Assignment2_ws/install/Rover/lib/python3.10/site-packages/Rover
[0.718s] copying /home/pradyun/Assignment2_ws/build/Rover/build/lib/Rover/__init__.py -> /home/pradyun/Assignment2_ws/install/Rover/lib/python3.10/site-packages/Rover
[0.718s] copying /home/pradyun/Assignment2_ws/build/Rover/build/lib/Rover/sub.py -> /home/pradyun/Assignment2_ws/install/Rover/lib/python3.10/site-packages/Rover
[0.718s] copying /home/pradyun/Assignment2_ws/build/Rover/build/lib/Rover/pub2.py -> /home/pradyun/Assignment2_ws/install/Rover/lib/python3.10/site-packages/Rover
[0.718s] copying /home/pradyun/Assignment2_ws/build/Rover/build/lib/Rover/pub1.py -> /home/pradyun/Assignment2_ws/install/Rover/lib/python3.10/site-packages/Rover
[0.718s] byte-compiling /home/pradyun/Assignment2_ws/install/Rover/lib/python3.10/site-packages/Rover/__init__.py to __init__.cpython-310.pyc
[0.718s] byte-compiling /home/pradyun/Assignment2_ws/install/Rover/lib/python3.10/site-packages/Rover/sub.py to sub.cpython-310.pyc
[0.719s] byte-compiling /home/pradyun/Assignment2_ws/install/Rover/lib/python3.10/site-packages/Rover/pub2.py to pub2.cpython-310.pyc
[0.719s] byte-compiling /home/pradyun/Assignment2_ws/install/Rover/lib/python3.10/site-packages/Rover/pub1.py to pub1.cpython-310.pyc
[0.719s]   File "/home/pradyun/Assignment2_ws/install/Rover/lib/python3.10/site-packages/Rover/pub1.py", line 2
[0.719s]     from rclpy.node import Nodeimport rclpy
[0.719s]                                       ^^^^^
[0.719s] SyntaxError: invalid syntax
[0.719s] 
[0.719s] running install_data
[0.719s] creating /home/pradyun/Assignment2_ws/install/Rover/share/ament_index
[0.719s] creating /home/pradyun/Assignment2_ws/install/Rover/share/ament_index/resource_index
[0.719s] creating /home/pradyun/Assignment2_ws/install/Rover/share/ament_index/resource_index/packages
[0.719s] copying resource/Rover -> /home/pradyun/Assignment2_ws/install/Rover/share/ament_index/resource_index/packages
[0.719s] copying package.xml -> /home/pradyun/Assignment2_ws/install/Rover/share/Rover
[0.719s] running install_egg_info
[0.720s] Copying ../../build/Rover/Rover.egg-info to /home/pradyun/Assignment2_ws/install/Rover/lib/python3.10/site-packages/Rover-0.0.0-py3.10.egg-info
[0.721s] running install_scripts
[0.735s] Installing pub1 = Rover.pub1:mainpub2 = Rover.pub1:mainsub script to /home/pradyun/Assignment2_ws/install/Rover/lib/Rover
[0.735s] writing list of installed files to '/home/pradyun/Assignment2_ws/build/Rover/install.log'
[0.756s] Invoked command in '/home/pradyun/Assignment2_ws/src/Rover' returned '0': PYTHONPATH=/home/pradyun/Assignment2_ws/build/Rover/prefix_override:/usr/lib/python3/dist-packages/colcon_core/task/python/colcon_distutils_commands:/home/pradyun/Assignment2_ws/install/Rover/lib/python3.10/site-packages:${PYTHONPATH} /usr/bin/python3 -W ignore:setup.py install is deprecated -W ignore:easy_install command is deprecated setup.py egg_info --egg-base ../../build/Rover build --build-base /home/pradyun/Assignment2_ws/build/Rover/build install --record /home/pradyun/Assignment2_ws/build/Rover/install.log --single-version-externally-managed install_data
