/home/pradyun/Assignment2_ws/install/rover/lib/python3.10/site-packages/rover/__init__.py
/home/pradyun/Assignment2_ws/install/rover/lib/python3.10/site-packages/rover/pub1.py
/home/pradyun/Assignment2_ws/install/rover/lib/python3.10/site-packages/rover/pub2.py
/home/pradyun/Assignment2_ws/install/rover/lib/python3.10/site-packages/rover/sub.py
/home/pradyun/Assignment2_ws/install/rover/lib/python3.10/site-packages/rover/__pycache__/__init__.cpython-310.pyc
/home/pradyun/Assignment2_ws/install/rover/lib/python3.10/site-packages/rover/__pycache__/pub1.cpython-310.pyc
/home/pradyun/Assignment2_ws/install/rover/lib/python3.10/site-packages/rover/__pycache__/pub2.cpython-310.pyc
/home/pradyun/Assignment2_ws/install/rover/lib/python3.10/site-packages/rover/__pycache__/sub.cpython-310.pyc
/home/pradyun/Assignment2_ws/install/rover/share/ament_index/resource_index/packages/rover
/home/pradyun/Assignment2_ws/install/rover/share/rover/package.xml
/home/pradyun/Assignment2_ws/install/rover/share/rover/launch/launch.py
/home/pradyun/Assignment2_ws/install/rover/lib/python3.10/site-packages/rover-0.0.0-py3.10.egg-info/zip-safe
/home/pradyun/Assignment2_ws/install/rover/lib/python3.10/site-packages/rover-0.0.0-py3.10.egg-info/PKG-INFO
/home/pradyun/Assignment2_ws/install/rover/lib/python3.10/site-packages/rover-0.0.0-py3.10.egg-info/entry_points.txt
/home/pradyun/Assignment2_ws/install/rover/lib/python3.10/site-packages/rover-0.0.0-py3.10.egg-info/SOURCES.txt
/home/pradyun/Assignment2_ws/install/rover/lib/python3.10/site-packages/rover-0.0.0-py3.10.egg-info/dependency_links.txt
/home/pradyun/Assignment2_ws/install/rover/lib/python3.10/site-packages/rover-0.0.0-py3.10.egg-info/requires.txt
/home/pradyun/Assignment2_ws/install/rover/lib/python3.10/site-packages/rover-0.0.0-py3.10.egg-info/top_level.txt
/home/pradyun/Assignment2_ws/install/rover/lib/rover/pub1
/home/pradyun/Assignment2_ws/install/rover/lib/rover/pub2
/home/pradyun/Assignment2_ws/install/rover/lib/rover/sub
