-- Found ament_cmake: 1.3.12 (/opt/ros/humble/share/ament_cmake/cmake)
-- Found geometry_msgs: 4.9.0 (/opt/ros/humble/share/geometry_msgs/cmake)
-- Found rosidl_generator_c: 3.1.7 (/opt/ros/humble/share/rosidl_generator_c/cmake)
-- Found rosidl_adapter: 3.1.7 (/opt/ros/humble/share/rosidl_adapter/cmake)
-- Found rosidl_generator_cpp: 3.1.7 (/opt/ros/humble/share/rosidl_generator_cpp/cmake)
-- Using all available rosidl_typesupport_c: rosidl_typesupport_fastrtps_c;rosidl_typesupport_introspection_c
-- Using all available rosidl_typesupport_cpp: rosidl_typesupport_fastrtps_cpp;rosidl_typesupport_introspection_cpp
-- Found rosidl_default_generators: 1.2.0 (/opt/ros/humble/share/rosidl_default_generators/cmake)
-- Found ament_cmake_ros: 0.10.0 (/opt/ros/humble/share/ament_cmake_ros/cmake)
-- Using all available rosidl_typesupport_c: rosidl_typesupport_fastrtps_c;rosidl_typesupport_introspection_c
-- Using all available rosidl_typesupport_cpp: rosidl_typesupport_fastrtps_cpp;rosidl_typesupport_introspection_cpp
-- Found PythonInterp: /usr/bin/python3 (found suitable version "3.10.12", minimum required is "3.6") 
-- Found python_cmake_module: 0.10.0 (/opt/ros/humble/share/python_cmake_module/cmake)
-- Found PythonLibs: /usr/lib/x86_64-linux-gnu/libpython3.10.so (found suitable version "3.10.12", minimum required is "3.5") 
-- Using PYTHON_EXECUTABLE: /usr/bin/python3
-- Using PYTHON_INCLUDE_DIRS: /usr/include/python3.10
-- Using PYTHON_LIBRARIES: /usr/lib/x86_64-linux-gnu/libpython3.10.so
-- Found PythonExtra: .so  
-- Found ament_lint_auto: 0.12.14 (/opt/ros/humble/share/ament_lint_auto/cmake)
-- Added test 'lint_cmake' to check CMake code style
-- Added test 'xmllint' to check XML markup files
-- Configuring done
-- Generating done
-- Build files have been written to: /home/pradyun/Assignment2_ws/build/mars_msgs
[  2%] [34m[1mGenerating C code for ROS interfaces[0m
[  5%] [34m[1mGenerating C++ code for ROS interfaces[0m
[  5%] Built target ament_cmake_python_copy_mars_msgs
running egg_info
creating mars_msgs.egg-info
writing mars_msgs.egg-info/PKG-INFO
writing dependency_links to mars_msgs.egg-info/dependency_links.txt
writing top-level names to mars_msgs.egg-info/top_level.txt
writing manifest file 'mars_msgs.egg-info/SOURCES.txt'
reading manifest file 'mars_msgs.egg-info/SOURCES.txt'
writing manifest file 'mars_msgs.egg-info/SOURCES.txt'
[  5%] Built target ament_cmake_python_build_mars_msgs_egg
[  5%] Built target mars_msgs__cpp
[ 12%] [34m[1mGenerating C++ type support for eProsima Fast-RTPS[0m
[ 12%] [34m[1mGenerating C++ type support dispatch for ROS interfaces[0m
[ 12%] [34m[1mGenerating C++ introspection for ROS interfaces[0m
[ 15%] [32mBuilding C object CMakeFiles/mars_msgs__rosidl_generator_c.dir/rosidl_generator_c/mars_msgs/srv/detail/add_three_ints__functions.c.o[0m
[ 17%] [32mBuilding C object CMakeFiles/mars_msgs__rosidl_generator_c.dir/rosidl_generator_c/mars_msgs/msg/detail/rover_odometry__functions.c.o[0m
[ 20%] [32m[1mLinking C shared library libmars_msgs__rosidl_generator_c.so[0m
[ 20%] Built target mars_msgs__rosidl_generator_c
[ 23%] [34m[1mGenerating C type support for eProsima Fast-RTPS[0m
[ 25%] [34m[1mGenerating C introspection for ROS interfaces[0m
[ 28%] [34m[1mGenerating C type support dispatch for ROS interfaces[0m
[ 30%] [32mBuilding CXX object CMakeFiles/mars_msgs__rosidl_typesupport_cpp.dir/rosidl_typesupport_cpp/mars_msgs/msg/rover_odometry__type_support.cpp.o[0m
[ 33%] [32mBuilding CXX object CMakeFiles/mars_msgs__rosidl_typesupport_cpp.dir/rosidl_typesupport_cpp/mars_msgs/srv/add_three_ints__type_support.cpp.o[0m
[ 35%] [32mBuilding CXX object CMakeFiles/mars_msgs__rosidl_typesupport_introspection_cpp.dir/rosidl_typesupport_introspection_cpp/mars_msgs/srv/detail/add_three_ints__type_support.cpp.o[0m
[ 38%] [32mBuilding CXX object CMakeFiles/mars_msgs__rosidl_typesupport_introspection_cpp.dir/rosidl_typesupport_introspection_cpp/mars_msgs/msg/detail/rover_odometry__type_support.cpp.o[0m
[ 41%] [32mBuilding CXX object CMakeFiles/mars_msgs__rosidl_typesupport_fastrtps_cpp.dir/rosidl_typesupport_fastrtps_cpp/mars_msgs/msg/detail/dds_fastrtps/rover_odometry__type_support.cpp.o[0m
[ 43%] [32mBuilding CXX object CMakeFiles/mars_msgs__rosidl_typesupport_fastrtps_cpp.dir/rosidl_typesupport_fastrtps_cpp/mars_msgs/srv/detail/dds_fastrtps/add_three_ints__type_support.cpp.o[0m
[ 46%] [32mBuilding CXX object CMakeFiles/mars_msgs__rosidl_typesupport_fastrtps_c.dir/rosidl_typesupport_fastrtps_c/mars_msgs/srv/detail/add_three_ints__type_support_c.cpp.o[0m
[ 48%] [32mBuilding CXX object CMakeFiles/mars_msgs__rosidl_typesupport_fastrtps_c.dir/rosidl_typesupport_fastrtps_c/mars_msgs/msg/detail/rover_odometry__type_support_c.cpp.o[0m
[ 51%] [32mBuilding C object CMakeFiles/mars_msgs__rosidl_typesupport_introspection_c.dir/rosidl_typesupport_introspection_c/mars_msgs/msg/detail/rover_odometry__type_support.c.o[0m
[ 53%] [32mBuilding C object CMakeFiles/mars_msgs__rosidl_typesupport_introspection_c.dir/rosidl_typesupport_introspection_c/mars_msgs/srv/detail/add_three_ints__type_support.c.o[0m
[ 56%] [32mBuilding CXX object CMakeFiles/mars_msgs__rosidl_typesupport_c.dir/rosidl_typesupport_c/mars_msgs/srv/add_three_ints__type_support.cpp.o[0m
[ 58%] [32mBuilding CXX object CMakeFiles/mars_msgs__rosidl_typesupport_c.dir/rosidl_typesupport_c/mars_msgs/msg/rover_odometry__type_support.cpp.o[0m
[ 61%] [32m[1mLinking CXX shared library libmars_msgs__rosidl_typesupport_c.so[0m
[ 64%] [32m[1mLinking C shared library libmars_msgs__rosidl_typesupport_introspection_c.so[0m
[ 66%] [32m[1mLinking CXX shared library libmars_msgs__rosidl_typesupport_cpp.so[0m
[ 66%] Built target mars_msgs__rosidl_typesupport_c
[ 66%] Built target mars_msgs__rosidl_typesupport_introspection_c
[ 66%] Built target mars_msgs__rosidl_typesupport_cpp
[ 69%] [32m[1mLinking CXX shared library libmars_msgs__rosidl_typesupport_introspection_cpp.so[0m
[ 69%] Built target mars_msgs__rosidl_typesupport_introspection_cpp
[ 71%] [32m[1mLinking CXX shared library libmars_msgs__rosidl_typesupport_fastrtps_c.so[0m
[ 74%] [32m[1mLinking CXX shared library libmars_msgs__rosidl_typesupport_fastrtps_cpp.so[0m
[ 74%] Built target mars_msgs__rosidl_typesupport_fastrtps_c
[ 74%] Built target mars_msgs__rosidl_typesupport_fastrtps_cpp
[ 74%] Built target mars_msgs
[ 76%] [34m[1mGenerating Python code for ROS interfaces[0m
[ 76%] Built target mars_msgs__py
[ 79%] [32mBuilding C object CMakeFiles/mars_msgs__rosidl_generator_py.dir/rosidl_generator_py/mars_msgs/msg/_rover_odometry_s.c.o[0m
[ 82%] [32mBuilding C object CMakeFiles/mars_msgs__rosidl_generator_py.dir/rosidl_generator_py/mars_msgs/srv/_add_three_ints_s.c.o[0m
[ 84%] [32m[1mLinking C shared library rosidl_generator_py/mars_msgs/libmars_msgs__rosidl_generator_py.so[0m
[ 84%] Built target mars_msgs__rosidl_generator_py
[ 89%] [32mBuilding C object CMakeFiles/mars_msgs__rosidl_typesupport_c__pyext.dir/rosidl_generator_py/mars_msgs/_mars_msgs_s.ep.rosidl_typesupport_c.c.o[0m
[ 89%] [32mBuilding C object CMakeFiles/mars_msgs__rosidl_typesupport_introspection_c__pyext.dir/rosidl_generator_py/mars_msgs/_mars_msgs_s.ep.rosidl_typesupport_introspection_c.c.o[0m
[ 92%] [32mBuilding C object CMakeFiles/mars_msgs__rosidl_typesupport_fastrtps_c__pyext.dir/rosidl_generator_py/mars_msgs/_mars_msgs_s.ep.rosidl_typesupport_fastrtps_c.c.o[0m
[ 94%] [32m[1mLinking C shared library rosidl_generator_py/mars_msgs/mars_msgs_s__rosidl_typesupport_c.cpython-310-x86_64-linux-gnu.so[0m
[ 97%] [32m[1mLinking C shared library rosidl_generator_py/mars_msgs/mars_msgs_s__rosidl_typesupport_fastrtps_c.cpython-310-x86_64-linux-gnu.so[0m
[100%] [32m[1mLinking C shared library rosidl_generator_py/mars_msgs/mars_msgs_s__rosidl_typesupport_introspection_c.cpython-310-x86_64-linux-gnu.so[0m
[100%] Built target mars_msgs__rosidl_typesupport_fastrtps_c__pyext
[100%] Built target mars_msgs__rosidl_typesupport_c__pyext
[100%] Built target mars_msgs__rosidl_typesupport_introspection_c__pyext
-- Install configuration: ""
-- Installing: /home/pradyun/Assignment2_ws/install/mars_msgs/share/ament_index/resource_index/rosidl_interfaces/mars_msgs
-- Installing: /home/pradyun/Assignment2_ws/install/mars_msgs/include/mars_msgs/mars_msgs
-- Installing: /home/pradyun/Assignment2_ws/install/mars_msgs/include/mars_msgs/mars_msgs/msg
-- Installing: /home/pradyun/Assignment2_ws/install/mars_msgs/include/mars_msgs/mars_msgs/msg/rover_odometry.h
-- Installing: /home/pradyun/Assignment2_ws/install/mars_msgs/include/mars_msgs/mars_msgs/msg/rosidl_generator_c__visibility_control.h
-- Installing: /home/pradyun/Assignment2_ws/install/mars_msgs/include/mars_msgs/mars_msgs/msg/detail
-- Installing: /home/pradyun/Assignment2_ws/install/mars_msgs/include/mars_msgs/mars_msgs/msg/detail/rover_odometry__type_support.h
-- Installing: /home/pradyun/Assignment2_ws/install/mars_msgs/include/mars_msgs/mars_msgs/msg/detail/rover_odometry__struct.h
-- Installing: /home/pradyun/Assignment2_ws/install/mars_msgs/include/mars_msgs/mars_msgs/msg/detail/rover_odometry__functions.h
-- Installing: /home/pradyun/Assignment2_ws/install/mars_msgs/include/mars_msgs/mars_msgs/msg/detail/rover_odometry__functions.c
-- Installing: /home/pradyun/Assignment2_ws/install/mars_msgs/include/mars_msgs/mars_msgs/srv
-- Installing: /home/pradyun/Assignment2_ws/install/mars_msgs/include/mars_msgs/mars_msgs/srv/add_three_ints.h
-- Installing: /home/pradyun/Assignment2_ws/install/mars_msgs/include/mars_msgs/mars_msgs/srv/detail
-- Installing: /home/pradyun/Assignment2_ws/install/mars_msgs/include/mars_msgs/mars_msgs/srv/detail/add_three_ints__functions.c
-- Installing: /home/pradyun/Assignment2_ws/install/mars_msgs/include/mars_msgs/mars_msgs/srv/detail/add_three_ints__type_support.h
-- Installing: /home/pradyun/Assignment2_ws/install/mars_msgs/include/mars_msgs/mars_msgs/srv/detail/add_three_ints__struct.h
-- Installing: /home/pradyun/Assignment2_ws/install/mars_msgs/include/mars_msgs/mars_msgs/srv/detail/add_three_ints__functions.h
-- Installing: /home/pradyun/Assignment2_ws/install/mars_msgs/share/mars_msgs/environment/library_path.sh
-- Installing: /home/pradyun/Assignment2_ws/install/mars_msgs/share/mars_msgs/environment/library_path.dsv
-- Installing: /home/pradyun/Assignment2_ws/install/mars_msgs/lib/libmars_msgs__rosidl_generator_c.so
-- Set runtime path of "/home/pradyun/Assignment2_ws/install/mars_msgs/lib/libmars_msgs__rosidl_generator_c.so" to ""
-- Up-to-date: /home/pradyun/Assignment2_ws/install/mars_msgs/include/mars_msgs/mars_msgs
-- Up-to-date: /home/pradyun/Assignment2_ws/install/mars_msgs/include/mars_msgs/mars_msgs/msg
-- Installing: /home/pradyun/Assignment2_ws/install/mars_msgs/include/mars_msgs/mars_msgs/msg/rosidl_typesupport_fastrtps_c__visibility_control.h
-- Up-to-date: /home/pradyun/Assignment2_ws/install/mars_msgs/include/mars_msgs/mars_msgs/msg/detail
-- Installing: /home/pradyun/Assignment2_ws/install/mars_msgs/include/mars_msgs/mars_msgs/msg/detail/rover_odometry__rosidl_typesupport_fastrtps_c.h
-- Up-to-date: /home/pradyun/Assignment2_ws/install/mars_msgs/include/mars_msgs/mars_msgs/srv
-- Up-to-date: /home/pradyun/Assignment2_ws/install/mars_msgs/include/mars_msgs/mars_msgs/srv/detail
-- Installing: /home/pradyun/Assignment2_ws/install/mars_msgs/include/mars_msgs/mars_msgs/srv/detail/add_three_ints__rosidl_typesupport_fastrtps_c.h
-- Installing: /home/pradyun/Assignment2_ws/install/mars_msgs/lib/libmars_msgs__rosidl_typesupport_fastrtps_c.so
-- Set runtime path of "/home/pradyun/Assignment2_ws/install/mars_msgs/lib/libmars_msgs__rosidl_typesupport_fastrtps_c.so" to ""
-- Up-to-date: /home/pradyun/Assignment2_ws/install/mars_msgs/include/mars_msgs/mars_msgs
-- Up-to-date: /home/pradyun/Assignment2_ws/install/mars_msgs/include/mars_msgs/mars_msgs/msg
-- Installing: /home/pradyun/Assignment2_ws/install/mars_msgs/include/mars_msgs/mars_msgs/msg/rover_odometry.hpp
-- Installing: /home/pradyun/Assignment2_ws/install/mars_msgs/include/mars_msgs/mars_msgs/msg/rosidl_generator_cpp__visibility_control.hpp
-- Up-to-date: /home/pradyun/Assignment2_ws/install/mars_msgs/include/mars_msgs/mars_msgs/msg/detail
-- Installing: /home/pradyun/Assignment2_ws/install/mars_msgs/include/mars_msgs/mars_msgs/msg/detail/rover_odometry__struct.hpp
-- Installing: /home/pradyun/Assignment2_ws/install/mars_msgs/include/mars_msgs/mars_msgs/msg/detail/rover_odometry__traits.hpp
-- Installing: /home/pradyun/Assignment2_ws/install/mars_msgs/include/mars_msgs/mars_msgs/msg/detail/rover_odometry__type_support.hpp
-- Installing: /home/pradyun/Assignment2_ws/install/mars_msgs/include/mars_msgs/mars_msgs/msg/detail/rover_odometry__builder.hpp
-- Up-to-date: /home/pradyun/Assignment2_ws/install/mars_msgs/include/mars_msgs/mars_msgs/srv
-- Installing: /home/pradyun/Assignment2_ws/install/mars_msgs/include/mars_msgs/mars_msgs/srv/add_three_ints.hpp
-- Up-to-date: /home/pradyun/Assignment2_ws/install/mars_msgs/include/mars_msgs/mars_msgs/srv/detail
-- Installing: /home/pradyun/Assignment2_ws/install/mars_msgs/include/mars_msgs/mars_msgs/srv/detail/add_three_ints__struct.hpp
-- Installing: /home/pradyun/Assignment2_ws/install/mars_msgs/include/mars_msgs/mars_msgs/srv/detail/add_three_ints__builder.hpp
-- Installing: /home/pradyun/Assignment2_ws/install/mars_msgs/include/mars_msgs/mars_msgs/srv/detail/add_three_ints__traits.hpp
-- Installing: /home/pradyun/Assignment2_ws/install/mars_msgs/include/mars_msgs/mars_msgs/srv/detail/add_three_ints__type_support.hpp
-- Up-to-date: /home/pradyun/Assignment2_ws/install/mars_msgs/include/mars_msgs/mars_msgs
-- Up-to-date: /home/pradyun/Assignment2_ws/install/mars_msgs/include/mars_msgs/mars_msgs/msg
-- Installing: /home/pradyun/Assignment2_ws/install/mars_msgs/include/mars_msgs/mars_msgs/msg/rosidl_typesupport_fastrtps_cpp__visibility_control.h
-- Up-to-date: /home/pradyun/Assignment2_ws/install/mars_msgs/include/mars_msgs/mars_msgs/msg/detail
-- Installing: /home/pradyun/Assignment2_ws/install/mars_msgs/include/mars_msgs/mars_msgs/msg/detail/rover_odometry__rosidl_typesupport_fastrtps_cpp.hpp
-- Installing: /home/pradyun/Assignment2_ws/install/mars_msgs/include/mars_msgs/mars_msgs/msg/detail/dds_fastrtps
-- Up-to-date: /home/pradyun/Assignment2_ws/install/mars_msgs/include/mars_msgs/mars_msgs/srv
-- Up-to-date: /home/pradyun/Assignment2_ws/install/mars_msgs/include/mars_msgs/mars_msgs/srv/detail
-- Installing: /home/pradyun/Assignment2_ws/install/mars_msgs/include/mars_msgs/mars_msgs/srv/detail/dds_fastrtps
-- Installing: /home/pradyun/Assignment2_ws/install/mars_msgs/include/mars_msgs/mars_msgs/srv/detail/add_three_ints__rosidl_typesupport_fastrtps_cpp.hpp
-- Installing: /home/pradyun/Assignment2_ws/install/mars_msgs/lib/libmars_msgs__rosidl_typesupport_fastrtps_cpp.so
-- Set runtime path of "/home/pradyun/Assignment2_ws/install/mars_msgs/lib/libmars_msgs__rosidl_typesupport_fastrtps_cpp.so" to ""
-- Up-to-date: /home/pradyun/Assignment2_ws/install/mars_msgs/include/mars_msgs/mars_msgs
-- Up-to-date: /home/pradyun/Assignment2_ws/install/mars_msgs/include/mars_msgs/mars_msgs/msg
-- Installing: /home/pradyun/Assignment2_ws/install/mars_msgs/include/mars_msgs/mars_msgs/msg/rosidl_typesupport_introspection_c__visibility_control.h
-- Up-to-date: /home/pradyun/Assignment2_ws/install/mars_msgs/include/mars_msgs/mars_msgs/msg/detail
-- Installing: /home/pradyun/Assignment2_ws/install/mars_msgs/include/mars_msgs/mars_msgs/msg/detail/rover_odometry__type_support.c
-- Installing: /home/pradyun/Assignment2_ws/install/mars_msgs/include/mars_msgs/mars_msgs/msg/detail/rover_odometry__rosidl_typesupport_introspection_c.h
-- Up-to-date: /home/pradyun/Assignment2_ws/install/mars_msgs/include/mars_msgs/mars_msgs/srv
-- Up-to-date: /home/pradyun/Assignment2_ws/install/mars_msgs/include/mars_msgs/mars_msgs/srv/detail
-- Installing: /home/pradyun/Assignment2_ws/install/mars_msgs/include/mars_msgs/mars_msgs/srv/detail/add_three_ints__type_support.c
-- Installing: /home/pradyun/Assignment2_ws/install/mars_msgs/include/mars_msgs/mars_msgs/srv/detail/add_three_ints__rosidl_typesupport_introspection_c.h
-- Installing: /home/pradyun/Assignment2_ws/install/mars_msgs/lib/libmars_msgs__rosidl_typesupport_introspection_c.so
-- Set runtime path of "/home/pradyun/Assignment2_ws/install/mars_msgs/lib/libmars_msgs__rosidl_typesupport_introspection_c.so" to ""
-- Installing: /home/pradyun/Assignment2_ws/install/mars_msgs/lib/libmars_msgs__rosidl_typesupport_c.so
-- Set runtime path of "/home/pradyun/Assignment2_ws/install/mars_msgs/lib/libmars_msgs__rosidl_typesupport_c.so" to ""
-- Up-to-date: /home/pradyun/Assignment2_ws/install/mars_msgs/include/mars_msgs/mars_msgs
-- Up-to-date: /home/pradyun/Assignment2_ws/install/mars_msgs/include/mars_msgs/mars_msgs/msg
-- Up-to-date: /home/pradyun/Assignment2_ws/install/mars_msgs/include/mars_msgs/mars_msgs/msg/detail
-- Installing: /home/pradyun/Assignment2_ws/install/mars_msgs/include/mars_msgs/mars_msgs/msg/detail/rover_odometry__type_support.cpp
-- Installing: /home/pradyun/Assignment2_ws/install/mars_msgs/include/mars_msgs/mars_msgs/msg/detail/rover_odometry__rosidl_typesupport_introspection_cpp.hpp
-- Up-to-date: /home/pradyun/Assignment2_ws/install/mars_msgs/include/mars_msgs/mars_msgs/srv
-- Up-to-date: /home/pradyun/Assignment2_ws/install/mars_msgs/include/mars_msgs/mars_msgs/srv/detail
-- Installing: /home/pradyun/Assignment2_ws/install/mars_msgs/include/mars_msgs/mars_msgs/srv/detail/add_three_ints__type_support.cpp
-- Installing: /home/pradyun/Assignment2_ws/install/mars_msgs/include/mars_msgs/mars_msgs/srv/detail/add_three_ints__rosidl_typesupport_introspection_cpp.hpp
-- Installing: /home/pradyun/Assignment2_ws/install/mars_msgs/lib/libmars_msgs__rosidl_typesupport_introspection_cpp.so
-- Set runtime path of "/home/pradyun/Assignment2_ws/install/mars_msgs/lib/libmars_msgs__rosidl_typesupport_introspection_cpp.so" to ""
-- Installing: /home/pradyun/Assignment2_ws/install/mars_msgs/lib/libmars_msgs__rosidl_typesupport_cpp.so
-- Set runtime path of "/home/pradyun/Assignment2_ws/install/mars_msgs/lib/libmars_msgs__rosidl_typesupport_cpp.so" to ""
-- Installing: /home/pradyun/Assignment2_ws/install/mars_msgs/share/mars_msgs/environment/pythonpath.sh
-- Installing: /home/pradyun/Assignment2_ws/install/mars_msgs/share/mars_msgs/environment/pythonpath.dsv
-- Installing: /home/pradyun/Assignment2_ws/install/mars_msgs/local/lib/python3.10/dist-packages/mars_msgs-0.0.0-py3.10.egg-info
-- Installing: /home/pradyun/Assignment2_ws/install/mars_msgs/local/lib/python3.10/dist-packages/mars_msgs-0.0.0-py3.10.egg-info/PKG-INFO
-- Installing: /home/pradyun/Assignment2_ws/install/mars_msgs/local/lib/python3.10/dist-packages/mars_msgs-0.0.0-py3.10.egg-info/SOURCES.txt
-- Installing: /home/pradyun/Assignment2_ws/install/mars_msgs/local/lib/python3.10/dist-packages/mars_msgs-0.0.0-py3.10.egg-info/dependency_links.txt
-- Installing: /home/pradyun/Assignment2_ws/install/mars_msgs/local/lib/python3.10/dist-packages/mars_msgs-0.0.0-py3.10.egg-info/top_level.txt
-- Installing: /home/pradyun/Assignment2_ws/install/mars_msgs/local/lib/python3.10/dist-packages/mars_msgs
-- Installing: /home/pradyun/Assignment2_ws/install/mars_msgs/local/lib/python3.10/dist-packages/mars_msgs/mars_msgs_s__rosidl_typesupport_c.cpython-310-x86_64-linux-gnu.so
-- Installing: /home/pradyun/Assignment2_ws/install/mars_msgs/local/lib/python3.10/dist-packages/mars_msgs/mars_msgs_s__rosidl_typesupport_fastrtps_c.cpython-310-x86_64-linux-gnu.so
-- Installing: /home/pradyun/Assignment2_ws/install/mars_msgs/local/lib/python3.10/dist-packages/mars_msgs/__init__.py
-- Installing: /home/pradyun/Assignment2_ws/install/mars_msgs/local/lib/python3.10/dist-packages/mars_msgs/_mars_msgs_s.ep.rosidl_typesupport_fastrtps_c.c
-- Installing: /home/pradyun/Assignment2_ws/install/mars_msgs/local/lib/python3.10/dist-packages/mars_msgs/_mars_msgs_s.ep.rosidl_typesupport_c.c
-- Installing: /home/pradyun/Assignment2_ws/install/mars_msgs/local/lib/python3.10/dist-packages/mars_msgs/_mars_msgs_s.ep.rosidl_typesupport_introspection_c.c
-- Installing: /home/pradyun/Assignment2_ws/install/mars_msgs/local/lib/python3.10/dist-packages/mars_msgs/mars_msgs_s__rosidl_typesupport_introspection_c.cpython-310-x86_64-linux-gnu.so
-- Installing: /home/pradyun/Assignment2_ws/install/mars_msgs/local/lib/python3.10/dist-packages/mars_msgs/msg
-- Installing: /home/pradyun/Assignment2_ws/install/mars_msgs/local/lib/python3.10/dist-packages/mars_msgs/msg/__init__.py
-- Installing: /home/pradyun/Assignment2_ws/install/mars_msgs/local/lib/python3.10/dist-packages/mars_msgs/msg/_rover_odometry.py
-- Installing: /home/pradyun/Assignment2_ws/install/mars_msgs/local/lib/python3.10/dist-packages/mars_msgs/msg/_rover_odometry_s.c
-- Installing: /home/pradyun/Assignment2_ws/install/mars_msgs/local/lib/python3.10/dist-packages/mars_msgs/srv
-- Installing: /home/pradyun/Assignment2_ws/install/mars_msgs/local/lib/python3.10/dist-packages/mars_msgs/srv/__init__.py
-- Installing: /home/pradyun/Assignment2_ws/install/mars_msgs/local/lib/python3.10/dist-packages/mars_msgs/srv/_add_three_ints_s.c
-- Installing: /home/pradyun/Assignment2_ws/install/mars_msgs/local/lib/python3.10/dist-packages/mars_msgs/srv/_add_three_ints.py
-- Installing: /home/pradyun/Assignment2_ws/install/mars_msgs/local/lib/python3.10/dist-packages/mars_msgs/libmars_msgs__rosidl_generator_py.so
Listing '/home/pradyun/Assignment2_ws/install/mars_msgs/local/lib/python3.10/dist-packages/mars_msgs'...
Compiling '/home/pradyun/Assignment2_ws/install/mars_msgs/local/lib/python3.10/dist-packages/mars_msgs/__init__.py'...
Listing '/home/pradyun/Assignment2_ws/install/mars_msgs/local/lib/python3.10/dist-packages/mars_msgs/msg'...
Compiling '/home/pradyun/Assignment2_ws/install/mars_msgs/local/lib/python3.10/dist-packages/mars_msgs/msg/__init__.py'...
Compiling '/home/pradyun/Assignment2_ws/install/mars_msgs/local/lib/python3.10/dist-packages/mars_msgs/msg/_rover_odometry.py'...
Listing '/home/pradyun/Assignment2_ws/install/mars_msgs/local/lib/python3.10/dist-packages/mars_msgs/srv'...
Compiling '/home/pradyun/Assignment2_ws/install/mars_msgs/local/lib/python3.10/dist-packages/mars_msgs/srv/__init__.py'...
Compiling '/home/pradyun/Assignment2_ws/install/mars_msgs/local/lib/python3.10/dist-packages/mars_msgs/srv/_add_three_ints.py'...
-- Installing: /home/pradyun/Assignment2_ws/install/mars_msgs/local/lib/python3.10/dist-packages/mars_msgs/mars_msgs_s__rosidl_typesupport_fastrtps_c.cpython-310-x86_64-linux-gnu.so
-- Set runtime path of "/home/pradyun/Assignment2_ws/install/mars_msgs/local/lib/python3.10/dist-packages/mars_msgs/mars_msgs_s__rosidl_typesupport_fastrtps_c.cpython-310-x86_64-linux-gnu.so" to ""
-- Installing: /home/pradyun/Assignment2_ws/install/mars_msgs/local/lib/python3.10/dist-packages/mars_msgs/mars_msgs_s__rosidl_typesupport_introspection_c.cpython-310-x86_64-linux-gnu.so
-- Set runtime path of "/home/pradyun/Assignment2_ws/install/mars_msgs/local/lib/python3.10/dist-packages/mars_msgs/mars_msgs_s__rosidl_typesupport_introspection_c.cpython-310-x86_64-linux-gnu.so" to ""
-- Installing: /home/pradyun/Assignment2_ws/install/mars_msgs/local/lib/python3.10/dist-packages/mars_msgs/mars_msgs_s__rosidl_typesupport_c.cpython-310-x86_64-linux-gnu.so
-- Set runtime path of "/home/pradyun/Assignment2_ws/install/mars_msgs/local/lib/python3.10/dist-packages/mars_msgs/mars_msgs_s__rosidl_typesupport_c.cpython-310-x86_64-linux-gnu.so" to ""
-- Installing: /home/pradyun/Assignment2_ws/install/mars_msgs/lib/libmars_msgs__rosidl_generator_py.so
-- Set runtime path of "/home/pradyun/Assignment2_ws/install/mars_msgs/lib/libmars_msgs__rosidl_generator_py.so" to ""
-- Installing: /home/pradyun/Assignment2_ws/install/mars_msgs/share/mars_msgs/msg/RoverOdometry.idl
-- Installing: /home/pradyun/Assignment2_ws/install/mars_msgs/share/mars_msgs/srv/AddThreeInts.idl
-- Installing: /home/pradyun/Assignment2_ws/install/mars_msgs/share/mars_msgs/msg/RoverOdometry.msg
-- Installing: /home/pradyun/Assignment2_ws/install/mars_msgs/share/mars_msgs/srv/AddThreeInts.srv
-- Installing: /home/pradyun/Assignment2_ws/install/mars_msgs/share/mars_msgs/srv/AddThreeInts_Request.msg
-- Installing: /home/pradyun/Assignment2_ws/install/mars_msgs/share/mars_msgs/srv/AddThreeInts_Response.msg
-- Installing: /home/pradyun/Assignment2_ws/install/mars_msgs/share/ament_index/resource_index/package_run_dependencies/mars_msgs
-- Installing: /home/pradyun/Assignment2_ws/install/mars_msgs/share/ament_index/resource_index/parent_prefix_path/mars_msgs
-- Installing: /home/pradyun/Assignment2_ws/install/mars_msgs/share/mars_msgs/environment/ament_prefix_path.sh
-- Installing: /home/pradyun/Assignment2_ws/install/mars_msgs/share/mars_msgs/environment/ament_prefix_path.dsv
-- Installing: /home/pradyun/Assignment2_ws/install/mars_msgs/share/mars_msgs/environment/path.sh
-- Installing: /home/pradyun/Assignment2_ws/install/mars_msgs/share/mars_msgs/environment/path.dsv
-- Installing: /home/pradyun/Assignment2_ws/install/mars_msgs/share/mars_msgs/local_setup.bash
-- Installing: /home/pradyun/Assignment2_ws/install/mars_msgs/share/mars_msgs/local_setup.sh
-- Installing: /home/pradyun/Assignment2_ws/install/mars_msgs/share/mars_msgs/local_setup.zsh
-- Installing: /home/pradyun/Assignment2_ws/install/mars_msgs/share/mars_msgs/local_setup.dsv
-- Installing: /home/pradyun/Assignment2_ws/install/mars_msgs/share/mars_msgs/package.dsv
-- Installing: /home/pradyun/Assignment2_ws/install/mars_msgs/share/ament_index/resource_index/packages/mars_msgs
-- Installing: /home/pradyun/Assignment2_ws/install/mars_msgs/share/mars_msgs/cmake/export_mars_msgs__rosidl_generator_cExport.cmake
-- Installing: /home/pradyun/Assignment2_ws/install/mars_msgs/share/mars_msgs/cmake/export_mars_msgs__rosidl_generator_cExport-noconfig.cmake
-- Installing: /home/pradyun/Assignment2_ws/install/mars_msgs/share/mars_msgs/cmake/export_mars_msgs__rosidl_typesupport_fastrtps_cExport.cmake
-- Installing: /home/pradyun/Assignment2_ws/install/mars_msgs/share/mars_msgs/cmake/export_mars_msgs__rosidl_typesupport_fastrtps_cExport-noconfig.cmake
-- Installing: /home/pradyun/Assignment2_ws/install/mars_msgs/share/mars_msgs/cmake/export_mars_msgs__rosidl_generator_cppExport.cmake
-- Installing: /home/pradyun/Assignment2_ws/install/mars_msgs/share/mars_msgs/cmake/export_mars_msgs__rosidl_typesupport_fastrtps_cppExport.cmake
-- Installing: /home/pradyun/Assignment2_ws/install/mars_msgs/share/mars_msgs/cmake/export_mars_msgs__rosidl_typesupport_fastrtps_cppExport-noconfig.cmake
-- Installing: /home/pradyun/Assignment2_ws/install/mars_msgs/share/mars_msgs/cmake/mars_msgs__rosidl_typesupport_introspection_cExport.cmake
-- Installing: /home/pradyun/Assignment2_ws/install/mars_msgs/share/mars_msgs/cmake/mars_msgs__rosidl_typesupport_introspection_cExport-noconfig.cmake
-- Installing: /home/pradyun/Assignment2_ws/install/mars_msgs/share/mars_msgs/cmake/mars_msgs__rosidl_typesupport_cExport.cmake
-- Installing: /home/pradyun/Assignment2_ws/install/mars_msgs/share/mars_msgs/cmake/mars_msgs__rosidl_typesupport_cExport-noconfig.cmake
-- Installing: /home/pradyun/Assignment2_ws/install/mars_msgs/share/mars_msgs/cmake/mars_msgs__rosidl_typesupport_introspection_cppExport.cmake
-- Installing: /home/pradyun/Assignment2_ws/install/mars_msgs/share/mars_msgs/cmake/mars_msgs__rosidl_typesupport_introspection_cppExport-noconfig.cmake
-- Installing: /home/pradyun/Assignment2_ws/install/mars_msgs/share/mars_msgs/cmake/mars_msgs__rosidl_typesupport_cppExport.cmake
-- Installing: /home/pradyun/Assignment2_ws/install/mars_msgs/share/mars_msgs/cmake/mars_msgs__rosidl_typesupport_cppExport-noconfig.cmake
-- Installing: /home/pradyun/Assignment2_ws/install/mars_msgs/share/mars_msgs/cmake/export_mars_msgs__rosidl_generator_pyExport.cmake
-- Installing: /home/pradyun/Assignment2_ws/install/mars_msgs/share/mars_msgs/cmake/export_mars_msgs__rosidl_generator_pyExport-noconfig.cmake
-- Installing: /home/pradyun/Assignment2_ws/install/mars_msgs/share/mars_msgs/cmake/rosidl_cmake-extras.cmake
-- Installing: /home/pradyun/Assignment2_ws/install/mars_msgs/share/mars_msgs/cmake/ament_cmake_export_dependencies-extras.cmake
-- Installing: /home/pradyun/Assignment2_ws/install/mars_msgs/share/mars_msgs/cmake/ament_cmake_export_include_directories-extras.cmake
-- Installing: /home/pradyun/Assignment2_ws/install/mars_msgs/share/mars_msgs/cmake/ament_cmake_export_libraries-extras.cmake
-- Installing: /home/pradyun/Assignment2_ws/install/mars_msgs/share/mars_msgs/cmake/ament_cmake_export_targets-extras.cmake
-- Installing: /home/pradyun/Assignment2_ws/install/mars_msgs/share/mars_msgs/cmake/rosidl_cmake_export_typesupport_targets-extras.cmake
-- Installing: /home/pradyun/Assignment2_ws/install/mars_msgs/share/mars_msgs/cmake/rosidl_cmake_export_typesupport_libraries-extras.cmake
-- Installing: /home/pradyun/Assignment2_ws/install/mars_msgs/share/mars_msgs/cmake/mars_msgsConfig.cmake
-- Installing: /home/pradyun/Assignment2_ws/install/mars_msgs/share/mars_msgs/cmake/mars_msgsConfig-version.cmake
-- Installing: /home/pradyun/Assignment2_ws/install/mars_msgs/share/mars_msgs/package.xml
