[0.169s] DEBUG:colcon:Command line arguments: ['/usr/bin/colcon', 'build']
[0.169s] DEBUG:colcon:Parsed command line arguments: Namespace(log_base=None, log_level=None, verb_name='build', build_base='build', install_base='install', merge_install=False, symlink_install=False, test_result_base=None, continue_on_error=False, executor='parallel', parallel_workers=12, event_handlers=None, ignore_user_meta=False, metas=['./colcon.meta'], base_paths=['.'], packages_ignore=None, packages_ignore_regex=None, paths=None, packages_up_to=None, packages_up_to_regex=None, packages_above=None, packages_above_and_dependencies=None, packages_above_depth=None, packages_select_by_dep=None, packages_skip_by_dep=None, packages_skip_up_to=None, packages_select_build_failed=False, packages_skip_build_finished=False, packages_select_test_failures=False, packages_skip_test_passed=False, packages_select=None, packages_skip=None, packages_select_regex=None, packages_skip_regex=None, packages_start=None, packages_end=None, allow_overriding=[], cmake_args=None, cmake_target=None, cmake_target_skip_unavailable=False, cmake_clean_cache=False, cmake_clean_first=False, cmake_force_configure=False, ament_cmake_args=None, catkin_cmake_args=None, catkin_skip_building_tests=False, mixin_files=None, mixin=None, verb_parser=<colcon_mixin.mixin.mixin_argument.MixinArgumentDecorator object at 0x7b6abdc721a0>, verb_extension=<colcon_core.verb.build.BuildVerb object at 0x7b6abdd6b070>, main=<bound method BuildVerb.main of <colcon_core.verb.build.BuildVerb object at 0x7b6abdd6b070>>, mixin_verb=('build',))
[0.310s] Level 1:colcon.colcon_core.package_discovery:discover_packages(colcon_meta) check parameters
[0.310s] Level 1:colcon.colcon_core.package_discovery:discover_packages(recursive) check parameters
[0.310s] Level 1:colcon.colcon_core.package_discovery:discover_packages(ignore) check parameters
[0.310s] Level 1:colcon.colcon_core.package_discovery:discover_packages(path) check parameters
[0.310s] Level 1:colcon.colcon_core.package_discovery:discover_packages(colcon_meta) discover
[0.310s] Level 1:colcon.colcon_core.package_discovery:discover_packages(recursive) discover
[0.310s] INFO:colcon.colcon_core.package_discovery:Crawling recursively for packages in '/home/pradyun/Assignment2_ws'
[0.310s] Level 1:colcon.colcon_core.package_identification:_identify(.) by extensions ['ignore', 'ignore_ament_install']
[0.310s] Level 1:colcon.colcon_core.package_identification:_identify(.) by extension 'ignore'
[0.310s] Level 1:colcon.colcon_core.package_identification:_identify(.) by extension 'ignore_ament_install'
[0.310s] Level 1:colcon.colcon_core.package_identification:_identify(.) by extensions ['colcon_pkg']
[0.310s] Level 1:colcon.colcon_core.package_identification:_identify(.) by extension 'colcon_pkg'
[0.310s] Level 1:colcon.colcon_core.package_identification:_identify(.) by extensions ['colcon_meta']
[0.310s] Level 1:colcon.colcon_core.package_identification:_identify(.) by extension 'colcon_meta'
[0.310s] Level 1:colcon.colcon_core.package_identification:_identify(.) by extensions ['ros']
[0.310s] Level 1:colcon.colcon_core.package_identification:_identify(.) by extension 'ros'
[0.318s] Level 1:colcon.colcon_core.package_identification:_identify(.) by extensions ['cmake', 'python']
[0.318s] Level 1:colcon.colcon_core.package_identification:_identify(.) by extension 'cmake'
[0.318s] Level 1:colcon.colcon_core.package_identification:_identify(.) by extension 'python'
[0.318s] Level 1:colcon.colcon_core.package_identification:_identify(.) by extensions ['python_setup_py']
[0.318s] Level 1:colcon.colcon_core.package_identification:_identify(.) by extension 'python_setup_py'
[0.318s] Level 1:colcon.colcon_core.package_identification:_identify(build) by extensions ['ignore', 'ignore_ament_install']
[0.318s] Level 1:colcon.colcon_core.package_identification:_identify(build) by extension 'ignore'
[0.319s] Level 1:colcon.colcon_core.package_identification:_identify(build) ignored
[0.319s] Level 1:colcon.colcon_core.package_identification:_identify(install) by extensions ['ignore', 'ignore_ament_install']
[0.319s] Level 1:colcon.colcon_core.package_identification:_identify(install) by extension 'ignore'
[0.319s] Level 1:colcon.colcon_core.package_identification:_identify(install) ignored
[0.319s] Level 1:colcon.colcon_core.package_identification:_identify(log) by extensions ['ignore', 'ignore_ament_install']
[0.319s] Level 1:colcon.colcon_core.package_identification:_identify(log) by extension 'ignore'
[0.319s] Level 1:colcon.colcon_core.package_identification:_identify(log) ignored
[0.319s] Level 1:colcon.colcon_core.package_identification:_identify(src) by extensions ['ignore', 'ignore_ament_install']
[0.319s] Level 1:colcon.colcon_core.package_identification:_identify(src) by extension 'ignore'
[0.319s] Level 1:colcon.colcon_core.package_identification:_identify(src) by extension 'ignore_ament_install'
[0.319s] Level 1:colcon.colcon_core.package_identification:_identify(src) by extensions ['colcon_pkg']
[0.319s] Level 1:colcon.colcon_core.package_identification:_identify(src) by extension 'colcon_pkg'
[0.319s] Level 1:colcon.colcon_core.package_identification:_identify(src) by extensions ['colcon_meta']
[0.319s] Level 1:colcon.colcon_core.package_identification:_identify(src) by extension 'colcon_meta'
[0.319s] Level 1:colcon.colcon_core.package_identification:_identify(src) by extensions ['ros']
[0.319s] Level 1:colcon.colcon_core.package_identification:_identify(src) by extension 'ros'
[0.319s] Level 1:colcon.colcon_core.package_identification:_identify(src) by extensions ['cmake', 'python']
[0.319s] Level 1:colcon.colcon_core.package_identification:_identify(src) by extension 'cmake'
[0.319s] Level 1:colcon.colcon_core.package_identification:_identify(src) by extension 'python'
[0.319s] Level 1:colcon.colcon_core.package_identification:_identify(src) by extensions ['python_setup_py']
[0.319s] Level 1:colcon.colcon_core.package_identification:_identify(src) by extension 'python_setup_py'
[0.319s] Level 1:colcon.colcon_core.package_identification:_identify(src/Rover) by extensions ['ignore', 'ignore_ament_install']
[0.319s] Level 1:colcon.colcon_core.package_identification:_identify(src/Rover) by extension 'ignore'
[0.319s] Level 1:colcon.colcon_core.package_identification:_identify(src/Rover) by extension 'ignore_ament_install'
[0.319s] Level 1:colcon.colcon_core.package_identification:_identify(src/Rover) by extensions ['colcon_pkg']
[0.319s] Level 1:colcon.colcon_core.package_identification:_identify(src/Rover) by extension 'colcon_pkg'
[0.319s] Level 1:colcon.colcon_core.package_identification:_identify(src/Rover) by extensions ['colcon_meta']
[0.319s] Level 1:colcon.colcon_core.package_identification:_identify(src/Rover) by extension 'colcon_meta'
[0.319s] Level 1:colcon.colcon_core.package_identification:_identify(src/Rover) by extensions ['ros']
[0.319s] Level 1:colcon.colcon_core.package_identification:_identify(src/Rover) by extension 'ros'
[0.321s] DEBUG:colcon.colcon_core.package_identification:Package 'src/Rover' with type 'ros.ament_python' and name 'Rover'
[0.321s] Level 1:colcon.colcon_core.package_identification:_identify(src/my_cpp_pkg) by extensions ['ignore', 'ignore_ament_install']
[0.321s] Level 1:colcon.colcon_core.package_identification:_identify(src/my_cpp_pkg) by extension 'ignore'
[0.321s] Level 1:colcon.colcon_core.package_identification:_identify(src/my_cpp_pkg) by extension 'ignore_ament_install'
[0.322s] Level 1:colcon.colcon_core.package_identification:_identify(src/my_cpp_pkg) by extensions ['colcon_pkg']
[0.322s] Level 1:colcon.colcon_core.package_identification:_identify(src/my_cpp_pkg) by extension 'colcon_pkg'
[0.322s] Level 1:colcon.colcon_core.package_identification:_identify(src/my_cpp_pkg) by extensions ['colcon_meta']
[0.322s] Level 1:colcon.colcon_core.package_identification:_identify(src/my_cpp_pkg) by extension 'colcon_meta'
[0.322s] Level 1:colcon.colcon_core.package_identification:_identify(src/my_cpp_pkg) by extensions ['ros']
[0.322s] Level 1:colcon.colcon_core.package_identification:_identify(src/my_cpp_pkg) by extension 'ros'
[0.322s] DEBUG:colcon.colcon_core.package_identification:Package 'src/my_cpp_pkg' with type 'ros.ament_cmake' and name 'my_cpp_pkg'
[0.322s] Level 1:colcon.colcon_core.package_identification:_identify(src/my_py_pkg) by extensions ['ignore', 'ignore_ament_install']
[0.322s] Level 1:colcon.colcon_core.package_identification:_identify(src/my_py_pkg) by extension 'ignore'
[0.322s] Level 1:colcon.colcon_core.package_identification:_identify(src/my_py_pkg) by extension 'ignore_ament_install'
[0.322s] Level 1:colcon.colcon_core.package_identification:_identify(src/my_py_pkg) by extensions ['colcon_pkg']
[0.322s] Level 1:colcon.colcon_core.package_identification:_identify(src/my_py_pkg) by extension 'colcon_pkg'
[0.322s] Level 1:colcon.colcon_core.package_identification:_identify(src/my_py_pkg) by extensions ['colcon_meta']
[0.322s] Level 1:colcon.colcon_core.package_identification:_identify(src/my_py_pkg) by extension 'colcon_meta'
[0.322s] Level 1:colcon.colcon_core.package_identification:_identify(src/my_py_pkg) by extensions ['ros']
[0.323s] Level 1:colcon.colcon_core.package_identification:_identify(src/my_py_pkg) by extension 'ros'
[0.323s] DEBUG:colcon.colcon_core.package_identification:Package 'src/my_py_pkg' with type 'ros.ament_python' and name 'my_py_pkg'
[0.323s] Level 1:colcon.colcon_core.package_discovery:discover_packages(recursive) using defaults
[0.323s] Level 1:colcon.colcon_core.package_discovery:discover_packages(ignore) discover
[0.323s] Level 1:colcon.colcon_core.package_discovery:discover_packages(ignore) using defaults
[0.323s] Level 1:colcon.colcon_core.package_discovery:discover_packages(path) discover
[0.323s] Level 1:colcon.colcon_core.package_discovery:discover_packages(path) using defaults
[0.349s] Level 1:colcon.colcon_core.package_discovery:discover_packages(prefix_path) check parameters
[0.349s] Level 1:colcon.colcon_core.package_discovery:discover_packages(prefix_path) discover
[0.351s] DEBUG:colcon.colcon_installed_package_information.package_discovery:Found 271 installed packages in /opt/ros/humble
[0.352s] Level 1:colcon.colcon_core.package_discovery:discover_packages(prefix_path) using defaults
[0.373s] Level 5:colcon.colcon_core.verb:set package 'Rover' build argument 'cmake_args' from command line to 'None'
[0.373s] Level 5:colcon.colcon_core.verb:set package 'Rover' build argument 'cmake_target' from command line to 'None'
[0.373s] Level 5:colcon.colcon_core.verb:set package 'Rover' build argument 'cmake_target_skip_unavailable' from command line to 'False'
[0.373s] Level 5:colcon.colcon_core.verb:set package 'Rover' build argument 'cmake_clean_cache' from command line to 'False'
[0.373s] Level 5:colcon.colcon_core.verb:set package 'Rover' build argument 'cmake_clean_first' from command line to 'False'
[0.373s] Level 5:colcon.colcon_core.verb:set package 'Rover' build argument 'cmake_force_configure' from command line to 'False'
[0.373s] Level 5:colcon.colcon_core.verb:set package 'Rover' build argument 'ament_cmake_args' from command line to 'None'
[0.373s] Level 5:colcon.colcon_core.verb:set package 'Rover' build argument 'catkin_cmake_args' from command line to 'None'
[0.373s] Level 5:colcon.colcon_core.verb:set package 'Rover' build argument 'catkin_skip_building_tests' from command line to 'False'
[0.373s] DEBUG:colcon.colcon_core.verb:Building package 'Rover' with the following arguments: {'ament_cmake_args': None, 'build_base': '/home/pradyun/Assignment2_ws/build/Rover', 'catkin_cmake_args': None, 'catkin_skip_building_tests': False, 'cmake_args': None, 'cmake_clean_cache': False, 'cmake_clean_first': False, 'cmake_force_configure': False, 'cmake_target': None, 'cmake_target_skip_unavailable': False, 'install_base': '/home/pradyun/Assignment2_ws/install/Rover', 'merge_install': False, 'path': '/home/pradyun/Assignment2_ws/src/Rover', 'symlink_install': False, 'test_result_base': None}
[0.373s] Level 5:colcon.colcon_core.verb:set package 'my_cpp_pkg' build argument 'cmake_args' from command line to 'None'
[0.373s] Level 5:colcon.colcon_core.verb:set package 'my_cpp_pkg' build argument 'cmake_target' from command line to 'None'
[0.373s] Level 5:colcon.colcon_core.verb:set package 'my_cpp_pkg' build argument 'cmake_target_skip_unavailable' from command line to 'False'
[0.373s] Level 5:colcon.colcon_core.verb:set package 'my_cpp_pkg' build argument 'cmake_clean_cache' from command line to 'False'
[0.373s] Level 5:colcon.colcon_core.verb:set package 'my_cpp_pkg' build argument 'cmake_clean_first' from command line to 'False'
[0.373s] Level 5:colcon.colcon_core.verb:set package 'my_cpp_pkg' build argument 'cmake_force_configure' from command line to 'False'
[0.373s] Level 5:colcon.colcon_core.verb:set package 'my_cpp_pkg' build argument 'ament_cmake_args' from command line to 'None'
[0.373s] Level 5:colcon.colcon_core.verb:set package 'my_cpp_pkg' build argument 'catkin_cmake_args' from command line to 'None'
[0.373s] Level 5:colcon.colcon_core.verb:set package 'my_cpp_pkg' build argument 'catkin_skip_building_tests' from command line to 'False'
[0.373s] DEBUG:colcon.colcon_core.verb:Building package 'my_cpp_pkg' with the following arguments: {'ament_cmake_args': None, 'build_base': '/home/pradyun/Assignment2_ws/build/my_cpp_pkg', 'catkin_cmake_args': None, 'catkin_skip_building_tests': False, 'cmake_args': None, 'cmake_clean_cache': False, 'cmake_clean_first': False, 'cmake_force_configure': False, 'cmake_target': None, 'cmake_target_skip_unavailable': False, 'install_base': '/home/pradyun/Assignment2_ws/install/my_cpp_pkg', 'merge_install': False, 'path': '/home/pradyun/Assignment2_ws/src/my_cpp_pkg', 'symlink_install': False, 'test_result_base': None}
[0.374s] Level 5:colcon.colcon_core.verb:set package 'my_py_pkg' build argument 'cmake_args' from command line to 'None'
[0.374s] Level 5:colcon.colcon_core.verb:set package 'my_py_pkg' build argument 'cmake_target' from command line to 'None'
[0.374s] Level 5:colcon.colcon_core.verb:set package 'my_py_pkg' build argument 'cmake_target_skip_unavailable' from command line to 'False'
[0.374s] Level 5:colcon.colcon_core.verb:set package 'my_py_pkg' build argument 'cmake_clean_cache' from command line to 'False'
[0.374s] Level 5:colcon.colcon_core.verb:set package 'my_py_pkg' build argument 'cmake_clean_first' from command line to 'False'
[0.374s] Level 5:colcon.colcon_core.verb:set package 'my_py_pkg' build argument 'cmake_force_configure' from command line to 'False'
[0.374s] Level 5:colcon.colcon_core.verb:set package 'my_py_pkg' build argument 'ament_cmake_args' from command line to 'None'
[0.374s] Level 5:colcon.colcon_core.verb:set package 'my_py_pkg' build argument 'catkin_cmake_args' from command line to 'None'
[0.374s] Level 5:colcon.colcon_core.verb:set package 'my_py_pkg' build argument 'catkin_skip_building_tests' from command line to 'False'
[0.374s] DEBUG:colcon.colcon_core.verb:Building package 'my_py_pkg' with the following arguments: {'ament_cmake_args': None, 'build_base': '/home/pradyun/Assignment2_ws/build/my_py_pkg', 'catkin_cmake_args': None, 'catkin_skip_building_tests': False, 'cmake_args': None, 'cmake_clean_cache': False, 'cmake_clean_first': False, 'cmake_force_configure': False, 'cmake_target': None, 'cmake_target_skip_unavailable': False, 'install_base': '/home/pradyun/Assignment2_ws/install/my_py_pkg', 'merge_install': False, 'path': '/home/pradyun/Assignment2_ws/src/my_py_pkg', 'symlink_install': False, 'test_result_base': None}
[0.374s] INFO:colcon.colcon_core.executor:Executing jobs using 'parallel' executor
[0.375s] DEBUG:colcon.colcon_parallel_executor.executor.parallel:run_until_complete
[0.375s] INFO:colcon.colcon_ros.task.ament_python.build:Building ROS package in '/home/pradyun/Assignment2_ws/src/Rover' with build type 'ament_python'
[0.375s] Level 1:colcon.colcon_core.shell:create_environment_hook('Rover', 'ament_prefix_path')
[0.378s] INFO:colcon.colcon_core.plugin_system:Skipping extension 'colcon_core.shell.bat': Not used on non-Windows systems
[0.379s] INFO:colcon.colcon_core.shell:Creating environment hook '/home/pradyun/Assignment2_ws/install/Rover/share/Rover/hook/ament_prefix_path.ps1'
[0.380s] INFO:colcon.colcon_core.shell:Creating environment descriptor '/home/pradyun/Assignment2_ws/install/Rover/share/Rover/hook/ament_prefix_path.dsv'
[0.380s] INFO:colcon.colcon_core.shell:Creating environment hook '/home/pradyun/Assignment2_ws/install/Rover/share/Rover/hook/ament_prefix_path.sh'
[0.381s] INFO:colcon.colcon_core.shell:Skip shell extension 'powershell' for command environment: Not usable outside of PowerShell
[0.381s] DEBUG:colcon.colcon_core.shell:Skip shell extension 'dsv' for command environment
[0.383s] INFO:colcon.colcon_ros.task.ament_cmake.build:Building ROS package in '/home/pradyun/Assignment2_ws/src/my_cpp_pkg' with build type 'ament_cmake'
[0.383s] INFO:colcon.colcon_cmake.task.cmake.build:Building CMake package in '/home/pradyun/Assignment2_ws/src/my_cpp_pkg'
[0.383s] INFO:colcon.colcon_core.shell:Skip shell extension 'powershell' for command environment: Not usable outside of PowerShell
[0.383s] DEBUG:colcon.colcon_core.shell:Skip shell extension 'dsv' for command environment
[0.385s] INFO:colcon.colcon_ros.task.ament_python.build:Building ROS package in '/home/pradyun/Assignment2_ws/src/my_py_pkg' with build type 'ament_python'
[0.385s] Level 1:colcon.colcon_core.shell:create_environment_hook('my_py_pkg', 'ament_prefix_path')
[0.385s] INFO:colcon.colcon_core.shell:Creating environment hook '/home/pradyun/Assignment2_ws/install/my_py_pkg/share/my_py_pkg/hook/ament_prefix_path.ps1'
[0.386s] INFO:colcon.colcon_core.shell:Creating environment descriptor '/home/pradyun/Assignment2_ws/install/my_py_pkg/share/my_py_pkg/hook/ament_prefix_path.dsv'
[0.386s] INFO:colcon.colcon_core.shell:Creating environment hook '/home/pradyun/Assignment2_ws/install/my_py_pkg/share/my_py_pkg/hook/ament_prefix_path.sh'
[0.386s] INFO:colcon.colcon_core.shell:Skip shell extension 'powershell' for command environment: Not usable outside of PowerShell
[0.386s] DEBUG:colcon.colcon_core.shell:Skip shell extension 'dsv' for command environment
[0.541s] INFO:colcon.colcon_core.task.python.build:Building Python package in '/home/pradyun/Assignment2_ws/src/Rover'
[0.542s] INFO:colcon.colcon_core.shell:Skip shell extension 'powershell' for command environment: Not usable outside of PowerShell
[0.542s] DEBUG:colcon.colcon_core.shell:Skip shell extension 'dsv' for command environment
[0.547s] DEBUG:colcon.colcon_core.event_handler.log_command:Invoking command in '/home/pradyun/Assignment2_ws/build/my_cpp_pkg': CMAKE_PREFIX_PATH=/opt/ros/humble /usr/bin/cmake --build /home/pradyun/Assignment2_ws/build/my_cpp_pkg -- -j12 -l12
[0.700s] INFO:colcon.colcon_core.task.python.build:Building Python package in '/home/pradyun/Assignment2_ws/src/my_py_pkg'
[0.700s] INFO:colcon.colcon_core.shell:Skip shell extension 'powershell' for command environment: Not usable outside of PowerShell
[0.700s] DEBUG:colcon.colcon_core.shell:Skip shell extension 'dsv' for command environment
[0.707s] DEBUG:colcon.colcon_core.event_handler.log_command:Invoked command in '/home/pradyun/Assignment2_ws/build/my_cpp_pkg' returned '0': CMAKE_PREFIX_PATH=/opt/ros/humble /usr/bin/cmake --build /home/pradyun/Assignment2_ws/build/my_cpp_pkg -- -j12 -l12
[0.717s] DEBUG:colcon.colcon_core.event_handler.log_command:Invoking command in '/home/pradyun/Assignment2_ws/build/my_cpp_pkg': CMAKE_PREFIX_PATH=/opt/ros/humble /usr/bin/cmake --install /home/pradyun/Assignment2_ws/build/my_cpp_pkg
[0.728s] Level 1:colcon.colcon_core.environment:create_environment_scripts_only(my_cpp_pkg)
[0.728s] DEBUG:colcon.colcon_core.event_handler.log_command:Invoked command in '/home/pradyun/Assignment2_ws/build/my_cpp_pkg' returned '0': CMAKE_PREFIX_PATH=/opt/ros/humble /usr/bin/cmake --install /home/pradyun/Assignment2_ws/build/my_cpp_pkg
[0.732s] Level 1:colcon.colcon_core.environment:checking '/home/pradyun/Assignment2_ws/install/my_cpp_pkg' for CMake module files
[0.733s] Level 1:colcon.colcon_core.environment:checking '/home/pradyun/Assignment2_ws/install/my_cpp_pkg' for CMake config files
[0.733s] Level 1:colcon.colcon_core.shell:create_environment_hook('my_cpp_pkg', 'cmake_prefix_path')
[0.733s] INFO:colcon.colcon_core.shell:Creating environment hook '/home/pradyun/Assignment2_ws/install/my_cpp_pkg/share/my_cpp_pkg/hook/cmake_prefix_path.ps1'
[0.734s] INFO:colcon.colcon_core.shell:Creating environment descriptor '/home/pradyun/Assignment2_ws/install/my_cpp_pkg/share/my_cpp_pkg/hook/cmake_prefix_path.dsv'
[0.734s] INFO:colcon.colcon_core.shell:Creating environment hook '/home/pradyun/Assignment2_ws/install/my_cpp_pkg/share/my_cpp_pkg/hook/cmake_prefix_path.sh'
[0.735s] Level 1:colcon.colcon_core.environment:checking '/home/pradyun/Assignment2_ws/install/my_cpp_pkg/bin'
[0.735s] Level 1:colcon.colcon_core.environment:checking '/home/pradyun/Assignment2_ws/install/my_cpp_pkg/lib/pkgconfig/my_cpp_pkg.pc'
[0.735s] Level 1:colcon.colcon_core.environment:checking '/home/pradyun/Assignment2_ws/install/my_cpp_pkg/lib/python3.10/site-packages'
[0.735s] Level 1:colcon.colcon_core.environment:checking '/home/pradyun/Assignment2_ws/install/my_cpp_pkg/bin'
[0.736s] INFO:colcon.colcon_core.shell:Creating package script '/home/pradyun/Assignment2_ws/install/my_cpp_pkg/share/my_cpp_pkg/package.ps1'
[0.736s] INFO:colcon.colcon_core.shell:Creating package descriptor '/home/pradyun/Assignment2_ws/install/my_cpp_pkg/share/my_cpp_pkg/package.dsv'
[0.737s] INFO:colcon.colcon_core.shell:Creating package script '/home/pradyun/Assignment2_ws/install/my_cpp_pkg/share/my_cpp_pkg/package.sh'
[0.737s] INFO:colcon.colcon_core.shell:Creating package script '/home/pradyun/Assignment2_ws/install/my_cpp_pkg/share/my_cpp_pkg/package.bash'
[0.738s] INFO:colcon.colcon_core.shell:Creating package script '/home/pradyun/Assignment2_ws/install/my_cpp_pkg/share/my_cpp_pkg/package.zsh'
[0.739s] Level 1:colcon.colcon_core.environment:create_file_with_runtime_dependencies(/home/pradyun/Assignment2_ws/install/my_cpp_pkg/share/colcon-core/packages/my_cpp_pkg)
[0.739s] Level 1:colcon.colcon_core.environment:create_environment_scripts_only(my_cpp_pkg)
[0.739s] Level 1:colcon.colcon_core.environment:checking '/home/pradyun/Assignment2_ws/install/my_cpp_pkg' for CMake module files
[0.739s] Level 1:colcon.colcon_core.environment:checking '/home/pradyun/Assignment2_ws/install/my_cpp_pkg' for CMake config files
[0.740s] Level 1:colcon.colcon_core.shell:create_environment_hook('my_cpp_pkg', 'cmake_prefix_path')
[0.740s] INFO:colcon.colcon_core.shell:Creating environment hook '/home/pradyun/Assignment2_ws/install/my_cpp_pkg/share/my_cpp_pkg/hook/cmake_prefix_path.ps1'
[0.740s] INFO:colcon.colcon_core.shell:Creating environment descriptor '/home/pradyun/Assignment2_ws/install/my_cpp_pkg/share/my_cpp_pkg/hook/cmake_prefix_path.dsv'
[0.740s] INFO:colcon.colcon_core.shell:Creating environment hook '/home/pradyun/Assignment2_ws/install/my_cpp_pkg/share/my_cpp_pkg/hook/cmake_prefix_path.sh'
[0.740s] Level 1:colcon.colcon_core.environment:checking '/home/pradyun/Assignment2_ws/install/my_cpp_pkg/bin'
[0.741s] Level 1:colcon.colcon_core.environment:checking '/home/pradyun/Assignment2_ws/install/my_cpp_pkg/lib/pkgconfig/my_cpp_pkg.pc'
[0.741s] Level 1:colcon.colcon_core.environment:checking '/home/pradyun/Assignment2_ws/install/my_cpp_pkg/lib/python3.10/site-packages'
[0.741s] Level 1:colcon.colcon_core.environment:checking '/home/pradyun/Assignment2_ws/install/my_cpp_pkg/bin'
[0.741s] INFO:colcon.colcon_core.shell:Creating package script '/home/pradyun/Assignment2_ws/install/my_cpp_pkg/share/my_cpp_pkg/package.ps1'
[0.741s] INFO:colcon.colcon_core.shell:Creating package descriptor '/home/pradyun/Assignment2_ws/install/my_cpp_pkg/share/my_cpp_pkg/package.dsv'
[0.742s] INFO:colcon.colcon_core.shell:Creating package script '/home/pradyun/Assignment2_ws/install/my_cpp_pkg/share/my_cpp_pkg/package.sh'
[0.742s] INFO:colcon.colcon_core.shell:Creating package script '/home/pradyun/Assignment2_ws/install/my_cpp_pkg/share/my_cpp_pkg/package.bash'
[0.742s] INFO:colcon.colcon_core.shell:Creating package script '/home/pradyun/Assignment2_ws/install/my_cpp_pkg/share/my_cpp_pkg/package.zsh'
[0.742s] Level 1:colcon.colcon_core.environment:create_file_with_runtime_dependencies(/home/pradyun/Assignment2_ws/install/my_cpp_pkg/share/colcon-core/packages/my_cpp_pkg)
[0.949s] DEBUG:colcon.colcon_core.event_handler.log_command:Invoking command in '/home/pradyun/Assignment2_ws/src/Rover': PYTHONPATH=/home/pradyun/Assignment2_ws/build/Rover/prefix_override:/usr/lib/python3/dist-packages/colcon_core/task/python/colcon_distutils_commands:/home/pradyun/Assignment2_ws/install/Rover/lib/python3.10/site-packages:${PYTHONPATH} /usr/bin/python3 -W ignore:setup.py install is deprecated -W ignore:easy_install command is deprecated setup.py egg_info --egg-base ../../build/Rover build --build-base /home/pradyun/Assignment2_ws/build/Rover/build install --record /home/pradyun/Assignment2_ws/build/Rover/install.log --single-version-externally-managed install_data
[0.950s] DEBUG:colcon.colcon_core.event_handler.log_command:Invoking command in '/home/pradyun/Assignment2_ws/src/my_py_pkg': PYTHONPATH=/home/pradyun/Assignment2_ws/build/my_py_pkg/prefix_override:/usr/lib/python3/dist-packages/colcon_core/task/python/colcon_distutils_commands:/home/pradyun/Assignment2_ws/install/my_py_pkg/lib/python3.10/site-packages:${PYTHONPATH} /usr/bin/python3 -W ignore:setup.py install is deprecated -W ignore:easy_install command is deprecated setup.py egg_info --egg-base ../../build/my_py_pkg build --build-base /home/pradyun/Assignment2_ws/build/my_py_pkg/build install --record /home/pradyun/Assignment2_ws/build/my_py_pkg/install.log --single-version-externally-managed install_data
[1.133s] Level 1:colcon.colcon_core.environment:checking '/home/pradyun/Assignment2_ws/install/my_py_pkg' for CMake module files
[1.134s] DEBUG:colcon.colcon_core.event_handler.log_command:Invoked command in '/home/pradyun/Assignment2_ws/src/my_py_pkg' returned '0': PYTHONPATH=/home/pradyun/Assignment2_ws/build/my_py_pkg/prefix_override:/usr/lib/python3/dist-packages/colcon_core/task/python/colcon_distutils_commands:/home/pradyun/Assignment2_ws/install/my_py_pkg/lib/python3.10/site-packages:${PYTHONPATH} /usr/bin/python3 -W ignore:setup.py install is deprecated -W ignore:easy_install command is deprecated setup.py egg_info --egg-base ../../build/my_py_pkg build --build-base /home/pradyun/Assignment2_ws/build/my_py_pkg/build install --record /home/pradyun/Assignment2_ws/build/my_py_pkg/install.log --single-version-externally-managed install_data
[1.134s] Level 1:colcon.colcon_core.environment:checking '/home/pradyun/Assignment2_ws/install/my_py_pkg' for CMake config files
[1.134s] Level 1:colcon.colcon_core.environment:checking '/home/pradyun/Assignment2_ws/install/my_py_pkg/lib'
[1.134s] Level 1:colcon.colcon_core.environment:checking '/home/pradyun/Assignment2_ws/install/my_py_pkg/bin'
[1.135s] Level 1:colcon.colcon_core.environment:checking '/home/pradyun/Assignment2_ws/install/my_py_pkg/lib/pkgconfig/my_py_pkg.pc'
[1.135s] Level 1:colcon.colcon_core.environment:checking '/home/pradyun/Assignment2_ws/install/my_py_pkg/lib/python3.10/site-packages'
[1.135s] Level 1:colcon.colcon_core.shell:create_environment_hook('my_py_pkg', 'pythonpath')
[1.135s] INFO:colcon.colcon_core.shell:Creating environment hook '/home/pradyun/Assignment2_ws/install/my_py_pkg/share/my_py_pkg/hook/pythonpath.ps1'
[1.135s] INFO:colcon.colcon_core.shell:Creating environment descriptor '/home/pradyun/Assignment2_ws/install/my_py_pkg/share/my_py_pkg/hook/pythonpath.dsv'
[1.135s] INFO:colcon.colcon_core.shell:Creating environment hook '/home/pradyun/Assignment2_ws/install/my_py_pkg/share/my_py_pkg/hook/pythonpath.sh'
[1.136s] Level 1:colcon.colcon_core.environment:checking '/home/pradyun/Assignment2_ws/install/my_py_pkg/bin'
[1.136s] Level 1:colcon.colcon_core.environment:create_environment_scripts_only(my_py_pkg)
[1.136s] INFO:colcon.colcon_core.shell:Creating package script '/home/pradyun/Assignment2_ws/install/my_py_pkg/share/my_py_pkg/package.ps1'
[1.136s] INFO:colcon.colcon_core.shell:Creating package descriptor '/home/pradyun/Assignment2_ws/install/my_py_pkg/share/my_py_pkg/package.dsv'
[1.137s] INFO:colcon.colcon_core.shell:Creating package script '/home/pradyun/Assignment2_ws/install/my_py_pkg/share/my_py_pkg/package.sh'
[1.137s] INFO:colcon.colcon_core.shell:Creating package script '/home/pradyun/Assignment2_ws/install/my_py_pkg/share/my_py_pkg/package.bash'
[1.137s] INFO:colcon.colcon_core.shell:Creating package script '/home/pradyun/Assignment2_ws/install/my_py_pkg/share/my_py_pkg/package.zsh'
[1.137s] Level 1:colcon.colcon_core.environment:create_file_with_runtime_dependencies(/home/pradyun/Assignment2_ws/install/my_py_pkg/share/colcon-core/packages/my_py_pkg)
[1.138s] Level 1:colcon.colcon_core.environment:checking '/home/pradyun/Assignment2_ws/install/Rover' for CMake module files
[1.140s] DEBUG:colcon.colcon_core.event_handler.log_command:Invoked command in '/home/pradyun/Assignment2_ws/src/Rover' returned '0': PYTHONPATH=/home/pradyun/Assignment2_ws/build/Rover/prefix_override:/usr/lib/python3/dist-packages/colcon_core/task/python/colcon_distutils_commands:/home/pradyun/Assignment2_ws/install/Rover/lib/python3.10/site-packages:${PYTHONPATH} /usr/bin/python3 -W ignore:setup.py install is deprecated -W ignore:easy_install command is deprecated setup.py egg_info --egg-base ../../build/Rover build --build-base /home/pradyun/Assignment2_ws/build/Rover/build install --record /home/pradyun/Assignment2_ws/build/Rover/install.log --single-version-externally-managed install_data
[1.140s] Level 1:colcon.colcon_core.environment:checking '/home/pradyun/Assignment2_ws/install/Rover' for CMake config files
[1.141s] Level 1:colcon.colcon_core.environment:checking '/home/pradyun/Assignment2_ws/install/Rover/lib'
[1.141s] Level 1:colcon.colcon_core.environment:checking '/home/pradyun/Assignment2_ws/install/Rover/bin'
[1.141s] Level 1:colcon.colcon_core.environment:checking '/home/pradyun/Assignment2_ws/install/Rover/lib/pkgconfig/Rover.pc'
[1.141s] Level 1:colcon.colcon_core.environment:checking '/home/pradyun/Assignment2_ws/install/Rover/lib/python3.10/site-packages'
[1.141s] Level 1:colcon.colcon_core.shell:create_environment_hook('Rover', 'pythonpath')
[1.141s] INFO:colcon.colcon_core.shell:Creating environment hook '/home/pradyun/Assignment2_ws/install/Rover/share/Rover/hook/pythonpath.ps1'
[1.142s] INFO:colcon.colcon_core.shell:Creating environment descriptor '/home/pradyun/Assignment2_ws/install/Rover/share/Rover/hook/pythonpath.dsv'
[1.142s] INFO:colcon.colcon_core.shell:Creating environment hook '/home/pradyun/Assignment2_ws/install/Rover/share/Rover/hook/pythonpath.sh'
[1.143s] Level 1:colcon.colcon_core.environment:checking '/home/pradyun/Assignment2_ws/install/Rover/bin'
[1.143s] Level 1:colcon.colcon_core.environment:create_environment_scripts_only(Rover)
[1.144s] INFO:colcon.colcon_core.shell:Creating package script '/home/pradyun/Assignment2_ws/install/Rover/share/Rover/package.ps1'
[1.144s] INFO:colcon.colcon_core.shell:Creating package descriptor '/home/pradyun/Assignment2_ws/install/Rover/share/Rover/package.dsv'
[1.145s] INFO:colcon.colcon_core.shell:Creating package script '/home/pradyun/Assignment2_ws/install/Rover/share/Rover/package.sh'
[1.145s] INFO:colcon.colcon_core.shell:Creating package script '/home/pradyun/Assignment2_ws/install/Rover/share/Rover/package.bash'
[1.146s] INFO:colcon.colcon_core.shell:Creating package script '/home/pradyun/Assignment2_ws/install/Rover/share/Rover/package.zsh'
[1.146s] Level 1:colcon.colcon_core.environment:create_file_with_runtime_dependencies(/home/pradyun/Assignment2_ws/install/Rover/share/colcon-core/packages/Rover)
[1.146s] DEBUG:colcon.colcon_parallel_executor.executor.parallel:closing loop
[1.146s] DEBUG:colcon.colcon_parallel_executor.executor.parallel:loop closed
[1.146s] DEBUG:colcon.colcon_parallel_executor.executor.parallel:run_until_complete finished with '0'
[1.146s] DEBUG:colcon.colcon_core.event_reactor:joining thread
[1.153s] INFO:colcon.colcon_core.plugin_system:Skipping extension 'colcon_notification.desktop_notification.terminal_notifier': Not used on non-Darwin systems
[1.153s] INFO:colcon.colcon_core.plugin_system:Skipping extension 'colcon_notification.desktop_notification.win32': Not used on non-Windows systems
[1.153s] INFO:colcon.colcon_notification.desktop_notification:Sending desktop notification using 'notify2'
[1.174s] DEBUG:colcon.colcon_core.event_reactor:joined thread
[1.175s] INFO:colcon.colcon_core.shell:Creating prefix script '/home/pradyun/Assignment2_ws/install/local_setup.ps1'
[1.176s] INFO:colcon.colcon_core.shell:Creating prefix util module '/home/pradyun/Assignment2_ws/install/_local_setup_util_ps1.py'
[1.177s] INFO:colcon.colcon_core.shell:Creating prefix chain script '/home/pradyun/Assignment2_ws/install/setup.ps1'
[1.178s] INFO:colcon.colcon_core.shell:Creating prefix script '/home/pradyun/Assignment2_ws/install/local_setup.sh'
[1.178s] INFO:colcon.colcon_core.shell:Creating prefix util module '/home/pradyun/Assignment2_ws/install/_local_setup_util_sh.py'
[1.179s] INFO:colcon.colcon_core.shell:Creating prefix chain script '/home/pradyun/Assignment2_ws/install/setup.sh'
[1.179s] INFO:colcon.colcon_core.shell:Creating prefix script '/home/pradyun/Assignment2_ws/install/local_setup.bash'
[1.180s] INFO:colcon.colcon_core.shell:Creating prefix chain script '/home/pradyun/Assignment2_ws/install/setup.bash'
[1.180s] INFO:colcon.colcon_core.shell:Creating prefix script '/home/pradyun/Assignment2_ws/install/local_setup.zsh'
[1.181s] INFO:colcon.colcon_core.shell:Creating prefix chain script '/home/pradyun/Assignment2_ws/install/setup.zsh'
