[0.729s] Invoking command in '/home/pradyun/Assignment2_ws/src/Rover': PYTHONPATH=/home/pradyun/Assignment2_ws/build/Rover/prefix_override:/usr/lib/python3/dist-packages/colcon_core/task/python/colcon_distutils_commands:/home/pradyun/Assignment2_ws/install/Rover/lib/python3.10/site-packages:${PYTHONPATH} /usr/bin/python3 -W ignore:setup.py install is deprecated -W ignore:easy_install command is deprecated setup.py egg_info --egg-base ../../build/Rover build --build-base /home/pradyun/Assignment2_ws/build/Rover/build install --record /home/pradyun/Assignment2_ws/build/Rover/install.log --single-version-externally-managed install_data
[0.871s] running egg_info
[0.872s] writing ../../build/Rover/Rover.egg-info/PKG-INFO
[0.872s] writing dependency_links to ../../build/Rover/Rover.egg-info/dependency_links.txt
[0.872s] writing entry points to ../../build/Rover/Rover.egg-info/entry_points.txt
[0.872s] writing requirements to ../../build/Rover/Rover.egg-info/requires.txt
[0.872s] writing top-level names to ../../build/Rover/Rover.egg-info/top_level.txt
[0.873s] reading manifest file '../../build/Rover/Rover.egg-info/SOURCES.txt'
[0.874s] writing manifest file '../../build/Rover/Rover.egg-info/SOURCES.txt'
[0.874s] running build
[0.874s] running build_py
[0.874s] running install
[0.874s] running install_lib
[0.875s] running install_data
[0.875s] running install_egg_info
[0.877s] removing '/home/pradyun/Assignment2_ws/install/Rover/lib/python3.10/site-packages/Rover-0.0.0-py3.10.egg-info' (and everything under it)
[0.877s] Copying ../../build/Rover/Rover.egg-info to /home/pradyun/Assignment2_ws/install/Rover/lib/python3.10/site-packages/Rover-0.0.0-py3.10.egg-info
[0.877s] running install_scripts
[0.891s] Installing pub1 script to /home/pradyun/Assignment2_ws/install/Rover/lib/Rover
[0.891s] Installing pub2 script to /home/pradyun/Assignment2_ws/install/Rover/lib/Rover
[0.891s] Installing sub script to /home/pradyun/Assignment2_ws/install/Rover/lib/Rover
[0.891s] writing list of installed files to '/home/pradyun/Assignment2_ws/build/Rover/install.log'
[0.912s] Invoked command in '/home/pradyun/Assignment2_ws/src/Rover' returned '0': PYTHONPATH=/home/pradyun/Assignment2_ws/build/Rover/prefix_override:/usr/lib/python3/dist-packages/colcon_core/task/python/colcon_distutils_commands:/home/pradyun/Assignment2_ws/install/Rover/lib/python3.10/site-packages:${PYTHONPATH} /usr/bin/python3 -W ignore:setup.py install is deprecated -W ignore:easy_install command is deprecated setup.py egg_info --egg-base ../../build/Rover build --build-base /home/pradyun/Assignment2_ws/build/Rover/build install --record /home/pradyun/Assignment2_ws/build/Rover/install.log --single-version-externally-managed install_data
