[0.560s] Invoking command in '/home/pradyun/Assignment2_ws/src/my_py_pkg': PYTHONPATH=/home/pradyun/Assignment2_ws/build/my_py_pkg/prefix_override:/usr/lib/python3/dist-packages/colcon_core/task/python/colcon_distutils_commands:/home/pradyun/Assignment2_ws/install/my_py_pkg/lib/python3.10/site-packages:${PYTHONPATH} /usr/bin/python3 -W ignore:setup.py install is deprecated -W ignore:easy_install command is deprecated setup.py egg_info --egg-base ../../build/my_py_pkg build --build-base /home/pradyun/Assignment2_ws/build/my_py_pkg/build install --record /home/pradyun/Assignment2_ws/build/my_py_pkg/install.log --single-version-externally-managed install_data
[0.701s] running egg_info
[0.701s] creating ../../build/my_py_pkg/my_py_pkg.egg-info
[0.701s] writing ../../build/my_py_pkg/my_py_pkg.egg-info/PKG-INFO
[0.701s] writing dependency_links to ../../build/my_py_pkg/my_py_pkg.egg-info/dependency_links.txt
[0.701s] writing entry points to ../../build/my_py_pkg/my_py_pkg.egg-info/entry_points.txt
[0.701s] writing requirements to ../../build/my_py_pkg/my_py_pkg.egg-info/requires.txt
[0.702s] writing top-level names to ../../build/my_py_pkg/my_py_pkg.egg-info/top_level.txt
[0.702s] writing manifest file '../../build/my_py_pkg/my_py_pkg.egg-info/SOURCES.txt'
[0.702s] reading manifest file '../../build/my_py_pkg/my_py_pkg.egg-info/SOURCES.txt'
[0.703s] writing manifest file '../../build/my_py_pkg/my_py_pkg.egg-info/SOURCES.txt'
[0.703s] running build
[0.703s] running build_py
[0.703s] creating /home/pradyun/Assignment2_ws/build/my_py_pkg/build
[0.703s] creating /home/pradyun/Assignment2_ws/build/my_py_pkg/build/lib
[0.703s] creating /home/pradyun/Assignment2_ws/build/my_py_pkg/build/lib/my_py_pkg
[0.703s] copying my_py_pkg/__init__.py -> /home/pradyun/Assignment2_ws/build/my_py_pkg/build/lib/my_py_pkg
[0.703s] running install
[0.703s] running install_lib
[0.704s] creating /home/pradyun/Assignment2_ws/install/my_py_pkg/lib/python3.10/site-packages/my_py_pkg
[0.704s] copying /home/pradyun/Assignment2_ws/build/my_py_pkg/build/lib/my_py_pkg/__init__.py -> /home/pradyun/Assignment2_ws/install/my_py_pkg/lib/python3.10/site-packages/my_py_pkg
[0.704s] byte-compiling /home/pradyun/Assignment2_ws/install/my_py_pkg/lib/python3.10/site-packages/my_py_pkg/__init__.py to __init__.cpython-310.pyc
[0.704s] running install_data
[0.704s] creating /home/pradyun/Assignment2_ws/install/my_py_pkg/share/ament_index
[0.704s] creating /home/pradyun/Assignment2_ws/install/my_py_pkg/share/ament_index/resource_index
[0.704s] creating /home/pradyun/Assignment2_ws/install/my_py_pkg/share/ament_index/resource_index/packages
[0.704s] copying resource/my_py_pkg -> /home/pradyun/Assignment2_ws/install/my_py_pkg/share/ament_index/resource_index/packages
[0.704s] copying package.xml -> /home/pradyun/Assignment2_ws/install/my_py_pkg/share/my_py_pkg
[0.704s] running install_egg_info
[0.705s] Copying ../../build/my_py_pkg/my_py_pkg.egg-info to /home/pradyun/Assignment2_ws/install/my_py_pkg/lib/python3.10/site-packages/my_py_pkg-0.0.0-py3.10.egg-info
[0.706s] running install_scripts
[0.719s] writing list of installed files to '/home/pradyun/Assignment2_ws/build/my_py_pkg/install.log'
[0.737s] Invoked command in '/home/pradyun/Assignment2_ws/src/my_py_pkg' returned '0': PYTHONPATH=/home/pradyun/Assignment2_ws/build/my_py_pkg/prefix_override:/usr/lib/python3/dist-packages/colcon_core/task/python/colcon_distutils_commands:/home/pradyun/Assignment2_ws/install/my_py_pkg/lib/python3.10/site-packages:${PYTHONPATH} /usr/bin/python3 -W ignore:setup.py install is deprecated -W ignore:easy_install command is deprecated setup.py egg_info --egg-base ../../build/my_py_pkg build --build-base /home/pradyun/Assignment2_ws/build/my_py_pkg/build install --record /home/pradyun/Assignment2_ws/build/my_py_pkg/install.log --single-version-externally-managed install_data
