[0.545s] Invoking command in '/home/pradyun/Assignment2_ws/src/Rover': PYTHONPATH=/home/pradyun/Assignment2_ws/build/Rover/prefix_override:/usr/lib/python3/dist-packages/colcon_core/task/python/colcon_distutils_commands:/home/pradyun/Assignment2_ws/install/Rover/lib/python3.10/site-packages:${PYTHONPATH} /usr/bin/python3 -W ignore:setup.py install is deprecated -W ignore:easy_install command is deprecated setup.py egg_info --egg-base ../../build/Rover build --build-base /home/pradyun/Assignment2_ws/build/Rover/build install --record /home/pradyun/Assignment2_ws/build/Rover/install.log --single-version-externally-managed install_data
[0.685s] running egg_info
[0.685s] writing ../../build/Rover/Rover.egg-info/PKG-INFO
[0.685s] writing dependency_links to ../../build/Rover/Rover.egg-info/dependency_links.txt
[0.686s] writing entry points to ../../build/Rover/Rover.egg-info/entry_points.txt
[0.686s] writing requirements to ../../build/Rover/Rover.egg-info/requires.txt
[0.686s] writing top-level names to ../../build/Rover/Rover.egg-info/top_level.txt
[0.687s] reading manifest file '../../build/Rover/Rover.egg-info/SOURCES.txt'
[0.687s] writing manifest file '../../build/Rover/Rover.egg-info/SOURCES.txt'
[0.687s] running build
[0.687s] running build_py
[0.688s] running install
[0.688s] running install_lib
[0.688s] byte-compiling /home/pradyun/Assignment2_ws/install/Rover/lib/python3.10/site-packages/Rover/pub1.py to pub1.cpython-310.pyc
[0.688s] running install_data
[0.688s] creating /home/pradyun/Assignment2_ws/install/Rover/share/Rover/launch
[0.689s]   File "/home/pradyun/Assignment2_ws/install/Rover/lib/python3.10/site-packages/Rover/pub1.py", line 2
[0.689s]     from rclpy.node import Nodeimport rclpy
[0.689s]                                       ^^^^^
[0.689s] SyntaxError: invalid syntax
[0.689s] 
[0.689s] error: can't copy 'launch/Rover.launch.py': doesn't exist or not a regular file
[0.701s] Invoked command in '/home/pradyun/Assignment2_ws/src/Rover' returned '1': PYTHONPATH=/home/pradyun/Assignment2_ws/build/Rover/prefix_override:/usr/lib/python3/dist-packages/colcon_core/task/python/colcon_distutils_commands:/home/pradyun/Assignment2_ws/install/Rover/lib/python3.10/site-packages:${PYTHONPATH} /usr/bin/python3 -W ignore:setup.py install is deprecated -W ignore:easy_install command is deprecated setup.py egg_info --egg-base ../../build/Rover build --build-base /home/pradyun/Assignment2_ws/build/Rover/build install --record /home/pradyun/Assignment2_ws/build/Rover/install.log --single-version-externally-managed install_data
