running egg_info
creating ../../build/rover/rover.egg-info
writing ../../build/rover/rover.egg-info/PKG-INFO
writing dependency_links to ../../build/rover/rover.egg-info/dependency_links.txt
writing entry points to ../../build/rover/rover.egg-info/entry_points.txt
writing requirements to ../../build/rover/rover.egg-info/requires.txt
writing top-level names to ../../build/rover/rover.egg-info/top_level.txt
writing manifest file '../../build/rover/rover.egg-info/SOURCES.txt'
reading manifest file '../../build/rover/rover.egg-info/SOURCES.txt'
writing manifest file '../../build/rover/rover.egg-info/SOURCES.txt'
running build
running build_py
running install
running install_lib
running install_data
creating /home/pradyun/Assignment2_ws/install/rover/share/rover/launch
copying launch/launch.py -> /home/pradyun/Assignment2_ws/install/rover/share/rover/launch
running install_egg_info
Copying ../../build/rover/rover.egg-info to /home/pradyun/Assignment2_ws/install/rover/lib/python3.10/site-packages/rover-0.0.0-py3.10.egg-info
running install_scripts
Installing pub1 script to /home/pradyun/Assignment2_ws/install/rover/lib/rover
Installing pub2 script to /home/pradyun/Assignment2_ws/install/rover/lib/rover
Installing sub script to /home/pradyun/Assignment2_ws/install/rover/lib/rover
writing list of installed files to '/home/pradyun/Assignment2_ws/build/rover/install.log'
