[0.161s] Invoking command in '/home/pradyun/Assignment2_ws/build/my_cpp_pkg': CMAKE_PREFIX_PATH=/opt/ros/humble /usr/bin/cmake /home/pradyun/Assignment2_ws/src/my_cpp_pkg -DCMAKE_INSTALL_PREFIX=/home/pradyun/Assignment2_ws/install/my_cpp_pkg
[0.228s] -- The C compiler identification is GNU 11.4.0
[0.283s] -- The CXX compiler identification is GNU 11.4.0
[0.291s] -- Detecting C compiler ABI info
[0.343s] -- Detecting C compiler ABI info - done
[0.349s] -- Check for working C compiler: /usr/bin/cc - skipped
[0.350s] -- Detecting C compile features
[0.350s] -- Detecting C compile features - done
[0.352s] -- Detecting CXX compiler ABI info
[0.420s] -- Detecting CXX compiler ABI info - done
[0.430s] -- Check for working CXX compiler: /usr/bin/c++ - skipped
[0.430s] -- Detecting CXX compile features
[0.431s] -- Detecting CXX compile features - done
[0.437s] -- Found ament_cmake: 1.3.12 (/opt/ros/humble/share/ament_cmake/cmake)
[0.548s] -- Found Python3: /usr/bin/python3 (found version "3.10.12") found components: Interpreter 
[0.622s] -- Found rclcpp: 16.0.15 (/opt/ros/humble/share/rclcpp/cmake)
[0.654s] -- Found rosidl_generator_c: 3.1.7 (/opt/ros/humble/share/rosidl_generator_c/cmake)
[0.657s] -- Found rosidl_adapter: 3.1.7 (/opt/ros/humble/share/rosidl_adapter/cmake)
[0.664s] -- Found rosidl_generator_cpp: 3.1.7 (/opt/ros/humble/share/rosidl_generator_cpp/cmake)
[0.674s] -- Using all available rosidl_typesupport_c: rosidl_typesupport_fastrtps_c;rosidl_typesupport_introspection_c
[0.687s] -- Using all available rosidl_typesupport_cpp: rosidl_typesupport_fastrtps_cpp;rosidl_typesupport_introspection_cpp
[0.721s] -- Found rmw_implementation_cmake: 6.1.2 (/opt/ros/humble/share/rmw_implementation_cmake/cmake)
[0.723s] -- Found rmw_fastrtps_cpp: 6.2.9 (/opt/ros/humble/share/rmw_fastrtps_cpp/cmake)
[0.810s] -- Found OpenSSL: /usr/lib/x86_64-linux-gnu/libcrypto.so (found version "3.0.2")  
[0.837s] -- Found FastRTPS: /opt/ros/humble/include  
[0.865s] -- Using RMW implementation 'rmw_fastrtps_cpp' as default
[0.871s] -- Looking for pthread.h
[0.947s] -- Looking for pthread.h - found
[0.947s] -- Performing Test CMAKE_HAVE_LIBC_PTHREAD
[1.018s] -- Performing Test CMAKE_HAVE_LIBC_PTHREAD - Success
[1.019s] -- Found Threads: TRUE  
[1.066s] -- Found ament_lint_auto: 0.12.14 (/opt/ros/humble/share/ament_lint_auto/cmake)
[1.123s] -- Added test 'lint_cmake' to check CMake code style
[1.124s] -- Added test 'xmllint' to check XML markup files
[1.125s] -- Configuring done
[1.128s] -- Generating done
[1.129s] -- Build files have been written to: /home/pradyun/Assignment2_ws/build/my_cpp_pkg
[1.135s] Invoked command in '/home/pradyun/Assignment2_ws/build/my_cpp_pkg' returned '0': CMAKE_PREFIX_PATH=/opt/ros/humble /usr/bin/cmake /home/pradyun/Assignment2_ws/src/my_cpp_pkg -DCMAKE_INSTALL_PREFIX=/home/pradyun/Assignment2_ws/install/my_cpp_pkg
[1.136s] Invoking command in '/home/pradyun/Assignment2_ws/build/my_cpp_pkg': CMAKE_PREFIX_PATH=/opt/ros/humble /usr/bin/cmake --build /home/pradyun/Assignment2_ws/build/my_cpp_pkg -- -j12 -l12
[1.182s] Invoked command in '/home/pradyun/Assignment2_ws/build/my_cpp_pkg' returned '0': CMAKE_PREFIX_PATH=/opt/ros/humble /usr/bin/cmake --build /home/pradyun/Assignment2_ws/build/my_cpp_pkg -- -j12 -l12
[1.193s] Invoking command in '/home/pradyun/Assignment2_ws/build/my_cpp_pkg': CMAKE_PREFIX_PATH=/opt/ros/humble /usr/bin/cmake --install /home/pradyun/Assignment2_ws/build/my_cpp_pkg
[1.203s] -- Install configuration: ""
[1.203s] -- Installing: /home/pradyun/Assignment2_ws/install/my_cpp_pkg/share/ament_index/resource_index/package_run_dependencies/my_cpp_pkg
[1.203s] -- Installing: /home/pradyun/Assignment2_ws/install/my_cpp_pkg/share/ament_index/resource_index/parent_prefix_path/my_cpp_pkg
[1.203s] -- Installing: /home/pradyun/Assignment2_ws/install/my_cpp_pkg/share/my_cpp_pkg/environment/ament_prefix_path.sh
[1.203s] -- Installing: /home/pradyun/Assignment2_ws/install/my_cpp_pkg/share/my_cpp_pkg/environment/ament_prefix_path.dsv
[1.204s] -- Installing: /home/pradyun/Assignment2_ws/install/my_cpp_pkg/share/my_cpp_pkg/environment/path.sh
[1.204s] -- Installing: /home/pradyun/Assignment2_ws/install/my_cpp_pkg/share/my_cpp_pkg/environment/path.dsv
[1.204s] -- Installing: /home/pradyun/Assignment2_ws/install/my_cpp_pkg/share/my_cpp_pkg/local_setup.bash
[1.204s] -- Installing: /home/pradyun/Assignment2_ws/install/my_cpp_pkg/share/my_cpp_pkg/local_setup.sh
[1.204s] -- Installing: /home/pradyun/Assignment2_ws/install/my_cpp_pkg/share/my_cpp_pkg/local_setup.zsh
[1.204s] -- Installing: /home/pradyun/Assignment2_ws/install/my_cpp_pkg/share/my_cpp_pkg/local_setup.dsv
[1.204s] -- Installing: /home/pradyun/Assignment2_ws/install/my_cpp_pkg/share/my_cpp_pkg/package.dsv
[1.204s] -- Installing: /home/pradyun/Assignment2_ws/install/my_cpp_pkg/share/ament_index/resource_index/packages/my_cpp_pkg
[1.204s] -- Installing: /home/pradyun/Assignment2_ws/install/my_cpp_pkg/share/my_cpp_pkg/cmake/my_cpp_pkgConfig.cmake
[1.204s] -- Installing: /home/pradyun/Assignment2_ws/install/my_cpp_pkg/share/my_cpp_pkg/cmake/my_cpp_pkgConfig-version.cmake
[1.205s] -- Installing: /home/pradyun/Assignment2_ws/install/my_cpp_pkg/share/my_cpp_pkg/package.xml
[1.208s] Invoked command in '/home/pradyun/Assignment2_ws/build/my_cpp_pkg' returned '0': CMAKE_PREFIX_PATH=/opt/ros/humble /usr/bin/cmake --install /home/pradyun/Assignment2_ws/build/my_cpp_pkg
