running egg_info
writing ../../build/Rover/Rover.egg-info/PKG-INFO
writing dependency_links to ../../build/Rover/Rover.egg-info/dependency_links.txt
writing entry points to ../../build/Rover/Rover.egg-info/entry_points.txt
writing requirements to ../../build/Rover/Rover.egg-info/requires.txt
writing top-level names to ../../build/Rover/Rover.egg-info/top_level.txt
reading manifest file '../../build/Rover/Rover.egg-info/SOURCES.txt'
writing manifest file '../../build/Rover/Rover.egg-info/SOURCES.txt'
running build
running build_py
copying Rover/pub1.py -> /home/pradyun/Assignment2_ws/build/Rover/build/lib/Rover
running install
running install_lib
copying /home/pradyun/Assignment2_ws/build/Rover/build/lib/Rover/pub1.py -> /home/pradyun/Assignment2_ws/install/Rover/lib/python3.10/site-packages/Rover
byte-compiling /home/pradyun/Assignment2_ws/install/Rover/lib/python3.10/site-packages/Rover/pub1.py to pub1.cpython-310.pyc
running install_data
running install_egg_info
removing '/home/pradyun/Assignment2_ws/install/Rover/lib/python3.10/site-packages/Rover-0.0.0-py3.10.egg-info' (and everything under it)
Copying ../../build/Rover/Rover.egg-info to /home/pradyun/Assignment2_ws/install/Rover/lib/python3.10/site-packages/Rover-0.0.0-py3.10.egg-info
running install_scripts
Installing pub1 script to /home/pradyun/Assignment2_ws/install/Rover/lib/Rover
Installing pub2 script to /home/pradyun/Assignment2_ws/install/Rover/lib/Rover
Installing sub script to /home/pradyun/Assignment2_ws/install/Rover/lib/Rover
writing list of installed files to '/home/pradyun/Assignment2_ws/build/Rover/install.log'
