[ 10%] Built target mars_msgs__rosidl_generator_c
[ 12%] Built target mars_msgs__cpp
[ 12%] Built target ament_cmake_python_copy_mars_msgs
[ 23%] Built target mars_msgs__rosidl_typesupport_introspection_c
[ 33%] Built target mars_msgs__rosidl_typesupport_fastrtps_cpp
[ 43%] Built target mars_msgs__rosidl_typesupport_c
[ 53%] Built target mars_msgs__rosidl_typesupport_cpp
[ 64%] Built target mars_msgs__rosidl_typesupport_fastrtps_c
[ 74%] Built target mars_msgs__rosidl_typesupport_introspection_cpp
[ 74%] Built target mars_msgs
[ 76%] Built target mars_msgs__py
[ 84%] Built target mars_msgs__rosidl_generator_py
[ 89%] Built target mars_msgs__rosidl_typesupport_c__pyext
[ 94%] Built target mars_msgs__rosidl_typesupport_fastrtps_c__pyext
[100%] Built target mars_msgs__rosidl_typesupport_introspection_c__pyext
running egg_info
writing mars_msgs.egg-info/PKG-INFO
writing dependency_links to mars_msgs.egg-info/dependency_links.txt
writing top-level names to mars_msgs.egg-info/top_level.txt
reading manifest file 'mars_msgs.egg-info/SOURCES.txt'
writing manifest file 'mars_msgs.egg-info/SOURCES.txt'
[100%] Built target ament_cmake_python_build_mars_msgs_egg
