running egg_info
writing ../../build/rover_odometry/rover_odometry.egg-info/PKG-INFO
writing dependency_links to ../../build/rover_odometry/rover_odometry.egg-info/dependency_links.txt
writing entry points to ../../build/rover_odometry/rover_odometry.egg-info/entry_points.txt
writing requirements to ../../build/rover_odometry/rover_odometry.egg-info/requires.txt
writing top-level names to ../../build/rover_odometry/rover_odometry.egg-info/top_level.txt
reading manifest file '../../build/rover_odometry/rover_odometry.egg-info/SOURCES.txt'
writing manifest file '../../build/rover_odometry/rover_odometry.egg-info/SOURCES.txt'
running build
running build_py
running install
running install_lib
running install_data
creating /home/pradyun/Assignment2_ws/install/rover_odometry/share/rover_odometry/launch
copying launch/launch.py -> /home/pradyun/Assignment2_ws/install/rover_odometry/share/rover_odometry/launch
running install_egg_info
removing '/home/pradyun/Assignment2_ws/install/rover_odometry/lib/python3.10/site-packages/rover_odometry-0.0.0-py3.10.egg-info' (and everything under it)
Copying ../../build/rover_odometry/rover_odometry.egg-info to /home/pradyun/Assignment2_ws/install/rover_odometry/lib/python3.10/site-packages/rover_odometry-0.0.0-py3.10.egg-info
running install_scripts
Installing publisher script to /home/pradyun/Assignment2_ws/install/rover_odometry/lib/rover_odometry
Installing subscriber script to /home/pradyun/Assignment2_ws/install/rover_odometry/lib/rover_odometry
writing list of installed files to '/home/pradyun/Assignment2_ws/build/rover_odometry/install.log'
