/home/pradyun/Assignment2_ws/install/Rover/lib/python3.10/site-packages/Rover/__init__.py
/home/pradyun/Assignment2_ws/install/Rover/lib/python3.10/site-packages/Rover/pub1.py
/home/pradyun/Assignment2_ws/install/Rover/lib/python3.10/site-packages/Rover/pub2.py
/home/pradyun/Assignment2_ws/install/Rover/lib/python3.10/site-packages/Rover/sub.py
/home/pradyun/Assignment2_ws/install/Rover/lib/python3.10/site-packages/Rover/__pycache__/__init__.cpython-310.pyc
/home/pradyun/Assignment2_ws/install/Rover/lib/python3.10/site-packages/Rover/__pycache__/pub1.cpython-310.pyc
/home/pradyun/Assignment2_ws/install/Rover/lib/python3.10/site-packages/Rover/__pycache__/pub2.cpython-310.pyc
/home/pradyun/Assignment2_ws/install/Rover/lib/python3.10/site-packages/Rover/__pycache__/sub.cpython-310.pyc
/home/pradyun/Assignment2_ws/install/Rover/share/ament_index/resource_index/packages/Rover
/home/pradyun/Assignment2_ws/install/Rover/share/Rover/package.xml
/home/pradyun/Assignment2_ws/install/Rover/share/Rover/launch/launch.py
/home/pradyun/Assignment2_ws/install/Rover/lib/python3.10/site-packages/Rover-0.0.0-py3.10.egg-info/zip-safe
/home/pradyun/Assignment2_ws/install/Rover/lib/python3.10/site-packages/Rover-0.0.0-py3.10.egg-info/PKG-INFO
/home/pradyun/Assignment2_ws/install/Rover/lib/python3.10/site-packages/Rover-0.0.0-py3.10.egg-info/entry_points.txt
/home/pradyun/Assignment2_ws/install/Rover/lib/python3.10/site-packages/Rover-0.0.0-py3.10.egg-info/SOURCES.txt
/home/pradyun/Assignment2_ws/install/Rover/lib/python3.10/site-packages/Rover-0.0.0-py3.10.egg-info/dependency_links.txt
/home/pradyun/Assignment2_ws/install/Rover/lib/python3.10/site-packages/Rover-0.0.0-py3.10.egg-info/requires.txt
/home/pradyun/Assignment2_ws/install/Rover/lib/python3.10/site-packages/Rover-0.0.0-py3.10.egg-info/top_level.txt
/home/pradyun/Assignment2_ws/install/Rover/lib/Rover/pub1
/home/pradyun/Assignment2_ws/install/Rover/lib/Rover/pub2
/home/pradyun/Assignment2_ws/install/Rover/lib/Rover/sub
