[0.010s] Invoking command in '/home/pradyun/Assignment2_ws/build/interfaces': CMAKE_PREFIX_PATH=${CMAKE_PREFIX_PATH}:/home/pradyun/Assignment2_ws/install/rover:/home/pradyun/Assignment2_ws/install/my_py_pkg:/home/pradyun/Assignment2_ws/install/Rover:/opt/ros/humble /usr/bin/cmake --build /home/pradyun/Assignment2_ws/build/interfaces -- -j12 -l12
[0.041s] [35m[1mConsolidate compiler generated dependencies of target interfaces__rosidl_generator_c[0m
[0.052s] [  0%] Built target ament_cmake_python_copy_interfaces
[0.052s] [  2%] Built target interfaces__cpp
[0.052s] [ 12%] Built target interfaces__rosidl_generator_c
[0.059s] [35m[1mConsolidate compiler generated dependencies of target interfaces__rosidl_typesupport_introspection_c[0m
[0.059s] [35m[1mConsolidate compiler generated dependencies of target interfaces__rosidl_typesupport_fastrtps_cpp[0m
[0.062s] [35m[1mConsolidate compiler generated dependencies of target interfaces__rosidl_typesupport_introspection_cpp[0m
[0.064s] [35m[1mConsolidate compiler generated dependencies of target interfaces__rosidl_typesupport_cpp[0m
[0.064s] [35m[1mConsolidate compiler generated dependencies of target interfaces__rosidl_typesupport_c[0m
[0.066s] [ 23%] Built target interfaces__rosidl_typesupport_introspection_c
[0.067s] [ 33%] Built target interfaces__rosidl_typesupport_fastrtps_cpp
[0.070s] [ 43%] Built target interfaces__rosidl_typesupport_introspection_cpp
[0.072s] [ 53%] Built target interfaces__rosidl_typesupport_c
[0.073s] [35m[1mConsolidate compiler generated dependencies of target interfaces__rosidl_typesupport_fastrtps_c[0m
[0.077s] [ 64%] Built target interfaces__rosidl_typesupport_cpp
[0.082s] [ 74%] Built target interfaces__rosidl_typesupport_fastrtps_c
[0.099s] [ 74%] Built target interfaces
[0.117s] [ 76%] Built target interfaces__py
[0.127s] [35m[1mConsolidate compiler generated dependencies of target interfaces__rosidl_generator_py[0m
[0.139s] [ 84%] Built target interfaces__rosidl_generator_py
[0.147s] [35m[1mConsolidate compiler generated dependencies of target interfaces__rosidl_typesupport_c__pyext[0m
[0.150s] [35m[1mConsolidate compiler generated dependencies of target interfaces__rosidl_typesupport_fastrtps_c__pyext[0m
[0.150s] [35m[1mConsolidate compiler generated dependencies of target interfaces__rosidl_typesupport_introspection_c__pyext[0m
[0.155s] [ 89%] Built target interfaces__rosidl_typesupport_c__pyext
[0.163s] [100%] Built target interfaces__rosidl_typesupport_fastrtps_c__pyext
[0.164s] [100%] Built target interfaces__rosidl_typesupport_introspection_c__pyext
[0.211s] running egg_info
[0.211s] writing interfaces.egg-info/PKG-INFO
[0.211s] writing dependency_links to interfaces.egg-info/dependency_links.txt
[0.212s] writing top-level names to interfaces.egg-info/top_level.txt
[0.213s] reading manifest file 'interfaces.egg-info/SOURCES.txt'
[0.213s] writing manifest file 'interfaces.egg-info/SOURCES.txt'
[0.235s] [100%] Built target ament_cmake_python_build_interfaces_egg
[0.244s] Invoked command in '/home/pradyun/Assignment2_ws/build/interfaces' returned '0': CMAKE_PREFIX_PATH=${CMAKE_PREFIX_PATH}:/home/pradyun/Assignment2_ws/install/rover:/home/pradyun/Assignment2_ws/install/my_py_pkg:/home/pradyun/Assignment2_ws/install/Rover:/opt/ros/humble /usr/bin/cmake --build /home/pradyun/Assignment2_ws/build/interfaces -- -j12 -l12
[0.253s] Invoking command in '/home/pradyun/Assignment2_ws/build/interfaces': CMAKE_PREFIX_PATH=${CMAKE_PREFIX_PATH}:/home/pradyun/Assignment2_ws/install/rover:/home/pradyun/Assignment2_ws/install/my_py_pkg:/home/pradyun/Assignment2_ws/install/Rover:/opt/ros/humble /usr/bin/cmake --install /home/pradyun/Assignment2_ws/build/interfaces
[0.260s] -- Install configuration: ""
[0.261s] -- Up-to-date: /home/pradyun/Assignment2_ws/install/interfaces/share/ament_index/resource_index/rosidl_interfaces/interfaces
[0.261s] -- Up-to-date: /home/pradyun/Assignment2_ws/install/interfaces/include/interfaces/interfaces
[0.261s] -- Up-to-date: /home/pradyun/Assignment2_ws/install/interfaces/include/interfaces/interfaces/msg
[0.261s] -- Up-to-date: /home/pradyun/Assignment2_ws/install/interfaces/include/interfaces/interfaces/msg/rover_odometry.h
[0.261s] -- Up-to-date: /home/pradyun/Assignment2_ws/install/interfaces/include/interfaces/interfaces/msg/rosidl_generator_c__visibility_control.h
[0.261s] -- Up-to-date: /home/pradyun/Assignment2_ws/install/interfaces/include/interfaces/interfaces/msg/detail
[0.261s] -- Up-to-date: /home/pradyun/Assignment2_ws/install/interfaces/include/interfaces/interfaces/msg/detail/rover_odometry__type_support.h
[0.261s] -- Up-to-date: /home/pradyun/Assignment2_ws/install/interfaces/include/interfaces/interfaces/msg/detail/rover_odometry__struct.h
[0.261s] -- Up-to-date: /home/pradyun/Assignment2_ws/install/interfaces/include/interfaces/interfaces/msg/detail/rover_odometry__functions.h
[0.261s] -- Up-to-date: /home/pradyun/Assignment2_ws/install/interfaces/include/interfaces/interfaces/msg/detail/rover_odometry__functions.c
[0.261s] -- Up-to-date: /home/pradyun/Assignment2_ws/install/interfaces/include/interfaces/interfaces/srv
[0.261s] -- Up-to-date: /home/pradyun/Assignment2_ws/install/interfaces/include/interfaces/interfaces/srv/add_three_ints.h
[0.261s] -- Up-to-date: /home/pradyun/Assignment2_ws/install/interfaces/include/interfaces/interfaces/srv/detail
[0.261s] -- Up-to-date: /home/pradyun/Assignment2_ws/install/interfaces/include/interfaces/interfaces/srv/detail/add_three_ints__functions.c
[0.261s] -- Up-to-date: /home/pradyun/Assignment2_ws/install/interfaces/include/interfaces/interfaces/srv/detail/add_three_ints__type_support.h
[0.261s] -- Up-to-date: /home/pradyun/Assignment2_ws/install/interfaces/include/interfaces/interfaces/srv/detail/add_three_ints__struct.h
[0.261s] -- Up-to-date: /home/pradyun/Assignment2_ws/install/interfaces/include/interfaces/interfaces/srv/detail/add_three_ints__functions.h
[0.261s] -- Up-to-date: /home/pradyun/Assignment2_ws/install/interfaces/share/interfaces/environment/library_path.sh
[0.262s] -- Up-to-date: /home/pradyun/Assignment2_ws/install/interfaces/share/interfaces/environment/library_path.dsv
[0.262s] -- Up-to-date: /home/pradyun/Assignment2_ws/install/interfaces/lib/libinterfaces__rosidl_generator_c.so
[0.262s] -- Up-to-date: /home/pradyun/Assignment2_ws/install/interfaces/include/interfaces/interfaces
[0.262s] -- Up-to-date: /home/pradyun/Assignment2_ws/install/interfaces/include/interfaces/interfaces/msg
[0.262s] -- Up-to-date: /home/pradyun/Assignment2_ws/install/interfaces/include/interfaces/interfaces/msg/rosidl_typesupport_fastrtps_c__visibility_control.h
[0.262s] -- Up-to-date: /home/pradyun/Assignment2_ws/install/interfaces/include/interfaces/interfaces/msg/detail
[0.262s] -- Up-to-date: /home/pradyun/Assignment2_ws/install/interfaces/include/interfaces/interfaces/msg/detail/rover_odometry__rosidl_typesupport_fastrtps_c.h
[0.262s] -- Up-to-date: /home/pradyun/Assignment2_ws/install/interfaces/include/interfaces/interfaces/srv
[0.262s] -- Up-to-date: /home/pradyun/Assignment2_ws/install/interfaces/include/interfaces/interfaces/srv/detail
[0.262s] -- Up-to-date: /home/pradyun/Assignment2_ws/install/interfaces/include/interfaces/interfaces/srv/detail/add_three_ints__rosidl_typesupport_fastrtps_c.h
[0.262s] -- Up-to-date: /home/pradyun/Assignment2_ws/install/interfaces/lib/libinterfaces__rosidl_typesupport_fastrtps_c.so
[0.262s] -- Up-to-date: /home/pradyun/Assignment2_ws/install/interfaces/include/interfaces/interfaces
[0.262s] -- Up-to-date: /home/pradyun/Assignment2_ws/install/interfaces/include/interfaces/interfaces/msg
[0.262s] -- Up-to-date: /home/pradyun/Assignment2_ws/install/interfaces/include/interfaces/interfaces/msg/rover_odometry.hpp
[0.262s] -- Up-to-date: /home/pradyun/Assignment2_ws/install/interfaces/include/interfaces/interfaces/msg/rosidl_generator_cpp__visibility_control.hpp
[0.262s] -- Up-to-date: /home/pradyun/Assignment2_ws/install/interfaces/include/interfaces/interfaces/msg/detail
[0.262s] -- Up-to-date: /home/pradyun/Assignment2_ws/install/interfaces/include/interfaces/interfaces/msg/detail/rover_odometry__struct.hpp
[0.262s] -- Up-to-date: /home/pradyun/Assignment2_ws/install/interfaces/include/interfaces/interfaces/msg/detail/rover_odometry__traits.hpp
[0.262s] -- Up-to-date: /home/pradyun/Assignment2_ws/install/interfaces/include/interfaces/interfaces/msg/detail/rover_odometry__type_support.hpp
[0.262s] -- Up-to-date: /home/pradyun/Assignment2_ws/install/interfaces/include/interfaces/interfaces/msg/detail/rover_odometry__builder.hpp
[0.262s] -- Up-to-date: /home/pradyun/Assignment2_ws/install/interfaces/include/interfaces/interfaces/srv
[0.262s] -- Up-to-date: /home/pradyun/Assignment2_ws/install/interfaces/include/interfaces/interfaces/srv/add_three_ints.hpp
[0.262s] -- Up-to-date: /home/pradyun/Assignment2_ws/install/interfaces/include/interfaces/interfaces/srv/detail
[0.263s] -- Up-to-date: /home/pradyun/Assignment2_ws/install/interfaces/include/interfaces/interfaces/srv/detail/add_three_ints__struct.hpp
[0.263s] -- Up-to-date: /home/pradyun/Assignment2_ws/install/interfaces/include/interfaces/interfaces/srv/detail/add_three_ints__builder.hpp
[0.263s] -- Up-to-date: /home/pradyun/Assignment2_ws/install/interfaces/include/interfaces/interfaces/srv/detail/add_three_ints__traits.hpp
[0.263s] -- Up-to-date: /home/pradyun/Assignment2_ws/install/interfaces/include/interfaces/interfaces/srv/detail/add_three_ints__type_support.hpp
[0.263s] -- Up-to-date: /home/pradyun/Assignment2_ws/install/interfaces/include/interfaces/interfaces
[0.263s] -- Up-to-date: /home/pradyun/Assignment2_ws/install/interfaces/include/interfaces/interfaces/msg
[0.263s] -- Up-to-date: /home/pradyun/Assignment2_ws/install/interfaces/include/interfaces/interfaces/msg/rosidl_typesupport_fastrtps_cpp__visibility_control.h
[0.263s] -- Up-to-date: /home/pradyun/Assignment2_ws/install/interfaces/include/interfaces/interfaces/msg/detail
[0.263s] -- Up-to-date: /home/pradyun/Assignment2_ws/install/interfaces/include/interfaces/interfaces/msg/detail/rover_odometry__rosidl_typesupport_fastrtps_cpp.hpp
[0.263s] -- Up-to-date: /home/pradyun/Assignment2_ws/install/interfaces/include/interfaces/interfaces/msg/detail/dds_fastrtps
[0.263s] -- Up-to-date: /home/pradyun/Assignment2_ws/install/interfaces/include/interfaces/interfaces/srv
[0.263s] -- Up-to-date: /home/pradyun/Assignment2_ws/install/interfaces/include/interfaces/interfaces/srv/detail
[0.263s] -- Up-to-date: /home/pradyun/Assignment2_ws/install/interfaces/include/interfaces/interfaces/srv/detail/dds_fastrtps
[0.263s] -- Up-to-date: /home/pradyun/Assignment2_ws/install/interfaces/include/interfaces/interfaces/srv/detail/add_three_ints__rosidl_typesupport_fastrtps_cpp.hpp
[0.263s] -- Up-to-date: /home/pradyun/Assignment2_ws/install/interfaces/lib/libinterfaces__rosidl_typesupport_fastrtps_cpp.so
[0.263s] -- Up-to-date: /home/pradyun/Assignment2_ws/install/interfaces/include/interfaces/interfaces
[0.263s] -- Up-to-date: /home/pradyun/Assignment2_ws/install/interfaces/include/interfaces/interfaces/msg
[0.263s] -- Up-to-date: /home/pradyun/Assignment2_ws/install/interfaces/include/interfaces/interfaces/msg/rosidl_typesupport_introspection_c__visibility_control.h
[0.263s] -- Up-to-date: /home/pradyun/Assignment2_ws/install/interfaces/include/interfaces/interfaces/msg/detail
[0.263s] -- Up-to-date: /home/pradyun/Assignment2_ws/install/interfaces/include/interfaces/interfaces/msg/detail/rover_odometry__type_support.c
[0.263s] -- Up-to-date: /home/pradyun/Assignment2_ws/install/interfaces/include/interfaces/interfaces/msg/detail/rover_odometry__rosidl_typesupport_introspection_c.h
[0.263s] -- Up-to-date: /home/pradyun/Assignment2_ws/install/interfaces/include/interfaces/interfaces/srv
[0.263s] -- Up-to-date: /home/pradyun/Assignment2_ws/install/interfaces/include/interfaces/interfaces/srv/detail
[0.263s] -- Up-to-date: /home/pradyun/Assignment2_ws/install/interfaces/include/interfaces/interfaces/srv/detail/add_three_ints__type_support.c
[0.263s] -- Up-to-date: /home/pradyun/Assignment2_ws/install/interfaces/include/interfaces/interfaces/srv/detail/add_three_ints__rosidl_typesupport_introspection_c.h
[0.263s] -- Up-to-date: /home/pradyun/Assignment2_ws/install/interfaces/lib/libinterfaces__rosidl_typesupport_introspection_c.so
[0.263s] -- Up-to-date: /home/pradyun/Assignment2_ws/install/interfaces/lib/libinterfaces__rosidl_typesupport_c.so
[0.264s] -- Up-to-date: /home/pradyun/Assignment2_ws/install/interfaces/include/interfaces/interfaces
[0.264s] -- Up-to-date: /home/pradyun/Assignment2_ws/install/interfaces/include/interfaces/interfaces/msg
[0.264s] -- Up-to-date: /home/pradyun/Assignment2_ws/install/interfaces/include/interfaces/interfaces/msg/detail
[0.264s] -- Up-to-date: /home/pradyun/Assignment2_ws/install/interfaces/include/interfaces/interfaces/msg/detail/rover_odometry__type_support.cpp
[0.264s] -- Up-to-date: /home/pradyun/Assignment2_ws/install/interfaces/include/interfaces/interfaces/msg/detail/rover_odometry__rosidl_typesupport_introspection_cpp.hpp
[0.264s] -- Up-to-date: /home/pradyun/Assignment2_ws/install/interfaces/include/interfaces/interfaces/srv
[0.264s] -- Up-to-date: /home/pradyun/Assignment2_ws/install/interfaces/include/interfaces/interfaces/srv/detail
[0.264s] -- Up-to-date: /home/pradyun/Assignment2_ws/install/interfaces/include/interfaces/interfaces/srv/detail/add_three_ints__type_support.cpp
[0.264s] -- Up-to-date: /home/pradyun/Assignment2_ws/install/interfaces/include/interfaces/interfaces/srv/detail/add_three_ints__rosidl_typesupport_introspection_cpp.hpp
[0.264s] -- Up-to-date: /home/pradyun/Assignment2_ws/install/interfaces/lib/libinterfaces__rosidl_typesupport_introspection_cpp.so
[0.264s] -- Up-to-date: /home/pradyun/Assignment2_ws/install/interfaces/lib/libinterfaces__rosidl_typesupport_cpp.so
[0.264s] -- Up-to-date: /home/pradyun/Assignment2_ws/install/interfaces/share/interfaces/environment/pythonpath.sh
[0.264s] -- Up-to-date: /home/pradyun/Assignment2_ws/install/interfaces/share/interfaces/environment/pythonpath.dsv
[0.264s] -- Up-to-date: /home/pradyun/Assignment2_ws/install/interfaces/local/lib/python3.10/dist-packages/interfaces-0.0.0-py3.10.egg-info
[0.264s] -- Installing: /home/pradyun/Assignment2_ws/install/interfaces/local/lib/python3.10/dist-packages/interfaces-0.0.0-py3.10.egg-info/PKG-INFO
[0.264s] -- Installing: /home/pradyun/Assignment2_ws/install/interfaces/local/lib/python3.10/dist-packages/interfaces-0.0.0-py3.10.egg-info/SOURCES.txt
[0.264s] -- Installing: /home/pradyun/Assignment2_ws/install/interfaces/local/lib/python3.10/dist-packages/interfaces-0.0.0-py3.10.egg-info/dependency_links.txt
[0.264s] -- Installing: /home/pradyun/Assignment2_ws/install/interfaces/local/lib/python3.10/dist-packages/interfaces-0.0.0-py3.10.egg-info/top_level.txt
[0.264s] -- Up-to-date: /home/pradyun/Assignment2_ws/install/interfaces/local/lib/python3.10/dist-packages/interfaces
[0.264s] -- Up-to-date: /home/pradyun/Assignment2_ws/install/interfaces/local/lib/python3.10/dist-packages/interfaces/libinterfaces__rosidl_generator_py.so
[0.264s] -- Up-to-date: /home/pradyun/Assignment2_ws/install/interfaces/local/lib/python3.10/dist-packages/interfaces/__init__.py
[0.264s] -- Up-to-date: /home/pradyun/Assignment2_ws/install/interfaces/local/lib/python3.10/dist-packages/interfaces/interfaces_s__rosidl_typesupport_fastrtps_c.cpython-310-x86_64-linux-gnu.so
[0.264s] -- Up-to-date: /home/pradyun/Assignment2_ws/install/interfaces/local/lib/python3.10/dist-packages/interfaces/interfaces_s__rosidl_typesupport_introspection_c.cpython-310-x86_64-linux-gnu.so
[0.264s] -- Up-to-date: /home/pradyun/Assignment2_ws/install/interfaces/local/lib/python3.10/dist-packages/interfaces/_interfaces_s.ep.rosidl_typesupport_c.c
[0.264s] -- Up-to-date: /home/pradyun/Assignment2_ws/install/interfaces/local/lib/python3.10/dist-packages/interfaces/_interfaces_s.ep.rosidl_typesupport_introspection_c.c
[0.264s] -- Up-to-date: /home/pradyun/Assignment2_ws/install/interfaces/local/lib/python3.10/dist-packages/interfaces/interfaces_s__rosidl_typesupport_c.cpython-310-x86_64-linux-gnu.so
[0.264s] -- Up-to-date: /home/pradyun/Assignment2_ws/install/interfaces/local/lib/python3.10/dist-packages/interfaces/_interfaces_s.ep.rosidl_typesupport_fastrtps_c.c
[0.264s] -- Up-to-date: /home/pradyun/Assignment2_ws/install/interfaces/local/lib/python3.10/dist-packages/interfaces/msg
[0.264s] -- Up-to-date: /home/pradyun/Assignment2_ws/install/interfaces/local/lib/python3.10/dist-packages/interfaces/msg/__init__.py
[0.264s] -- Up-to-date: /home/pradyun/Assignment2_ws/install/interfaces/local/lib/python3.10/dist-packages/interfaces/msg/_rover_odometry.py
[0.264s] -- Up-to-date: /home/pradyun/Assignment2_ws/install/interfaces/local/lib/python3.10/dist-packages/interfaces/msg/_rover_odometry_s.c
[0.265s] -- Up-to-date: /home/pradyun/Assignment2_ws/install/interfaces/local/lib/python3.10/dist-packages/interfaces/srv
[0.265s] -- Up-to-date: /home/pradyun/Assignment2_ws/install/interfaces/local/lib/python3.10/dist-packages/interfaces/srv/__init__.py
[0.265s] -- Up-to-date: /home/pradyun/Assignment2_ws/install/interfaces/local/lib/python3.10/dist-packages/interfaces/srv/_add_three_ints_s.c
[0.265s] -- Up-to-date: /home/pradyun/Assignment2_ws/install/interfaces/local/lib/python3.10/dist-packages/interfaces/srv/_add_three_ints.py
[0.287s] Listing '/home/pradyun/Assignment2_ws/install/interfaces/local/lib/python3.10/dist-packages/interfaces'...
[0.288s] Listing '/home/pradyun/Assignment2_ws/install/interfaces/local/lib/python3.10/dist-packages/interfaces/msg'...
[0.288s] Listing '/home/pradyun/Assignment2_ws/install/interfaces/local/lib/python3.10/dist-packages/interfaces/srv'...
[0.291s] -- Up-to-date: /home/pradyun/Assignment2_ws/install/interfaces/local/lib/python3.10/dist-packages/interfaces/interfaces_s__rosidl_typesupport_fastrtps_c.cpython-310-x86_64-linux-gnu.so
[0.291s] -- Up-to-date: /home/pradyun/Assignment2_ws/install/interfaces/local/lib/python3.10/dist-packages/interfaces/interfaces_s__rosidl_typesupport_introspection_c.cpython-310-x86_64-linux-gnu.so
[0.291s] -- Up-to-date: /home/pradyun/Assignment2_ws/install/interfaces/local/lib/python3.10/dist-packages/interfaces/interfaces_s__rosidl_typesupport_c.cpython-310-x86_64-linux-gnu.so
[0.291s] -- Up-to-date: /home/pradyun/Assignment2_ws/install/interfaces/lib/libinterfaces__rosidl_generator_py.so
[0.291s] -- Up-to-date: /home/pradyun/Assignment2_ws/install/interfaces/share/interfaces/msg/RoverOdometry.idl
[0.291s] -- Up-to-date: /home/pradyun/Assignment2_ws/install/interfaces/share/interfaces/srv/AddThreeInts.idl
[0.291s] -- Up-to-date: /home/pradyun/Assignment2_ws/install/interfaces/share/interfaces/mars_msgs/RoverOdometry.msg
[0.291s] -- Up-to-date: /home/pradyun/Assignment2_ws/install/interfaces/share/interfaces/srv/AddThreeInts.srv
[0.291s] -- Up-to-date: /home/pradyun/Assignment2_ws/install/interfaces/share/interfaces/srv/AddThreeInts_Request.msg
[0.291s] -- Up-to-date: /home/pradyun/Assignment2_ws/install/interfaces/share/interfaces/srv/AddThreeInts_Response.msg
[0.291s] -- Up-to-date: /home/pradyun/Assignment2_ws/install/interfaces/share/ament_index/resource_index/package_run_dependencies/interfaces
[0.291s] -- Up-to-date: /home/pradyun/Assignment2_ws/install/interfaces/share/ament_index/resource_index/parent_prefix_path/interfaces
[0.291s] -- Up-to-date: /home/pradyun/Assignment2_ws/install/interfaces/share/interfaces/environment/ament_prefix_path.sh
[0.291s] -- Up-to-date: /home/pradyun/Assignment2_ws/install/interfaces/share/interfaces/environment/ament_prefix_path.dsv
[0.291s] -- Up-to-date: /home/pradyun/Assignment2_ws/install/interfaces/share/interfaces/environment/path.sh
[0.291s] -- Up-to-date: /home/pradyun/Assignment2_ws/install/interfaces/share/interfaces/environment/path.dsv
[0.291s] -- Up-to-date: /home/pradyun/Assignment2_ws/install/interfaces/share/interfaces/local_setup.bash
[0.292s] -- Up-to-date: /home/pradyun/Assignment2_ws/install/interfaces/share/interfaces/local_setup.sh
[0.292s] -- Up-to-date: /home/pradyun/Assignment2_ws/install/interfaces/share/interfaces/local_setup.zsh
[0.292s] -- Up-to-date: /home/pradyun/Assignment2_ws/install/interfaces/share/interfaces/local_setup.dsv
[0.292s] -- Installing: /home/pradyun/Assignment2_ws/install/interfaces/share/interfaces/package.dsv
[0.292s] -- Up-to-date: /home/pradyun/Assignment2_ws/install/interfaces/share/ament_index/resource_index/packages/interfaces
[0.292s] -- Up-to-date: /home/pradyun/Assignment2_ws/install/interfaces/share/interfaces/cmake/export_interfaces__rosidl_generator_cExport.cmake
[0.292s] -- Up-to-date: /home/pradyun/Assignment2_ws/install/interfaces/share/interfaces/cmake/export_interfaces__rosidl_generator_cExport-noconfig.cmake
[0.292s] -- Up-to-date: /home/pradyun/Assignment2_ws/install/interfaces/share/interfaces/cmake/export_interfaces__rosidl_typesupport_fastrtps_cExport.cmake
[0.292s] -- Up-to-date: /home/pradyun/Assignment2_ws/install/interfaces/share/interfaces/cmake/export_interfaces__rosidl_typesupport_fastrtps_cExport-noconfig.cmake
[0.292s] -- Up-to-date: /home/pradyun/Assignment2_ws/install/interfaces/share/interfaces/cmake/export_interfaces__rosidl_generator_cppExport.cmake
[0.292s] -- Up-to-date: /home/pradyun/Assignment2_ws/install/interfaces/share/interfaces/cmake/export_interfaces__rosidl_typesupport_fastrtps_cppExport.cmake
[0.292s] -- Up-to-date: /home/pradyun/Assignment2_ws/install/interfaces/share/interfaces/cmake/export_interfaces__rosidl_typesupport_fastrtps_cppExport-noconfig.cmake
[0.292s] -- Up-to-date: /home/pradyun/Assignment2_ws/install/interfaces/share/interfaces/cmake/interfaces__rosidl_typesupport_introspection_cExport.cmake
[0.292s] -- Up-to-date: /home/pradyun/Assignment2_ws/install/interfaces/share/interfaces/cmake/interfaces__rosidl_typesupport_introspection_cExport-noconfig.cmake
[0.292s] -- Up-to-date: /home/pradyun/Assignment2_ws/install/interfaces/share/interfaces/cmake/interfaces__rosidl_typesupport_cExport.cmake
[0.292s] -- Up-to-date: /home/pradyun/Assignment2_ws/install/interfaces/share/interfaces/cmake/interfaces__rosidl_typesupport_cExport-noconfig.cmake
[0.292s] -- Up-to-date: /home/pradyun/Assignment2_ws/install/interfaces/share/interfaces/cmake/interfaces__rosidl_typesupport_introspection_cppExport.cmake
[0.292s] -- Up-to-date: /home/pradyun/Assignment2_ws/install/interfaces/share/interfaces/cmake/interfaces__rosidl_typesupport_introspection_cppExport-noconfig.cmake
[0.292s] -- Up-to-date: /home/pradyun/Assignment2_ws/install/interfaces/share/interfaces/cmake/interfaces__rosidl_typesupport_cppExport.cmake
[0.292s] -- Up-to-date: /home/pradyun/Assignment2_ws/install/interfaces/share/interfaces/cmake/interfaces__rosidl_typesupport_cppExport-noconfig.cmake
[0.292s] -- Up-to-date: /home/pradyun/Assignment2_ws/install/interfaces/share/interfaces/cmake/export_interfaces__rosidl_generator_pyExport.cmake
[0.292s] -- Up-to-date: /home/pradyun/Assignment2_ws/install/interfaces/share/interfaces/cmake/export_interfaces__rosidl_generator_pyExport-noconfig.cmake
[0.292s] -- Up-to-date: /home/pradyun/Assignment2_ws/install/interfaces/share/interfaces/cmake/rosidl_cmake-extras.cmake
[0.292s] -- Up-to-date: /home/pradyun/Assignment2_ws/install/interfaces/share/interfaces/cmake/ament_cmake_export_dependencies-extras.cmake
[0.292s] -- Up-to-date: /home/pradyun/Assignment2_ws/install/interfaces/share/interfaces/cmake/ament_cmake_export_include_directories-extras.cmake
[0.292s] -- Up-to-date: /home/pradyun/Assignment2_ws/install/interfaces/share/interfaces/cmake/ament_cmake_export_libraries-extras.cmake
[0.293s] -- Up-to-date: /home/pradyun/Assignment2_ws/install/interfaces/share/interfaces/cmake/ament_cmake_export_targets-extras.cmake
[0.293s] -- Up-to-date: /home/pradyun/Assignment2_ws/install/interfaces/share/interfaces/cmake/rosidl_cmake_export_typesupport_targets-extras.cmake
[0.293s] -- Up-to-date: /home/pradyun/Assignment2_ws/install/interfaces/share/interfaces/cmake/rosidl_cmake_export_typesupport_libraries-extras.cmake
[0.293s] -- Up-to-date: /home/pradyun/Assignment2_ws/install/interfaces/share/interfaces/cmake/interfacesConfig.cmake
[0.293s] -- Up-to-date: /home/pradyun/Assignment2_ws/install/interfaces/share/interfaces/cmake/interfacesConfig-version.cmake
[0.293s] -- Up-to-date: /home/pradyun/Assignment2_ws/install/interfaces/share/interfaces/package.xml
[0.294s] Invoked command in '/home/pradyun/Assignment2_ws/build/interfaces' returned '0': CMAKE_PREFIX_PATH=${CMAKE_PREFIX_PATH}:/home/pradyun/Assignment2_ws/install/rover:/home/pradyun/Assignment2_ws/install/my_py_pkg:/home/pradyun/Assignment2_ws/install/Rover:/opt/ros/humble /usr/bin/cmake --install /home/pradyun/Assignment2_ws/build/interfaces
