running egg_info
creating ../../build/rover_odometry/rover_odometry.egg-info
writing ../../build/rover_odometry/rover_odometry.egg-info/PKG-INFO
writing dependency_links to ../../build/rover_odometry/rover_odometry.egg-info/dependency_links.txt
writing entry points to ../../build/rover_odometry/rover_odometry.egg-info/entry_points.txt
writing requirements to ../../build/rover_odometry/rover_odometry.egg-info/requires.txt
writing top-level names to ../../build/rover_odometry/rover_odometry.egg-info/top_level.txt
writing manifest file '../../build/rover_odometry/rover_odometry.egg-info/SOURCES.txt'
reading manifest file '../../build/rover_odometry/rover_odometry.egg-info/SOURCES.txt'
writing manifest file '../../build/rover_odometry/rover_odometry.egg-info/SOURCES.txt'
running build
running build_py
creating /home/pradyun/Assignment2_ws/build/rover_odometry/build
creating /home/pradyun/Assignment2_ws/build/rover_odometry/build/lib
creating /home/pradyun/Assignment2_ws/build/rover_odometry/build/lib/rover_odometry
copying rover_odometry/subscriber.py -> /home/pradyun/Assignment2_ws/build/rover_odometry/build/lib/rover_odometry
copying rover_odometry/__init__.py -> /home/pradyun/Assignment2_ws/build/rover_odometry/build/lib/rover_odometry
copying rover_odometry/publisher.py -> /home/pradyun/Assignment2_ws/build/rover_odometry/build/lib/rover_odometry
running install
running install_lib
creating /home/pradyun/Assignment2_ws/install/rover_odometry/lib/python3.10/site-packages/rover_odometry
copying /home/pradyun/Assignment2_ws/build/rover_odometry/build/lib/rover_odometry/subscriber.py -> /home/pradyun/Assignment2_ws/install/rover_odometry/lib/python3.10/site-packages/rover_odometry
copying /home/pradyun/Assignment2_ws/build/rover_odometry/build/lib/rover_odometry/__init__.py -> /home/pradyun/Assignment2_ws/install/rover_odometry/lib/python3.10/site-packages/rover_odometry
copying /home/pradyun/Assignment2_ws/build/rover_odometry/build/lib/rover_odometry/publisher.py -> /home/pradyun/Assignment2_ws/install/rover_odometry/lib/python3.10/site-packages/rover_odometry
byte-compiling /home/pradyun/Assignment2_ws/install/rover_odometry/lib/python3.10/site-packages/rover_odometry/subscriber.py to subscriber.cpython-310.pyc
byte-compiling /home/pradyun/Assignment2_ws/install/rover_odometry/lib/python3.10/site-packages/rover_odometry/__init__.py to __init__.cpython-310.pyc
byte-compiling /home/pradyun/Assignment2_ws/install/rover_odometry/lib/python3.10/site-packages/rover_odometry/publisher.py to publisher.cpython-310.pyc
running install_data
creating /home/pradyun/Assignment2_ws/install/rover_odometry/share/ament_index
creating /home/pradyun/Assignment2_ws/install/rover_odometry/share/ament_index/resource_index
creating /home/pradyun/Assignment2_ws/install/rover_odometry/share/ament_index/resource_index/packages
copying resource/rover_odometry -> /home/pradyun/Assignment2_ws/install/rover_odometry/share/ament_index/resource_index/packages
copying package.xml -> /home/pradyun/Assignment2_ws/install/rover_odometry/share/rover_odometry
running install_egg_info
Copying ../../build/rover_odometry/rover_odometry.egg-info to /home/pradyun/Assignment2_ws/install/rover_odometry/lib/python3.10/site-packages/rover_odometry-0.0.0-py3.10.egg-info
running install_scripts
writing list of installed files to '/home/pradyun/Assignment2_ws/build/rover_odometry/install.log'
