[1.010s] Invoking command in '/home/pradyun/Assignment2_ws/src/Rover': PYTHONPATH=/home/pradyun/Assignment2_ws/build/Rover/prefix_override:/usr/lib/python3/dist-packages/colcon_core/task/python/colcon_distutils_commands:/home/pradyun/Assignment2_ws/install/Rover/lib/python3.10/site-packages:${PYTHONPATH} /usr/bin/python3 -W ignore:setup.py install is deprecated -W ignore:easy_install command is deprecated setup.py egg_info --egg-base ../../build/Rover build --build-base /home/pradyun/Assignment2_ws/build/Rover/build install --record /home/pradyun/Assignment2_ws/build/Rover/install.log --single-version-externally-managed install_data
[1.228s] running egg_info
[1.228s] writing ../../build/Rover/Rover.egg-info/PKG-INFO
[1.228s] writing dependency_links to ../../build/Rover/Rover.egg-info/dependency_links.txt
[1.228s] writing entry points to ../../build/Rover/Rover.egg-info/entry_points.txt
[1.229s] writing requirements to ../../build/Rover/Rover.egg-info/requires.txt
[1.229s] writing top-level names to ../../build/Rover/Rover.egg-info/top_level.txt
[1.230s] reading manifest file '../../build/Rover/Rover.egg-info/SOURCES.txt'
[1.231s] writing manifest file '../../build/Rover/Rover.egg-info/SOURCES.txt'
[1.231s] running build
[1.231s] running build_py
[1.231s] running install
[1.231s] running install_lib
[1.232s] running install_data
[1.232s] running install_egg_info
[1.234s] removing '/home/pradyun/Assignment2_ws/install/Rover/lib/python3.10/site-packages/Rover-0.0.0-py3.10.egg-info' (and everything under it)
[1.235s] Copying ../../build/Rover/Rover.egg-info to /home/pradyun/Assignment2_ws/install/Rover/lib/python3.10/site-packages/Rover-0.0.0-py3.10.egg-info
[1.235s] running install_scripts
[1.250s] Installing pub1 script to /home/pradyun/Assignment2_ws/install/Rover/lib/Rover
[1.250s] Installing pub2 script to /home/pradyun/Assignment2_ws/install/Rover/lib/Rover
[1.250s] Installing sub script to /home/pradyun/Assignment2_ws/install/Rover/lib/Rover
[1.250s] writing list of installed files to '/home/pradyun/Assignment2_ws/build/Rover/install.log'
[1.270s] Invoked command in '/home/pradyun/Assignment2_ws/src/Rover' returned '0': PYTHONPATH=/home/pradyun/Assignment2_ws/build/Rover/prefix_override:/usr/lib/python3/dist-packages/colcon_core/task/python/colcon_distutils_commands:/home/pradyun/Assignment2_ws/install/Rover/lib/python3.10/site-packages:${PYTHONPATH} /usr/bin/python3 -W ignore:setup.py install is deprecated -W ignore:easy_install command is deprecated setup.py egg_info --egg-base ../../build/Rover build --build-base /home/pradyun/Assignment2_ws/build/Rover/build install --record /home/pradyun/Assignment2_ws/build/Rover/install.log --single-version-externally-managed install_data
