[0.983s] Invoking command in '/home/pradyun/Assignment2_ws/src/rover': PYTHONPATH=/home/pradyun/Assignment2_ws/build/rover/prefix_override:/usr/lib/python3/dist-packages/colcon_core/task/python/colcon_distutils_commands:/home/pradyun/Assignment2_ws/install/rover/lib/python3.10/site-packages:${PYTHONPATH} /usr/bin/python3 -W ignore:setup.py install is deprecated -W ignore:easy_install command is deprecated setup.py egg_info --egg-base ../../build/rover build --build-base /home/pradyun/Assignment2_ws/build/rover/build install --record /home/pradyun/Assignment2_ws/build/rover/install.log --single-version-externally-managed install_data
[1.194s] running egg_info
[1.195s] creating ../../build/rover/rover.egg-info
[1.195s] writing ../../build/rover/rover.egg-info/PKG-INFO
[1.195s] writing dependency_links to ../../build/rover/rover.egg-info/dependency_links.txt
[1.195s] writing entry points to ../../build/rover/rover.egg-info/entry_points.txt
[1.195s] writing requirements to ../../build/rover/rover.egg-info/requires.txt
[1.195s] writing top-level names to ../../build/rover/rover.egg-info/top_level.txt
[1.195s] writing manifest file '../../build/rover/rover.egg-info/SOURCES.txt'
[1.197s] reading manifest file '../../build/rover/rover.egg-info/SOURCES.txt'
[1.197s] writing manifest file '../../build/rover/rover.egg-info/SOURCES.txt'
[1.197s] running build
[1.197s] running build_py
[1.197s] running install
[1.198s] running install_lib
[1.199s] running install_data
[1.199s] creating /home/pradyun/Assignment2_ws/install/rover/share/rover/launch
[1.199s] copying launch/launch.py -> /home/pradyun/Assignment2_ws/install/rover/share/rover/launch
[1.199s] running install_egg_info
[1.201s] Copying ../../build/rover/rover.egg-info to /home/pradyun/Assignment2_ws/install/rover/lib/python3.10/site-packages/rover-0.0.0-py3.10.egg-info
[1.201s] running install_scripts
[1.216s] Installing pub1 script to /home/pradyun/Assignment2_ws/install/rover/lib/rover
[1.216s] Installing pub2 script to /home/pradyun/Assignment2_ws/install/rover/lib/rover
[1.216s] Installing sub script to /home/pradyun/Assignment2_ws/install/rover/lib/rover
[1.216s] writing list of installed files to '/home/pradyun/Assignment2_ws/build/rover/install.log'
[1.236s] Invoked command in '/home/pradyun/Assignment2_ws/src/rover' returned '0': PYTHONPATH=/home/pradyun/Assignment2_ws/build/rover/prefix_override:/usr/lib/python3/dist-packages/colcon_core/task/python/colcon_distutils_commands:/home/pradyun/Assignment2_ws/install/rover/lib/python3.10/site-packages:${PYTHONPATH} /usr/bin/python3 -W ignore:setup.py install is deprecated -W ignore:easy_install command is deprecated setup.py egg_info --egg-base ../../build/rover build --build-base /home/pradyun/Assignment2_ws/build/rover/build install --record /home/pradyun/Assignment2_ws/build/rover/install.log --single-version-externally-managed install_data
