[0.017s] Invoking command in '/home/pradyun/Assignment2_ws/build/mars_msgs': CMAKE_PREFIX_PATH=${CMAKE_PREFIX_PATH}:/home/pradyun/Assignment2_ws/install/rover_odometry:/home/pradyun/Assignment2_ws/install/rover:/home/pradyun/Assignment2_ws/install/my_py_pkg:/home/pradyun/Assignment2_ws/install/Rover:/opt/ros/humble /usr/bin/cmake --build /home/pradyun/Assignment2_ws/build/mars_msgs -- -j12 -l12
[0.237s] [  2%] Built target mars_msgs__cpp
[0.237s] [ 12%] Built target mars_msgs__rosidl_generator_c
[0.237s] [ 12%] Built target ament_cmake_python_copy_mars_msgs
[0.237s] [ 33%] Built target mars_msgs__rosidl_typesupport_introspection_cpp
[0.237s] [ 33%] Built target mars_msgs__rosidl_typesupport_introspection_c
[0.237s] [ 43%] Built target mars_msgs__rosidl_typesupport_c
[0.237s] [ 53%] Built target mars_msgs__rosidl_typesupport_cpp
[0.237s] [ 69%] Built target mars_msgs__rosidl_typesupport_fastrtps_c
[0.237s] [ 74%] Built target mars_msgs__rosidl_typesupport_fastrtps_cpp
[0.238s] [ 74%] Built target mars_msgs
[0.238s] [ 76%] Built target mars_msgs__py
[0.238s] [ 84%] Built target mars_msgs__rosidl_generator_py
[0.238s] [ 89%] Built target mars_msgs__rosidl_typesupport_c__pyext
[0.238s] [100%] Built target mars_msgs__rosidl_typesupport_introspection_c__pyext
[0.238s] [100%] Built target mars_msgs__rosidl_typesupport_fastrtps_c__pyext
[0.275s] running egg_info
[0.275s] writing mars_msgs.egg-info/PKG-INFO
[0.275s] writing dependency_links to mars_msgs.egg-info/dependency_links.txt
[0.275s] writing top-level names to mars_msgs.egg-info/top_level.txt
[0.277s] reading manifest file 'mars_msgs.egg-info/SOURCES.txt'
[0.278s] writing manifest file 'mars_msgs.egg-info/SOURCES.txt'
[0.298s] [100%] Built target ament_cmake_python_build_mars_msgs_egg
[0.422s] Invoked command in '/home/pradyun/Assignment2_ws/build/mars_msgs' returned '0': CMAKE_PREFIX_PATH=${CMAKE_PREFIX_PATH}:/home/pradyun/Assignment2_ws/install/rover_odometry:/home/pradyun/Assignment2_ws/install/rover:/home/pradyun/Assignment2_ws/install/my_py_pkg:/home/pradyun/Assignment2_ws/install/Rover:/opt/ros/humble /usr/bin/cmake --build /home/pradyun/Assignment2_ws/build/mars_msgs -- -j12 -l12
[0.434s] Invoking command in '/home/pradyun/Assignment2_ws/build/mars_msgs': CMAKE_PREFIX_PATH=${CMAKE_PREFIX_PATH}:/home/pradyun/Assignment2_ws/install/rover_odometry:/home/pradyun/Assignment2_ws/install/rover:/home/pradyun/Assignment2_ws/install/my_py_pkg:/home/pradyun/Assignment2_ws/install/Rover:/opt/ros/humble /usr/bin/cmake --install /home/pradyun/Assignment2_ws/build/mars_msgs
[0.442s] -- Install configuration: ""
[0.442s] -- Up-to-date: /home/pradyun/Assignment2_ws/install/mars_msgs/share/ament_index/resource_index/rosidl_interfaces/mars_msgs
[0.442s] -- Up-to-date: /home/pradyun/Assignment2_ws/install/mars_msgs/include/mars_msgs/mars_msgs
[0.442s] -- Up-to-date: /home/pradyun/Assignment2_ws/install/mars_msgs/include/mars_msgs/mars_msgs/msg
[0.442s] -- Up-to-date: /home/pradyun/Assignment2_ws/install/mars_msgs/include/mars_msgs/mars_msgs/msg/rover_odometry.h
[0.442s] -- Up-to-date: /home/pradyun/Assignment2_ws/install/mars_msgs/include/mars_msgs/mars_msgs/msg/rosidl_generator_c__visibility_control.h
[0.442s] -- Up-to-date: /home/pradyun/Assignment2_ws/install/mars_msgs/include/mars_msgs/mars_msgs/msg/detail
[0.442s] -- Up-to-date: /home/pradyun/Assignment2_ws/install/mars_msgs/include/mars_msgs/mars_msgs/msg/detail/rover_odometry__type_support.h
[0.442s] -- Up-to-date: /home/pradyun/Assignment2_ws/install/mars_msgs/include/mars_msgs/mars_msgs/msg/detail/rover_odometry__struct.h
[0.443s] -- Up-to-date: /home/pradyun/Assignment2_ws/install/mars_msgs/include/mars_msgs/mars_msgs/msg/detail/rover_odometry__functions.h
[0.443s] -- Up-to-date: /home/pradyun/Assignment2_ws/install/mars_msgs/include/mars_msgs/mars_msgs/msg/detail/rover_odometry__functions.c
[0.443s] -- Up-to-date: /home/pradyun/Assignment2_ws/install/mars_msgs/include/mars_msgs/mars_msgs/srv
[0.443s] -- Up-to-date: /home/pradyun/Assignment2_ws/install/mars_msgs/include/mars_msgs/mars_msgs/srv/add_three_ints.h
[0.443s] -- Up-to-date: /home/pradyun/Assignment2_ws/install/mars_msgs/include/mars_msgs/mars_msgs/srv/detail
[0.443s] -- Up-to-date: /home/pradyun/Assignment2_ws/install/mars_msgs/include/mars_msgs/mars_msgs/srv/detail/add_three_ints__functions.c
[0.443s] -- Up-to-date: /home/pradyun/Assignment2_ws/install/mars_msgs/include/mars_msgs/mars_msgs/srv/detail/add_three_ints__type_support.h
[0.443s] -- Up-to-date: /home/pradyun/Assignment2_ws/install/mars_msgs/include/mars_msgs/mars_msgs/srv/detail/add_three_ints__struct.h
[0.443s] -- Up-to-date: /home/pradyun/Assignment2_ws/install/mars_msgs/include/mars_msgs/mars_msgs/srv/detail/add_three_ints__functions.h
[0.443s] -- Up-to-date: /home/pradyun/Assignment2_ws/install/mars_msgs/share/mars_msgs/environment/library_path.sh
[0.443s] -- Up-to-date: /home/pradyun/Assignment2_ws/install/mars_msgs/share/mars_msgs/environment/library_path.dsv
[0.443s] -- Up-to-date: /home/pradyun/Assignment2_ws/install/mars_msgs/lib/libmars_msgs__rosidl_generator_c.so
[0.443s] -- Up-to-date: /home/pradyun/Assignment2_ws/install/mars_msgs/include/mars_msgs/mars_msgs
[0.443s] -- Up-to-date: /home/pradyun/Assignment2_ws/install/mars_msgs/include/mars_msgs/mars_msgs/msg
[0.444s] -- Up-to-date: /home/pradyun/Assignment2_ws/install/mars_msgs/include/mars_msgs/mars_msgs/msg/rosidl_typesupport_fastrtps_c__visibility_control.h
[0.444s] -- Up-to-date: /home/pradyun/Assignment2_ws/install/mars_msgs/include/mars_msgs/mars_msgs/msg/detail
[0.444s] -- Up-to-date: /home/pradyun/Assignment2_ws/install/mars_msgs/include/mars_msgs/mars_msgs/msg/detail/rover_odometry__rosidl_typesupport_fastrtps_c.h
[0.444s] -- Up-to-date: /home/pradyun/Assignment2_ws/install/mars_msgs/include/mars_msgs/mars_msgs/srv
[0.444s] -- Up-to-date: /home/pradyun/Assignment2_ws/install/mars_msgs/include/mars_msgs/mars_msgs/srv/detail
[0.444s] -- Up-to-date: /home/pradyun/Assignment2_ws/install/mars_msgs/include/mars_msgs/mars_msgs/srv/detail/add_three_ints__rosidl_typesupport_fastrtps_c.h
[0.444s] -- Up-to-date: /home/pradyun/Assignment2_ws/install/mars_msgs/lib/libmars_msgs__rosidl_typesupport_fastrtps_c.so
[0.444s] -- Up-to-date: /home/pradyun/Assignment2_ws/install/mars_msgs/include/mars_msgs/mars_msgs
[0.444s] -- Up-to-date: /home/pradyun/Assignment2_ws/install/mars_msgs/include/mars_msgs/mars_msgs/msg
[0.444s] -- Up-to-date: /home/pradyun/Assignment2_ws/install/mars_msgs/include/mars_msgs/mars_msgs/msg/rover_odometry.hpp
[0.444s] -- Up-to-date: /home/pradyun/Assignment2_ws/install/mars_msgs/include/mars_msgs/mars_msgs/msg/rosidl_generator_cpp__visibility_control.hpp
[0.444s] -- Up-to-date: /home/pradyun/Assignment2_ws/install/mars_msgs/include/mars_msgs/mars_msgs/msg/detail
[0.444s] -- Up-to-date: /home/pradyun/Assignment2_ws/install/mars_msgs/include/mars_msgs/mars_msgs/msg/detail/rover_odometry__struct.hpp
[0.444s] -- Up-to-date: /home/pradyun/Assignment2_ws/install/mars_msgs/include/mars_msgs/mars_msgs/msg/detail/rover_odometry__traits.hpp
[0.445s] -- Up-to-date: /home/pradyun/Assignment2_ws/install/mars_msgs/include/mars_msgs/mars_msgs/msg/detail/rover_odometry__type_support.hpp
[0.445s] -- Up-to-date: /home/pradyun/Assignment2_ws/install/mars_msgs/include/mars_msgs/mars_msgs/msg/detail/rover_odometry__builder.hpp
[0.445s] -- Up-to-date: /home/pradyun/Assignment2_ws/install/mars_msgs/include/mars_msgs/mars_msgs/srv
[0.445s] -- Up-to-date: /home/pradyun/Assignment2_ws/install/mars_msgs/include/mars_msgs/mars_msgs/srv/add_three_ints.hpp
[0.445s] -- Up-to-date: /home/pradyun/Assignment2_ws/install/mars_msgs/include/mars_msgs/mars_msgs/srv/detail
[0.445s] -- Up-to-date: /home/pradyun/Assignment2_ws/install/mars_msgs/include/mars_msgs/mars_msgs/srv/detail/add_three_ints__struct.hpp
[0.445s] -- Up-to-date: /home/pradyun/Assignment2_ws/install/mars_msgs/include/mars_msgs/mars_msgs/srv/detail/add_three_ints__builder.hpp
[0.445s] -- Up-to-date: /home/pradyun/Assignment2_ws/install/mars_msgs/include/mars_msgs/mars_msgs/srv/detail/add_three_ints__traits.hpp
[0.445s] -- Up-to-date: /home/pradyun/Assignment2_ws/install/mars_msgs/include/mars_msgs/mars_msgs/srv/detail/add_three_ints__type_support.hpp
[0.445s] -- Up-to-date: /home/pradyun/Assignment2_ws/install/mars_msgs/include/mars_msgs/mars_msgs
[0.445s] -- Up-to-date: /home/pradyun/Assignment2_ws/install/mars_msgs/include/mars_msgs/mars_msgs/msg
[0.445s] -- Up-to-date: /home/pradyun/Assignment2_ws/install/mars_msgs/include/mars_msgs/mars_msgs/msg/rosidl_typesupport_fastrtps_cpp__visibility_control.h
[0.445s] -- Up-to-date: /home/pradyun/Assignment2_ws/install/mars_msgs/include/mars_msgs/mars_msgs/msg/detail
[0.445s] -- Up-to-date: /home/pradyun/Assignment2_ws/install/mars_msgs/include/mars_msgs/mars_msgs/msg/detail/rover_odometry__rosidl_typesupport_fastrtps_cpp.hpp
[0.445s] -- Up-to-date: /home/pradyun/Assignment2_ws/install/mars_msgs/include/mars_msgs/mars_msgs/msg/detail/dds_fastrtps
[0.445s] -- Up-to-date: /home/pradyun/Assignment2_ws/install/mars_msgs/include/mars_msgs/mars_msgs/srv
[0.446s] -- Up-to-date: /home/pradyun/Assignment2_ws/install/mars_msgs/include/mars_msgs/mars_msgs/srv/detail
[0.446s] -- Up-to-date: /home/pradyun/Assignment2_ws/install/mars_msgs/include/mars_msgs/mars_msgs/srv/detail/dds_fastrtps
[0.446s] -- Up-to-date: /home/pradyun/Assignment2_ws/install/mars_msgs/include/mars_msgs/mars_msgs/srv/detail/add_three_ints__rosidl_typesupport_fastrtps_cpp.hpp
[0.446s] -- Up-to-date: /home/pradyun/Assignment2_ws/install/mars_msgs/lib/libmars_msgs__rosidl_typesupport_fastrtps_cpp.so
[0.446s] -- Up-to-date: /home/pradyun/Assignment2_ws/install/mars_msgs/include/mars_msgs/mars_msgs
[0.446s] -- Up-to-date: /home/pradyun/Assignment2_ws/install/mars_msgs/include/mars_msgs/mars_msgs/msg
[0.446s] -- Up-to-date: /home/pradyun/Assignment2_ws/install/mars_msgs/include/mars_msgs/mars_msgs/msg/rosidl_typesupport_introspection_c__visibility_control.h
[0.446s] -- Up-to-date: /home/pradyun/Assignment2_ws/install/mars_msgs/include/mars_msgs/mars_msgs/msg/detail
[0.446s] -- Up-to-date: /home/pradyun/Assignment2_ws/install/mars_msgs/include/mars_msgs/mars_msgs/msg/detail/rover_odometry__type_support.c
[0.446s] -- Up-to-date: /home/pradyun/Assignment2_ws/install/mars_msgs/include/mars_msgs/mars_msgs/msg/detail/rover_odometry__rosidl_typesupport_introspection_c.h
[0.446s] -- Up-to-date: /home/pradyun/Assignment2_ws/install/mars_msgs/include/mars_msgs/mars_msgs/srv
[0.446s] -- Up-to-date: /home/pradyun/Assignment2_ws/install/mars_msgs/include/mars_msgs/mars_msgs/srv/detail
[0.446s] -- Up-to-date: /home/pradyun/Assignment2_ws/install/mars_msgs/include/mars_msgs/mars_msgs/srv/detail/add_three_ints__type_support.c
[0.446s] -- Up-to-date: /home/pradyun/Assignment2_ws/install/mars_msgs/include/mars_msgs/mars_msgs/srv/detail/add_three_ints__rosidl_typesupport_introspection_c.h
[0.447s] -- Up-to-date: /home/pradyun/Assignment2_ws/install/mars_msgs/lib/libmars_msgs__rosidl_typesupport_introspection_c.so
[0.447s] -- Up-to-date: /home/pradyun/Assignment2_ws/install/mars_msgs/lib/libmars_msgs__rosidl_typesupport_c.so
[0.447s] -- Up-to-date: /home/pradyun/Assignment2_ws/install/mars_msgs/include/mars_msgs/mars_msgs
[0.447s] -- Up-to-date: /home/pradyun/Assignment2_ws/install/mars_msgs/include/mars_msgs/mars_msgs/msg
[0.447s] -- Up-to-date: /home/pradyun/Assignment2_ws/install/mars_msgs/include/mars_msgs/mars_msgs/msg/detail
[0.447s] -- Up-to-date: /home/pradyun/Assignment2_ws/install/mars_msgs/include/mars_msgs/mars_msgs/msg/detail/rover_odometry__type_support.cpp
[0.447s] -- Up-to-date: /home/pradyun/Assignment2_ws/install/mars_msgs/include/mars_msgs/mars_msgs/msg/detail/rover_odometry__rosidl_typesupport_introspection_cpp.hpp
[0.447s] -- Up-to-date: /home/pradyun/Assignment2_ws/install/mars_msgs/include/mars_msgs/mars_msgs/srv
[0.447s] -- Up-to-date: /home/pradyun/Assignment2_ws/install/mars_msgs/include/mars_msgs/mars_msgs/srv/detail
[0.447s] -- Up-to-date: /home/pradyun/Assignment2_ws/install/mars_msgs/include/mars_msgs/mars_msgs/srv/detail/add_three_ints__type_support.cpp
[0.447s] -- Up-to-date: /home/pradyun/Assignment2_ws/install/mars_msgs/include/mars_msgs/mars_msgs/srv/detail/add_three_ints__rosidl_typesupport_introspection_cpp.hpp
[0.447s] -- Up-to-date: /home/pradyun/Assignment2_ws/install/mars_msgs/lib/libmars_msgs__rosidl_typesupport_introspection_cpp.so
[0.447s] -- Up-to-date: /home/pradyun/Assignment2_ws/install/mars_msgs/lib/libmars_msgs__rosidl_typesupport_cpp.so
[0.447s] -- Up-to-date: /home/pradyun/Assignment2_ws/install/mars_msgs/share/mars_msgs/environment/pythonpath.sh
[0.447s] -- Up-to-date: /home/pradyun/Assignment2_ws/install/mars_msgs/share/mars_msgs/environment/pythonpath.dsv
[0.447s] -- Up-to-date: /home/pradyun/Assignment2_ws/install/mars_msgs/local/lib/python3.10/dist-packages/mars_msgs-0.0.0-py3.10.egg-info
[0.447s] -- Installing: /home/pradyun/Assignment2_ws/install/mars_msgs/local/lib/python3.10/dist-packages/mars_msgs-0.0.0-py3.10.egg-info/PKG-INFO
[0.447s] -- Installing: /home/pradyun/Assignment2_ws/install/mars_msgs/local/lib/python3.10/dist-packages/mars_msgs-0.0.0-py3.10.egg-info/SOURCES.txt
[0.448s] -- Installing: /home/pradyun/Assignment2_ws/install/mars_msgs/local/lib/python3.10/dist-packages/mars_msgs-0.0.0-py3.10.egg-info/dependency_links.txt
[0.448s] -- Installing: /home/pradyun/Assignment2_ws/install/mars_msgs/local/lib/python3.10/dist-packages/mars_msgs-0.0.0-py3.10.egg-info/top_level.txt
[0.448s] -- Up-to-date: /home/pradyun/Assignment2_ws/install/mars_msgs/local/lib/python3.10/dist-packages/mars_msgs
[0.448s] -- Up-to-date: /home/pradyun/Assignment2_ws/install/mars_msgs/local/lib/python3.10/dist-packages/mars_msgs/mars_msgs_s__rosidl_typesupport_c.cpython-310-x86_64-linux-gnu.so
[0.448s] -- Up-to-date: /home/pradyun/Assignment2_ws/install/mars_msgs/local/lib/python3.10/dist-packages/mars_msgs/mars_msgs_s__rosidl_typesupport_fastrtps_c.cpython-310-x86_64-linux-gnu.so
[0.448s] -- Up-to-date: /home/pradyun/Assignment2_ws/install/mars_msgs/local/lib/python3.10/dist-packages/mars_msgs/__init__.py
[0.448s] -- Up-to-date: /home/pradyun/Assignment2_ws/install/mars_msgs/local/lib/python3.10/dist-packages/mars_msgs/_mars_msgs_s.ep.rosidl_typesupport_fastrtps_c.c
[0.448s] -- Up-to-date: /home/pradyun/Assignment2_ws/install/mars_msgs/local/lib/python3.10/dist-packages/mars_msgs/_mars_msgs_s.ep.rosidl_typesupport_c.c
[0.448s] -- Up-to-date: /home/pradyun/Assignment2_ws/install/mars_msgs/local/lib/python3.10/dist-packages/mars_msgs/_mars_msgs_s.ep.rosidl_typesupport_introspection_c.c
[0.448s] -- Up-to-date: /home/pradyun/Assignment2_ws/install/mars_msgs/local/lib/python3.10/dist-packages/mars_msgs/mars_msgs_s__rosidl_typesupport_introspection_c.cpython-310-x86_64-linux-gnu.so
[0.448s] -- Up-to-date: /home/pradyun/Assignment2_ws/install/mars_msgs/local/lib/python3.10/dist-packages/mars_msgs/msg
[0.448s] -- Up-to-date: /home/pradyun/Assignment2_ws/install/mars_msgs/local/lib/python3.10/dist-packages/mars_msgs/msg/__init__.py
[0.448s] -- Up-to-date: /home/pradyun/Assignment2_ws/install/mars_msgs/local/lib/python3.10/dist-packages/mars_msgs/msg/_rover_odometry.py
[0.448s] -- Up-to-date: /home/pradyun/Assignment2_ws/install/mars_msgs/local/lib/python3.10/dist-packages/mars_msgs/msg/_rover_odometry_s.c
[0.448s] -- Up-to-date: /home/pradyun/Assignment2_ws/install/mars_msgs/local/lib/python3.10/dist-packages/mars_msgs/srv
[0.448s] -- Up-to-date: /home/pradyun/Assignment2_ws/install/mars_msgs/local/lib/python3.10/dist-packages/mars_msgs/srv/__init__.py
[0.448s] -- Up-to-date: /home/pradyun/Assignment2_ws/install/mars_msgs/local/lib/python3.10/dist-packages/mars_msgs/srv/_add_three_ints_s.c
[0.449s] -- Up-to-date: /home/pradyun/Assignment2_ws/install/mars_msgs/local/lib/python3.10/dist-packages/mars_msgs/srv/_add_three_ints.py
[0.449s] -- Up-to-date: /home/pradyun/Assignment2_ws/install/mars_msgs/local/lib/python3.10/dist-packages/mars_msgs/libmars_msgs__rosidl_generator_py.so
[0.490s] Listing '/home/pradyun/Assignment2_ws/install/mars_msgs/local/lib/python3.10/dist-packages/mars_msgs'...
[0.490s] Listing '/home/pradyun/Assignment2_ws/install/mars_msgs/local/lib/python3.10/dist-packages/mars_msgs/msg'...
[0.490s] Listing '/home/pradyun/Assignment2_ws/install/mars_msgs/local/lib/python3.10/dist-packages/mars_msgs/srv'...
[0.494s] -- Up-to-date: /home/pradyun/Assignment2_ws/install/mars_msgs/local/lib/python3.10/dist-packages/mars_msgs/mars_msgs_s__rosidl_typesupport_fastrtps_c.cpython-310-x86_64-linux-gnu.so
[0.494s] -- Up-to-date: /home/pradyun/Assignment2_ws/install/mars_msgs/local/lib/python3.10/dist-packages/mars_msgs/mars_msgs_s__rosidl_typesupport_introspection_c.cpython-310-x86_64-linux-gnu.so
[0.495s] -- Up-to-date: /home/pradyun/Assignment2_ws/install/mars_msgs/local/lib/python3.10/dist-packages/mars_msgs/mars_msgs_s__rosidl_typesupport_c.cpython-310-x86_64-linux-gnu.so
[0.495s] -- Up-to-date: /home/pradyun/Assignment2_ws/install/mars_msgs/lib/libmars_msgs__rosidl_generator_py.so
[0.495s] -- Up-to-date: /home/pradyun/Assignment2_ws/install/mars_msgs/share/mars_msgs/msg/RoverOdometry.idl
[0.495s] -- Up-to-date: /home/pradyun/Assignment2_ws/install/mars_msgs/share/mars_msgs/srv/AddThreeInts.idl
[0.495s] -- Up-to-date: /home/pradyun/Assignment2_ws/install/mars_msgs/share/mars_msgs/msg/RoverOdometry.msg
[0.495s] -- Up-to-date: /home/pradyun/Assignment2_ws/install/mars_msgs/share/mars_msgs/srv/AddThreeInts.srv
[0.495s] -- Up-to-date: /home/pradyun/Assignment2_ws/install/mars_msgs/share/mars_msgs/srv/AddThreeInts_Request.msg
[0.496s] -- Up-to-date: /home/pradyun/Assignment2_ws/install/mars_msgs/share/mars_msgs/srv/AddThreeInts_Response.msg
[0.496s] -- Up-to-date: /home/pradyun/Assignment2_ws/install/mars_msgs/share/ament_index/resource_index/package_run_dependencies/mars_msgs
[0.496s] -- Up-to-date: /home/pradyun/Assignment2_ws/install/mars_msgs/share/ament_index/resource_index/parent_prefix_path/mars_msgs
[0.496s] -- Up-to-date: /home/pradyun/Assignment2_ws/install/mars_msgs/share/mars_msgs/environment/ament_prefix_path.sh
[0.496s] -- Up-to-date: /home/pradyun/Assignment2_ws/install/mars_msgs/share/mars_msgs/environment/ament_prefix_path.dsv
[0.496s] -- Up-to-date: /home/pradyun/Assignment2_ws/install/mars_msgs/share/mars_msgs/environment/path.sh
[0.496s] -- Up-to-date: /home/pradyun/Assignment2_ws/install/mars_msgs/share/mars_msgs/environment/path.dsv
[0.496s] -- Up-to-date: /home/pradyun/Assignment2_ws/install/mars_msgs/share/mars_msgs/local_setup.bash
[0.497s] -- Up-to-date: /home/pradyun/Assignment2_ws/install/mars_msgs/share/mars_msgs/local_setup.sh
[0.497s] -- Up-to-date: /home/pradyun/Assignment2_ws/install/mars_msgs/share/mars_msgs/local_setup.zsh
[0.497s] -- Up-to-date: /home/pradyun/Assignment2_ws/install/mars_msgs/share/mars_msgs/local_setup.dsv
[0.497s] -- Installing: /home/pradyun/Assignment2_ws/install/mars_msgs/share/mars_msgs/package.dsv
[0.497s] -- Up-to-date: /home/pradyun/Assignment2_ws/install/mars_msgs/share/ament_index/resource_index/packages/mars_msgs
[0.497s] -- Up-to-date: /home/pradyun/Assignment2_ws/install/mars_msgs/share/mars_msgs/cmake/export_mars_msgs__rosidl_generator_cExport.cmake
[0.497s] -- Up-to-date: /home/pradyun/Assignment2_ws/install/mars_msgs/share/mars_msgs/cmake/export_mars_msgs__rosidl_generator_cExport-noconfig.cmake
[0.497s] -- Up-to-date: /home/pradyun/Assignment2_ws/install/mars_msgs/share/mars_msgs/cmake/export_mars_msgs__rosidl_typesupport_fastrtps_cExport.cmake
[0.497s] -- Up-to-date: /home/pradyun/Assignment2_ws/install/mars_msgs/share/mars_msgs/cmake/export_mars_msgs__rosidl_typesupport_fastrtps_cExport-noconfig.cmake
[0.497s] -- Up-to-date: /home/pradyun/Assignment2_ws/install/mars_msgs/share/mars_msgs/cmake/export_mars_msgs__rosidl_generator_cppExport.cmake
[0.498s] -- Up-to-date: /home/pradyun/Assignment2_ws/install/mars_msgs/share/mars_msgs/cmake/export_mars_msgs__rosidl_typesupport_fastrtps_cppExport.cmake
[0.498s] -- Up-to-date: /home/pradyun/Assignment2_ws/install/mars_msgs/share/mars_msgs/cmake/export_mars_msgs__rosidl_typesupport_fastrtps_cppExport-noconfig.cmake
[0.498s] -- Up-to-date: /home/pradyun/Assignment2_ws/install/mars_msgs/share/mars_msgs/cmake/mars_msgs__rosidl_typesupport_introspection_cExport.cmake
[0.498s] -- Up-to-date: /home/pradyun/Assignment2_ws/install/mars_msgs/share/mars_msgs/cmake/mars_msgs__rosidl_typesupport_introspection_cExport-noconfig.cmake
[0.498s] -- Up-to-date: /home/pradyun/Assignment2_ws/install/mars_msgs/share/mars_msgs/cmake/mars_msgs__rosidl_typesupport_cExport.cmake
[0.498s] -- Up-to-date: /home/pradyun/Assignment2_ws/install/mars_msgs/share/mars_msgs/cmake/mars_msgs__rosidl_typesupport_cExport-noconfig.cmake
[0.498s] -- Up-to-date: /home/pradyun/Assignment2_ws/install/mars_msgs/share/mars_msgs/cmake/mars_msgs__rosidl_typesupport_introspection_cppExport.cmake
[0.498s] -- Up-to-date: /home/pradyun/Assignment2_ws/install/mars_msgs/share/mars_msgs/cmake/mars_msgs__rosidl_typesupport_introspection_cppExport-noconfig.cmake
[0.498s] -- Up-to-date: /home/pradyun/Assignment2_ws/install/mars_msgs/share/mars_msgs/cmake/mars_msgs__rosidl_typesupport_cppExport.cmake
[0.498s] -- Up-to-date: /home/pradyun/Assignment2_ws/install/mars_msgs/share/mars_msgs/cmake/mars_msgs__rosidl_typesupport_cppExport-noconfig.cmake
[0.499s] -- Up-to-date: /home/pradyun/Assignment2_ws/install/mars_msgs/share/mars_msgs/cmake/export_mars_msgs__rosidl_generator_pyExport.cmake
[0.499s] -- Up-to-date: /home/pradyun/Assignment2_ws/install/mars_msgs/share/mars_msgs/cmake/export_mars_msgs__rosidl_generator_pyExport-noconfig.cmake
[0.499s] -- Up-to-date: /home/pradyun/Assignment2_ws/install/mars_msgs/share/mars_msgs/cmake/rosidl_cmake-extras.cmake
[0.500s] -- Up-to-date: /home/pradyun/Assignment2_ws/install/mars_msgs/share/mars_msgs/cmake/ament_cmake_export_dependencies-extras.cmake
[0.500s] -- Up-to-date: /home/pradyun/Assignment2_ws/install/mars_msgs/share/mars_msgs/cmake/ament_cmake_export_include_directories-extras.cmake
[0.500s] -- Up-to-date: /home/pradyun/Assignment2_ws/install/mars_msgs/share/mars_msgs/cmake/ament_cmake_export_libraries-extras.cmake
[0.500s] -- Up-to-date: /home/pradyun/Assignment2_ws/install/mars_msgs/share/mars_msgs/cmake/ament_cmake_export_targets-extras.cmake
[0.501s] -- Up-to-date: /home/pradyun/Assignment2_ws/install/mars_msgs/share/mars_msgs/cmake/rosidl_cmake_export_typesupport_targets-extras.cmake
[0.501s] -- Up-to-date: /home/pradyun/Assignment2_ws/install/mars_msgs/share/mars_msgs/cmake/rosidl_cmake_export_typesupport_libraries-extras.cmake
[0.501s] -- Up-to-date: /home/pradyun/Assignment2_ws/install/mars_msgs/share/mars_msgs/cmake/mars_msgsConfig.cmake
[0.501s] -- Up-to-date: /home/pradyun/Assignment2_ws/install/mars_msgs/share/mars_msgs/cmake/mars_msgsConfig-version.cmake
[0.501s] -- Up-to-date: /home/pradyun/Assignment2_ws/install/mars_msgs/share/mars_msgs/package.xml
[0.501s] Invoked command in '/home/pradyun/Assignment2_ws/build/mars_msgs' returned '0': CMAKE_PREFIX_PATH=${CMAKE_PREFIX_PATH}:/home/pradyun/Assignment2_ws/install/rover_odometry:/home/pradyun/Assignment2_ws/install/rover:/home/pradyun/Assignment2_ws/install/my_py_pkg:/home/pradyun/Assignment2_ws/install/Rover:/opt/ros/humble /usr/bin/cmake --install /home/pradyun/Assignment2_ws/build/mars_msgs
