[0.164s] Invoking command in '/home/pradyun/Assignment2_ws/build/my_cpp_pkg': CMAKE_PREFIX_PATH=${CMAKE_PREFIX_PATH}:/home/pradyun/Assignment2_ws/install/my_py_pkg:/home/pradyun/Assignment2_ws/install/Rover:/opt/ros/humble /usr/bin/cmake --build /home/pradyun/Assignment2_ws/build/my_cpp_pkg -- -j12 -l12
[0.327s] Invoked command in '/home/pradyun/Assignment2_ws/build/my_cpp_pkg' returned '0': CMAKE_PREFIX_PATH=${CMAKE_PREFIX_PATH}:/home/pradyun/Assignment2_ws/install/my_py_pkg:/home/pradyun/Assignment2_ws/install/Rover:/opt/ros/humble /usr/bin/cmake --build /home/pradyun/Assignment2_ws/build/my_cpp_pkg -- -j12 -l12
[0.334s] Invoking command in '/home/pradyun/Assignment2_ws/build/my_cpp_pkg': CMAKE_PREFIX_PATH=${CMAKE_PREFIX_PATH}:/home/pradyun/Assignment2_ws/install/my_py_pkg:/home/pradyun/Assignment2_ws/install/Rover:/opt/ros/humble /usr/bin/cmake --install /home/pradyun/Assignment2_ws/build/my_cpp_pkg
[0.342s] -- Install configuration: ""
[0.342s] -- Up-to-date: /home/pradyun/Assignment2_ws/install/my_cpp_pkg/share/ament_index/resource_index/package_run_dependencies/my_cpp_pkg
[0.342s] -- Up-to-date: /home/pradyun/Assignment2_ws/install/my_cpp_pkg/share/ament_index/resource_index/parent_prefix_path/my_cpp_pkg
[0.342s] -- Up-to-date: /home/pradyun/Assignment2_ws/install/my_cpp_pkg/share/my_cpp_pkg/environment/ament_prefix_path.sh
[0.342s] -- Up-to-date: /home/pradyun/Assignment2_ws/install/my_cpp_pkg/share/my_cpp_pkg/environment/ament_prefix_path.dsv
[0.342s] -- Up-to-date: /home/pradyun/Assignment2_ws/install/my_cpp_pkg/share/my_cpp_pkg/environment/path.sh
[0.342s] -- Up-to-date: /home/pradyun/Assignment2_ws/install/my_cpp_pkg/share/my_cpp_pkg/environment/path.dsv
[0.343s] -- Up-to-date: /home/pradyun/Assignment2_ws/install/my_cpp_pkg/share/my_cpp_pkg/local_setup.bash
[0.343s] -- Up-to-date: /home/pradyun/Assignment2_ws/install/my_cpp_pkg/share/my_cpp_pkg/local_setup.sh
[0.343s] -- Up-to-date: /home/pradyun/Assignment2_ws/install/my_cpp_pkg/share/my_cpp_pkg/local_setup.zsh
[0.343s] -- Up-to-date: /home/pradyun/Assignment2_ws/install/my_cpp_pkg/share/my_cpp_pkg/local_setup.dsv
[0.343s] -- Installing: /home/pradyun/Assignment2_ws/install/my_cpp_pkg/share/my_cpp_pkg/package.dsv
[0.343s] -- Up-to-date: /home/pradyun/Assignment2_ws/install/my_cpp_pkg/share/ament_index/resource_index/packages/my_cpp_pkg
[0.343s] -- Up-to-date: /home/pradyun/Assignment2_ws/install/my_cpp_pkg/share/my_cpp_pkg/cmake/my_cpp_pkgConfig.cmake
[0.343s] -- Up-to-date: /home/pradyun/Assignment2_ws/install/my_cpp_pkg/share/my_cpp_pkg/cmake/my_cpp_pkgConfig-version.cmake
[0.343s] -- Up-to-date: /home/pradyun/Assignment2_ws/install/my_cpp_pkg/share/my_cpp_pkg/package.xml
[0.344s] Invoked command in '/home/pradyun/Assignment2_ws/build/my_cpp_pkg' returned '0': CMAKE_PREFIX_PATH=${CMAKE_PREFIX_PATH}:/home/pradyun/Assignment2_ws/install/my_py_pkg:/home/pradyun/Assignment2_ws/install/Rover:/opt/ros/humble /usr/bin/cmake --install /home/pradyun/Assignment2_ws/build/my_cpp_pkg
