[0.392s] Invoking command in '/home/pradyun/Assignment2_ws/src/rover': PYTHONPATH=/home/pradyun/Assignment2_ws/build/rover/prefix_override:/usr/lib/python3/dist-packages/colcon_core/task/python/colcon_distutils_commands:/home/pradyun/Assignment2_ws/install/rover/lib/python3.10/site-packages:${PYTHONPATH} /usr/bin/python3 -W ignore:setup.py install is deprecated -W ignore:easy_install command is deprecated setup.py egg_info --egg-base ../../build/rover build --build-base /home/pradyun/Assignment2_ws/build/rover/build install --record /home/pradyun/Assignment2_ws/build/rover/install.log --single-version-externally-managed install_data
[0.534s] running egg_info
[0.534s] writing ../../build/rover/rover.egg-info/PKG-INFO
[0.535s] writing dependency_links to ../../build/rover/rover.egg-info/dependency_links.txt
[0.535s] writing entry points to ../../build/rover/rover.egg-info/entry_points.txt
[0.535s] writing requirements to ../../build/rover/rover.egg-info/requires.txt
[0.535s] writing top-level names to ../../build/rover/rover.egg-info/top_level.txt
[0.536s] reading manifest file '../../build/rover/rover.egg-info/SOURCES.txt'
[0.536s] writing manifest file '../../build/rover/rover.egg-info/SOURCES.txt'
[0.536s] running build
[0.536s] running build_py
[0.537s] running install
[0.537s] running install_lib
[0.538s] running install_data
[0.538s] running install_egg_info
[0.539s] removing '/home/pradyun/Assignment2_ws/install/rover/lib/python3.10/site-packages/rover-0.0.0-py3.10.egg-info' (and everything under it)
[0.539s] Copying ../../build/rover/rover.egg-info to /home/pradyun/Assignment2_ws/install/rover/lib/python3.10/site-packages/rover-0.0.0-py3.10.egg-info
[0.540s] running install_scripts
[0.553s] Installing pub1 script to /home/pradyun/Assignment2_ws/install/rover/lib/rover
[0.553s] Installing pub2 script to /home/pradyun/Assignment2_ws/install/rover/lib/rover
[0.553s] Installing sub script to /home/pradyun/Assignment2_ws/install/rover/lib/rover
[0.553s] writing list of installed files to '/home/pradyun/Assignment2_ws/build/rover/install.log'
[0.569s] Invoked command in '/home/pradyun/Assignment2_ws/src/rover' returned '0': PYTHONPATH=/home/pradyun/Assignment2_ws/build/rover/prefix_override:/usr/lib/python3/dist-packages/colcon_core/task/python/colcon_distutils_commands:/home/pradyun/Assignment2_ws/install/rover/lib/python3.10/site-packages:${PYTHONPATH} /usr/bin/python3 -W ignore:setup.py install is deprecated -W ignore:easy_install command is deprecated setup.py egg_info --egg-base ../../build/rover build --build-base /home/pradyun/Assignment2_ws/build/rover/build install --record /home/pradyun/Assignment2_ws/build/rover/install.log --single-version-externally-managed install_data
