[  2%] Built target mars_msgs__cpp
[  2%] Built target ament_cmake_python_copy_mars_msgs
[ 12%] Built target mars_msgs__rosidl_generator_c
[ 23%] Built target mars_msgs__rosidl_typesupport_fastrtps_cpp
[ 33%] Built target mars_msgs__rosidl_typesupport_introspection_cpp
[ 43%] Built target mars_msgs__rosidl_typesupport_cpp
[ 53%] Built target mars_msgs__rosidl_typesupport_c
[ 64%] Built target mars_msgs__rosidl_typesupport_introspection_c
[ 74%] Built target mars_msgs__rosidl_typesupport_fastrtps_c
[ 74%] Built target mars_msgs
[ 76%] Built target mars_msgs__py
[ 84%] Built target mars_msgs__rosidl_generator_py
[ 89%] Built target mars_msgs__rosidl_typesupport_introspection_c__pyext
[ 94%] Built target mars_msgs__rosidl_typesupport_c__pyext
[100%] Built target mars_msgs__rosidl_typesupport_fastrtps_c__pyext
running egg_info
writing mars_msgs.egg-info/PKG-INFO
writing dependency_links to mars_msgs.egg-info/dependency_links.txt
writing top-level names to mars_msgs.egg-info/top_level.txt
reading manifest file 'mars_msgs.egg-info/SOURCES.txt'
writing manifest file 'mars_msgs.egg-info/SOURCES.txt'
[100%] Built target ament_cmake_python_build_mars_msgs_egg
-- Install configuration: ""
-- Up-to-date: /home/pradyun/Assignment2_ws/install/mars_msgs/share/ament_index/resource_index/rosidl_interfaces/mars_msgs
-- Up-to-date: /home/pradyun/Assignment2_ws/install/mars_msgs/include/mars_msgs/mars_msgs
-- Up-to-date: /home/pradyun/Assignment2_ws/install/mars_msgs/include/mars_msgs/mars_msgs/msg
-- Up-to-date: /home/pradyun/Assignment2_ws/install/mars_msgs/include/mars_msgs/mars_msgs/msg/rover_odometry.h
-- Up-to-date: /home/pradyun/Assignment2_ws/install/mars_msgs/include/mars_msgs/mars_msgs/msg/rosidl_generator_c__visibility_control.h
-- Up-to-date: /home/pradyun/Assignment2_ws/install/mars_msgs/include/mars_msgs/mars_msgs/msg/detail
-- Up-to-date: /home/pradyun/Assignment2_ws/install/mars_msgs/include/mars_msgs/mars_msgs/msg/detail/rover_odometry__type_support.h
-- Up-to-date: /home/pradyun/Assignment2_ws/install/mars_msgs/include/mars_msgs/mars_msgs/msg/detail/rover_odometry__struct.h
-- Up-to-date: /home/pradyun/Assignment2_ws/install/mars_msgs/include/mars_msgs/mars_msgs/msg/detail/rover_odometry__functions.h
-- Up-to-date: /home/pradyun/Assignment2_ws/install/mars_msgs/include/mars_msgs/mars_msgs/msg/detail/rover_odometry__functions.c
-- Up-to-date: /home/pradyun/Assignment2_ws/install/mars_msgs/include/mars_msgs/mars_msgs/srv
-- Up-to-date: /home/pradyun/Assignment2_ws/install/mars_msgs/include/mars_msgs/mars_msgs/srv/add_three_ints.h
-- Up-to-date: /home/pradyun/Assignment2_ws/install/mars_msgs/include/mars_msgs/mars_msgs/srv/detail
-- Up-to-date: /home/pradyun/Assignment2_ws/install/mars_msgs/include/mars_msgs/mars_msgs/srv/detail/add_three_ints__functions.c
-- Up-to-date: /home/pradyun/Assignment2_ws/install/mars_msgs/include/mars_msgs/mars_msgs/srv/detail/add_three_ints__type_support.h
-- Up-to-date: /home/pradyun/Assignment2_ws/install/mars_msgs/include/mars_msgs/mars_msgs/srv/detail/add_three_ints__struct.h
-- Up-to-date: /home/pradyun/Assignment2_ws/install/mars_msgs/include/mars_msgs/mars_msgs/srv/detail/add_three_ints__functions.h
-- Up-to-date: /home/pradyun/Assignment2_ws/install/mars_msgs/share/mars_msgs/environment/library_path.sh
-- Up-to-date: /home/pradyun/Assignment2_ws/install/mars_msgs/share/mars_msgs/environment/library_path.dsv
-- Up-to-date: /home/pradyun/Assignment2_ws/install/mars_msgs/lib/libmars_msgs__rosidl_generator_c.so
-- Up-to-date: /home/pradyun/Assignment2_ws/install/mars_msgs/include/mars_msgs/mars_msgs
-- Up-to-date: /home/pradyun/Assignment2_ws/install/mars_msgs/include/mars_msgs/mars_msgs/msg
-- Up-to-date: /home/pradyun/Assignment2_ws/install/mars_msgs/include/mars_msgs/mars_msgs/msg/rosidl_typesupport_fastrtps_c__visibility_control.h
-- Up-to-date: /home/pradyun/Assignment2_ws/install/mars_msgs/include/mars_msgs/mars_msgs/msg/detail
-- Up-to-date: /home/pradyun/Assignment2_ws/install/mars_msgs/include/mars_msgs/mars_msgs/msg/detail/rover_odometry__rosidl_typesupport_fastrtps_c.h
-- Up-to-date: /home/pradyun/Assignment2_ws/install/mars_msgs/include/mars_msgs/mars_msgs/srv
-- Up-to-date: /home/pradyun/Assignment2_ws/install/mars_msgs/include/mars_msgs/mars_msgs/srv/detail
-- Up-to-date: /home/pradyun/Assignment2_ws/install/mars_msgs/include/mars_msgs/mars_msgs/srv/detail/add_three_ints__rosidl_typesupport_fastrtps_c.h
-- Up-to-date: /home/pradyun/Assignment2_ws/install/mars_msgs/lib/libmars_msgs__rosidl_typesupport_fastrtps_c.so
-- Up-to-date: /home/pradyun/Assignment2_ws/install/mars_msgs/include/mars_msgs/mars_msgs
-- Up-to-date: /home/pradyun/Assignment2_ws/install/mars_msgs/include/mars_msgs/mars_msgs/msg
-- Up-to-date: /home/pradyun/Assignment2_ws/install/mars_msgs/include/mars_msgs/mars_msgs/msg/rover_odometry.hpp
-- Up-to-date: /home/pradyun/Assignment2_ws/install/mars_msgs/include/mars_msgs/mars_msgs/msg/rosidl_generator_cpp__visibility_control.hpp
-- Up-to-date: /home/pradyun/Assignment2_ws/install/mars_msgs/include/mars_msgs/mars_msgs/msg/detail
-- Up-to-date: /home/pradyun/Assignment2_ws/install/mars_msgs/include/mars_msgs/mars_msgs/msg/detail/rover_odometry__struct.hpp
-- Up-to-date: /home/pradyun/Assignment2_ws/install/mars_msgs/include/mars_msgs/mars_msgs/msg/detail/rover_odometry__traits.hpp
-- Up-to-date: /home/pradyun/Assignment2_ws/install/mars_msgs/include/mars_msgs/mars_msgs/msg/detail/rover_odometry__type_support.hpp
-- Up-to-date: /home/pradyun/Assignment2_ws/install/mars_msgs/include/mars_msgs/mars_msgs/msg/detail/rover_odometry__builder.hpp
-- Up-to-date: /home/pradyun/Assignment2_ws/install/mars_msgs/include/mars_msgs/mars_msgs/srv
-- Up-to-date: /home/pradyun/Assignment2_ws/install/mars_msgs/include/mars_msgs/mars_msgs/srv/add_three_ints.hpp
-- Up-to-date: /home/pradyun/Assignment2_ws/install/mars_msgs/include/mars_msgs/mars_msgs/srv/detail
-- Up-to-date: /home/pradyun/Assignment2_ws/install/mars_msgs/include/mars_msgs/mars_msgs/srv/detail/add_three_ints__struct.hpp
-- Up-to-date: /home/pradyun/Assignment2_ws/install/mars_msgs/include/mars_msgs/mars_msgs/srv/detail/add_three_ints__builder.hpp
-- Up-to-date: /home/pradyun/Assignment2_ws/install/mars_msgs/include/mars_msgs/mars_msgs/srv/detail/add_three_ints__traits.hpp
-- Up-to-date: /home/pradyun/Assignment2_ws/install/mars_msgs/include/mars_msgs/mars_msgs/srv/detail/add_three_ints__type_support.hpp
-- Up-to-date: /home/pradyun/Assignment2_ws/install/mars_msgs/include/mars_msgs/mars_msgs
-- Up-to-date: /home/pradyun/Assignment2_ws/install/mars_msgs/include/mars_msgs/mars_msgs/msg
-- Up-to-date: /home/pradyun/Assignment2_ws/install/mars_msgs/include/mars_msgs/mars_msgs/msg/rosidl_typesupport_fastrtps_cpp__visibility_control.h
-- Up-to-date: /home/pradyun/Assignment2_ws/install/mars_msgs/include/mars_msgs/mars_msgs/msg/detail
-- Up-to-date: /home/pradyun/Assignment2_ws/install/mars_msgs/include/mars_msgs/mars_msgs/msg/detail/rover_odometry__rosidl_typesupport_fastrtps_cpp.hpp
-- Up-to-date: /home/pradyun/Assignment2_ws/install/mars_msgs/include/mars_msgs/mars_msgs/msg/detail/dds_fastrtps
-- Up-to-date: /home/pradyun/Assignment2_ws/install/mars_msgs/include/mars_msgs/mars_msgs/srv
-- Up-to-date: /home/pradyun/Assignment2_ws/install/mars_msgs/include/mars_msgs/mars_msgs/srv/detail
-- Up-to-date: /home/pradyun/Assignment2_ws/install/mars_msgs/include/mars_msgs/mars_msgs/srv/detail/dds_fastrtps
-- Up-to-date: /home/pradyun/Assignment2_ws/install/mars_msgs/include/mars_msgs/mars_msgs/srv/detail/add_three_ints__rosidl_typesupport_fastrtps_cpp.hpp
-- Up-to-date: /home/pradyun/Assignment2_ws/install/mars_msgs/lib/libmars_msgs__rosidl_typesupport_fastrtps_cpp.so
-- Up-to-date: /home/pradyun/Assignment2_ws/install/mars_msgs/include/mars_msgs/mars_msgs
-- Up-to-date: /home/pradyun/Assignment2_ws/install/mars_msgs/include/mars_msgs/mars_msgs/msg
-- Up-to-date: /home/pradyun/Assignment2_ws/install/mars_msgs/include/mars_msgs/mars_msgs/msg/rosidl_typesupport_introspection_c__visibility_control.h
-- Up-to-date: /home/pradyun/Assignment2_ws/install/mars_msgs/include/mars_msgs/mars_msgs/msg/detail
-- Up-to-date: /home/pradyun/Assignment2_ws/install/mars_msgs/include/mars_msgs/mars_msgs/msg/detail/rover_odometry__type_support.c
-- Up-to-date: /home/pradyun/Assignment2_ws/install/mars_msgs/include/mars_msgs/mars_msgs/msg/detail/rover_odometry__rosidl_typesupport_introspection_c.h
-- Up-to-date: /home/pradyun/Assignment2_ws/install/mars_msgs/include/mars_msgs/mars_msgs/srv
-- Up-to-date: /home/pradyun/Assignment2_ws/install/mars_msgs/include/mars_msgs/mars_msgs/srv/detail
-- Up-to-date: /home/pradyun/Assignment2_ws/install/mars_msgs/include/mars_msgs/mars_msgs/srv/detail/add_three_ints__type_support.c
-- Up-to-date: /home/pradyun/Assignment2_ws/install/mars_msgs/include/mars_msgs/mars_msgs/srv/detail/add_three_ints__rosidl_typesupport_introspection_c.h
-- Up-to-date: /home/pradyun/Assignment2_ws/install/mars_msgs/lib/libmars_msgs__rosidl_typesupport_introspection_c.so
-- Up-to-date: /home/pradyun/Assignment2_ws/install/mars_msgs/lib/libmars_msgs__rosidl_typesupport_c.so
-- Up-to-date: /home/pradyun/Assignment2_ws/install/mars_msgs/include/mars_msgs/mars_msgs
-- Up-to-date: /home/pradyun/Assignment2_ws/install/mars_msgs/include/mars_msgs/mars_msgs/msg
-- Up-to-date: /home/pradyun/Assignment2_ws/install/mars_msgs/include/mars_msgs/mars_msgs/msg/detail
-- Up-to-date: /home/pradyun/Assignment2_ws/install/mars_msgs/include/mars_msgs/mars_msgs/msg/detail/rover_odometry__type_support.cpp
-- Up-to-date: /home/pradyun/Assignment2_ws/install/mars_msgs/include/mars_msgs/mars_msgs/msg/detail/rover_odometry__rosidl_typesupport_introspection_cpp.hpp
-- Up-to-date: /home/pradyun/Assignment2_ws/install/mars_msgs/include/mars_msgs/mars_msgs/srv
-- Up-to-date: /home/pradyun/Assignment2_ws/install/mars_msgs/include/mars_msgs/mars_msgs/srv/detail
-- Up-to-date: /home/pradyun/Assignment2_ws/install/mars_msgs/include/mars_msgs/mars_msgs/srv/detail/add_three_ints__type_support.cpp
-- Up-to-date: /home/pradyun/Assignment2_ws/install/mars_msgs/include/mars_msgs/mars_msgs/srv/detail/add_three_ints__rosidl_typesupport_introspection_cpp.hpp
-- Up-to-date: /home/pradyun/Assignment2_ws/install/mars_msgs/lib/libmars_msgs__rosidl_typesupport_introspection_cpp.so
-- Up-to-date: /home/pradyun/Assignment2_ws/install/mars_msgs/lib/libmars_msgs__rosidl_typesupport_cpp.so
-- Up-to-date: /home/pradyun/Assignment2_ws/install/mars_msgs/share/mars_msgs/environment/pythonpath.sh
-- Up-to-date: /home/pradyun/Assignment2_ws/install/mars_msgs/share/mars_msgs/environment/pythonpath.dsv
-- Up-to-date: /home/pradyun/Assignment2_ws/install/mars_msgs/local/lib/python3.10/dist-packages/mars_msgs-0.0.0-py3.10.egg-info
-- Installing: /home/pradyun/Assignment2_ws/install/mars_msgs/local/lib/python3.10/dist-packages/mars_msgs-0.0.0-py3.10.egg-info/PKG-INFO
-- Installing: /home/pradyun/Assignment2_ws/install/mars_msgs/local/lib/python3.10/dist-packages/mars_msgs-0.0.0-py3.10.egg-info/SOURCES.txt
-- Installing: /home/pradyun/Assignment2_ws/install/mars_msgs/local/lib/python3.10/dist-packages/mars_msgs-0.0.0-py3.10.egg-info/dependency_links.txt
-- Installing: /home/pradyun/Assignment2_ws/install/mars_msgs/local/lib/python3.10/dist-packages/mars_msgs-0.0.0-py3.10.egg-info/top_level.txt
-- Up-to-date: /home/pradyun/Assignment2_ws/install/mars_msgs/local/lib/python3.10/dist-packages/mars_msgs
-- Up-to-date: /home/pradyun/Assignment2_ws/install/mars_msgs/local/lib/python3.10/dist-packages/mars_msgs/mars_msgs_s__rosidl_typesupport_c.cpython-310-x86_64-linux-gnu.so
-- Up-to-date: /home/pradyun/Assignment2_ws/install/mars_msgs/local/lib/python3.10/dist-packages/mars_msgs/mars_msgs_s__rosidl_typesupport_fastrtps_c.cpython-310-x86_64-linux-gnu.so
-- Up-to-date: /home/pradyun/Assignment2_ws/install/mars_msgs/local/lib/python3.10/dist-packages/mars_msgs/__init__.py
-- Up-to-date: /home/pradyun/Assignment2_ws/install/mars_msgs/local/lib/python3.10/dist-packages/mars_msgs/_mars_msgs_s.ep.rosidl_typesupport_fastrtps_c.c
-- Up-to-date: /home/pradyun/Assignment2_ws/install/mars_msgs/local/lib/python3.10/dist-packages/mars_msgs/_mars_msgs_s.ep.rosidl_typesupport_c.c
-- Up-to-date: /home/pradyun/Assignment2_ws/install/mars_msgs/local/lib/python3.10/dist-packages/mars_msgs/_mars_msgs_s.ep.rosidl_typesupport_introspection_c.c
-- Up-to-date: /home/pradyun/Assignment2_ws/install/mars_msgs/local/lib/python3.10/dist-packages/mars_msgs/mars_msgs_s__rosidl_typesupport_introspection_c.cpython-310-x86_64-linux-gnu.so
-- Up-to-date: /home/pradyun/Assignment2_ws/install/mars_msgs/local/lib/python3.10/dist-packages/mars_msgs/msg
-- Up-to-date: /home/pradyun/Assignment2_ws/install/mars_msgs/local/lib/python3.10/dist-packages/mars_msgs/msg/__init__.py
-- Up-to-date: /home/pradyun/Assignment2_ws/install/mars_msgs/local/lib/python3.10/dist-packages/mars_msgs/msg/_rover_odometry.py
-- Up-to-date: /home/pradyun/Assignment2_ws/install/mars_msgs/local/lib/python3.10/dist-packages/mars_msgs/msg/_rover_odometry_s.c
-- Up-to-date: /home/pradyun/Assignment2_ws/install/mars_msgs/local/lib/python3.10/dist-packages/mars_msgs/srv
-- Up-to-date: /home/pradyun/Assignment2_ws/install/mars_msgs/local/lib/python3.10/dist-packages/mars_msgs/srv/__init__.py
-- Up-to-date: /home/pradyun/Assignment2_ws/install/mars_msgs/local/lib/python3.10/dist-packages/mars_msgs/srv/_add_three_ints_s.c
-- Up-to-date: /home/pradyun/Assignment2_ws/install/mars_msgs/local/lib/python3.10/dist-packages/mars_msgs/srv/_add_three_ints.py
-- Up-to-date: /home/pradyun/Assignment2_ws/install/mars_msgs/local/lib/python3.10/dist-packages/mars_msgs/libmars_msgs__rosidl_generator_py.so
Listing '/home/pradyun/Assignment2_ws/install/mars_msgs/local/lib/python3.10/dist-packages/mars_msgs'...
Listing '/home/pradyun/Assignment2_ws/install/mars_msgs/local/lib/python3.10/dist-packages/mars_msgs/msg'...
Listing '/home/pradyun/Assignment2_ws/install/mars_msgs/local/lib/python3.10/dist-packages/mars_msgs/srv'...
-- Up-to-date: /home/pradyun/Assignment2_ws/install/mars_msgs/local/lib/python3.10/dist-packages/mars_msgs/mars_msgs_s__rosidl_typesupport_fastrtps_c.cpython-310-x86_64-linux-gnu.so
-- Up-to-date: /home/pradyun/Assignment2_ws/install/mars_msgs/local/lib/python3.10/dist-packages/mars_msgs/mars_msgs_s__rosidl_typesupport_introspection_c.cpython-310-x86_64-linux-gnu.so
-- Up-to-date: /home/pradyun/Assignment2_ws/install/mars_msgs/local/lib/python3.10/dist-packages/mars_msgs/mars_msgs_s__rosidl_typesupport_c.cpython-310-x86_64-linux-gnu.so
-- Up-to-date: /home/pradyun/Assignment2_ws/install/mars_msgs/lib/libmars_msgs__rosidl_generator_py.so
-- Up-to-date: /home/pradyun/Assignment2_ws/install/mars_msgs/share/mars_msgs/msg/RoverOdometry.idl
-- Up-to-date: /home/pradyun/Assignment2_ws/install/mars_msgs/share/mars_msgs/srv/AddThreeInts.idl
-- Up-to-date: /home/pradyun/Assignment2_ws/install/mars_msgs/share/mars_msgs/msg/RoverOdometry.msg
-- Up-to-date: /home/pradyun/Assignment2_ws/install/mars_msgs/share/mars_msgs/srv/AddThreeInts.srv
-- Up-to-date: /home/pradyun/Assignment2_ws/install/mars_msgs/share/mars_msgs/srv/AddThreeInts_Request.msg
-- Up-to-date: /home/pradyun/Assignment2_ws/install/mars_msgs/share/mars_msgs/srv/AddThreeInts_Response.msg
-- Up-to-date: /home/pradyun/Assignment2_ws/install/mars_msgs/share/ament_index/resource_index/package_run_dependencies/mars_msgs
-- Up-to-date: /home/pradyun/Assignment2_ws/install/mars_msgs/share/ament_index/resource_index/parent_prefix_path/mars_msgs
-- Up-to-date: /home/pradyun/Assignment2_ws/install/mars_msgs/share/mars_msgs/environment/ament_prefix_path.sh
-- Up-to-date: /home/pradyun/Assignment2_ws/install/mars_msgs/share/mars_msgs/environment/ament_prefix_path.dsv
-- Up-to-date: /home/pradyun/Assignment2_ws/install/mars_msgs/share/mars_msgs/environment/path.sh
-- Up-to-date: /home/pradyun/Assignment2_ws/install/mars_msgs/share/mars_msgs/environment/path.dsv
-- Up-to-date: /home/pradyun/Assignment2_ws/install/mars_msgs/share/mars_msgs/local_setup.bash
-- Up-to-date: /home/pradyun/Assignment2_ws/install/mars_msgs/share/mars_msgs/local_setup.sh
-- Up-to-date: /home/pradyun/Assignment2_ws/install/mars_msgs/share/mars_msgs/local_setup.zsh
-- Up-to-date: /home/pradyun/Assignment2_ws/install/mars_msgs/share/mars_msgs/local_setup.dsv
-- Installing: /home/pradyun/Assignment2_ws/install/mars_msgs/share/mars_msgs/package.dsv
-- Up-to-date: /home/pradyun/Assignment2_ws/install/mars_msgs/share/ament_index/resource_index/packages/mars_msgs
-- Up-to-date: /home/pradyun/Assignment2_ws/install/mars_msgs/share/mars_msgs/cmake/export_mars_msgs__rosidl_generator_cExport.cmake
-- Up-to-date: /home/pradyun/Assignment2_ws/install/mars_msgs/share/mars_msgs/cmake/export_mars_msgs__rosidl_generator_cExport-noconfig.cmake
-- Up-to-date: /home/pradyun/Assignment2_ws/install/mars_msgs/share/mars_msgs/cmake/export_mars_msgs__rosidl_typesupport_fastrtps_cExport.cmake
-- Up-to-date: /home/pradyun/Assignment2_ws/install/mars_msgs/share/mars_msgs/cmake/export_mars_msgs__rosidl_typesupport_fastrtps_cExport-noconfig.cmake
-- Up-to-date: /home/pradyun/Assignment2_ws/install/mars_msgs/share/mars_msgs/cmake/export_mars_msgs__rosidl_generator_cppExport.cmake
-- Up-to-date: /home/pradyun/Assignment2_ws/install/mars_msgs/share/mars_msgs/cmake/export_mars_msgs__rosidl_typesupport_fastrtps_cppExport.cmake
-- Up-to-date: /home/pradyun/Assignment2_ws/install/mars_msgs/share/mars_msgs/cmake/export_mars_msgs__rosidl_typesupport_fastrtps_cppExport-noconfig.cmake
-- Up-to-date: /home/pradyun/Assignment2_ws/install/mars_msgs/share/mars_msgs/cmake/mars_msgs__rosidl_typesupport_introspection_cExport.cmake
-- Up-to-date: /home/pradyun/Assignment2_ws/install/mars_msgs/share/mars_msgs/cmake/mars_msgs__rosidl_typesupport_introspection_cExport-noconfig.cmake
-- Up-to-date: /home/pradyun/Assignment2_ws/install/mars_msgs/share/mars_msgs/cmake/mars_msgs__rosidl_typesupport_cExport.cmake
-- Up-to-date: /home/pradyun/Assignment2_ws/install/mars_msgs/share/mars_msgs/cmake/mars_msgs__rosidl_typesupport_cExport-noconfig.cmake
-- Up-to-date: /home/pradyun/Assignment2_ws/install/mars_msgs/share/mars_msgs/cmake/mars_msgs__rosidl_typesupport_introspection_cppExport.cmake
-- Up-to-date: /home/pradyun/Assignment2_ws/install/mars_msgs/share/mars_msgs/cmake/mars_msgs__rosidl_typesupport_introspection_cppExport-noconfig.cmake
-- Up-to-date: /home/pradyun/Assignment2_ws/install/mars_msgs/share/mars_msgs/cmake/mars_msgs__rosidl_typesupport_cppExport.cmake
-- Up-to-date: /home/pradyun/Assignment2_ws/install/mars_msgs/share/mars_msgs/cmake/mars_msgs__rosidl_typesupport_cppExport-noconfig.cmake
-- Up-to-date: /home/pradyun/Assignment2_ws/install/mars_msgs/share/mars_msgs/cmake/export_mars_msgs__rosidl_generator_pyExport.cmake
-- Up-to-date: /home/pradyun/Assignment2_ws/install/mars_msgs/share/mars_msgs/cmake/export_mars_msgs__rosidl_generator_pyExport-noconfig.cmake
-- Up-to-date: /home/pradyun/Assignment2_ws/install/mars_msgs/share/mars_msgs/cmake/rosidl_cmake-extras.cmake
-- Up-to-date: /home/pradyun/Assignment2_ws/install/mars_msgs/share/mars_msgs/cmake/ament_cmake_export_dependencies-extras.cmake
-- Up-to-date: /home/pradyun/Assignment2_ws/install/mars_msgs/share/mars_msgs/cmake/ament_cmake_export_include_directories-extras.cmake
-- Up-to-date: /home/pradyun/Assignment2_ws/install/mars_msgs/share/mars_msgs/cmake/ament_cmake_export_libraries-extras.cmake
-- Up-to-date: /home/pradyun/Assignment2_ws/install/mars_msgs/share/mars_msgs/cmake/ament_cmake_export_targets-extras.cmake
-- Up-to-date: /home/pradyun/Assignment2_ws/install/mars_msgs/share/mars_msgs/cmake/rosidl_cmake_export_typesupport_targets-extras.cmake
-- Up-to-date: /home/pradyun/Assignment2_ws/install/mars_msgs/share/mars_msgs/cmake/rosidl_cmake_export_typesupport_libraries-extras.cmake
-- Up-to-date: /home/pradyun/Assignment2_ws/install/mars_msgs/share/mars_msgs/cmake/mars_msgsConfig.cmake
-- Up-to-date: /home/pradyun/Assignment2_ws/install/mars_msgs/share/mars_msgs/cmake/mars_msgsConfig-version.cmake
-- Up-to-date: /home/pradyun/Assignment2_ws/install/mars_msgs/share/mars_msgs/package.xml
