[0.172s] Invoking command in '/home/pradyun/Assignment2_ws/build/interfaces': CMAKE_PREFIX_PATH=${CMAKE_PREFIX_PATH}:/home/pradyun/Assignment2_ws/install/my_py_pkg:/home/pradyun/Assignment2_ws/install/Rover:/opt/ros/humble /usr/bin/cmake /home/pradyun/Assignment2_ws/src/interfaces -DCMAKE_INSTALL_PREFIX=/home/pradyun/Assignment2_ws/install/interfaces
[0.342s] -- The C compiler identification is GNU 11.4.0
[0.342s] -- The CXX compiler identification is GNU 11.4.0
[0.342s] -- Detecting C compiler ABI info
[0.354s] -- Detecting C compiler ABI info - done
[0.361s] -- Check for working C compiler: /usr/bin/cc - skipped
[0.361s] -- Detecting C compile features
[0.362s] -- Detecting C compile features - done
[0.365s] -- Detecting CXX compiler ABI info
[0.431s] -- Detecting CXX compiler ABI info - done
[0.436s] -- Check for working CXX compiler: /usr/bin/c++ - skipped
[0.436s] -- Detecting CXX compile features
[0.436s] -- Detecting CXX compile features - done
[0.440s] -- Found ament_cmake: 1.3.12 (/opt/ros/humble/share/ament_cmake/cmake)
[0.550s] -- Found Python3: /usr/bin/python3 (found version "3.10.12") found components: Interpreter 
[0.631s] -- Found geometry_msgs: 4.9.0 (/opt/ros/humble/share/geometry_msgs/cmake)
[0.660s] -- Found rosidl_generator_c: 3.1.7 (/opt/ros/humble/share/rosidl_generator_c/cmake)
[0.664s] -- Found rosidl_adapter: 3.1.7 (/opt/ros/humble/share/rosidl_adapter/cmake)
[0.671s] -- Found rosidl_generator_cpp: 3.1.7 (/opt/ros/humble/share/rosidl_generator_cpp/cmake)
[0.681s] -- Using all available rosidl_typesupport_c: rosidl_typesupport_fastrtps_c;rosidl_typesupport_introspection_c
[0.693s] -- Using all available rosidl_typesupport_cpp: rosidl_typesupport_fastrtps_cpp;rosidl_typesupport_introspection_cpp
[0.726s] -- Found rosidl_default_generators: 1.2.0 (/opt/ros/humble/share/rosidl_default_generators/cmake)
[0.878s] [31mCMake Error at /opt/ros/humble/share/ament_cmake_core/cmake/core/ament_package_xml.cmake:53 (message):
[0.878s]   ament_package_xml() package name 'interfaces' in '/package.xml' does not
[0.878s]   match current PROJECT_NAME 'tutorial_interfaces'.  You must call project()
[0.879s]   with the same package name before.
[0.879s] Call Stack (most recent call first):
[0.879s]   /opt/ros/humble/share/rosidl_cmake/cmake/rosidl_generate_interfaces.cmake:226 (ament_package_xml)
[0.879s]   CMakeLists.txt:17 (rosidl_generate_interfaces)
[0.879s] 
[0.879s] [0m
[0.879s] -- Configuring incomplete, errors occurred!
[0.879s] See also "/home/pradyun/Assignment2_ws/build/interfaces/CMakeFiles/CMakeOutput.log".
[0.883s] Invoked command in '/home/pradyun/Assignment2_ws/build/interfaces' returned '1': CMAKE_PREFIX_PATH=${CMAKE_PREFIX_PATH}:/home/pradyun/Assignment2_ws/install/my_py_pkg:/home/pradyun/Assignment2_ws/install/Rover:/opt/ros/humble /usr/bin/cmake /home/pradyun/Assignment2_ws/src/interfaces -DCMAKE_INSTALL_PREFIX=/home/pradyun/Assignment2_ws/install/interfaces
