[0.067s] DEBUG:colcon:Command line arguments: ['/usr/bin/colcon', 'build']
[0.067s] DEBUG:colcon:Parsed command line arguments: Namespace(log_base=None, log_level=None, verb_name='build', build_base='build', install_base='install', merge_install=False, symlink_install=False, test_result_base=None, continue_on_error=False, executor='parallel', parallel_workers=12, event_handlers=None, ignore_user_meta=False, metas=['./colcon.meta'], base_paths=['.'], packages_ignore=None, packages_ignore_regex=None, paths=None, packages_up_to=None, packages_up_to_regex=None, packages_above=None, packages_above_and_dependencies=None, packages_above_depth=None, packages_select_by_dep=None, packages_skip_by_dep=None, packages_skip_up_to=None, packages_select_build_failed=False, packages_skip_build_finished=False, packages_select_test_failures=False, packages_skip_test_passed=False, packages_select=None, packages_skip=None, packages_select_regex=None, packages_skip_regex=None, packages_start=None, packages_end=None, allow_overriding=[], cmake_args=None, cmake_target=None, cmake_target_skip_unavailable=False, cmake_clean_cache=False, cmake_clean_first=False, cmake_force_configure=False, ament_cmake_args=None, catkin_cmake_args=None, catkin_skip_building_tests=False, mixin_files=None, mixin=None, verb_parser=<colcon_mixin.mixin.mixin_argument.MixinArgumentDecorator object at 0x73babcc666b0>, verb_extension=<colcon_core.verb.build.BuildVerb object at 0x73babcd6f610>, main=<bound method BuildVerb.main of <colcon_core.verb.build.BuildVerb object at 0x73babcd6f610>>, mixin_verb=('build',))
[0.163s] Level 1:colcon.colcon_core.package_discovery:discover_packages(colcon_meta) check parameters
[0.163s] Level 1:colcon.colcon_core.package_discovery:discover_packages(recursive) check parameters
[0.163s] Level 1:colcon.colcon_core.package_discovery:discover_packages(ignore) check parameters
[0.163s] Level 1:colcon.colcon_core.package_discovery:discover_packages(path) check parameters
[0.163s] Level 1:colcon.colcon_core.package_discovery:discover_packages(colcon_meta) discover
[0.163s] Level 1:colcon.colcon_core.package_discovery:discover_packages(recursive) discover
[0.163s] INFO:colcon.colcon_core.package_discovery:Crawling recursively for packages in '/home/pradyun/Assignment2_ws'
[0.164s] Level 1:colcon.colcon_core.package_identification:_identify(.) by extensions ['ignore', 'ignore_ament_install']
[0.164s] Level 1:colcon.colcon_core.package_identification:_identify(.) by extension 'ignore'
[0.164s] Level 1:colcon.colcon_core.package_identification:_identify(.) by extension 'ignore_ament_install'
[0.164s] Level 1:colcon.colcon_core.package_identification:_identify(.) by extensions ['colcon_pkg']
[0.164s] Level 1:colcon.colcon_core.package_identification:_identify(.) by extension 'colcon_pkg'
[0.164s] Level 1:colcon.colcon_core.package_identification:_identify(.) by extensions ['colcon_meta']
[0.164s] Level 1:colcon.colcon_core.package_identification:_identify(.) by extension 'colcon_meta'
[0.164s] Level 1:colcon.colcon_core.package_identification:_identify(.) by extensions ['ros']
[0.164s] Level 1:colcon.colcon_core.package_identification:_identify(.) by extension 'ros'
[0.171s] Level 1:colcon.colcon_core.package_identification:_identify(.) by extensions ['cmake', 'python']
[0.171s] Level 1:colcon.colcon_core.package_identification:_identify(.) by extension 'cmake'
[0.171s] Level 1:colcon.colcon_core.package_identification:_identify(.) by extension 'python'
[0.171s] Level 1:colcon.colcon_core.package_identification:_identify(.) by extensions ['python_setup_py']
[0.171s] Level 1:colcon.colcon_core.package_identification:_identify(.) by extension 'python_setup_py'
[0.171s] Level 1:colcon.colcon_core.package_identification:_identify(build) by extensions ['ignore', 'ignore_ament_install']
[0.171s] Level 1:colcon.colcon_core.package_identification:_identify(build) by extension 'ignore'
[0.171s] Level 1:colcon.colcon_core.package_identification:_identify(build) ignored
[0.171s] Level 1:colcon.colcon_core.package_identification:_identify(install) by extensions ['ignore', 'ignore_ament_install']
[0.171s] Level 1:colcon.colcon_core.package_identification:_identify(install) by extension 'ignore'
[0.171s] Level 1:colcon.colcon_core.package_identification:_identify(install) ignored
[0.171s] Level 1:colcon.colcon_core.package_identification:_identify(log) by extensions ['ignore', 'ignore_ament_install']
[0.171s] Level 1:colcon.colcon_core.package_identification:_identify(log) by extension 'ignore'
[0.171s] Level 1:colcon.colcon_core.package_identification:_identify(log) ignored
[0.171s] Level 1:colcon.colcon_core.package_identification:_identify(src) by extensions ['ignore', 'ignore_ament_install']
[0.171s] Level 1:colcon.colcon_core.package_identification:_identify(src) by extension 'ignore'
[0.171s] Level 1:colcon.colcon_core.package_identification:_identify(src) by extension 'ignore_ament_install'
[0.171s] Level 1:colcon.colcon_core.package_identification:_identify(src) by extensions ['colcon_pkg']
[0.171s] Level 1:colcon.colcon_core.package_identification:_identify(src) by extension 'colcon_pkg'
[0.171s] Level 1:colcon.colcon_core.package_identification:_identify(src) by extensions ['colcon_meta']
[0.171s] Level 1:colcon.colcon_core.package_identification:_identify(src) by extension 'colcon_meta'
[0.172s] Level 1:colcon.colcon_core.package_identification:_identify(src) by extensions ['ros']
[0.172s] Level 1:colcon.colcon_core.package_identification:_identify(src) by extension 'ros'
[0.172s] Level 1:colcon.colcon_core.package_identification:_identify(src) by extensions ['cmake', 'python']
[0.172s] Level 1:colcon.colcon_core.package_identification:_identify(src) by extension 'cmake'
[0.172s] Level 1:colcon.colcon_core.package_identification:_identify(src) by extension 'python'
[0.172s] Level 1:colcon.colcon_core.package_identification:_identify(src) by extensions ['python_setup_py']
[0.172s] Level 1:colcon.colcon_core.package_identification:_identify(src) by extension 'python_setup_py'
[0.172s] Level 1:colcon.colcon_core.package_identification:_identify(src/Rover) by extensions ['ignore', 'ignore_ament_install']
[0.172s] Level 1:colcon.colcon_core.package_identification:_identify(src/Rover) by extension 'ignore'
[0.172s] Level 1:colcon.colcon_core.package_identification:_identify(src/Rover) by extension 'ignore_ament_install'
[0.172s] Level 1:colcon.colcon_core.package_identification:_identify(src/Rover) by extensions ['colcon_pkg']
[0.172s] Level 1:colcon.colcon_core.package_identification:_identify(src/Rover) by extension 'colcon_pkg'
[0.172s] Level 1:colcon.colcon_core.package_identification:_identify(src/Rover) by extensions ['colcon_meta']
[0.172s] Level 1:colcon.colcon_core.package_identification:_identify(src/Rover) by extension 'colcon_meta'
[0.172s] Level 1:colcon.colcon_core.package_identification:_identify(src/Rover) by extensions ['ros']
[0.172s] Level 1:colcon.colcon_core.package_identification:_identify(src/Rover) by extension 'ros'
[0.173s] DEBUG:colcon.colcon_core.package_identification:Package 'src/Rover' with type 'ros.ament_python' and name 'Rover'
[0.173s] Level 1:colcon.colcon_core.package_identification:_identify(src/interfaces) by extensions ['ignore', 'ignore_ament_install']
[0.174s] Level 1:colcon.colcon_core.package_identification:_identify(src/interfaces) by extension 'ignore'
[0.174s] Level 1:colcon.colcon_core.package_identification:_identify(src/interfaces) by extension 'ignore_ament_install'
[0.174s] Level 1:colcon.colcon_core.package_identification:_identify(src/interfaces) by extensions ['colcon_pkg']
[0.174s] Level 1:colcon.colcon_core.package_identification:_identify(src/interfaces) by extension 'colcon_pkg'
[0.174s] Level 1:colcon.colcon_core.package_identification:_identify(src/interfaces) by extensions ['colcon_meta']
[0.174s] Level 1:colcon.colcon_core.package_identification:_identify(src/interfaces) by extension 'colcon_meta'
[0.174s] Level 1:colcon.colcon_core.package_identification:_identify(src/interfaces) by extensions ['ros']
[0.174s] Level 1:colcon.colcon_core.package_identification:_identify(src/interfaces) by extension 'ros'
[0.174s] DEBUG:colcon.colcon_core.package_identification:Package 'src/interfaces' with type 'ros.ament_cmake' and name 'interfaces'
[0.174s] Level 1:colcon.colcon_core.package_identification:_identify(src/my_cpp_pkg) by extensions ['ignore', 'ignore_ament_install']
[0.174s] Level 1:colcon.colcon_core.package_identification:_identify(src/my_cpp_pkg) by extension 'ignore'
[0.174s] Level 1:colcon.colcon_core.package_identification:_identify(src/my_cpp_pkg) by extension 'ignore_ament_install'
[0.174s] Level 1:colcon.colcon_core.package_identification:_identify(src/my_cpp_pkg) by extensions ['colcon_pkg']
[0.174s] Level 1:colcon.colcon_core.package_identification:_identify(src/my_cpp_pkg) by extension 'colcon_pkg'
[0.174s] Level 1:colcon.colcon_core.package_identification:_identify(src/my_cpp_pkg) by extensions ['colcon_meta']
[0.174s] Level 1:colcon.colcon_core.package_identification:_identify(src/my_cpp_pkg) by extension 'colcon_meta'
[0.174s] Level 1:colcon.colcon_core.package_identification:_identify(src/my_cpp_pkg) by extensions ['ros']
[0.174s] Level 1:colcon.colcon_core.package_identification:_identify(src/my_cpp_pkg) by extension 'ros'
[0.175s] DEBUG:colcon.colcon_core.package_identification:Package 'src/my_cpp_pkg' with type 'ros.ament_cmake' and name 'my_cpp_pkg'
[0.175s] Level 1:colcon.colcon_core.package_identification:_identify(src/my_py_pkg) by extensions ['ignore', 'ignore_ament_install']
[0.175s] Level 1:colcon.colcon_core.package_identification:_identify(src/my_py_pkg) by extension 'ignore'
[0.175s] Level 1:colcon.colcon_core.package_identification:_identify(src/my_py_pkg) by extension 'ignore_ament_install'
[0.175s] Level 1:colcon.colcon_core.package_identification:_identify(src/my_py_pkg) by extensions ['colcon_pkg']
[0.175s] Level 1:colcon.colcon_core.package_identification:_identify(src/my_py_pkg) by extension 'colcon_pkg'
[0.175s] Level 1:colcon.colcon_core.package_identification:_identify(src/my_py_pkg) by extensions ['colcon_meta']
[0.175s] Level 1:colcon.colcon_core.package_identification:_identify(src/my_py_pkg) by extension 'colcon_meta'
[0.175s] Level 1:colcon.colcon_core.package_identification:_identify(src/my_py_pkg) by extensions ['ros']
[0.175s] Level 1:colcon.colcon_core.package_identification:_identify(src/my_py_pkg) by extension 'ros'
[0.175s] DEBUG:colcon.colcon_core.package_identification:Package 'src/my_py_pkg' with type 'ros.ament_python' and name 'my_py_pkg'
[0.175s] Level 1:colcon.colcon_core.package_identification:_identify(src/rover) by extensions ['ignore', 'ignore_ament_install']
[0.175s] Level 1:colcon.colcon_core.package_identification:_identify(src/rover) by extension 'ignore'
[0.176s] Level 1:colcon.colcon_core.package_identification:_identify(src/rover) by extension 'ignore_ament_install'
[0.176s] Level 1:colcon.colcon_core.package_identification:_identify(src/rover) by extensions ['colcon_pkg']
[0.176s] Level 1:colcon.colcon_core.package_identification:_identify(src/rover) by extension 'colcon_pkg'
[0.176s] Level 1:colcon.colcon_core.package_identification:_identify(src/rover) by extensions ['colcon_meta']
[0.176s] Level 1:colcon.colcon_core.package_identification:_identify(src/rover) by extension 'colcon_meta'
[0.176s] Level 1:colcon.colcon_core.package_identification:_identify(src/rover) by extensions ['ros']
[0.176s] Level 1:colcon.colcon_core.package_identification:_identify(src/rover) by extension 'ros'
[0.176s] DEBUG:colcon.colcon_core.package_identification:Package 'src/rover' with type 'ros.ament_python' and name 'rover'
[0.176s] Level 1:colcon.colcon_core.package_discovery:discover_packages(recursive) using defaults
[0.176s] Level 1:colcon.colcon_core.package_discovery:discover_packages(ignore) discover
[0.176s] Level 1:colcon.colcon_core.package_discovery:discover_packages(ignore) using defaults
[0.176s] Level 1:colcon.colcon_core.package_discovery:discover_packages(path) discover
[0.176s] Level 1:colcon.colcon_core.package_discovery:discover_packages(path) using defaults
[0.197s] Level 1:colcon.colcon_core.package_discovery:discover_packages(prefix_path) check parameters
[0.197s] Level 1:colcon.colcon_core.package_discovery:discover_packages(prefix_path) discover
[0.198s] DEBUG:colcon.colcon_installed_package_information.package_discovery:Found 4 installed packages in /home/pradyun/Assignment2_ws/install
[0.199s] DEBUG:colcon.colcon_installed_package_information.package_discovery:Found 271 installed packages in /opt/ros/humble
[0.200s] Level 1:colcon.colcon_core.package_discovery:discover_packages(prefix_path) using defaults
[0.221s] Level 5:colcon.colcon_core.verb:set package 'Rover' build argument 'cmake_args' from command line to 'None'
[0.221s] Level 5:colcon.colcon_core.verb:set package 'Rover' build argument 'cmake_target' from command line to 'None'
[0.221s] Level 5:colcon.colcon_core.verb:set package 'Rover' build argument 'cmake_target_skip_unavailable' from command line to 'False'
[0.221s] Level 5:colcon.colcon_core.verb:set package 'Rover' build argument 'cmake_clean_cache' from command line to 'False'
[0.221s] Level 5:colcon.colcon_core.verb:set package 'Rover' build argument 'cmake_clean_first' from command line to 'False'
[0.221s] Level 5:colcon.colcon_core.verb:set package 'Rover' build argument 'cmake_force_configure' from command line to 'False'
[0.221s] Level 5:colcon.colcon_core.verb:set package 'Rover' build argument 'ament_cmake_args' from command line to 'None'
[0.221s] Level 5:colcon.colcon_core.verb:set package 'Rover' build argument 'catkin_cmake_args' from command line to 'None'
[0.221s] Level 5:colcon.colcon_core.verb:set package 'Rover' build argument 'catkin_skip_building_tests' from command line to 'False'
[0.221s] DEBUG:colcon.colcon_core.verb:Building package 'Rover' with the following arguments: {'ament_cmake_args': None, 'build_base': '/home/pradyun/Assignment2_ws/build/Rover', 'catkin_cmake_args': None, 'catkin_skip_building_tests': False, 'cmake_args': None, 'cmake_clean_cache': False, 'cmake_clean_first': False, 'cmake_force_configure': False, 'cmake_target': None, 'cmake_target_skip_unavailable': False, 'install_base': '/home/pradyun/Assignment2_ws/install/Rover', 'merge_install': False, 'path': '/home/pradyun/Assignment2_ws/src/Rover', 'symlink_install': False, 'test_result_base': None}
[0.221s] Level 5:colcon.colcon_core.verb:set package 'interfaces' build argument 'cmake_args' from command line to 'None'
[0.221s] Level 5:colcon.colcon_core.verb:set package 'interfaces' build argument 'cmake_target' from command line to 'None'
[0.221s] Level 5:colcon.colcon_core.verb:set package 'interfaces' build argument 'cmake_target_skip_unavailable' from command line to 'False'
[0.221s] Level 5:colcon.colcon_core.verb:set package 'interfaces' build argument 'cmake_clean_cache' from command line to 'False'
[0.221s] Level 5:colcon.colcon_core.verb:set package 'interfaces' build argument 'cmake_clean_first' from command line to 'False'
[0.221s] Level 5:colcon.colcon_core.verb:set package 'interfaces' build argument 'cmake_force_configure' from command line to 'False'
[0.221s] Level 5:colcon.colcon_core.verb:set package 'interfaces' build argument 'ament_cmake_args' from command line to 'None'
[0.221s] Level 5:colcon.colcon_core.verb:set package 'interfaces' build argument 'catkin_cmake_args' from command line to 'None'
[0.221s] Level 5:colcon.colcon_core.verb:set package 'interfaces' build argument 'catkin_skip_building_tests' from command line to 'False'
[0.221s] DEBUG:colcon.colcon_core.verb:Building package 'interfaces' with the following arguments: {'ament_cmake_args': None, 'build_base': '/home/pradyun/Assignment2_ws/build/interfaces', 'catkin_cmake_args': None, 'catkin_skip_building_tests': False, 'cmake_args': None, 'cmake_clean_cache': False, 'cmake_clean_first': False, 'cmake_force_configure': False, 'cmake_target': None, 'cmake_target_skip_unavailable': False, 'install_base': '/home/pradyun/Assignment2_ws/install/interfaces', 'merge_install': False, 'path': '/home/pradyun/Assignment2_ws/src/interfaces', 'symlink_install': False, 'test_result_base': None}
[0.221s] Level 5:colcon.colcon_core.verb:set package 'my_cpp_pkg' build argument 'cmake_args' from command line to 'None'
[0.221s] Level 5:colcon.colcon_core.verb:set package 'my_cpp_pkg' build argument 'cmake_target' from command line to 'None'
[0.221s] Level 5:colcon.colcon_core.verb:set package 'my_cpp_pkg' build argument 'cmake_target_skip_unavailable' from command line to 'False'
[0.221s] Level 5:colcon.colcon_core.verb:set package 'my_cpp_pkg' build argument 'cmake_clean_cache' from command line to 'False'
[0.221s] Level 5:colcon.colcon_core.verb:set package 'my_cpp_pkg' build argument 'cmake_clean_first' from command line to 'False'
[0.221s] Level 5:colcon.colcon_core.verb:set package 'my_cpp_pkg' build argument 'cmake_force_configure' from command line to 'False'
[0.221s] Level 5:colcon.colcon_core.verb:set package 'my_cpp_pkg' build argument 'ament_cmake_args' from command line to 'None'
[0.221s] Level 5:colcon.colcon_core.verb:set package 'my_cpp_pkg' build argument 'catkin_cmake_args' from command line to 'None'
[0.221s] Level 5:colcon.colcon_core.verb:set package 'my_cpp_pkg' build argument 'catkin_skip_building_tests' from command line to 'False'
[0.221s] DEBUG:colcon.colcon_core.verb:Building package 'my_cpp_pkg' with the following arguments: {'ament_cmake_args': None, 'build_base': '/home/pradyun/Assignment2_ws/build/my_cpp_pkg', 'catkin_cmake_args': None, 'catkin_skip_building_tests': False, 'cmake_args': None, 'cmake_clean_cache': False, 'cmake_clean_first': False, 'cmake_force_configure': False, 'cmake_target': None, 'cmake_target_skip_unavailable': False, 'install_base': '/home/pradyun/Assignment2_ws/install/my_cpp_pkg', 'merge_install': False, 'path': '/home/pradyun/Assignment2_ws/src/my_cpp_pkg', 'symlink_install': False, 'test_result_base': None}
[0.222s] Level 5:colcon.colcon_core.verb:set package 'my_py_pkg' build argument 'cmake_args' from command line to 'None'
[0.222s] Level 5:colcon.colcon_core.verb:set package 'my_py_pkg' build argument 'cmake_target' from command line to 'None'
[0.222s] Level 5:colcon.colcon_core.verb:set package 'my_py_pkg' build argument 'cmake_target_skip_unavailable' from command line to 'False'
[0.222s] Level 5:colcon.colcon_core.verb:set package 'my_py_pkg' build argument 'cmake_clean_cache' from command line to 'False'
[0.222s] Level 5:colcon.colcon_core.verb:set package 'my_py_pkg' build argument 'cmake_clean_first' from command line to 'False'
[0.222s] Level 5:colcon.colcon_core.verb:set package 'my_py_pkg' build argument 'cmake_force_configure' from command line to 'False'
[0.222s] Level 5:colcon.colcon_core.verb:set package 'my_py_pkg' build argument 'ament_cmake_args' from command line to 'None'
[0.222s] Level 5:colcon.colcon_core.verb:set package 'my_py_pkg' build argument 'catkin_cmake_args' from command line to 'None'
[0.222s] Level 5:colcon.colcon_core.verb:set package 'my_py_pkg' build argument 'catkin_skip_building_tests' from command line to 'False'
[0.222s] DEBUG:colcon.colcon_core.verb:Building package 'my_py_pkg' with the following arguments: {'ament_cmake_args': None, 'build_base': '/home/pradyun/Assignment2_ws/build/my_py_pkg', 'catkin_cmake_args': None, 'catkin_skip_building_tests': False, 'cmake_args': None, 'cmake_clean_cache': False, 'cmake_clean_first': False, 'cmake_force_configure': False, 'cmake_target': None, 'cmake_target_skip_unavailable': False, 'install_base': '/home/pradyun/Assignment2_ws/install/my_py_pkg', 'merge_install': False, 'path': '/home/pradyun/Assignment2_ws/src/my_py_pkg', 'symlink_install': False, 'test_result_base': None}
[0.222s] Level 5:colcon.colcon_core.verb:set package 'rover' build argument 'cmake_args' from command line to 'None'
[0.222s] Level 5:colcon.colcon_core.verb:set package 'rover' build argument 'cmake_target' from command line to 'None'
[0.222s] Level 5:colcon.colcon_core.verb:set package 'rover' build argument 'cmake_target_skip_unavailable' from command line to 'False'
[0.222s] Level 5:colcon.colcon_core.verb:set package 'rover' build argument 'cmake_clean_cache' from command line to 'False'
[0.222s] Level 5:colcon.colcon_core.verb:set package 'rover' build argument 'cmake_clean_first' from command line to 'False'
[0.222s] Level 5:colcon.colcon_core.verb:set package 'rover' build argument 'cmake_force_configure' from command line to 'False'
[0.222s] Level 5:colcon.colcon_core.verb:set package 'rover' build argument 'ament_cmake_args' from command line to 'None'
[0.222s] Level 5:colcon.colcon_core.verb:set package 'rover' build argument 'catkin_cmake_args' from command line to 'None'
[0.222s] Level 5:colcon.colcon_core.verb:set package 'rover' build argument 'catkin_skip_building_tests' from command line to 'False'
[0.222s] DEBUG:colcon.colcon_core.verb:Building package 'rover' with the following arguments: {'ament_cmake_args': None, 'build_base': '/home/pradyun/Assignment2_ws/build/rover', 'catkin_cmake_args': None, 'catkin_skip_building_tests': False, 'cmake_args': None, 'cmake_clean_cache': False, 'cmake_clean_first': False, 'cmake_force_configure': False, 'cmake_target': None, 'cmake_target_skip_unavailable': False, 'install_base': '/home/pradyun/Assignment2_ws/install/rover', 'merge_install': False, 'path': '/home/pradyun/Assignment2_ws/src/rover', 'symlink_install': False, 'test_result_base': None}
[0.222s] INFO:colcon.colcon_core.executor:Executing jobs using 'parallel' executor
[0.223s] DEBUG:colcon.colcon_parallel_executor.executor.parallel:run_until_complete
[0.224s] INFO:colcon.colcon_ros.task.ament_python.build:Building ROS package in '/home/pradyun/Assignment2_ws/src/Rover' with build type 'ament_python'
[0.224s] Level 1:colcon.colcon_core.shell:create_environment_hook('Rover', 'ament_prefix_path')
[0.225s] INFO:colcon.colcon_core.plugin_system:Skipping extension 'colcon_core.shell.bat': Not used on non-Windows systems
[0.225s] INFO:colcon.colcon_core.shell:Creating environment hook '/home/pradyun/Assignment2_ws/install/Rover/share/Rover/hook/ament_prefix_path.ps1'
[0.225s] INFO:colcon.colcon_core.shell:Creating environment descriptor '/home/pradyun/Assignment2_ws/install/Rover/share/Rover/hook/ament_prefix_path.dsv'
[0.226s] INFO:colcon.colcon_core.shell:Creating environment hook '/home/pradyun/Assignment2_ws/install/Rover/share/Rover/hook/ament_prefix_path.sh'
[0.226s] INFO:colcon.colcon_core.shell:Skip shell extension 'powershell' for command environment: Not usable outside of PowerShell
[0.226s] DEBUG:colcon.colcon_core.shell:Skip shell extension 'dsv' for command environment
[0.228s] INFO:colcon.colcon_ros.task.ament_cmake.build:Building ROS package in '/home/pradyun/Assignment2_ws/src/interfaces' with build type 'ament_cmake'
[0.228s] INFO:colcon.colcon_cmake.task.cmake.build:Building CMake package in '/home/pradyun/Assignment2_ws/src/interfaces'
[0.229s] INFO:colcon.colcon_core.shell:Skip shell extension 'powershell' for command environment: Not usable outside of PowerShell
[0.229s] DEBUG:colcon.colcon_core.shell:Skip shell extension 'dsv' for command environment
[0.231s] INFO:colcon.colcon_ros.task.ament_cmake.build:Building ROS package in '/home/pradyun/Assignment2_ws/src/my_cpp_pkg' with build type 'ament_cmake'
[0.231s] INFO:colcon.colcon_cmake.task.cmake.build:Building CMake package in '/home/pradyun/Assignment2_ws/src/my_cpp_pkg'
[0.231s] INFO:colcon.colcon_core.shell:Skip shell extension 'powershell' for command environment: Not usable outside of PowerShell
[0.231s] DEBUG:colcon.colcon_core.shell:Skip shell extension 'dsv' for command environment
[0.232s] INFO:colcon.colcon_ros.task.ament_python.build:Building ROS package in '/home/pradyun/Assignment2_ws/src/my_py_pkg' with build type 'ament_python'
[0.233s] Level 1:colcon.colcon_core.shell:create_environment_hook('my_py_pkg', 'ament_prefix_path')
[0.233s] INFO:colcon.colcon_core.shell:Creating environment hook '/home/pradyun/Assignment2_ws/install/my_py_pkg/share/my_py_pkg/hook/ament_prefix_path.ps1'
[0.233s] INFO:colcon.colcon_core.shell:Creating environment descriptor '/home/pradyun/Assignment2_ws/install/my_py_pkg/share/my_py_pkg/hook/ament_prefix_path.dsv'
[0.233s] INFO:colcon.colcon_core.shell:Creating environment hook '/home/pradyun/Assignment2_ws/install/my_py_pkg/share/my_py_pkg/hook/ament_prefix_path.sh'
[0.233s] INFO:colcon.colcon_core.shell:Skip shell extension 'powershell' for command environment: Not usable outside of PowerShell
[0.234s] DEBUG:colcon.colcon_core.shell:Skip shell extension 'dsv' for command environment
[0.235s] INFO:colcon.colcon_ros.task.ament_python.build:Building ROS package in '/home/pradyun/Assignment2_ws/src/rover' with build type 'ament_python'
[0.236s] Level 1:colcon.colcon_core.shell:create_environment_hook('rover', 'ament_prefix_path')
[0.236s] INFO:colcon.colcon_core.shell:Creating environment hook '/home/pradyun/Assignment2_ws/install/rover/share/rover/hook/ament_prefix_path.ps1'
[0.236s] INFO:colcon.colcon_core.shell:Creating environment descriptor '/home/pradyun/Assignment2_ws/install/rover/share/rover/hook/ament_prefix_path.dsv'
[0.236s] INFO:colcon.colcon_core.shell:Creating environment hook '/home/pradyun/Assignment2_ws/install/rover/share/rover/hook/ament_prefix_path.sh'
[0.236s] INFO:colcon.colcon_core.shell:Skip shell extension 'powershell' for command environment: Not usable outside of PowerShell
[0.236s] DEBUG:colcon.colcon_core.shell:Skip shell extension 'dsv' for command environment
[0.389s] INFO:colcon.colcon_core.task.python.build:Building Python package in '/home/pradyun/Assignment2_ws/src/Rover'
[0.389s] INFO:colcon.colcon_core.shell:Skip shell extension 'powershell' for command environment: Not usable outside of PowerShell
[0.389s] DEBUG:colcon.colcon_core.shell:Skip shell extension 'dsv' for command environment
[0.394s] DEBUG:colcon.colcon_core.event_handler.log_command:Invoking command in '/home/pradyun/Assignment2_ws/build/interfaces': CMAKE_PREFIX_PATH=${CMAKE_PREFIX_PATH}:/home/pradyun/Assignment2_ws/install/my_py_pkg:/home/pradyun/Assignment2_ws/install/Rover:/opt/ros/humble /usr/bin/cmake /home/pradyun/Assignment2_ws/src/interfaces -DCMAKE_INSTALL_PREFIX=/home/pradyun/Assignment2_ws/install/interfaces
[0.396s] DEBUG:colcon.colcon_core.event_handler.log_command:Invoking command in '/home/pradyun/Assignment2_ws/build/my_cpp_pkg': CMAKE_PREFIX_PATH=${CMAKE_PREFIX_PATH}:/home/pradyun/Assignment2_ws/install/my_py_pkg:/home/pradyun/Assignment2_ws/install/Rover:/opt/ros/humble /usr/bin/cmake --build /home/pradyun/Assignment2_ws/build/my_cpp_pkg -- -j12 -l12
[0.553s] INFO:colcon.colcon_core.task.python.build:Building Python package in '/home/pradyun/Assignment2_ws/src/my_py_pkg'
[0.554s] INFO:colcon.colcon_core.shell:Skip shell extension 'powershell' for command environment: Not usable outside of PowerShell
[0.554s] DEBUG:colcon.colcon_core.shell:Skip shell extension 'dsv' for command environment
[0.559s] DEBUG:colcon.colcon_core.event_handler.log_command:Invoked command in '/home/pradyun/Assignment2_ws/build/my_cpp_pkg' returned '0': CMAKE_PREFIX_PATH=${CMAKE_PREFIX_PATH}:/home/pradyun/Assignment2_ws/install/my_py_pkg:/home/pradyun/Assignment2_ws/install/Rover:/opt/ros/humble /usr/bin/cmake --build /home/pradyun/Assignment2_ws/build/my_cpp_pkg -- -j12 -l12
[0.566s] DEBUG:colcon.colcon_core.event_handler.log_command:Invoking command in '/home/pradyun/Assignment2_ws/build/my_cpp_pkg': CMAKE_PREFIX_PATH=${CMAKE_PREFIX_PATH}:/home/pradyun/Assignment2_ws/install/my_py_pkg:/home/pradyun/Assignment2_ws/install/Rover:/opt/ros/humble /usr/bin/cmake --install /home/pradyun/Assignment2_ws/build/my_cpp_pkg
[0.718s] WARNING:colcon.colcon_ros.task.ament_python.build:Package 'rover' doesn't explicitly install a marker in the package index (colcon-ros currently does it implicitly but that fallback will be removed in the future)
[0.718s] WARNING:colcon.colcon_ros.task.ament_python.build:Package 'rover' doesn't explicitly install the 'package.xml' file (colcon-ros currently does it implicitly but that fallback will be removed in the future)
[0.718s] INFO:colcon.colcon_core.task.python.build:Building Python package in '/home/pradyun/Assignment2_ws/src/rover'
[0.718s] INFO:colcon.colcon_core.shell:Skip shell extension 'powershell' for command environment: Not usable outside of PowerShell
[0.718s] DEBUG:colcon.colcon_core.shell:Skip shell extension 'dsv' for command environment
[0.725s] Level 1:colcon.colcon_core.environment:create_environment_scripts_only(my_cpp_pkg)
[0.726s] DEBUG:colcon.colcon_core.event_handler.log_command:Invoked command in '/home/pradyun/Assignment2_ws/build/my_cpp_pkg' returned '0': CMAKE_PREFIX_PATH=${CMAKE_PREFIX_PATH}:/home/pradyun/Assignment2_ws/install/my_py_pkg:/home/pradyun/Assignment2_ws/install/Rover:/opt/ros/humble /usr/bin/cmake --install /home/pradyun/Assignment2_ws/build/my_cpp_pkg
[0.728s] Level 1:colcon.colcon_core.environment:checking '/home/pradyun/Assignment2_ws/install/my_cpp_pkg' for CMake module files
[0.729s] Level 1:colcon.colcon_core.environment:checking '/home/pradyun/Assignment2_ws/install/my_cpp_pkg' for CMake config files
[0.729s] Level 1:colcon.colcon_core.shell:create_environment_hook('my_cpp_pkg', 'cmake_prefix_path')
[0.729s] INFO:colcon.colcon_core.shell:Creating environment hook '/home/pradyun/Assignment2_ws/install/my_cpp_pkg/share/my_cpp_pkg/hook/cmake_prefix_path.ps1'
[0.730s] INFO:colcon.colcon_core.shell:Creating environment descriptor '/home/pradyun/Assignment2_ws/install/my_cpp_pkg/share/my_cpp_pkg/hook/cmake_prefix_path.dsv'
[0.730s] INFO:colcon.colcon_core.shell:Creating environment hook '/home/pradyun/Assignment2_ws/install/my_cpp_pkg/share/my_cpp_pkg/hook/cmake_prefix_path.sh'
[0.731s] Level 1:colcon.colcon_core.environment:checking '/home/pradyun/Assignment2_ws/install/my_cpp_pkg/bin'
[0.731s] Level 1:colcon.colcon_core.environment:checking '/home/pradyun/Assignment2_ws/install/my_cpp_pkg/lib/pkgconfig/my_cpp_pkg.pc'
[0.732s] Level 1:colcon.colcon_core.environment:checking '/home/pradyun/Assignment2_ws/install/my_cpp_pkg/lib/python3.10/site-packages'
[0.732s] Level 1:colcon.colcon_core.environment:checking '/home/pradyun/Assignment2_ws/install/my_cpp_pkg/bin'
[0.732s] INFO:colcon.colcon_core.shell:Creating package script '/home/pradyun/Assignment2_ws/install/my_cpp_pkg/share/my_cpp_pkg/package.ps1'
[0.733s] INFO:colcon.colcon_core.shell:Creating package descriptor '/home/pradyun/Assignment2_ws/install/my_cpp_pkg/share/my_cpp_pkg/package.dsv'
[0.734s] INFO:colcon.colcon_core.shell:Creating package script '/home/pradyun/Assignment2_ws/install/my_cpp_pkg/share/my_cpp_pkg/package.sh'
[0.735s] INFO:colcon.colcon_core.shell:Creating package script '/home/pradyun/Assignment2_ws/install/my_cpp_pkg/share/my_cpp_pkg/package.bash'
[0.736s] INFO:colcon.colcon_core.shell:Creating package script '/home/pradyun/Assignment2_ws/install/my_cpp_pkg/share/my_cpp_pkg/package.zsh'
[0.736s] Level 1:colcon.colcon_core.environment:create_file_with_runtime_dependencies(/home/pradyun/Assignment2_ws/install/my_cpp_pkg/share/colcon-core/packages/my_cpp_pkg)
[0.737s] Level 1:colcon.colcon_core.environment:create_environment_scripts_only(my_cpp_pkg)
[0.737s] Level 1:colcon.colcon_core.environment:checking '/home/pradyun/Assignment2_ws/install/my_cpp_pkg' for CMake module files
[0.738s] Level 1:colcon.colcon_core.environment:checking '/home/pradyun/Assignment2_ws/install/my_cpp_pkg' for CMake config files
[0.738s] Level 1:colcon.colcon_core.shell:create_environment_hook('my_cpp_pkg', 'cmake_prefix_path')
[0.738s] INFO:colcon.colcon_core.shell:Creating environment hook '/home/pradyun/Assignment2_ws/install/my_cpp_pkg/share/my_cpp_pkg/hook/cmake_prefix_path.ps1'
[0.739s] INFO:colcon.colcon_core.shell:Creating environment descriptor '/home/pradyun/Assignment2_ws/install/my_cpp_pkg/share/my_cpp_pkg/hook/cmake_prefix_path.dsv'
[0.739s] INFO:colcon.colcon_core.shell:Creating environment hook '/home/pradyun/Assignment2_ws/install/my_cpp_pkg/share/my_cpp_pkg/hook/cmake_prefix_path.sh'
[0.740s] Level 1:colcon.colcon_core.environment:checking '/home/pradyun/Assignment2_ws/install/my_cpp_pkg/bin'
[0.740s] Level 1:colcon.colcon_core.environment:checking '/home/pradyun/Assignment2_ws/install/my_cpp_pkg/lib/pkgconfig/my_cpp_pkg.pc'
[0.740s] Level 1:colcon.colcon_core.environment:checking '/home/pradyun/Assignment2_ws/install/my_cpp_pkg/lib/python3.10/site-packages'
[0.741s] Level 1:colcon.colcon_core.environment:checking '/home/pradyun/Assignment2_ws/install/my_cpp_pkg/bin'
[0.741s] INFO:colcon.colcon_core.shell:Creating package script '/home/pradyun/Assignment2_ws/install/my_cpp_pkg/share/my_cpp_pkg/package.ps1'
[0.742s] INFO:colcon.colcon_core.shell:Creating package descriptor '/home/pradyun/Assignment2_ws/install/my_cpp_pkg/share/my_cpp_pkg/package.dsv'
[0.742s] INFO:colcon.colcon_core.shell:Creating package script '/home/pradyun/Assignment2_ws/install/my_cpp_pkg/share/my_cpp_pkg/package.sh'
[0.742s] INFO:colcon.colcon_core.shell:Creating package script '/home/pradyun/Assignment2_ws/install/my_cpp_pkg/share/my_cpp_pkg/package.bash'
[0.743s] INFO:colcon.colcon_core.shell:Creating package script '/home/pradyun/Assignment2_ws/install/my_cpp_pkg/share/my_cpp_pkg/package.zsh'
[0.743s] Level 1:colcon.colcon_core.environment:create_file_with_runtime_dependencies(/home/pradyun/Assignment2_ws/install/my_cpp_pkg/share/colcon-core/packages/my_cpp_pkg)
[0.946s] DEBUG:colcon.colcon_core.event_handler.log_command:Invoking command in '/home/pradyun/Assignment2_ws/src/my_py_pkg': PYTHONPATH=/home/pradyun/Assignment2_ws/build/my_py_pkg/prefix_override:/usr/lib/python3/dist-packages/colcon_core/task/python/colcon_distutils_commands:/home/pradyun/Assignment2_ws/install/my_py_pkg/lib/python3.10/site-packages:${PYTHONPATH} /usr/bin/python3 -W ignore:setup.py install is deprecated -W ignore:easy_install command is deprecated setup.py egg_info --egg-base ../../build/my_py_pkg build --build-base /home/pradyun/Assignment2_ws/build/my_py_pkg/build install --record /home/pradyun/Assignment2_ws/build/my_py_pkg/install.log --single-version-externally-managed install_data
[0.952s] DEBUG:colcon.colcon_core.event_handler.log_command:Invoking command in '/home/pradyun/Assignment2_ws/src/Rover': PYTHONPATH=/home/pradyun/Assignment2_ws/build/Rover/prefix_override:/usr/lib/python3/dist-packages/colcon_core/task/python/colcon_distutils_commands:/home/pradyun/Assignment2_ws/install/Rover/lib/python3.10/site-packages:${PYTHONPATH} /usr/bin/python3 -W ignore:setup.py install is deprecated -W ignore:easy_install command is deprecated setup.py egg_info --egg-base ../../build/Rover build --build-base /home/pradyun/Assignment2_ws/build/Rover/build install --record /home/pradyun/Assignment2_ws/build/Rover/install.log --single-version-externally-managed install_data
[0.972s] DEBUG:colcon.colcon_core.event_handler.log_command:Invoking command in '/home/pradyun/Assignment2_ws/src/rover': PYTHONPATH=/home/pradyun/Assignment2_ws/build/rover/prefix_override:/usr/lib/python3/dist-packages/colcon_core/task/python/colcon_distutils_commands:/home/pradyun/Assignment2_ws/install/rover/lib/python3.10/site-packages:${PYTHONPATH} /usr/bin/python3 -W ignore:setup.py install is deprecated -W ignore:easy_install command is deprecated setup.py egg_info --egg-base ../../build/rover build --build-base /home/pradyun/Assignment2_ws/build/rover/build install --record /home/pradyun/Assignment2_ws/build/rover/install.log --single-version-externally-managed install_data
[1.135s] Level 1:colcon.colcon_core.environment:checking '/home/pradyun/Assignment2_ws/install/Rover' for CMake module files
[1.136s] DEBUG:colcon.colcon_core.event_handler.log_command:Invoked command in '/home/pradyun/Assignment2_ws/src/Rover' returned '0': PYTHONPATH=/home/pradyun/Assignment2_ws/build/Rover/prefix_override:/usr/lib/python3/dist-packages/colcon_core/task/python/colcon_distutils_commands:/home/pradyun/Assignment2_ws/install/Rover/lib/python3.10/site-packages:${PYTHONPATH} /usr/bin/python3 -W ignore:setup.py install is deprecated -W ignore:easy_install command is deprecated setup.py egg_info --egg-base ../../build/Rover build --build-base /home/pradyun/Assignment2_ws/build/Rover/build install --record /home/pradyun/Assignment2_ws/build/Rover/install.log --single-version-externally-managed install_data
[1.137s] Level 1:colcon.colcon_core.environment:checking '/home/pradyun/Assignment2_ws/install/Rover' for CMake config files
[1.137s] Level 1:colcon.colcon_core.environment:checking '/home/pradyun/Assignment2_ws/install/Rover/lib'
[1.138s] Level 1:colcon.colcon_core.environment:checking '/home/pradyun/Assignment2_ws/install/Rover/bin'
[1.138s] Level 1:colcon.colcon_core.environment:checking '/home/pradyun/Assignment2_ws/install/Rover/lib/pkgconfig/Rover.pc'
[1.138s] Level 1:colcon.colcon_core.environment:checking '/home/pradyun/Assignment2_ws/install/Rover/lib/python3.10/site-packages'
[1.138s] Level 1:colcon.colcon_core.shell:create_environment_hook('Rover', 'pythonpath')
[1.138s] INFO:colcon.colcon_core.shell:Creating environment hook '/home/pradyun/Assignment2_ws/install/Rover/share/Rover/hook/pythonpath.ps1'
[1.139s] INFO:colcon.colcon_core.shell:Creating environment descriptor '/home/pradyun/Assignment2_ws/install/Rover/share/Rover/hook/pythonpath.dsv'
[1.139s] INFO:colcon.colcon_core.shell:Creating environment hook '/home/pradyun/Assignment2_ws/install/Rover/share/Rover/hook/pythonpath.sh'
[1.140s] Level 1:colcon.colcon_core.environment:checking '/home/pradyun/Assignment2_ws/install/Rover/bin'
[1.140s] Level 1:colcon.colcon_core.environment:create_environment_scripts_only(Rover)
[1.140s] INFO:colcon.colcon_core.shell:Creating package script '/home/pradyun/Assignment2_ws/install/Rover/share/Rover/package.ps1'
[1.140s] INFO:colcon.colcon_core.shell:Creating package descriptor '/home/pradyun/Assignment2_ws/install/Rover/share/Rover/package.dsv'
[1.140s] INFO:colcon.colcon_core.shell:Creating package script '/home/pradyun/Assignment2_ws/install/Rover/share/Rover/package.sh'
[1.141s] INFO:colcon.colcon_core.shell:Creating package script '/home/pradyun/Assignment2_ws/install/Rover/share/Rover/package.bash'
[1.141s] INFO:colcon.colcon_core.shell:Creating package script '/home/pradyun/Assignment2_ws/install/Rover/share/Rover/package.zsh'
[1.141s] Level 1:colcon.colcon_core.environment:create_file_with_runtime_dependencies(/home/pradyun/Assignment2_ws/install/Rover/share/colcon-core/packages/Rover)
[1.142s] Level 1:colcon.colcon_core.environment:checking '/home/pradyun/Assignment2_ws/install/my_py_pkg' for CMake module files
[1.142s] Level 1:colcon.colcon_core.environment:checking '/home/pradyun/Assignment2_ws/install/my_py_pkg' for CMake config files
[1.143s] DEBUG:colcon.colcon_core.event_handler.log_command:Invoked command in '/home/pradyun/Assignment2_ws/src/my_py_pkg' returned '0': PYTHONPATH=/home/pradyun/Assignment2_ws/build/my_py_pkg/prefix_override:/usr/lib/python3/dist-packages/colcon_core/task/python/colcon_distutils_commands:/home/pradyun/Assignment2_ws/install/my_py_pkg/lib/python3.10/site-packages:${PYTHONPATH} /usr/bin/python3 -W ignore:setup.py install is deprecated -W ignore:easy_install command is deprecated setup.py egg_info --egg-base ../../build/my_py_pkg build --build-base /home/pradyun/Assignment2_ws/build/my_py_pkg/build install --record /home/pradyun/Assignment2_ws/build/my_py_pkg/install.log --single-version-externally-managed install_data
[1.143s] Level 1:colcon.colcon_core.environment:checking '/home/pradyun/Assignment2_ws/install/my_py_pkg/lib'
[1.143s] Level 1:colcon.colcon_core.environment:checking '/home/pradyun/Assignment2_ws/install/my_py_pkg/bin'
[1.143s] Level 1:colcon.colcon_core.environment:checking '/home/pradyun/Assignment2_ws/install/my_py_pkg/lib/pkgconfig/my_py_pkg.pc'
[1.143s] Level 1:colcon.colcon_core.environment:checking '/home/pradyun/Assignment2_ws/install/my_py_pkg/lib/python3.10/site-packages'
[1.143s] Level 1:colcon.colcon_core.shell:create_environment_hook('my_py_pkg', 'pythonpath')
[1.143s] INFO:colcon.colcon_core.shell:Creating environment hook '/home/pradyun/Assignment2_ws/install/my_py_pkg/share/my_py_pkg/hook/pythonpath.ps1'
[1.144s] INFO:colcon.colcon_core.shell:Creating environment descriptor '/home/pradyun/Assignment2_ws/install/my_py_pkg/share/my_py_pkg/hook/pythonpath.dsv'
[1.144s] INFO:colcon.colcon_core.shell:Creating environment hook '/home/pradyun/Assignment2_ws/install/my_py_pkg/share/my_py_pkg/hook/pythonpath.sh'
[1.144s] Level 1:colcon.colcon_core.environment:checking '/home/pradyun/Assignment2_ws/install/my_py_pkg/bin'
[1.144s] Level 1:colcon.colcon_core.environment:create_environment_scripts_only(my_py_pkg)
[1.144s] INFO:colcon.colcon_core.shell:Creating package script '/home/pradyun/Assignment2_ws/install/my_py_pkg/share/my_py_pkg/package.ps1'
[1.145s] INFO:colcon.colcon_core.shell:Creating package descriptor '/home/pradyun/Assignment2_ws/install/my_py_pkg/share/my_py_pkg/package.dsv'
[1.145s] INFO:colcon.colcon_core.shell:Creating package script '/home/pradyun/Assignment2_ws/install/my_py_pkg/share/my_py_pkg/package.sh'
[1.145s] INFO:colcon.colcon_core.shell:Creating package script '/home/pradyun/Assignment2_ws/install/my_py_pkg/share/my_py_pkg/package.bash'
[1.145s] INFO:colcon.colcon_core.shell:Creating package script '/home/pradyun/Assignment2_ws/install/my_py_pkg/share/my_py_pkg/package.zsh'
[1.146s] Level 1:colcon.colcon_core.environment:create_file_with_runtime_dependencies(/home/pradyun/Assignment2_ws/install/my_py_pkg/share/colcon-core/packages/my_py_pkg)
[1.147s] DEBUG:colcon.colcon_core.event_handler.log_command:Invoked command in '/home/pradyun/Assignment2_ws/src/rover' returned '1': PYTHONPATH=/home/pradyun/Assignment2_ws/build/rover/prefix_override:/usr/lib/python3/dist-packages/colcon_core/task/python/colcon_distutils_commands:/home/pradyun/Assignment2_ws/install/rover/lib/python3.10/site-packages:${PYTHONPATH} /usr/bin/python3 -W ignore:setup.py install is deprecated -W ignore:easy_install command is deprecated setup.py egg_info --egg-base ../../build/rover build --build-base /home/pradyun/Assignment2_ws/build/rover/build install --record /home/pradyun/Assignment2_ws/build/rover/install.log --single-version-externally-managed install_data
[1.414s] DEBUG:colcon.colcon_parallel_executor.executor.parallel:closing loop
[1.414s] DEBUG:colcon.colcon_parallel_executor.executor.parallel:loop closed
[1.414s] DEBUG:colcon.colcon_parallel_executor.executor.parallel:run_until_complete finished with '1'
[1.414s] DEBUG:colcon.colcon_core.event_reactor:joining thread
[1.418s] INFO:colcon.colcon_core.plugin_system:Skipping extension 'colcon_notification.desktop_notification.terminal_notifier': Not used on non-Darwin systems
[1.419s] INFO:colcon.colcon_core.plugin_system:Skipping extension 'colcon_notification.desktop_notification.win32': Not used on non-Windows systems
[1.419s] INFO:colcon.colcon_notification.desktop_notification:Sending desktop notification using 'notify2'
[1.431s] DEBUG:colcon.colcon_core.event_reactor:joined thread
[1.431s] INFO:colcon.colcon_core.shell:Creating prefix script '/home/pradyun/Assignment2_ws/install/local_setup.ps1'
[1.433s] INFO:colcon.colcon_core.shell:Creating prefix util module '/home/pradyun/Assignment2_ws/install/_local_setup_util_ps1.py'
[1.436s] INFO:colcon.colcon_core.shell:Creating prefix chain script '/home/pradyun/Assignment2_ws/install/setup.ps1'
[1.437s] INFO:colcon.colcon_core.shell:Creating prefix script '/home/pradyun/Assignment2_ws/install/local_setup.sh'
[1.438s] INFO:colcon.colcon_core.shell:Creating prefix util module '/home/pradyun/Assignment2_ws/install/_local_setup_util_sh.py'
[1.439s] INFO:colcon.colcon_core.shell:Creating prefix chain script '/home/pradyun/Assignment2_ws/install/setup.sh'
[1.440s] INFO:colcon.colcon_core.shell:Creating prefix script '/home/pradyun/Assignment2_ws/install/local_setup.bash'
[1.440s] INFO:colcon.colcon_core.shell:Creating prefix chain script '/home/pradyun/Assignment2_ws/install/setup.bash'
[1.442s] INFO:colcon.colcon_core.shell:Creating prefix script '/home/pradyun/Assignment2_ws/install/local_setup.zsh'
[1.442s] INFO:colcon.colcon_core.shell:Creating prefix chain script '/home/pradyun/Assignment2_ws/install/setup.zsh'
