[  2%] [34m[1mGenerating C code for ROS interfaces[0m
[  5%] [34m[1mGenerating C++ code for ROS interfaces[0m
[  5%] Built target ament_cmake_python_copy_interfaces
running egg_info
creating interfaces.egg-info
writing interfaces.egg-info/PKG-INFO
writing dependency_links to interfaces.egg-info/dependency_links.txt
writing top-level names to interfaces.egg-info/top_level.txt
writing manifest file 'interfaces.egg-info/SOURCES.txt'
reading manifest file 'interfaces.egg-info/SOURCES.txt'
writing manifest file 'interfaces.egg-info/SOURCES.txt'
[  5%] Built target ament_cmake_python_build_interfaces_egg
[  5%] Built target interfaces__cpp
[ 10%] [34m[1mGenerating C++ type support dispatch for ROS interfaces[0m
[ 10%] [34m[1mGenerating C++ type support for eProsima Fast-RTPS[0m
[ 12%] [34m[1mGenerating C++ introspection for ROS interfaces[0m
[ 15%] [32mBuilding C object CMakeFiles/interfaces__rosidl_generator_c.dir/rosidl_generator_c/interfaces/msg/detail/rover_odometry__functions.c.o[0m
[ 17%] [32mBuilding C object CMakeFiles/interfaces__rosidl_generator_c.dir/rosidl_generator_c/interfaces/srv/detail/add_three_ints__functions.c.o[0m
[ 20%] [32m[1mLinking C shared library libinterfaces__rosidl_generator_c.so[0m
[ 20%] Built target interfaces__rosidl_generator_c
[ 23%] [34m[1mGenerating C type support for eProsima Fast-RTPS[0m
[ 25%] [34m[1mGenerating C introspection for ROS interfaces[0m
[ 28%] [34m[1mGenerating C type support dispatch for ROS interfaces[0m
[ 30%] [32mBuilding CXX object CMakeFiles/interfaces__rosidl_typesupport_cpp.dir/rosidl_typesupport_cpp/interfaces/srv/add_three_ints__type_support.cpp.o[0m
[ 33%] [32mBuilding CXX object CMakeFiles/interfaces__rosidl_typesupport_cpp.dir/rosidl_typesupport_cpp/interfaces/msg/rover_odometry__type_support.cpp.o[0m
[ 35%] [32mBuilding CXX object CMakeFiles/interfaces__rosidl_typesupport_fastrtps_cpp.dir/rosidl_typesupport_fastrtps_cpp/interfaces/msg/detail/dds_fastrtps/rover_odometry__type_support.cpp.o[0m
[ 38%] [32mBuilding CXX object CMakeFiles/interfaces__rosidl_typesupport_fastrtps_cpp.dir/rosidl_typesupport_fastrtps_cpp/interfaces/srv/detail/dds_fastrtps/add_three_ints__type_support.cpp.o[0m
[ 43%] [32mBuilding CXX object CMakeFiles/interfaces__rosidl_typesupport_introspection_cpp.dir/rosidl_typesupport_introspection_cpp/interfaces/msg/detail/rover_odometry__type_support.cpp.o[0m
[ 43%] [32mBuilding CXX object CMakeFiles/interfaces__rosidl_typesupport_introspection_cpp.dir/rosidl_typesupport_introspection_cpp/interfaces/srv/detail/add_three_ints__type_support.cpp.o[0m
[ 46%] [32mBuilding CXX object CMakeFiles/interfaces__rosidl_typesupport_c.dir/rosidl_typesupport_c/interfaces/srv/add_three_ints__type_support.cpp.o[0m
[ 48%] [32mBuilding CXX object CMakeFiles/interfaces__rosidl_typesupport_c.dir/rosidl_typesupport_c/interfaces/msg/rover_odometry__type_support.cpp.o[0m
[ 51%] [32m[1mLinking CXX shared library libinterfaces__rosidl_typesupport_c.so[0m
[ 51%] Built target interfaces__rosidl_typesupport_c
[ 56%] [32mBuilding CXX object CMakeFiles/interfaces__rosidl_typesupport_fastrtps_c.dir/rosidl_typesupport_fastrtps_c/interfaces/srv/detail/add_three_ints__type_support_c.cpp.o[0m
[ 56%] [32mBuilding CXX object CMakeFiles/interfaces__rosidl_typesupport_fastrtps_c.dir/rosidl_typesupport_fastrtps_c/interfaces/msg/detail/rover_odometry__type_support_c.cpp.o[0m
[ 58%] [32mBuilding C object CMakeFiles/interfaces__rosidl_typesupport_introspection_c.dir/rosidl_typesupport_introspection_c/interfaces/msg/detail/rover_odometry__type_support.c.o[0m
[ 61%] [32mBuilding C object CMakeFiles/interfaces__rosidl_typesupport_introspection_c.dir/rosidl_typesupport_introspection_c/interfaces/srv/detail/add_three_ints__type_support.c.o[0m
[ 64%] [32m[1mLinking C shared library libinterfaces__rosidl_typesupport_introspection_c.so[0m
[ 64%] Built target interfaces__rosidl_typesupport_introspection_c
[ 66%] [32m[1mLinking CXX shared library libinterfaces__rosidl_typesupport_cpp.so[0m
[ 66%] Built target interfaces__rosidl_typesupport_cpp
[ 69%] [32m[1mLinking CXX shared library libinterfaces__rosidl_typesupport_fastrtps_cpp.so[0m
[ 69%] Built target interfaces__rosidl_typesupport_fastrtps_cpp
[ 71%] [32m[1mLinking CXX shared library libinterfaces__rosidl_typesupport_fastrtps_c.so[0m
[ 74%] [32m[1mLinking CXX shared library libinterfaces__rosidl_typesupport_introspection_cpp.so[0m
[ 74%] Built target interfaces__rosidl_typesupport_fastrtps_c
[ 74%] Built target interfaces__rosidl_typesupport_introspection_cpp
[ 74%] Built target interfaces
[ 76%] [34m[1mGenerating Python code for ROS interfaces[0m
[ 76%] Built target interfaces__py
[ 79%] [32mBuilding C object CMakeFiles/interfaces__rosidl_generator_py.dir/rosidl_generator_py/interfaces/msg/_rover_odometry_s.c.o[0m
[ 82%] [32mBuilding C object CMakeFiles/interfaces__rosidl_generator_py.dir/rosidl_generator_py/interfaces/srv/_add_three_ints_s.c.o[0m
[ 84%] [32m[1mLinking C shared library rosidl_generator_py/interfaces/libinterfaces__rosidl_generator_py.so[0m
[ 84%] Built target interfaces__rosidl_generator_py
[ 87%] [32mBuilding C object CMakeFiles/interfaces__rosidl_typesupport_fastrtps_c__pyext.dir/rosidl_generator_py/interfaces/_interfaces_s.ep.rosidl_typesupport_fastrtps_c.c.o[0m
[ 89%] [32mBuilding C object CMakeFiles/interfaces__rosidl_typesupport_c__pyext.dir/rosidl_generator_py/interfaces/_interfaces_s.ep.rosidl_typesupport_c.c.o[0m
[ 92%] [32mBuilding C object CMakeFiles/interfaces__rosidl_typesupport_introspection_c__pyext.dir/rosidl_generator_py/interfaces/_interfaces_s.ep.rosidl_typesupport_introspection_c.c.o[0m
[ 94%] [32m[1mLinking C shared library rosidl_generator_py/interfaces/interfaces_s__rosidl_typesupport_introspection_c.cpython-310-x86_64-linux-gnu.so[0m
[ 97%] [32m[1mLinking C shared library rosidl_generator_py/interfaces/interfaces_s__rosidl_typesupport_c.cpython-310-x86_64-linux-gnu.so[0m
[100%] [32m[1mLinking C shared library rosidl_generator_py/interfaces/interfaces_s__rosidl_typesupport_fastrtps_c.cpython-310-x86_64-linux-gnu.so[0m
[100%] Built target interfaces__rosidl_typesupport_fastrtps_c__pyext
[100%] Built target interfaces__rosidl_typesupport_c__pyext
[100%] Built target interfaces__rosidl_typesupport_introspection_c__pyext
-- Install configuration: ""
-- Installing: /home/pradyun/Assignment2_ws/install/interfaces/share/ament_index/resource_index/rosidl_interfaces/interfaces
-- Installing: /home/pradyun/Assignment2_ws/install/interfaces/include/interfaces/interfaces
-- Installing: /home/pradyun/Assignment2_ws/install/interfaces/include/interfaces/interfaces/msg
-- Installing: /home/pradyun/Assignment2_ws/install/interfaces/include/interfaces/interfaces/msg/rover_odometry.h
-- Installing: /home/pradyun/Assignment2_ws/install/interfaces/include/interfaces/interfaces/msg/rosidl_generator_c__visibility_control.h
-- Installing: /home/pradyun/Assignment2_ws/install/interfaces/include/interfaces/interfaces/msg/detail
-- Installing: /home/pradyun/Assignment2_ws/install/interfaces/include/interfaces/interfaces/msg/detail/rover_odometry__type_support.h
-- Installing: /home/pradyun/Assignment2_ws/install/interfaces/include/interfaces/interfaces/msg/detail/rover_odometry__struct.h
-- Installing: /home/pradyun/Assignment2_ws/install/interfaces/include/interfaces/interfaces/msg/detail/rover_odometry__functions.h
-- Installing: /home/pradyun/Assignment2_ws/install/interfaces/include/interfaces/interfaces/msg/detail/rover_odometry__functions.c
-- Installing: /home/pradyun/Assignment2_ws/install/interfaces/include/interfaces/interfaces/srv
-- Installing: /home/pradyun/Assignment2_ws/install/interfaces/include/interfaces/interfaces/srv/add_three_ints.h
-- Installing: /home/pradyun/Assignment2_ws/install/interfaces/include/interfaces/interfaces/srv/detail
-- Installing: /home/pradyun/Assignment2_ws/install/interfaces/include/interfaces/interfaces/srv/detail/add_three_ints__functions.c
-- Installing: /home/pradyun/Assignment2_ws/install/interfaces/include/interfaces/interfaces/srv/detail/add_three_ints__type_support.h
-- Installing: /home/pradyun/Assignment2_ws/install/interfaces/include/interfaces/interfaces/srv/detail/add_three_ints__struct.h
-- Installing: /home/pradyun/Assignment2_ws/install/interfaces/include/interfaces/interfaces/srv/detail/add_three_ints__functions.h
-- Installing: /home/pradyun/Assignment2_ws/install/interfaces/share/interfaces/environment/library_path.sh
-- Installing: /home/pradyun/Assignment2_ws/install/interfaces/share/interfaces/environment/library_path.dsv
-- Installing: /home/pradyun/Assignment2_ws/install/interfaces/lib/libinterfaces__rosidl_generator_c.so
-- Set runtime path of "/home/pradyun/Assignment2_ws/install/interfaces/lib/libinterfaces__rosidl_generator_c.so" to ""
-- Up-to-date: /home/pradyun/Assignment2_ws/install/interfaces/include/interfaces/interfaces
-- Up-to-date: /home/pradyun/Assignment2_ws/install/interfaces/include/interfaces/interfaces/msg
-- Installing: /home/pradyun/Assignment2_ws/install/interfaces/include/interfaces/interfaces/msg/rosidl_typesupport_fastrtps_c__visibility_control.h
-- Up-to-date: /home/pradyun/Assignment2_ws/install/interfaces/include/interfaces/interfaces/msg/detail
-- Installing: /home/pradyun/Assignment2_ws/install/interfaces/include/interfaces/interfaces/msg/detail/rover_odometry__rosidl_typesupport_fastrtps_c.h
-- Up-to-date: /home/pradyun/Assignment2_ws/install/interfaces/include/interfaces/interfaces/srv
-- Up-to-date: /home/pradyun/Assignment2_ws/install/interfaces/include/interfaces/interfaces/srv/detail
-- Installing: /home/pradyun/Assignment2_ws/install/interfaces/include/interfaces/interfaces/srv/detail/add_three_ints__rosidl_typesupport_fastrtps_c.h
-- Installing: /home/pradyun/Assignment2_ws/install/interfaces/lib/libinterfaces__rosidl_typesupport_fastrtps_c.so
-- Set runtime path of "/home/pradyun/Assignment2_ws/install/interfaces/lib/libinterfaces__rosidl_typesupport_fastrtps_c.so" to ""
-- Up-to-date: /home/pradyun/Assignment2_ws/install/interfaces/include/interfaces/interfaces
-- Up-to-date: /home/pradyun/Assignment2_ws/install/interfaces/include/interfaces/interfaces/msg
-- Installing: /home/pradyun/Assignment2_ws/install/interfaces/include/interfaces/interfaces/msg/rover_odometry.hpp
-- Installing: /home/pradyun/Assignment2_ws/install/interfaces/include/interfaces/interfaces/msg/rosidl_generator_cpp__visibility_control.hpp
-- Up-to-date: /home/pradyun/Assignment2_ws/install/interfaces/include/interfaces/interfaces/msg/detail
-- Installing: /home/pradyun/Assignment2_ws/install/interfaces/include/interfaces/interfaces/msg/detail/rover_odometry__struct.hpp
-- Installing: /home/pradyun/Assignment2_ws/install/interfaces/include/interfaces/interfaces/msg/detail/rover_odometry__traits.hpp
-- Installing: /home/pradyun/Assignment2_ws/install/interfaces/include/interfaces/interfaces/msg/detail/rover_odometry__type_support.hpp
-- Installing: /home/pradyun/Assignment2_ws/install/interfaces/include/interfaces/interfaces/msg/detail/rover_odometry__builder.hpp
-- Up-to-date: /home/pradyun/Assignment2_ws/install/interfaces/include/interfaces/interfaces/srv
-- Installing: /home/pradyun/Assignment2_ws/install/interfaces/include/interfaces/interfaces/srv/add_three_ints.hpp
-- Up-to-date: /home/pradyun/Assignment2_ws/install/interfaces/include/interfaces/interfaces/srv/detail
-- Installing: /home/pradyun/Assignment2_ws/install/interfaces/include/interfaces/interfaces/srv/detail/add_three_ints__struct.hpp
-- Installing: /home/pradyun/Assignment2_ws/install/interfaces/include/interfaces/interfaces/srv/detail/add_three_ints__builder.hpp
-- Installing: /home/pradyun/Assignment2_ws/install/interfaces/include/interfaces/interfaces/srv/detail/add_three_ints__traits.hpp
-- Installing: /home/pradyun/Assignment2_ws/install/interfaces/include/interfaces/interfaces/srv/detail/add_three_ints__type_support.hpp
-- Up-to-date: /home/pradyun/Assignment2_ws/install/interfaces/include/interfaces/interfaces
-- Up-to-date: /home/pradyun/Assignment2_ws/install/interfaces/include/interfaces/interfaces/msg
-- Installing: /home/pradyun/Assignment2_ws/install/interfaces/include/interfaces/interfaces/msg/rosidl_typesupport_fastrtps_cpp__visibility_control.h
-- Up-to-date: /home/pradyun/Assignment2_ws/install/interfaces/include/interfaces/interfaces/msg/detail
-- Installing: /home/pradyun/Assignment2_ws/install/interfaces/include/interfaces/interfaces/msg/detail/rover_odometry__rosidl_typesupport_fastrtps_cpp.hpp
-- Installing: /home/pradyun/Assignment2_ws/install/interfaces/include/interfaces/interfaces/msg/detail/dds_fastrtps
-- Up-to-date: /home/pradyun/Assignment2_ws/install/interfaces/include/interfaces/interfaces/srv
-- Up-to-date: /home/pradyun/Assignment2_ws/install/interfaces/include/interfaces/interfaces/srv/detail
-- Installing: /home/pradyun/Assignment2_ws/install/interfaces/include/interfaces/interfaces/srv/detail/dds_fastrtps
-- Installing: /home/pradyun/Assignment2_ws/install/interfaces/include/interfaces/interfaces/srv/detail/add_three_ints__rosidl_typesupport_fastrtps_cpp.hpp
-- Installing: /home/pradyun/Assignment2_ws/install/interfaces/lib/libinterfaces__rosidl_typesupport_fastrtps_cpp.so
-- Set runtime path of "/home/pradyun/Assignment2_ws/install/interfaces/lib/libinterfaces__rosidl_typesupport_fastrtps_cpp.so" to ""
-- Up-to-date: /home/pradyun/Assignment2_ws/install/interfaces/include/interfaces/interfaces
-- Up-to-date: /home/pradyun/Assignment2_ws/install/interfaces/include/interfaces/interfaces/msg
-- Installing: /home/pradyun/Assignment2_ws/install/interfaces/include/interfaces/interfaces/msg/rosidl_typesupport_introspection_c__visibility_control.h
-- Up-to-date: /home/pradyun/Assignment2_ws/install/interfaces/include/interfaces/interfaces/msg/detail
-- Installing: /home/pradyun/Assignment2_ws/install/interfaces/include/interfaces/interfaces/msg/detail/rover_odometry__type_support.c
-- Installing: /home/pradyun/Assignment2_ws/install/interfaces/include/interfaces/interfaces/msg/detail/rover_odometry__rosidl_typesupport_introspection_c.h
-- Up-to-date: /home/pradyun/Assignment2_ws/install/interfaces/include/interfaces/interfaces/srv
-- Up-to-date: /home/pradyun/Assignment2_ws/install/interfaces/include/interfaces/interfaces/srv/detail
-- Installing: /home/pradyun/Assignment2_ws/install/interfaces/include/interfaces/interfaces/srv/detail/add_three_ints__type_support.c
-- Installing: /home/pradyun/Assignment2_ws/install/interfaces/include/interfaces/interfaces/srv/detail/add_three_ints__rosidl_typesupport_introspection_c.h
-- Installing: /home/pradyun/Assignment2_ws/install/interfaces/lib/libinterfaces__rosidl_typesupport_introspection_c.so
-- Set runtime path of "/home/pradyun/Assignment2_ws/install/interfaces/lib/libinterfaces__rosidl_typesupport_introspection_c.so" to ""
-- Installing: /home/pradyun/Assignment2_ws/install/interfaces/lib/libinterfaces__rosidl_typesupport_c.so
-- Set runtime path of "/home/pradyun/Assignment2_ws/install/interfaces/lib/libinterfaces__rosidl_typesupport_c.so" to ""
-- Up-to-date: /home/pradyun/Assignment2_ws/install/interfaces/include/interfaces/interfaces
-- Up-to-date: /home/pradyun/Assignment2_ws/install/interfaces/include/interfaces/interfaces/msg
-- Up-to-date: /home/pradyun/Assignment2_ws/install/interfaces/include/interfaces/interfaces/msg/detail
-- Installing: /home/pradyun/Assignment2_ws/install/interfaces/include/interfaces/interfaces/msg/detail/rover_odometry__type_support.cpp
-- Installing: /home/pradyun/Assignment2_ws/install/interfaces/include/interfaces/interfaces/msg/detail/rover_odometry__rosidl_typesupport_introspection_cpp.hpp
-- Up-to-date: /home/pradyun/Assignment2_ws/install/interfaces/include/interfaces/interfaces/srv
-- Up-to-date: /home/pradyun/Assignment2_ws/install/interfaces/include/interfaces/interfaces/srv/detail
-- Installing: /home/pradyun/Assignment2_ws/install/interfaces/include/interfaces/interfaces/srv/detail/add_three_ints__type_support.cpp
-- Installing: /home/pradyun/Assignment2_ws/install/interfaces/include/interfaces/interfaces/srv/detail/add_three_ints__rosidl_typesupport_introspection_cpp.hpp
-- Installing: /home/pradyun/Assignment2_ws/install/interfaces/lib/libinterfaces__rosidl_typesupport_introspection_cpp.so
-- Set runtime path of "/home/pradyun/Assignment2_ws/install/interfaces/lib/libinterfaces__rosidl_typesupport_introspection_cpp.so" to ""
-- Installing: /home/pradyun/Assignment2_ws/install/interfaces/lib/libinterfaces__rosidl_typesupport_cpp.so
-- Set runtime path of "/home/pradyun/Assignment2_ws/install/interfaces/lib/libinterfaces__rosidl_typesupport_cpp.so" to ""
-- Installing: /home/pradyun/Assignment2_ws/install/interfaces/share/interfaces/environment/pythonpath.sh
-- Installing: /home/pradyun/Assignment2_ws/install/interfaces/share/interfaces/environment/pythonpath.dsv
-- Installing: /home/pradyun/Assignment2_ws/install/interfaces/local/lib/python3.10/dist-packages/interfaces-0.0.0-py3.10.egg-info
-- Installing: /home/pradyun/Assignment2_ws/install/interfaces/local/lib/python3.10/dist-packages/interfaces-0.0.0-py3.10.egg-info/PKG-INFO
-- Installing: /home/pradyun/Assignment2_ws/install/interfaces/local/lib/python3.10/dist-packages/interfaces-0.0.0-py3.10.egg-info/SOURCES.txt
-- Installing: /home/pradyun/Assignment2_ws/install/interfaces/local/lib/python3.10/dist-packages/interfaces-0.0.0-py3.10.egg-info/dependency_links.txt
-- Installing: /home/pradyun/Assignment2_ws/install/interfaces/local/lib/python3.10/dist-packages/interfaces-0.0.0-py3.10.egg-info/top_level.txt
-- Installing: /home/pradyun/Assignment2_ws/install/interfaces/local/lib/python3.10/dist-packages/interfaces
-- Installing: /home/pradyun/Assignment2_ws/install/interfaces/local/lib/python3.10/dist-packages/interfaces/libinterfaces__rosidl_generator_py.so
-- Installing: /home/pradyun/Assignment2_ws/install/interfaces/local/lib/python3.10/dist-packages/interfaces/__init__.py
-- Installing: /home/pradyun/Assignment2_ws/install/interfaces/local/lib/python3.10/dist-packages/interfaces/interfaces_s__rosidl_typesupport_fastrtps_c.cpython-310-x86_64-linux-gnu.so
-- Installing: /home/pradyun/Assignment2_ws/install/interfaces/local/lib/python3.10/dist-packages/interfaces/interfaces_s__rosidl_typesupport_introspection_c.cpython-310-x86_64-linux-gnu.so
-- Installing: /home/pradyun/Assignment2_ws/install/interfaces/local/lib/python3.10/dist-packages/interfaces/_interfaces_s.ep.rosidl_typesupport_c.c
-- Installing: /home/pradyun/Assignment2_ws/install/interfaces/local/lib/python3.10/dist-packages/interfaces/_interfaces_s.ep.rosidl_typesupport_introspection_c.c
-- Installing: /home/pradyun/Assignment2_ws/install/interfaces/local/lib/python3.10/dist-packages/interfaces/interfaces_s__rosidl_typesupport_c.cpython-310-x86_64-linux-gnu.so
-- Installing: /home/pradyun/Assignment2_ws/install/interfaces/local/lib/python3.10/dist-packages/interfaces/_interfaces_s.ep.rosidl_typesupport_fastrtps_c.c
-- Installing: /home/pradyun/Assignment2_ws/install/interfaces/local/lib/python3.10/dist-packages/interfaces/msg
-- Installing: /home/pradyun/Assignment2_ws/install/interfaces/local/lib/python3.10/dist-packages/interfaces/msg/__init__.py
-- Installing: /home/pradyun/Assignment2_ws/install/interfaces/local/lib/python3.10/dist-packages/interfaces/msg/_rover_odometry.py
-- Installing: /home/pradyun/Assignment2_ws/install/interfaces/local/lib/python3.10/dist-packages/interfaces/msg/_rover_odometry_s.c
-- Installing: /home/pradyun/Assignment2_ws/install/interfaces/local/lib/python3.10/dist-packages/interfaces/srv
-- Installing: /home/pradyun/Assignment2_ws/install/interfaces/local/lib/python3.10/dist-packages/interfaces/srv/__init__.py
-- Installing: /home/pradyun/Assignment2_ws/install/interfaces/local/lib/python3.10/dist-packages/interfaces/srv/_add_three_ints_s.c
-- Installing: /home/pradyun/Assignment2_ws/install/interfaces/local/lib/python3.10/dist-packages/interfaces/srv/_add_three_ints.py
Listing '/home/pradyun/Assignment2_ws/install/interfaces/local/lib/python3.10/dist-packages/interfaces'...
Compiling '/home/pradyun/Assignment2_ws/install/interfaces/local/lib/python3.10/dist-packages/interfaces/__init__.py'...
Listing '/home/pradyun/Assignment2_ws/install/interfaces/local/lib/python3.10/dist-packages/interfaces/msg'...
Compiling '/home/pradyun/Assignment2_ws/install/interfaces/local/lib/python3.10/dist-packages/interfaces/msg/__init__.py'...
Compiling '/home/pradyun/Assignment2_ws/install/interfaces/local/lib/python3.10/dist-packages/interfaces/msg/_rover_odometry.py'...
Listing '/home/pradyun/Assignment2_ws/install/interfaces/local/lib/python3.10/dist-packages/interfaces/srv'...
Compiling '/home/pradyun/Assignment2_ws/install/interfaces/local/lib/python3.10/dist-packages/interfaces/srv/__init__.py'...
Compiling '/home/pradyun/Assignment2_ws/install/interfaces/local/lib/python3.10/dist-packages/interfaces/srv/_add_three_ints.py'...
-- Installing: /home/pradyun/Assignment2_ws/install/interfaces/local/lib/python3.10/dist-packages/interfaces/interfaces_s__rosidl_typesupport_fastrtps_c.cpython-310-x86_64-linux-gnu.so
-- Set runtime path of "/home/pradyun/Assignment2_ws/install/interfaces/local/lib/python3.10/dist-packages/interfaces/interfaces_s__rosidl_typesupport_fastrtps_c.cpython-310-x86_64-linux-gnu.so" to ""
-- Installing: /home/pradyun/Assignment2_ws/install/interfaces/local/lib/python3.10/dist-packages/interfaces/interfaces_s__rosidl_typesupport_introspection_c.cpython-310-x86_64-linux-gnu.so
-- Set runtime path of "/home/pradyun/Assignment2_ws/install/interfaces/local/lib/python3.10/dist-packages/interfaces/interfaces_s__rosidl_typesupport_introspection_c.cpython-310-x86_64-linux-gnu.so" to ""
-- Installing: /home/pradyun/Assignment2_ws/install/interfaces/local/lib/python3.10/dist-packages/interfaces/interfaces_s__rosidl_typesupport_c.cpython-310-x86_64-linux-gnu.so
-- Set runtime path of "/home/pradyun/Assignment2_ws/install/interfaces/local/lib/python3.10/dist-packages/interfaces/interfaces_s__rosidl_typesupport_c.cpython-310-x86_64-linux-gnu.so" to ""
-- Installing: /home/pradyun/Assignment2_ws/install/interfaces/lib/libinterfaces__rosidl_generator_py.so
-- Set runtime path of "/home/pradyun/Assignment2_ws/install/interfaces/lib/libinterfaces__rosidl_generator_py.so" to ""
-- Installing: /home/pradyun/Assignment2_ws/install/interfaces/share/interfaces/msg/RoverOdometry.idl
-- Installing: /home/pradyun/Assignment2_ws/install/interfaces/share/interfaces/srv/AddThreeInts.idl
-- Installing: /home/pradyun/Assignment2_ws/install/interfaces/share/interfaces/mars_msgs/RoverOdometry.msg
-- Installing: /home/pradyun/Assignment2_ws/install/interfaces/share/interfaces/srv/AddThreeInts.srv
-- Installing: /home/pradyun/Assignment2_ws/install/interfaces/share/interfaces/srv/AddThreeInts_Request.msg
-- Installing: /home/pradyun/Assignment2_ws/install/interfaces/share/interfaces/srv/AddThreeInts_Response.msg
-- Installing: /home/pradyun/Assignment2_ws/install/interfaces/share/ament_index/resource_index/package_run_dependencies/interfaces
-- Installing: /home/pradyun/Assignment2_ws/install/interfaces/share/ament_index/resource_index/parent_prefix_path/interfaces
-- Installing: /home/pradyun/Assignment2_ws/install/interfaces/share/interfaces/environment/ament_prefix_path.sh
-- Installing: /home/pradyun/Assignment2_ws/install/interfaces/share/interfaces/environment/ament_prefix_path.dsv
-- Installing: /home/pradyun/Assignment2_ws/install/interfaces/share/interfaces/environment/path.sh
-- Installing: /home/pradyun/Assignment2_ws/install/interfaces/share/interfaces/environment/path.dsv
-- Installing: /home/pradyun/Assignment2_ws/install/interfaces/share/interfaces/local_setup.bash
-- Installing: /home/pradyun/Assignment2_ws/install/interfaces/share/interfaces/local_setup.sh
-- Installing: /home/pradyun/Assignment2_ws/install/interfaces/share/interfaces/local_setup.zsh
-- Installing: /home/pradyun/Assignment2_ws/install/interfaces/share/interfaces/local_setup.dsv
-- Installing: /home/pradyun/Assignment2_ws/install/interfaces/share/interfaces/package.dsv
-- Installing: /home/pradyun/Assignment2_ws/install/interfaces/share/ament_index/resource_index/packages/interfaces
-- Installing: /home/pradyun/Assignment2_ws/install/interfaces/share/interfaces/cmake/export_interfaces__rosidl_generator_cExport.cmake
-- Installing: /home/pradyun/Assignment2_ws/install/interfaces/share/interfaces/cmake/export_interfaces__rosidl_generator_cExport-noconfig.cmake
-- Installing: /home/pradyun/Assignment2_ws/install/interfaces/share/interfaces/cmake/export_interfaces__rosidl_typesupport_fastrtps_cExport.cmake
-- Installing: /home/pradyun/Assignment2_ws/install/interfaces/share/interfaces/cmake/export_interfaces__rosidl_typesupport_fastrtps_cExport-noconfig.cmake
-- Installing: /home/pradyun/Assignment2_ws/install/interfaces/share/interfaces/cmake/export_interfaces__rosidl_generator_cppExport.cmake
-- Installing: /home/pradyun/Assignment2_ws/install/interfaces/share/interfaces/cmake/export_interfaces__rosidl_typesupport_fastrtps_cppExport.cmake
-- Installing: /home/pradyun/Assignment2_ws/install/interfaces/share/interfaces/cmake/export_interfaces__rosidl_typesupport_fastrtps_cppExport-noconfig.cmake
-- Installing: /home/pradyun/Assignment2_ws/install/interfaces/share/interfaces/cmake/interfaces__rosidl_typesupport_introspection_cExport.cmake
-- Installing: /home/pradyun/Assignment2_ws/install/interfaces/share/interfaces/cmake/interfaces__rosidl_typesupport_introspection_cExport-noconfig.cmake
-- Installing: /home/pradyun/Assignment2_ws/install/interfaces/share/interfaces/cmake/interfaces__rosidl_typesupport_cExport.cmake
-- Installing: /home/pradyun/Assignment2_ws/install/interfaces/share/interfaces/cmake/interfaces__rosidl_typesupport_cExport-noconfig.cmake
-- Installing: /home/pradyun/Assignment2_ws/install/interfaces/share/interfaces/cmake/interfaces__rosidl_typesupport_introspection_cppExport.cmake
-- Installing: /home/pradyun/Assignment2_ws/install/interfaces/share/interfaces/cmake/interfaces__rosidl_typesupport_introspection_cppExport-noconfig.cmake
-- Installing: /home/pradyun/Assignment2_ws/install/interfaces/share/interfaces/cmake/interfaces__rosidl_typesupport_cppExport.cmake
-- Installing: /home/pradyun/Assignment2_ws/install/interfaces/share/interfaces/cmake/interfaces__rosidl_typesupport_cppExport-noconfig.cmake
-- Installing: /home/pradyun/Assignment2_ws/install/interfaces/share/interfaces/cmake/export_interfaces__rosidl_generator_pyExport.cmake
-- Installing: /home/pradyun/Assignment2_ws/install/interfaces/share/interfaces/cmake/export_interfaces__rosidl_generator_pyExport-noconfig.cmake
-- Installing: /home/pradyun/Assignment2_ws/install/interfaces/share/interfaces/cmake/rosidl_cmake-extras.cmake
-- Installing: /home/pradyun/Assignment2_ws/install/interfaces/share/interfaces/cmake/ament_cmake_export_dependencies-extras.cmake
-- Installing: /home/pradyun/Assignment2_ws/install/interfaces/share/interfaces/cmake/ament_cmake_export_include_directories-extras.cmake
-- Installing: /home/pradyun/Assignment2_ws/install/interfaces/share/interfaces/cmake/ament_cmake_export_libraries-extras.cmake
-- Installing: /home/pradyun/Assignment2_ws/install/interfaces/share/interfaces/cmake/ament_cmake_export_targets-extras.cmake
-- Installing: /home/pradyun/Assignment2_ws/install/interfaces/share/interfaces/cmake/rosidl_cmake_export_typesupport_targets-extras.cmake
-- Installing: /home/pradyun/Assignment2_ws/install/interfaces/share/interfaces/cmake/rosidl_cmake_export_typesupport_libraries-extras.cmake
-- Installing: /home/pradyun/Assignment2_ws/install/interfaces/share/interfaces/cmake/interfacesConfig.cmake
-- Installing: /home/pradyun/Assignment2_ws/install/interfaces/share/interfaces/cmake/interfacesConfig-version.cmake
-- Installing: /home/pradyun/Assignment2_ws/install/interfaces/share/interfaces/package.xml
