[0.079s] DEBUG:colcon:Command line arguments: ['/usr/bin/colcon', 'build']
[0.079s] DEBUG:colcon:Parsed command line arguments: Namespace(log_base=None, log_level=None, verb_name='build', build_base='build', install_base='install', merge_install=False, symlink_install=False, test_result_base=None, continue_on_error=False, executor='parallel', parallel_workers=12, event_handlers=None, ignore_user_meta=False, metas=['./colcon.meta'], base_paths=['.'], packages_ignore=None, packages_ignore_regex=None, paths=None, packages_up_to=None, packages_up_to_regex=None, packages_above=None, packages_above_and_dependencies=None, packages_above_depth=None, packages_select_by_dep=None, packages_skip_by_dep=None, packages_skip_up_to=None, packages_select_build_failed=False, packages_skip_build_finished=False, packages_select_test_failures=False, packages_skip_test_passed=False, packages_select=None, packages_skip=None, packages_select_regex=None, packages_skip_regex=None, packages_start=None, packages_end=None, allow_overriding=[], cmake_args=None, cmake_target=None, cmake_target_skip_unavailable=False, cmake_clean_cache=False, cmake_clean_first=False, cmake_force_configure=False, ament_cmake_args=None, catkin_cmake_args=None, catkin_skip_building_tests=False, mixin_files=None, mixin=None, verb_parser=<colcon_mixin.mixin.mixin_argument.MixinArgumentDecorator object at 0x7dbbf6d57670>, verb_extension=<colcon_core.verb.build.BuildVerb object at 0x7dbbf6e94580>, main=<bound method BuildVerb.main of <colcon_core.verb.build.BuildVerb object at 0x7dbbf6e94580>>, mixin_verb=('build',))
[0.191s] Level 1:colcon.colcon_core.package_discovery:discover_packages(colcon_meta) check parameters
[0.191s] Level 1:colcon.colcon_core.package_discovery:discover_packages(recursive) check parameters
[0.191s] Level 1:colcon.colcon_core.package_discovery:discover_packages(ignore) check parameters
[0.191s] Level 1:colcon.colcon_core.package_discovery:discover_packages(path) check parameters
[0.191s] Level 1:colcon.colcon_core.package_discovery:discover_packages(colcon_meta) discover
[0.192s] Level 1:colcon.colcon_core.package_discovery:discover_packages(recursive) discover
[0.192s] INFO:colcon.colcon_core.package_discovery:Crawling recursively for packages in '/home/pradyun/Assignment2_ws'
[0.192s] Level 1:colcon.colcon_core.package_identification:_identify(.) by extensions ['ignore', 'ignore_ament_install']
[0.192s] Level 1:colcon.colcon_core.package_identification:_identify(.) by extension 'ignore'
[0.192s] Level 1:colcon.colcon_core.package_identification:_identify(.) by extension 'ignore_ament_install'
[0.192s] Level 1:colcon.colcon_core.package_identification:_identify(.) by extensions ['colcon_pkg']
[0.192s] Level 1:colcon.colcon_core.package_identification:_identify(.) by extension 'colcon_pkg'
[0.192s] Level 1:colcon.colcon_core.package_identification:_identify(.) by extensions ['colcon_meta']
[0.192s] Level 1:colcon.colcon_core.package_identification:_identify(.) by extension 'colcon_meta'
[0.192s] Level 1:colcon.colcon_core.package_identification:_identify(.) by extensions ['ros']
[0.192s] Level 1:colcon.colcon_core.package_identification:_identify(.) by extension 'ros'
[0.199s] Level 1:colcon.colcon_core.package_identification:_identify(.) by extensions ['cmake', 'python']
[0.199s] Level 1:colcon.colcon_core.package_identification:_identify(.) by extension 'cmake'
[0.199s] Level 1:colcon.colcon_core.package_identification:_identify(.) by extension 'python'
[0.199s] Level 1:colcon.colcon_core.package_identification:_identify(.) by extensions ['python_setup_py']
[0.199s] Level 1:colcon.colcon_core.package_identification:_identify(.) by extension 'python_setup_py'
[0.199s] Level 1:colcon.colcon_core.package_identification:_identify(build) by extensions ['ignore', 'ignore_ament_install']
[0.199s] Level 1:colcon.colcon_core.package_identification:_identify(build) by extension 'ignore'
[0.200s] Level 1:colcon.colcon_core.package_identification:_identify(build) ignored
[0.200s] Level 1:colcon.colcon_core.package_identification:_identify(install) by extensions ['ignore', 'ignore_ament_install']
[0.200s] Level 1:colcon.colcon_core.package_identification:_identify(install) by extension 'ignore'
[0.200s] Level 1:colcon.colcon_core.package_identification:_identify(install) ignored
[0.200s] Level 1:colcon.colcon_core.package_identification:_identify(log) by extensions ['ignore', 'ignore_ament_install']
[0.200s] Level 1:colcon.colcon_core.package_identification:_identify(log) by extension 'ignore'
[0.200s] Level 1:colcon.colcon_core.package_identification:_identify(log) ignored
[0.200s] Level 1:colcon.colcon_core.package_identification:_identify(src) by extensions ['ignore', 'ignore_ament_install']
[0.200s] Level 1:colcon.colcon_core.package_identification:_identify(src) by extension 'ignore'
[0.200s] Level 1:colcon.colcon_core.package_identification:_identify(src) by extension 'ignore_ament_install'
[0.200s] Level 1:colcon.colcon_core.package_identification:_identify(src) by extensions ['colcon_pkg']
[0.200s] Level 1:colcon.colcon_core.package_identification:_identify(src) by extension 'colcon_pkg'
[0.200s] Level 1:colcon.colcon_core.package_identification:_identify(src) by extensions ['colcon_meta']
[0.200s] Level 1:colcon.colcon_core.package_identification:_identify(src) by extension 'colcon_meta'
[0.200s] Level 1:colcon.colcon_core.package_identification:_identify(src) by extensions ['ros']
[0.200s] Level 1:colcon.colcon_core.package_identification:_identify(src) by extension 'ros'
[0.200s] Level 1:colcon.colcon_core.package_identification:_identify(src) by extensions ['cmake', 'python']
[0.200s] Level 1:colcon.colcon_core.package_identification:_identify(src) by extension 'cmake'
[0.200s] Level 1:colcon.colcon_core.package_identification:_identify(src) by extension 'python'
[0.200s] Level 1:colcon.colcon_core.package_identification:_identify(src) by extensions ['python_setup_py']
[0.200s] Level 1:colcon.colcon_core.package_identification:_identify(src) by extension 'python_setup_py'
[0.200s] Level 1:colcon.colcon_core.package_identification:_identify(src/mars_msgs) by extensions ['ignore', 'ignore_ament_install']
[0.200s] Level 1:colcon.colcon_core.package_identification:_identify(src/mars_msgs) by extension 'ignore'
[0.200s] Level 1:colcon.colcon_core.package_identification:_identify(src/mars_msgs) by extension 'ignore_ament_install'
[0.200s] Level 1:colcon.colcon_core.package_identification:_identify(src/mars_msgs) by extensions ['colcon_pkg']
[0.201s] Level 1:colcon.colcon_core.package_identification:_identify(src/mars_msgs) by extension 'colcon_pkg'
[0.201s] Level 1:colcon.colcon_core.package_identification:_identify(src/mars_msgs) by extensions ['colcon_meta']
[0.201s] Level 1:colcon.colcon_core.package_identification:_identify(src/mars_msgs) by extension 'colcon_meta'
[0.201s] Level 1:colcon.colcon_core.package_identification:_identify(src/mars_msgs) by extensions ['ros']
[0.201s] Level 1:colcon.colcon_core.package_identification:_identify(src/mars_msgs) by extension 'ros'
[0.203s] DEBUG:colcon.colcon_core.package_identification:Package 'src/mars_msgs' with type 'ros.ament_cmake' and name 'mars_msgs'
[0.203s] Level 1:colcon.colcon_core.package_identification:_identify(src/rover) by extensions ['ignore', 'ignore_ament_install']
[0.203s] Level 1:colcon.colcon_core.package_identification:_identify(src/rover) by extension 'ignore'
[0.204s] Level 1:colcon.colcon_core.package_identification:_identify(src/rover) by extension 'ignore_ament_install'
[0.204s] Level 1:colcon.colcon_core.package_identification:_identify(src/rover) by extensions ['colcon_pkg']
[0.204s] Level 1:colcon.colcon_core.package_identification:_identify(src/rover) by extension 'colcon_pkg'
[0.204s] Level 1:colcon.colcon_core.package_identification:_identify(src/rover) by extensions ['colcon_meta']
[0.204s] Level 1:colcon.colcon_core.package_identification:_identify(src/rover) by extension 'colcon_meta'
[0.204s] Level 1:colcon.colcon_core.package_identification:_identify(src/rover) by extensions ['ros']
[0.204s] Level 1:colcon.colcon_core.package_identification:_identify(src/rover) by extension 'ros'
[0.204s] DEBUG:colcon.colcon_core.package_identification:Package 'src/rover' with type 'ros.ament_python' and name 'rover'
[0.204s] Level 1:colcon.colcon_core.package_identification:_identify(src/rover_odometry) by extensions ['ignore', 'ignore_ament_install']
[0.205s] Level 1:colcon.colcon_core.package_identification:_identify(src/rover_odometry) by extension 'ignore'
[0.205s] Level 1:colcon.colcon_core.package_identification:_identify(src/rover_odometry) by extension 'ignore_ament_install'
[0.205s] Level 1:colcon.colcon_core.package_identification:_identify(src/rover_odometry) by extensions ['colcon_pkg']
[0.205s] Level 1:colcon.colcon_core.package_identification:_identify(src/rover_odometry) by extension 'colcon_pkg'
[0.205s] Level 1:colcon.colcon_core.package_identification:_identify(src/rover_odometry) by extensions ['colcon_meta']
[0.205s] Level 1:colcon.colcon_core.package_identification:_identify(src/rover_odometry) by extension 'colcon_meta'
[0.205s] Level 1:colcon.colcon_core.package_identification:_identify(src/rover_odometry) by extensions ['ros']
[0.205s] Level 1:colcon.colcon_core.package_identification:_identify(src/rover_odometry) by extension 'ros'
[0.205s] DEBUG:colcon.colcon_core.package_identification:Package 'src/rover_odometry' with type 'ros.ament_python' and name 'rover_odometry'
[0.205s] Level 1:colcon.colcon_core.package_discovery:discover_packages(recursive) using defaults
[0.206s] Level 1:colcon.colcon_core.package_discovery:discover_packages(ignore) discover
[0.206s] Level 1:colcon.colcon_core.package_discovery:discover_packages(ignore) using defaults
[0.206s] Level 1:colcon.colcon_core.package_discovery:discover_packages(path) discover
[0.206s] Level 1:colcon.colcon_core.package_discovery:discover_packages(path) using defaults
[0.228s] Level 1:colcon.colcon_core.package_discovery:discover_packages(prefix_path) check parameters
[0.229s] Level 1:colcon.colcon_core.package_discovery:discover_packages(prefix_path) discover
[0.230s] DEBUG:colcon.colcon_installed_package_information.package_discovery:Found 7 installed packages in /home/pradyun/Assignment2_ws/install
[0.230s] DEBUG:colcon.colcon_installed_package_information.package_discovery:Found 271 installed packages in /opt/ros/humble
[0.231s] Level 1:colcon.colcon_core.package_discovery:discover_packages(prefix_path) using defaults
[0.256s] Level 5:colcon.colcon_core.verb:set package 'mars_msgs' build argument 'cmake_args' from command line to 'None'
[0.257s] Level 5:colcon.colcon_core.verb:set package 'mars_msgs' build argument 'cmake_target' from command line to 'None'
[0.257s] Level 5:colcon.colcon_core.verb:set package 'mars_msgs' build argument 'cmake_target_skip_unavailable' from command line to 'False'
[0.257s] Level 5:colcon.colcon_core.verb:set package 'mars_msgs' build argument 'cmake_clean_cache' from command line to 'False'
[0.257s] Level 5:colcon.colcon_core.verb:set package 'mars_msgs' build argument 'cmake_clean_first' from command line to 'False'
[0.257s] Level 5:colcon.colcon_core.verb:set package 'mars_msgs' build argument 'cmake_force_configure' from command line to 'False'
[0.257s] Level 5:colcon.colcon_core.verb:set package 'mars_msgs' build argument 'ament_cmake_args' from command line to 'None'
[0.257s] Level 5:colcon.colcon_core.verb:set package 'mars_msgs' build argument 'catkin_cmake_args' from command line to 'None'
[0.257s] Level 5:colcon.colcon_core.verb:set package 'mars_msgs' build argument 'catkin_skip_building_tests' from command line to 'False'
[0.257s] DEBUG:colcon.colcon_core.verb:Building package 'mars_msgs' with the following arguments: {'ament_cmake_args': None, 'build_base': '/home/pradyun/Assignment2_ws/build/mars_msgs', 'catkin_cmake_args': None, 'catkin_skip_building_tests': False, 'cmake_args': None, 'cmake_clean_cache': False, 'cmake_clean_first': False, 'cmake_force_configure': False, 'cmake_target': None, 'cmake_target_skip_unavailable': False, 'install_base': '/home/pradyun/Assignment2_ws/install/mars_msgs', 'merge_install': False, 'path': '/home/pradyun/Assignment2_ws/src/mars_msgs', 'symlink_install': False, 'test_result_base': None}
[0.257s] Level 5:colcon.colcon_core.verb:set package 'rover' build argument 'cmake_args' from command line to 'None'
[0.257s] Level 5:colcon.colcon_core.verb:set package 'rover' build argument 'cmake_target' from command line to 'None'
[0.257s] Level 5:colcon.colcon_core.verb:set package 'rover' build argument 'cmake_target_skip_unavailable' from command line to 'False'
[0.257s] Level 5:colcon.colcon_core.verb:set package 'rover' build argument 'cmake_clean_cache' from command line to 'False'
[0.257s] Level 5:colcon.colcon_core.verb:set package 'rover' build argument 'cmake_clean_first' from command line to 'False'
[0.257s] Level 5:colcon.colcon_core.verb:set package 'rover' build argument 'cmake_force_configure' from command line to 'False'
[0.257s] Level 5:colcon.colcon_core.verb:set package 'rover' build argument 'ament_cmake_args' from command line to 'None'
[0.257s] Level 5:colcon.colcon_core.verb:set package 'rover' build argument 'catkin_cmake_args' from command line to 'None'
[0.257s] Level 5:colcon.colcon_core.verb:set package 'rover' build argument 'catkin_skip_building_tests' from command line to 'False'
[0.257s] DEBUG:colcon.colcon_core.verb:Building package 'rover' with the following arguments: {'ament_cmake_args': None, 'build_base': '/home/pradyun/Assignment2_ws/build/rover', 'catkin_cmake_args': None, 'catkin_skip_building_tests': False, 'cmake_args': None, 'cmake_clean_cache': False, 'cmake_clean_first': False, 'cmake_force_configure': False, 'cmake_target': None, 'cmake_target_skip_unavailable': False, 'install_base': '/home/pradyun/Assignment2_ws/install/rover', 'merge_install': False, 'path': '/home/pradyun/Assignment2_ws/src/rover', 'symlink_install': False, 'test_result_base': None}
[0.257s] Level 5:colcon.colcon_core.verb:set package 'rover_odometry' build argument 'cmake_args' from command line to 'None'
[0.257s] Level 5:colcon.colcon_core.verb:set package 'rover_odometry' build argument 'cmake_target' from command line to 'None'
[0.257s] Level 5:colcon.colcon_core.verb:set package 'rover_odometry' build argument 'cmake_target_skip_unavailable' from command line to 'False'
[0.257s] Level 5:colcon.colcon_core.verb:set package 'rover_odometry' build argument 'cmake_clean_cache' from command line to 'False'
[0.257s] Level 5:colcon.colcon_core.verb:set package 'rover_odometry' build argument 'cmake_clean_first' from command line to 'False'
[0.257s] Level 5:colcon.colcon_core.verb:set package 'rover_odometry' build argument 'cmake_force_configure' from command line to 'False'
[0.257s] Level 5:colcon.colcon_core.verb:set package 'rover_odometry' build argument 'ament_cmake_args' from command line to 'None'
[0.257s] Level 5:colcon.colcon_core.verb:set package 'rover_odometry' build argument 'catkin_cmake_args' from command line to 'None'
[0.257s] Level 5:colcon.colcon_core.verb:set package 'rover_odometry' build argument 'catkin_skip_building_tests' from command line to 'False'
[0.257s] DEBUG:colcon.colcon_core.verb:Building package 'rover_odometry' with the following arguments: {'ament_cmake_args': None, 'build_base': '/home/pradyun/Assignment2_ws/build/rover_odometry', 'catkin_cmake_args': None, 'catkin_skip_building_tests': False, 'cmake_args': None, 'cmake_clean_cache': False, 'cmake_clean_first': False, 'cmake_force_configure': False, 'cmake_target': None, 'cmake_target_skip_unavailable': False, 'install_base': '/home/pradyun/Assignment2_ws/install/rover_odometry', 'merge_install': False, 'path': '/home/pradyun/Assignment2_ws/src/rover_odometry', 'symlink_install': False, 'test_result_base': None}
[0.258s] INFO:colcon.colcon_core.executor:Executing jobs using 'parallel' executor
[0.258s] DEBUG:colcon.colcon_parallel_executor.executor.parallel:run_until_complete
[0.259s] INFO:colcon.colcon_ros.task.ament_cmake.build:Building ROS package in '/home/pradyun/Assignment2_ws/src/mars_msgs' with build type 'ament_cmake'
[0.259s] INFO:colcon.colcon_cmake.task.cmake.build:Building CMake package in '/home/pradyun/Assignment2_ws/src/mars_msgs'
[0.260s] INFO:colcon.colcon_core.plugin_system:Skipping extension 'colcon_core.shell.bat': Not used on non-Windows systems
[0.261s] INFO:colcon.colcon_core.shell:Skip shell extension 'powershell' for command environment: Not usable outside of PowerShell
[0.261s] DEBUG:colcon.colcon_core.shell:Skip shell extension 'dsv' for command environment
[0.263s] INFO:colcon.colcon_ros.task.ament_python.build:Building ROS package in '/home/pradyun/Assignment2_ws/src/rover' with build type 'ament_python'
[0.263s] Level 1:colcon.colcon_core.shell:create_environment_hook('rover', 'ament_prefix_path')
[0.263s] INFO:colcon.colcon_core.shell:Creating environment hook '/home/pradyun/Assignment2_ws/install/rover/share/rover/hook/ament_prefix_path.ps1'
[0.264s] INFO:colcon.colcon_core.shell:Creating environment descriptor '/home/pradyun/Assignment2_ws/install/rover/share/rover/hook/ament_prefix_path.dsv'
[0.264s] INFO:colcon.colcon_core.shell:Creating environment hook '/home/pradyun/Assignment2_ws/install/rover/share/rover/hook/ament_prefix_path.sh'
[0.265s] INFO:colcon.colcon_core.shell:Skip shell extension 'powershell' for command environment: Not usable outside of PowerShell
[0.265s] DEBUG:colcon.colcon_core.shell:Skip shell extension 'dsv' for command environment
[0.268s] INFO:colcon.colcon_ros.task.ament_python.build:Building ROS package in '/home/pradyun/Assignment2_ws/src/rover_odometry' with build type 'ament_python'
[0.268s] Level 1:colcon.colcon_core.shell:create_environment_hook('rover_odometry', 'ament_prefix_path')
[0.268s] INFO:colcon.colcon_core.shell:Creating environment hook '/home/pradyun/Assignment2_ws/install/rover_odometry/share/rover_odometry/hook/ament_prefix_path.ps1'
[0.269s] INFO:colcon.colcon_core.shell:Creating environment descriptor '/home/pradyun/Assignment2_ws/install/rover_odometry/share/rover_odometry/hook/ament_prefix_path.dsv'
[0.269s] INFO:colcon.colcon_core.shell:Creating environment hook '/home/pradyun/Assignment2_ws/install/rover_odometry/share/rover_odometry/hook/ament_prefix_path.sh'
[0.270s] INFO:colcon.colcon_core.shell:Skip shell extension 'powershell' for command environment: Not usable outside of PowerShell
[0.270s] DEBUG:colcon.colcon_core.shell:Skip shell extension 'dsv' for command environment
[0.278s] DEBUG:colcon.colcon_core.event_handler.log_command:Invoking command in '/home/pradyun/Assignment2_ws/build/mars_msgs': CMAKE_PREFIX_PATH=${CMAKE_PREFIX_PATH}:/home/pradyun/Assignment2_ws/install/rover_odometry:/home/pradyun/Assignment2_ws/install/rover:/home/pradyun/Assignment2_ws/install/my_py_pkg:/home/pradyun/Assignment2_ws/install/Rover:/opt/ros/humble /usr/bin/cmake --build /home/pradyun/Assignment2_ws/build/mars_msgs -- -j12 -l12
[0.525s] INFO:colcon.colcon_core.task.python.build:Building Python package in '/home/pradyun/Assignment2_ws/src/rover'
[0.526s] INFO:colcon.colcon_core.shell:Skip shell extension 'powershell' for command environment: Not usable outside of PowerShell
[0.526s] DEBUG:colcon.colcon_core.shell:Skip shell extension 'dsv' for command environment
[0.741s] INFO:colcon.colcon_core.task.python.build:Building Python package in '/home/pradyun/Assignment2_ws/src/rover_odometry'
[0.741s] INFO:colcon.colcon_core.shell:Skip shell extension 'powershell' for command environment: Not usable outside of PowerShell
[0.741s] DEBUG:colcon.colcon_core.shell:Skip shell extension 'dsv' for command environment
[0.747s] DEBUG:colcon.colcon_core.event_handler.log_command:Invoked command in '/home/pradyun/Assignment2_ws/build/mars_msgs' returned '0': CMAKE_PREFIX_PATH=${CMAKE_PREFIX_PATH}:/home/pradyun/Assignment2_ws/install/rover_odometry:/home/pradyun/Assignment2_ws/install/rover:/home/pradyun/Assignment2_ws/install/my_py_pkg:/home/pradyun/Assignment2_ws/install/Rover:/opt/ros/humble /usr/bin/cmake --build /home/pradyun/Assignment2_ws/build/mars_msgs -- -j12 -l12
[0.757s] DEBUG:colcon.colcon_core.event_handler.log_command:Invoking command in '/home/pradyun/Assignment2_ws/build/mars_msgs': CMAKE_PREFIX_PATH=${CMAKE_PREFIX_PATH}:/home/pradyun/Assignment2_ws/install/rover_odometry:/home/pradyun/Assignment2_ws/install/rover:/home/pradyun/Assignment2_ws/install/my_py_pkg:/home/pradyun/Assignment2_ws/install/Rover:/opt/ros/humble /usr/bin/cmake --install /home/pradyun/Assignment2_ws/build/mars_msgs
[0.823s] Level 1:colcon.colcon_core.environment:create_environment_scripts_only(mars_msgs)
[0.827s] DEBUG:colcon.colcon_core.event_handler.log_command:Invoked command in '/home/pradyun/Assignment2_ws/build/mars_msgs' returned '0': CMAKE_PREFIX_PATH=${CMAKE_PREFIX_PATH}:/home/pradyun/Assignment2_ws/install/rover_odometry:/home/pradyun/Assignment2_ws/install/rover:/home/pradyun/Assignment2_ws/install/my_py_pkg:/home/pradyun/Assignment2_ws/install/Rover:/opt/ros/humble /usr/bin/cmake --install /home/pradyun/Assignment2_ws/build/mars_msgs
[0.829s] Level 1:colcon.colcon_core.environment:checking '/home/pradyun/Assignment2_ws/install/mars_msgs' for CMake module files
[0.830s] Level 1:colcon.colcon_core.environment:checking '/home/pradyun/Assignment2_ws/install/mars_msgs' for CMake config files
[0.830s] Level 1:colcon.colcon_core.shell:create_environment_hook('mars_msgs', 'cmake_prefix_path')
[0.830s] INFO:colcon.colcon_core.shell:Creating environment hook '/home/pradyun/Assignment2_ws/install/mars_msgs/share/mars_msgs/hook/cmake_prefix_path.ps1'
[0.831s] INFO:colcon.colcon_core.shell:Creating environment descriptor '/home/pradyun/Assignment2_ws/install/mars_msgs/share/mars_msgs/hook/cmake_prefix_path.dsv'
[0.831s] INFO:colcon.colcon_core.shell:Creating environment hook '/home/pradyun/Assignment2_ws/install/mars_msgs/share/mars_msgs/hook/cmake_prefix_path.sh'
[0.832s] Level 1:colcon.colcon_core.environment:checking '/home/pradyun/Assignment2_ws/install/mars_msgs/lib'
[0.832s] Level 1:colcon.colcon_core.shell:create_environment_hook('mars_msgs', 'ld_library_path_lib')
[0.832s] INFO:colcon.colcon_core.shell:Creating environment hook '/home/pradyun/Assignment2_ws/install/mars_msgs/share/mars_msgs/hook/ld_library_path_lib.ps1'
[0.832s] INFO:colcon.colcon_core.shell:Creating environment descriptor '/home/pradyun/Assignment2_ws/install/mars_msgs/share/mars_msgs/hook/ld_library_path_lib.dsv'
[0.833s] INFO:colcon.colcon_core.shell:Creating environment hook '/home/pradyun/Assignment2_ws/install/mars_msgs/share/mars_msgs/hook/ld_library_path_lib.sh'
[0.833s] Level 1:colcon.colcon_core.environment:checking '/home/pradyun/Assignment2_ws/install/mars_msgs/bin'
[0.833s] Level 1:colcon.colcon_core.environment:checking '/home/pradyun/Assignment2_ws/install/mars_msgs/lib/pkgconfig/mars_msgs.pc'
[0.833s] Level 1:colcon.colcon_core.environment:checking '/home/pradyun/Assignment2_ws/install/mars_msgs/lib/python3.10/site-packages'
[0.834s] Level 1:colcon.colcon_core.environment:checking '/home/pradyun/Assignment2_ws/install/mars_msgs/bin'
[0.834s] INFO:colcon.colcon_core.shell:Creating package script '/home/pradyun/Assignment2_ws/install/mars_msgs/share/mars_msgs/package.ps1'
[0.835s] INFO:colcon.colcon_core.shell:Creating package descriptor '/home/pradyun/Assignment2_ws/install/mars_msgs/share/mars_msgs/package.dsv'
[0.836s] INFO:colcon.colcon_core.shell:Creating package script '/home/pradyun/Assignment2_ws/install/mars_msgs/share/mars_msgs/package.sh'
[0.837s] INFO:colcon.colcon_core.shell:Creating package script '/home/pradyun/Assignment2_ws/install/mars_msgs/share/mars_msgs/package.bash'
[0.838s] INFO:colcon.colcon_core.shell:Creating package script '/home/pradyun/Assignment2_ws/install/mars_msgs/share/mars_msgs/package.zsh'
[0.838s] Level 1:colcon.colcon_core.environment:create_file_with_runtime_dependencies(/home/pradyun/Assignment2_ws/install/mars_msgs/share/colcon-core/packages/mars_msgs)
[0.839s] Level 1:colcon.colcon_core.environment:create_environment_scripts_only(mars_msgs)
[0.839s] Level 1:colcon.colcon_core.environment:checking '/home/pradyun/Assignment2_ws/install/mars_msgs' for CMake module files
[0.840s] Level 1:colcon.colcon_core.environment:checking '/home/pradyun/Assignment2_ws/install/mars_msgs' for CMake config files
[0.840s] Level 1:colcon.colcon_core.shell:create_environment_hook('mars_msgs', 'cmake_prefix_path')
[0.840s] INFO:colcon.colcon_core.shell:Creating environment hook '/home/pradyun/Assignment2_ws/install/mars_msgs/share/mars_msgs/hook/cmake_prefix_path.ps1'
[0.841s] INFO:colcon.colcon_core.shell:Creating environment descriptor '/home/pradyun/Assignment2_ws/install/mars_msgs/share/mars_msgs/hook/cmake_prefix_path.dsv'
[0.841s] INFO:colcon.colcon_core.shell:Creating environment hook '/home/pradyun/Assignment2_ws/install/mars_msgs/share/mars_msgs/hook/cmake_prefix_path.sh'
[0.841s] Level 1:colcon.colcon_core.environment:checking '/home/pradyun/Assignment2_ws/install/mars_msgs/lib'
[0.841s] Level 1:colcon.colcon_core.shell:create_environment_hook('mars_msgs', 'ld_library_path_lib')
[0.842s] INFO:colcon.colcon_core.shell:Creating environment hook '/home/pradyun/Assignment2_ws/install/mars_msgs/share/mars_msgs/hook/ld_library_path_lib.ps1'
[0.842s] INFO:colcon.colcon_core.shell:Creating environment descriptor '/home/pradyun/Assignment2_ws/install/mars_msgs/share/mars_msgs/hook/ld_library_path_lib.dsv'
[0.842s] INFO:colcon.colcon_core.shell:Creating environment hook '/home/pradyun/Assignment2_ws/install/mars_msgs/share/mars_msgs/hook/ld_library_path_lib.sh'
[0.843s] Level 1:colcon.colcon_core.environment:checking '/home/pradyun/Assignment2_ws/install/mars_msgs/bin'
[0.843s] Level 1:colcon.colcon_core.environment:checking '/home/pradyun/Assignment2_ws/install/mars_msgs/lib/pkgconfig/mars_msgs.pc'
[0.843s] Level 1:colcon.colcon_core.environment:checking '/home/pradyun/Assignment2_ws/install/mars_msgs/lib/python3.10/site-packages'
[0.843s] Level 1:colcon.colcon_core.environment:checking '/home/pradyun/Assignment2_ws/install/mars_msgs/bin'
[0.843s] INFO:colcon.colcon_core.shell:Creating package script '/home/pradyun/Assignment2_ws/install/mars_msgs/share/mars_msgs/package.ps1'
[0.844s] INFO:colcon.colcon_core.shell:Creating package descriptor '/home/pradyun/Assignment2_ws/install/mars_msgs/share/mars_msgs/package.dsv'
[0.844s] INFO:colcon.colcon_core.shell:Creating package script '/home/pradyun/Assignment2_ws/install/mars_msgs/share/mars_msgs/package.sh'
[0.844s] INFO:colcon.colcon_core.shell:Creating package script '/home/pradyun/Assignment2_ws/install/mars_msgs/share/mars_msgs/package.bash'
[0.845s] INFO:colcon.colcon_core.shell:Creating package script '/home/pradyun/Assignment2_ws/install/mars_msgs/share/mars_msgs/package.zsh'
[0.845s] Level 1:colcon.colcon_core.environment:create_file_with_runtime_dependencies(/home/pradyun/Assignment2_ws/install/mars_msgs/share/colcon-core/packages/mars_msgs)
[1.041s] DEBUG:colcon.colcon_core.event_handler.log_command:Invoking command in '/home/pradyun/Assignment2_ws/src/rover': PYTHONPATH=/home/pradyun/Assignment2_ws/build/rover/prefix_override:/usr/lib/python3/dist-packages/colcon_core/task/python/colcon_distutils_commands:/home/pradyun/Assignment2_ws/install/rover/lib/python3.10/site-packages:${PYTHONPATH} /usr/bin/python3 -W ignore:setup.py install is deprecated -W ignore:easy_install command is deprecated setup.py egg_info --egg-base ../../build/rover build --build-base /home/pradyun/Assignment2_ws/build/rover/build install --record /home/pradyun/Assignment2_ws/build/rover/install.log --single-version-externally-managed install_data
[1.054s] DEBUG:colcon.colcon_core.event_handler.log_command:Invoking command in '/home/pradyun/Assignment2_ws/src/rover_odometry': PYTHONPATH=/home/pradyun/Assignment2_ws/build/rover_odometry/prefix_override:/usr/lib/python3/dist-packages/colcon_core/task/python/colcon_distutils_commands:/home/pradyun/Assignment2_ws/install/rover_odometry/lib/python3.10/site-packages:${PYTHONPATH} /usr/bin/python3 -W ignore:setup.py install is deprecated -W ignore:easy_install command is deprecated setup.py egg_info --egg-base ../../build/rover_odometry build --build-base /home/pradyun/Assignment2_ws/build/rover_odometry/build install --record /home/pradyun/Assignment2_ws/build/rover_odometry/install.log --single-version-externally-managed install_data
[1.271s] Level 1:colcon.colcon_core.environment:checking '/home/pradyun/Assignment2_ws/install/rover' for CMake module files
[1.271s] DEBUG:colcon.colcon_core.event_handler.log_command:Invoked command in '/home/pradyun/Assignment2_ws/src/rover' returned '0': PYTHONPATH=/home/pradyun/Assignment2_ws/build/rover/prefix_override:/usr/lib/python3/dist-packages/colcon_core/task/python/colcon_distutils_commands:/home/pradyun/Assignment2_ws/install/rover/lib/python3.10/site-packages:${PYTHONPATH} /usr/bin/python3 -W ignore:setup.py install is deprecated -W ignore:easy_install command is deprecated setup.py egg_info --egg-base ../../build/rover build --build-base /home/pradyun/Assignment2_ws/build/rover/build install --record /home/pradyun/Assignment2_ws/build/rover/install.log --single-version-externally-managed install_data
[1.272s] Level 1:colcon.colcon_core.environment:checking '/home/pradyun/Assignment2_ws/install/rover' for CMake config files
[1.273s] Level 1:colcon.colcon_core.environment:checking '/home/pradyun/Assignment2_ws/install/rover/lib'
[1.273s] Level 1:colcon.colcon_core.environment:checking '/home/pradyun/Assignment2_ws/install/rover/bin'
[1.273s] Level 1:colcon.colcon_core.environment:checking '/home/pradyun/Assignment2_ws/install/rover/lib/pkgconfig/rover.pc'
[1.273s] Level 1:colcon.colcon_core.environment:checking '/home/pradyun/Assignment2_ws/install/rover/lib/python3.10/site-packages'
[1.273s] Level 1:colcon.colcon_core.shell:create_environment_hook('rover', 'pythonpath')
[1.274s] INFO:colcon.colcon_core.shell:Creating environment hook '/home/pradyun/Assignment2_ws/install/rover/share/rover/hook/pythonpath.ps1'
[1.275s] INFO:colcon.colcon_core.shell:Creating environment descriptor '/home/pradyun/Assignment2_ws/install/rover/share/rover/hook/pythonpath.dsv'
[1.275s] INFO:colcon.colcon_core.shell:Creating environment hook '/home/pradyun/Assignment2_ws/install/rover/share/rover/hook/pythonpath.sh'
[1.277s] Level 1:colcon.colcon_core.environment:checking '/home/pradyun/Assignment2_ws/install/rover/bin'
[1.277s] Level 1:colcon.colcon_core.environment:create_environment_scripts_only(rover)
[1.277s] INFO:colcon.colcon_core.shell:Creating package script '/home/pradyun/Assignment2_ws/install/rover/share/rover/package.ps1'
[1.278s] INFO:colcon.colcon_core.shell:Creating package descriptor '/home/pradyun/Assignment2_ws/install/rover/share/rover/package.dsv'
[1.279s] INFO:colcon.colcon_core.shell:Creating package script '/home/pradyun/Assignment2_ws/install/rover/share/rover/package.sh'
[1.280s] INFO:colcon.colcon_core.shell:Creating package script '/home/pradyun/Assignment2_ws/install/rover/share/rover/package.bash'
[1.280s] INFO:colcon.colcon_core.shell:Creating package script '/home/pradyun/Assignment2_ws/install/rover/share/rover/package.zsh'
[1.280s] Level 1:colcon.colcon_core.environment:create_file_with_runtime_dependencies(/home/pradyun/Assignment2_ws/install/rover/share/colcon-core/packages/rover)
[1.287s] Level 1:colcon.colcon_core.environment:checking '/home/pradyun/Assignment2_ws/install/rover_odometry' for CMake module files
[1.287s] DEBUG:colcon.colcon_core.event_handler.log_command:Invoked command in '/home/pradyun/Assignment2_ws/src/rover_odometry' returned '0': PYTHONPATH=/home/pradyun/Assignment2_ws/build/rover_odometry/prefix_override:/usr/lib/python3/dist-packages/colcon_core/task/python/colcon_distutils_commands:/home/pradyun/Assignment2_ws/install/rover_odometry/lib/python3.10/site-packages:${PYTHONPATH} /usr/bin/python3 -W ignore:setup.py install is deprecated -W ignore:easy_install command is deprecated setup.py egg_info --egg-base ../../build/rover_odometry build --build-base /home/pradyun/Assignment2_ws/build/rover_odometry/build install --record /home/pradyun/Assignment2_ws/build/rover_odometry/install.log --single-version-externally-managed install_data
[1.288s] Level 1:colcon.colcon_core.environment:checking '/home/pradyun/Assignment2_ws/install/rover_odometry' for CMake config files
[1.288s] Level 1:colcon.colcon_core.environment:checking '/home/pradyun/Assignment2_ws/install/rover_odometry/lib'
[1.288s] Level 1:colcon.colcon_core.environment:checking '/home/pradyun/Assignment2_ws/install/rover_odometry/bin'
[1.288s] Level 1:colcon.colcon_core.environment:checking '/home/pradyun/Assignment2_ws/install/rover_odometry/lib/pkgconfig/rover_odometry.pc'
[1.289s] Level 1:colcon.colcon_core.environment:checking '/home/pradyun/Assignment2_ws/install/rover_odometry/lib/python3.10/site-packages'
[1.289s] Level 1:colcon.colcon_core.shell:create_environment_hook('rover_odometry', 'pythonpath')
[1.289s] INFO:colcon.colcon_core.shell:Creating environment hook '/home/pradyun/Assignment2_ws/install/rover_odometry/share/rover_odometry/hook/pythonpath.ps1'
[1.290s] INFO:colcon.colcon_core.shell:Creating environment descriptor '/home/pradyun/Assignment2_ws/install/rover_odometry/share/rover_odometry/hook/pythonpath.dsv'
[1.290s] INFO:colcon.colcon_core.shell:Creating environment hook '/home/pradyun/Assignment2_ws/install/rover_odometry/share/rover_odometry/hook/pythonpath.sh'
[1.290s] Level 1:colcon.colcon_core.environment:checking '/home/pradyun/Assignment2_ws/install/rover_odometry/bin'
[1.291s] Level 1:colcon.colcon_core.environment:create_environment_scripts_only(rover_odometry)
[1.291s] INFO:colcon.colcon_core.shell:Creating package script '/home/pradyun/Assignment2_ws/install/rover_odometry/share/rover_odometry/package.ps1'
[1.291s] INFO:colcon.colcon_core.shell:Creating package descriptor '/home/pradyun/Assignment2_ws/install/rover_odometry/share/rover_odometry/package.dsv'
[1.291s] INFO:colcon.colcon_core.shell:Creating package script '/home/pradyun/Assignment2_ws/install/rover_odometry/share/rover_odometry/package.sh'
[1.292s] INFO:colcon.colcon_core.shell:Creating package script '/home/pradyun/Assignment2_ws/install/rover_odometry/share/rover_odometry/package.bash'
[1.292s] INFO:colcon.colcon_core.shell:Creating package script '/home/pradyun/Assignment2_ws/install/rover_odometry/share/rover_odometry/package.zsh'
[1.292s] Level 1:colcon.colcon_core.environment:create_file_with_runtime_dependencies(/home/pradyun/Assignment2_ws/install/rover_odometry/share/colcon-core/packages/rover_odometry)
[1.292s] DEBUG:colcon.colcon_parallel_executor.executor.parallel:closing loop
[1.293s] DEBUG:colcon.colcon_parallel_executor.executor.parallel:loop closed
[1.293s] DEBUG:colcon.colcon_parallel_executor.executor.parallel:run_until_complete finished with '0'
[1.293s] DEBUG:colcon.colcon_core.event_reactor:joining thread
[1.297s] INFO:colcon.colcon_core.plugin_system:Skipping extension 'colcon_notification.desktop_notification.terminal_notifier': Not used on non-Darwin systems
[1.297s] INFO:colcon.colcon_core.plugin_system:Skipping extension 'colcon_notification.desktop_notification.win32': Not used on non-Windows systems
[1.297s] INFO:colcon.colcon_notification.desktop_notification:Sending desktop notification using 'notify2'
[1.309s] DEBUG:colcon.colcon_core.event_reactor:joined thread
[1.309s] INFO:colcon.colcon_core.shell:Creating prefix script '/home/pradyun/Assignment2_ws/install/local_setup.ps1'
[1.310s] INFO:colcon.colcon_core.shell:Creating prefix util module '/home/pradyun/Assignment2_ws/install/_local_setup_util_ps1.py'
[1.311s] INFO:colcon.colcon_core.shell:Creating prefix chain script '/home/pradyun/Assignment2_ws/install/setup.ps1'
[1.312s] INFO:colcon.colcon_core.shell:Creating prefix script '/home/pradyun/Assignment2_ws/install/local_setup.sh'
[1.313s] INFO:colcon.colcon_core.shell:Creating prefix util module '/home/pradyun/Assignment2_ws/install/_local_setup_util_sh.py'
[1.313s] INFO:colcon.colcon_core.shell:Creating prefix chain script '/home/pradyun/Assignment2_ws/install/setup.sh'
[1.314s] INFO:colcon.colcon_core.shell:Creating prefix script '/home/pradyun/Assignment2_ws/install/local_setup.bash'
[1.315s] INFO:colcon.colcon_core.shell:Creating prefix chain script '/home/pradyun/Assignment2_ws/install/setup.bash'
[1.315s] INFO:colcon.colcon_core.shell:Creating prefix script '/home/pradyun/Assignment2_ws/install/local_setup.zsh'
[1.316s] INFO:colcon.colcon_core.shell:Creating prefix chain script '/home/pradyun/Assignment2_ws/install/setup.zsh'
