[0.068s] DEBUG:colcon:Command line arguments: ['/usr/bin/colcon', 'build']
[0.068s] DEBUG:colcon:Parsed command line arguments: Namespace(log_base=None, log_level=None, verb_name='build', build_base='build', install_base='install', merge_install=False, symlink_install=False, test_result_base=None, continue_on_error=False, executor='parallel', parallel_workers=12, event_handlers=None, ignore_user_meta=False, metas=['./colcon.meta'], base_paths=['.'], packages_ignore=None, packages_ignore_regex=None, paths=None, packages_up_to=None, packages_up_to_regex=None, packages_above=None, packages_above_and_dependencies=None, packages_above_depth=None, packages_select_by_dep=None, packages_skip_by_dep=None, packages_skip_up_to=None, packages_select_build_failed=False, packages_skip_build_finished=False, packages_select_test_failures=False, packages_skip_test_passed=False, packages_select=None, packages_skip=None, packages_select_regex=None, packages_skip_regex=None, packages_start=None, packages_end=None, allow_overriding=[], cmake_args=None, cmake_target=None, cmake_target_skip_unavailable=False, cmake_clean_cache=False, cmake_clean_first=False, cmake_force_configure=False, ament_cmake_args=None, catkin_cmake_args=None, catkin_skip_building_tests=False, mixin_files=None, mixin=None, verb_parser=<colcon_mixin.mixin.mixin_argument.MixinArgumentDecorator object at 0x7319a035a1d0>, verb_extension=<colcon_core.verb.build.BuildVerb object at 0x7319a045b0a0>, main=<bound method BuildVerb.main of <colcon_core.verb.build.BuildVerb object at 0x7319a045b0a0>>, mixin_verb=('build',))
[0.165s] Level 1:colcon.colcon_core.package_discovery:discover_packages(colcon_meta) check parameters
[0.165s] Level 1:colcon.colcon_core.package_discovery:discover_packages(recursive) check parameters
[0.165s] Level 1:colcon.colcon_core.package_discovery:discover_packages(ignore) check parameters
[0.165s] Level 1:colcon.colcon_core.package_discovery:discover_packages(path) check parameters
[0.165s] Level 1:colcon.colcon_core.package_discovery:discover_packages(colcon_meta) discover
[0.165s] Level 1:colcon.colcon_core.package_discovery:discover_packages(recursive) discover
[0.165s] INFO:colcon.colcon_core.package_discovery:Crawling recursively for packages in '/home/pradyun/Assignment2_ws'
[0.165s] Level 1:colcon.colcon_core.package_identification:_identify(.) by extensions ['ignore', 'ignore_ament_install']
[0.165s] Level 1:colcon.colcon_core.package_identification:_identify(.) by extension 'ignore'
[0.165s] Level 1:colcon.colcon_core.package_identification:_identify(.) by extension 'ignore_ament_install'
[0.165s] Level 1:colcon.colcon_core.package_identification:_identify(.) by extensions ['colcon_pkg']
[0.165s] Level 1:colcon.colcon_core.package_identification:_identify(.) by extension 'colcon_pkg'
[0.165s] Level 1:colcon.colcon_core.package_identification:_identify(.) by extensions ['colcon_meta']
[0.165s] Level 1:colcon.colcon_core.package_identification:_identify(.) by extension 'colcon_meta'
[0.165s] Level 1:colcon.colcon_core.package_identification:_identify(.) by extensions ['ros']
[0.165s] Level 1:colcon.colcon_core.package_identification:_identify(.) by extension 'ros'
[0.172s] Level 1:colcon.colcon_core.package_identification:_identify(.) by extensions ['cmake', 'python']
[0.172s] Level 1:colcon.colcon_core.package_identification:_identify(.) by extension 'cmake'
[0.172s] Level 1:colcon.colcon_core.package_identification:_identify(.) by extension 'python'
[0.172s] Level 1:colcon.colcon_core.package_identification:_identify(.) by extensions ['python_setup_py']
[0.172s] Level 1:colcon.colcon_core.package_identification:_identify(.) by extension 'python_setup_py'
[0.173s] Level 1:colcon.colcon_core.package_identification:_identify(build) by extensions ['ignore', 'ignore_ament_install']
[0.173s] Level 1:colcon.colcon_core.package_identification:_identify(build) by extension 'ignore'
[0.173s] Level 1:colcon.colcon_core.package_identification:_identify(build) ignored
[0.173s] Level 1:colcon.colcon_core.package_identification:_identify(install) by extensions ['ignore', 'ignore_ament_install']
[0.173s] Level 1:colcon.colcon_core.package_identification:_identify(install) by extension 'ignore'
[0.173s] Level 1:colcon.colcon_core.package_identification:_identify(install) ignored
[0.173s] Level 1:colcon.colcon_core.package_identification:_identify(log) by extensions ['ignore', 'ignore_ament_install']
[0.173s] Level 1:colcon.colcon_core.package_identification:_identify(log) by extension 'ignore'
[0.173s] Level 1:colcon.colcon_core.package_identification:_identify(log) ignored
[0.173s] Level 1:colcon.colcon_core.package_identification:_identify(src) by extensions ['ignore', 'ignore_ament_install']
[0.173s] Level 1:colcon.colcon_core.package_identification:_identify(src) by extension 'ignore'
[0.173s] Level 1:colcon.colcon_core.package_identification:_identify(src) by extension 'ignore_ament_install'
[0.173s] Level 1:colcon.colcon_core.package_identification:_identify(src) by extensions ['colcon_pkg']
[0.173s] Level 1:colcon.colcon_core.package_identification:_identify(src) by extension 'colcon_pkg'
[0.173s] Level 1:colcon.colcon_core.package_identification:_identify(src) by extensions ['colcon_meta']
[0.173s] Level 1:colcon.colcon_core.package_identification:_identify(src) by extension 'colcon_meta'
[0.173s] Level 1:colcon.colcon_core.package_identification:_identify(src) by extensions ['ros']
[0.173s] Level 1:colcon.colcon_core.package_identification:_identify(src) by extension 'ros'
[0.173s] Level 1:colcon.colcon_core.package_identification:_identify(src) by extensions ['cmake', 'python']
[0.173s] Level 1:colcon.colcon_core.package_identification:_identify(src) by extension 'cmake'
[0.173s] Level 1:colcon.colcon_core.package_identification:_identify(src) by extension 'python'
[0.173s] Level 1:colcon.colcon_core.package_identification:_identify(src) by extensions ['python_setup_py']
[0.173s] Level 1:colcon.colcon_core.package_identification:_identify(src) by extension 'python_setup_py'
[0.173s] Level 1:colcon.colcon_core.package_identification:_identify(src/mars_msgs) by extensions ['ignore', 'ignore_ament_install']
[0.173s] Level 1:colcon.colcon_core.package_identification:_identify(src/mars_msgs) by extension 'ignore'
[0.173s] Level 1:colcon.colcon_core.package_identification:_identify(src/mars_msgs) by extension 'ignore_ament_install'
[0.173s] Level 1:colcon.colcon_core.package_identification:_identify(src/mars_msgs) by extensions ['colcon_pkg']
[0.173s] Level 1:colcon.colcon_core.package_identification:_identify(src/mars_msgs) by extension 'colcon_pkg'
[0.173s] Level 1:colcon.colcon_core.package_identification:_identify(src/mars_msgs) by extensions ['colcon_meta']
[0.173s] Level 1:colcon.colcon_core.package_identification:_identify(src/mars_msgs) by extension 'colcon_meta'
[0.173s] Level 1:colcon.colcon_core.package_identification:_identify(src/mars_msgs) by extensions ['ros']
[0.173s] Level 1:colcon.colcon_core.package_identification:_identify(src/mars_msgs) by extension 'ros'
[0.175s] DEBUG:colcon.colcon_core.package_identification:Package 'src/mars_msgs' with type 'ros.ament_cmake' and name 'mars_msgs'
[0.175s] Level 1:colcon.colcon_core.package_identification:_identify(src/rover) by extensions ['ignore', 'ignore_ament_install']
[0.175s] Level 1:colcon.colcon_core.package_identification:_identify(src/rover) by extension 'ignore'
[0.175s] Level 1:colcon.colcon_core.package_identification:_identify(src/rover) by extension 'ignore_ament_install'
[0.175s] Level 1:colcon.colcon_core.package_identification:_identify(src/rover) by extensions ['colcon_pkg']
[0.175s] Level 1:colcon.colcon_core.package_identification:_identify(src/rover) by extension 'colcon_pkg'
[0.175s] Level 1:colcon.colcon_core.package_identification:_identify(src/rover) by extensions ['colcon_meta']
[0.175s] Level 1:colcon.colcon_core.package_identification:_identify(src/rover) by extension 'colcon_meta'
[0.175s] Level 1:colcon.colcon_core.package_identification:_identify(src/rover) by extensions ['ros']
[0.175s] Level 1:colcon.colcon_core.package_identification:_identify(src/rover) by extension 'ros'
[0.176s] DEBUG:colcon.colcon_core.package_identification:Package 'src/rover' with type 'ros.ament_python' and name 'rover'
[0.176s] Level 1:colcon.colcon_core.package_identification:_identify(src/rover_odometry) by extensions ['ignore', 'ignore_ament_install']
[0.176s] Level 1:colcon.colcon_core.package_identification:_identify(src/rover_odometry) by extension 'ignore'
[0.176s] Level 1:colcon.colcon_core.package_identification:_identify(src/rover_odometry) by extension 'ignore_ament_install'
[0.176s] Level 1:colcon.colcon_core.package_identification:_identify(src/rover_odometry) by extensions ['colcon_pkg']
[0.176s] Level 1:colcon.colcon_core.package_identification:_identify(src/rover_odometry) by extension 'colcon_pkg'
[0.176s] Level 1:colcon.colcon_core.package_identification:_identify(src/rover_odometry) by extensions ['colcon_meta']
[0.176s] Level 1:colcon.colcon_core.package_identification:_identify(src/rover_odometry) by extension 'colcon_meta'
[0.176s] Level 1:colcon.colcon_core.package_identification:_identify(src/rover_odometry) by extensions ['ros']
[0.176s] Level 1:colcon.colcon_core.package_identification:_identify(src/rover_odometry) by extension 'ros'
[0.176s] DEBUG:colcon.colcon_core.package_identification:Package 'src/rover_odometry' with type 'ros.ament_python' and name 'rover_odometry'
[0.176s] Level 1:colcon.colcon_core.package_discovery:discover_packages(recursive) using defaults
[0.176s] Level 1:colcon.colcon_core.package_discovery:discover_packages(ignore) discover
[0.176s] Level 1:colcon.colcon_core.package_discovery:discover_packages(ignore) using defaults
[0.176s] Level 1:colcon.colcon_core.package_discovery:discover_packages(path) discover
[0.176s] Level 1:colcon.colcon_core.package_discovery:discover_packages(path) using defaults
[0.196s] Level 1:colcon.colcon_core.package_discovery:discover_packages(prefix_path) check parameters
[0.196s] Level 1:colcon.colcon_core.package_discovery:discover_packages(prefix_path) discover
[0.197s] DEBUG:colcon.colcon_installed_package_information.package_discovery:Found 271 installed packages in /opt/ros/humble
[0.198s] Level 1:colcon.colcon_core.package_discovery:discover_packages(prefix_path) using defaults
[0.219s] Level 5:colcon.colcon_core.verb:set package 'mars_msgs' build argument 'cmake_args' from command line to 'None'
[0.219s] Level 5:colcon.colcon_core.verb:set package 'mars_msgs' build argument 'cmake_target' from command line to 'None'
[0.219s] Level 5:colcon.colcon_core.verb:set package 'mars_msgs' build argument 'cmake_target_skip_unavailable' from command line to 'False'
[0.219s] Level 5:colcon.colcon_core.verb:set package 'mars_msgs' build argument 'cmake_clean_cache' from command line to 'False'
[0.219s] Level 5:colcon.colcon_core.verb:set package 'mars_msgs' build argument 'cmake_clean_first' from command line to 'False'
[0.219s] Level 5:colcon.colcon_core.verb:set package 'mars_msgs' build argument 'cmake_force_configure' from command line to 'False'
[0.219s] Level 5:colcon.colcon_core.verb:set package 'mars_msgs' build argument 'ament_cmake_args' from command line to 'None'
[0.219s] Level 5:colcon.colcon_core.verb:set package 'mars_msgs' build argument 'catkin_cmake_args' from command line to 'None'
[0.219s] Level 5:colcon.colcon_core.verb:set package 'mars_msgs' build argument 'catkin_skip_building_tests' from command line to 'False'
[0.219s] DEBUG:colcon.colcon_core.verb:Building package 'mars_msgs' with the following arguments: {'ament_cmake_args': None, 'build_base': '/home/pradyun/Assignment2_ws/build/mars_msgs', 'catkin_cmake_args': None, 'catkin_skip_building_tests': False, 'cmake_args': None, 'cmake_clean_cache': False, 'cmake_clean_first': False, 'cmake_force_configure': False, 'cmake_target': None, 'cmake_target_skip_unavailable': False, 'install_base': '/home/pradyun/Assignment2_ws/install/mars_msgs', 'merge_install': False, 'path': '/home/pradyun/Assignment2_ws/src/mars_msgs', 'symlink_install': False, 'test_result_base': None}
[0.219s] Level 5:colcon.colcon_core.verb:set package 'rover' build argument 'cmake_args' from command line to 'None'
[0.219s] Level 5:colcon.colcon_core.verb:set package 'rover' build argument 'cmake_target' from command line to 'None'
[0.219s] Level 5:colcon.colcon_core.verb:set package 'rover' build argument 'cmake_target_skip_unavailable' from command line to 'False'
[0.219s] Level 5:colcon.colcon_core.verb:set package 'rover' build argument 'cmake_clean_cache' from command line to 'False'
[0.219s] Level 5:colcon.colcon_core.verb:set package 'rover' build argument 'cmake_clean_first' from command line to 'False'
[0.219s] Level 5:colcon.colcon_core.verb:set package 'rover' build argument 'cmake_force_configure' from command line to 'False'
[0.219s] Level 5:colcon.colcon_core.verb:set package 'rover' build argument 'ament_cmake_args' from command line to 'None'
[0.219s] Level 5:colcon.colcon_core.verb:set package 'rover' build argument 'catkin_cmake_args' from command line to 'None'
[0.219s] Level 5:colcon.colcon_core.verb:set package 'rover' build argument 'catkin_skip_building_tests' from command line to 'False'
[0.219s] DEBUG:colcon.colcon_core.verb:Building package 'rover' with the following arguments: {'ament_cmake_args': None, 'build_base': '/home/pradyun/Assignment2_ws/build/rover', 'catkin_cmake_args': None, 'catkin_skip_building_tests': False, 'cmake_args': None, 'cmake_clean_cache': False, 'cmake_clean_first': False, 'cmake_force_configure': False, 'cmake_target': None, 'cmake_target_skip_unavailable': False, 'install_base': '/home/pradyun/Assignment2_ws/install/rover', 'merge_install': False, 'path': '/home/pradyun/Assignment2_ws/src/rover', 'symlink_install': False, 'test_result_base': None}
[0.220s] Level 5:colcon.colcon_core.verb:set package 'rover_odometry' build argument 'cmake_args' from command line to 'None'
[0.220s] Level 5:colcon.colcon_core.verb:set package 'rover_odometry' build argument 'cmake_target' from command line to 'None'
[0.220s] Level 5:colcon.colcon_core.verb:set package 'rover_odometry' build argument 'cmake_target_skip_unavailable' from command line to 'False'
[0.220s] Level 5:colcon.colcon_core.verb:set package 'rover_odometry' build argument 'cmake_clean_cache' from command line to 'False'
[0.220s] Level 5:colcon.colcon_core.verb:set package 'rover_odometry' build argument 'cmake_clean_first' from command line to 'False'
[0.220s] Level 5:colcon.colcon_core.verb:set package 'rover_odometry' build argument 'cmake_force_configure' from command line to 'False'
[0.220s] Level 5:colcon.colcon_core.verb:set package 'rover_odometry' build argument 'ament_cmake_args' from command line to 'None'
[0.220s] Level 5:colcon.colcon_core.verb:set package 'rover_odometry' build argument 'catkin_cmake_args' from command line to 'None'
[0.220s] Level 5:colcon.colcon_core.verb:set package 'rover_odometry' build argument 'catkin_skip_building_tests' from command line to 'False'
[0.220s] DEBUG:colcon.colcon_core.verb:Building package 'rover_odometry' with the following arguments: {'ament_cmake_args': None, 'build_base': '/home/pradyun/Assignment2_ws/build/rover_odometry', 'catkin_cmake_args': None, 'catkin_skip_building_tests': False, 'cmake_args': None, 'cmake_clean_cache': False, 'cmake_clean_first': False, 'cmake_force_configure': False, 'cmake_target': None, 'cmake_target_skip_unavailable': False, 'install_base': '/home/pradyun/Assignment2_ws/install/rover_odometry', 'merge_install': False, 'path': '/home/pradyun/Assignment2_ws/src/rover_odometry', 'symlink_install': False, 'test_result_base': None}
[0.220s] INFO:colcon.colcon_core.executor:Executing jobs using 'parallel' executor
[0.221s] DEBUG:colcon.colcon_parallel_executor.executor.parallel:run_until_complete
[0.221s] INFO:colcon.colcon_ros.task.ament_cmake.build:Building ROS package in '/home/pradyun/Assignment2_ws/src/mars_msgs' with build type 'ament_cmake'
[0.221s] INFO:colcon.colcon_cmake.task.cmake.build:Building CMake package in '/home/pradyun/Assignment2_ws/src/mars_msgs'
[0.222s] INFO:colcon.colcon_core.plugin_system:Skipping extension 'colcon_core.shell.bat': Not used on non-Windows systems
[0.222s] INFO:colcon.colcon_core.shell:Skip shell extension 'powershell' for command environment: Not usable outside of PowerShell
[0.222s] DEBUG:colcon.colcon_core.shell:Skip shell extension 'dsv' for command environment
[0.224s] INFO:colcon.colcon_ros.task.ament_python.build:Building ROS package in '/home/pradyun/Assignment2_ws/src/rover' with build type 'ament_python'
[0.224s] Level 1:colcon.colcon_core.shell:create_environment_hook('rover', 'ament_prefix_path')
[0.224s] INFO:colcon.colcon_core.shell:Creating environment hook '/home/pradyun/Assignment2_ws/install/rover/share/rover/hook/ament_prefix_path.ps1'
[0.225s] INFO:colcon.colcon_core.shell:Creating environment descriptor '/home/pradyun/Assignment2_ws/install/rover/share/rover/hook/ament_prefix_path.dsv'
[0.225s] INFO:colcon.colcon_core.shell:Creating environment hook '/home/pradyun/Assignment2_ws/install/rover/share/rover/hook/ament_prefix_path.sh'
[0.226s] INFO:colcon.colcon_core.shell:Skip shell extension 'powershell' for command environment: Not usable outside of PowerShell
[0.226s] DEBUG:colcon.colcon_core.shell:Skip shell extension 'dsv' for command environment
[0.227s] INFO:colcon.colcon_ros.task.ament_python.build:Building ROS package in '/home/pradyun/Assignment2_ws/src/rover_odometry' with build type 'ament_python'
[0.227s] Level 1:colcon.colcon_core.shell:create_environment_hook('rover_odometry', 'ament_prefix_path')
[0.227s] INFO:colcon.colcon_core.shell:Creating environment hook '/home/pradyun/Assignment2_ws/install/rover_odometry/share/rover_odometry/hook/ament_prefix_path.ps1'
[0.228s] INFO:colcon.colcon_core.shell:Creating environment descriptor '/home/pradyun/Assignment2_ws/install/rover_odometry/share/rover_odometry/hook/ament_prefix_path.dsv'
[0.228s] INFO:colcon.colcon_core.shell:Creating environment hook '/home/pradyun/Assignment2_ws/install/rover_odometry/share/rover_odometry/hook/ament_prefix_path.sh'
[0.228s] INFO:colcon.colcon_core.shell:Skip shell extension 'powershell' for command environment: Not usable outside of PowerShell
[0.228s] DEBUG:colcon.colcon_core.shell:Skip shell extension 'dsv' for command environment
[0.233s] DEBUG:colcon.colcon_core.event_handler.log_command:Invoking command in '/home/pradyun/Assignment2_ws/build/mars_msgs': CMAKE_PREFIX_PATH=/opt/ros/humble /usr/bin/cmake /home/pradyun/Assignment2_ws/src/mars_msgs -DCMAKE_INSTALL_PREFIX=/home/pradyun/Assignment2_ws/install/mars_msgs
[0.386s] INFO:colcon.colcon_core.task.python.build:Building Python package in '/home/pradyun/Assignment2_ws/src/rover'
[0.386s] INFO:colcon.colcon_core.shell:Skip shell extension 'powershell' for command environment: Not usable outside of PowerShell
[0.386s] DEBUG:colcon.colcon_core.shell:Skip shell extension 'dsv' for command environment
[0.546s] INFO:colcon.colcon_core.task.python.build:Building Python package in '/home/pradyun/Assignment2_ws/src/rover_odometry'
[0.546s] INFO:colcon.colcon_core.shell:Skip shell extension 'powershell' for command environment: Not usable outside of PowerShell
[0.546s] DEBUG:colcon.colcon_core.shell:Skip shell extension 'dsv' for command environment
[0.769s] DEBUG:colcon.colcon_core.event_handler.log_command:Invoking command in '/home/pradyun/Assignment2_ws/src/rover_odometry': PYTHONPATH=/home/pradyun/Assignment2_ws/build/rover_odometry/prefix_override:/usr/lib/python3/dist-packages/colcon_core/task/python/colcon_distutils_commands:/home/pradyun/Assignment2_ws/install/rover_odometry/lib/python3.10/site-packages:${PYTHONPATH} /usr/bin/python3 -W ignore:setup.py install is deprecated -W ignore:easy_install command is deprecated setup.py egg_info --egg-base ../../build/rover_odometry build --build-base /home/pradyun/Assignment2_ws/build/rover_odometry/build install --record /home/pradyun/Assignment2_ws/build/rover_odometry/install.log --single-version-externally-managed install_data
[0.771s] DEBUG:colcon.colcon_core.event_handler.log_command:Invoking command in '/home/pradyun/Assignment2_ws/src/rover': PYTHONPATH=/home/pradyun/Assignment2_ws/build/rover/prefix_override:/usr/lib/python3/dist-packages/colcon_core/task/python/colcon_distutils_commands:/home/pradyun/Assignment2_ws/install/rover/lib/python3.10/site-packages:${PYTHONPATH} /usr/bin/python3 -W ignore:setup.py install is deprecated -W ignore:easy_install command is deprecated setup.py egg_info --egg-base ../../build/rover build --build-base /home/pradyun/Assignment2_ws/build/rover/build install --record /home/pradyun/Assignment2_ws/build/rover/install.log --single-version-externally-managed install_data
[0.957s] DEBUG:colcon.colcon_core.event_handler.log_command:Invoked command in '/home/pradyun/Assignment2_ws/src/rover_odometry' returned '0': PYTHONPATH=/home/pradyun/Assignment2_ws/build/rover_odometry/prefix_override:/usr/lib/python3/dist-packages/colcon_core/task/python/colcon_distutils_commands:/home/pradyun/Assignment2_ws/install/rover_odometry/lib/python3.10/site-packages:${PYTHONPATH} /usr/bin/python3 -W ignore:setup.py install is deprecated -W ignore:easy_install command is deprecated setup.py egg_info --egg-base ../../build/rover_odometry build --build-base /home/pradyun/Assignment2_ws/build/rover_odometry/build install --record /home/pradyun/Assignment2_ws/build/rover_odometry/install.log --single-version-externally-managed install_data
[0.958s] Level 1:colcon.colcon_core.environment:checking '/home/pradyun/Assignment2_ws/install/rover_odometry' for CMake module files
[0.958s] Level 1:colcon.colcon_core.environment:checking '/home/pradyun/Assignment2_ws/install/rover_odometry' for CMake config files
[0.959s] Level 1:colcon.colcon_core.environment:checking '/home/pradyun/Assignment2_ws/install/rover_odometry/lib'
[0.959s] Level 1:colcon.colcon_core.environment:checking '/home/pradyun/Assignment2_ws/install/rover_odometry/bin'
[0.959s] Level 1:colcon.colcon_core.environment:checking '/home/pradyun/Assignment2_ws/install/rover_odometry/lib/pkgconfig/rover_odometry.pc'
[0.959s] Level 1:colcon.colcon_core.environment:checking '/home/pradyun/Assignment2_ws/install/rover_odometry/lib/python3.10/site-packages'
[0.959s] Level 1:colcon.colcon_core.shell:create_environment_hook('rover_odometry', 'pythonpath')
[0.959s] INFO:colcon.colcon_core.shell:Creating environment hook '/home/pradyun/Assignment2_ws/install/rover_odometry/share/rover_odometry/hook/pythonpath.ps1'
[0.960s] INFO:colcon.colcon_core.shell:Creating environment descriptor '/home/pradyun/Assignment2_ws/install/rover_odometry/share/rover_odometry/hook/pythonpath.dsv'
[0.960s] INFO:colcon.colcon_core.shell:Creating environment hook '/home/pradyun/Assignment2_ws/install/rover_odometry/share/rover_odometry/hook/pythonpath.sh'
[0.960s] Level 1:colcon.colcon_core.environment:checking '/home/pradyun/Assignment2_ws/install/rover_odometry/bin'
[0.960s] Level 1:colcon.colcon_core.environment:create_environment_scripts_only(rover_odometry)
[0.961s] INFO:colcon.colcon_core.shell:Creating package script '/home/pradyun/Assignment2_ws/install/rover_odometry/share/rover_odometry/package.ps1'
[0.961s] INFO:colcon.colcon_core.shell:Creating package descriptor '/home/pradyun/Assignment2_ws/install/rover_odometry/share/rover_odometry/package.dsv'
[0.961s] INFO:colcon.colcon_core.shell:Creating package script '/home/pradyun/Assignment2_ws/install/rover_odometry/share/rover_odometry/package.sh'
[0.962s] INFO:colcon.colcon_core.shell:Creating package script '/home/pradyun/Assignment2_ws/install/rover_odometry/share/rover_odometry/package.bash'
[0.962s] INFO:colcon.colcon_core.shell:Creating package script '/home/pradyun/Assignment2_ws/install/rover_odometry/share/rover_odometry/package.zsh'
[0.963s] Level 1:colcon.colcon_core.environment:create_file_with_runtime_dependencies(/home/pradyun/Assignment2_ws/install/rover_odometry/share/colcon-core/packages/rover_odometry)
[0.964s] Level 1:colcon.colcon_core.environment:checking '/home/pradyun/Assignment2_ws/install/rover' for CMake module files
[0.964s] Level 1:colcon.colcon_core.environment:checking '/home/pradyun/Assignment2_ws/install/rover' for CMake config files
[0.965s] DEBUG:colcon.colcon_core.event_handler.log_command:Invoked command in '/home/pradyun/Assignment2_ws/src/rover' returned '0': PYTHONPATH=/home/pradyun/Assignment2_ws/build/rover/prefix_override:/usr/lib/python3/dist-packages/colcon_core/task/python/colcon_distutils_commands:/home/pradyun/Assignment2_ws/install/rover/lib/python3.10/site-packages:${PYTHONPATH} /usr/bin/python3 -W ignore:setup.py install is deprecated -W ignore:easy_install command is deprecated setup.py egg_info --egg-base ../../build/rover build --build-base /home/pradyun/Assignment2_ws/build/rover/build install --record /home/pradyun/Assignment2_ws/build/rover/install.log --single-version-externally-managed install_data
[0.965s] Level 1:colcon.colcon_core.environment:checking '/home/pradyun/Assignment2_ws/install/rover/lib'
[0.965s] Level 1:colcon.colcon_core.environment:checking '/home/pradyun/Assignment2_ws/install/rover/bin'
[0.965s] Level 1:colcon.colcon_core.environment:checking '/home/pradyun/Assignment2_ws/install/rover/lib/pkgconfig/rover.pc'
[0.965s] Level 1:colcon.colcon_core.environment:checking '/home/pradyun/Assignment2_ws/install/rover/lib/python3.10/site-packages'
[0.965s] Level 1:colcon.colcon_core.shell:create_environment_hook('rover', 'pythonpath')
[0.965s] INFO:colcon.colcon_core.shell:Creating environment hook '/home/pradyun/Assignment2_ws/install/rover/share/rover/hook/pythonpath.ps1'
[0.966s] INFO:colcon.colcon_core.shell:Creating environment descriptor '/home/pradyun/Assignment2_ws/install/rover/share/rover/hook/pythonpath.dsv'
[0.966s] INFO:colcon.colcon_core.shell:Creating environment hook '/home/pradyun/Assignment2_ws/install/rover/share/rover/hook/pythonpath.sh'
[0.966s] Level 1:colcon.colcon_core.environment:checking '/home/pradyun/Assignment2_ws/install/rover/bin'
[0.966s] Level 1:colcon.colcon_core.environment:create_environment_scripts_only(rover)
[0.967s] INFO:colcon.colcon_core.shell:Creating package script '/home/pradyun/Assignment2_ws/install/rover/share/rover/package.ps1'
[0.967s] INFO:colcon.colcon_core.shell:Creating package descriptor '/home/pradyun/Assignment2_ws/install/rover/share/rover/package.dsv'
[0.967s] INFO:colcon.colcon_core.shell:Creating package script '/home/pradyun/Assignment2_ws/install/rover/share/rover/package.sh'
[0.968s] INFO:colcon.colcon_core.shell:Creating package script '/home/pradyun/Assignment2_ws/install/rover/share/rover/package.bash'
[0.968s] INFO:colcon.colcon_core.shell:Creating package script '/home/pradyun/Assignment2_ws/install/rover/share/rover/package.zsh'
[0.968s] Level 1:colcon.colcon_core.environment:create_file_with_runtime_dependencies(/home/pradyun/Assignment2_ws/install/rover/share/colcon-core/packages/rover)
[1.207s] DEBUG:colcon.colcon_core.event_handler.log_command:Invoked command in '/home/pradyun/Assignment2_ws/build/mars_msgs' returned '0': CMAKE_PREFIX_PATH=/opt/ros/humble /usr/bin/cmake /home/pradyun/Assignment2_ws/src/mars_msgs -DCMAKE_INSTALL_PREFIX=/home/pradyun/Assignment2_ws/install/mars_msgs
[1.209s] DEBUG:colcon.colcon_core.event_handler.log_command:Invoking command in '/home/pradyun/Assignment2_ws/build/mars_msgs': CMAKE_PREFIX_PATH=/opt/ros/humble /usr/bin/cmake --build /home/pradyun/Assignment2_ws/build/mars_msgs -- -j12 -l12
[2.944s] DEBUG:colcon.colcon_core.event_handler.log_command:Invoked command in '/home/pradyun/Assignment2_ws/build/mars_msgs' returned '0': CMAKE_PREFIX_PATH=/opt/ros/humble /usr/bin/cmake --build /home/pradyun/Assignment2_ws/build/mars_msgs -- -j12 -l12
[2.954s] DEBUG:colcon.colcon_core.event_handler.log_command:Invoking command in '/home/pradyun/Assignment2_ws/build/mars_msgs': CMAKE_PREFIX_PATH=/opt/ros/humble /usr/bin/cmake --install /home/pradyun/Assignment2_ws/build/mars_msgs
[3.009s] Level 1:colcon.colcon_core.environment:create_environment_scripts_only(mars_msgs)
[3.009s] Level 1:colcon.colcon_core.environment:checking '/home/pradyun/Assignment2_ws/install/mars_msgs' for CMake module files
[3.010s] DEBUG:colcon.colcon_core.event_handler.log_command:Invoked command in '/home/pradyun/Assignment2_ws/build/mars_msgs' returned '0': CMAKE_PREFIX_PATH=/opt/ros/humble /usr/bin/cmake --install /home/pradyun/Assignment2_ws/build/mars_msgs
[3.010s] Level 1:colcon.colcon_core.environment:checking '/home/pradyun/Assignment2_ws/install/mars_msgs' for CMake config files
[3.010s] Level 1:colcon.colcon_core.shell:create_environment_hook('mars_msgs', 'cmake_prefix_path')
[3.010s] INFO:colcon.colcon_core.shell:Creating environment hook '/home/pradyun/Assignment2_ws/install/mars_msgs/share/mars_msgs/hook/cmake_prefix_path.ps1'
[3.011s] INFO:colcon.colcon_core.shell:Creating environment descriptor '/home/pradyun/Assignment2_ws/install/mars_msgs/share/mars_msgs/hook/cmake_prefix_path.dsv'
[3.011s] INFO:colcon.colcon_core.shell:Creating environment hook '/home/pradyun/Assignment2_ws/install/mars_msgs/share/mars_msgs/hook/cmake_prefix_path.sh'
[3.011s] Level 1:colcon.colcon_core.environment:checking '/home/pradyun/Assignment2_ws/install/mars_msgs/lib'
[3.011s] Level 1:colcon.colcon_core.shell:create_environment_hook('mars_msgs', 'ld_library_path_lib')
[3.011s] INFO:colcon.colcon_core.shell:Creating environment hook '/home/pradyun/Assignment2_ws/install/mars_msgs/share/mars_msgs/hook/ld_library_path_lib.ps1'
[3.012s] INFO:colcon.colcon_core.shell:Creating environment descriptor '/home/pradyun/Assignment2_ws/install/mars_msgs/share/mars_msgs/hook/ld_library_path_lib.dsv'
[3.012s] INFO:colcon.colcon_core.shell:Creating environment hook '/home/pradyun/Assignment2_ws/install/mars_msgs/share/mars_msgs/hook/ld_library_path_lib.sh'
[3.012s] Level 1:colcon.colcon_core.environment:checking '/home/pradyun/Assignment2_ws/install/mars_msgs/bin'
[3.012s] Level 1:colcon.colcon_core.environment:checking '/home/pradyun/Assignment2_ws/install/mars_msgs/lib/pkgconfig/mars_msgs.pc'
[3.012s] Level 1:colcon.colcon_core.environment:checking '/home/pradyun/Assignment2_ws/install/mars_msgs/lib/python3.10/site-packages'
[3.012s] Level 1:colcon.colcon_core.environment:checking '/home/pradyun/Assignment2_ws/install/mars_msgs/bin'
[3.012s] INFO:colcon.colcon_core.shell:Creating package script '/home/pradyun/Assignment2_ws/install/mars_msgs/share/mars_msgs/package.ps1'
[3.013s] INFO:colcon.colcon_core.shell:Creating package descriptor '/home/pradyun/Assignment2_ws/install/mars_msgs/share/mars_msgs/package.dsv'
[3.013s] INFO:colcon.colcon_core.shell:Creating package script '/home/pradyun/Assignment2_ws/install/mars_msgs/share/mars_msgs/package.sh'
[3.013s] INFO:colcon.colcon_core.shell:Creating package script '/home/pradyun/Assignment2_ws/install/mars_msgs/share/mars_msgs/package.bash'
[3.013s] INFO:colcon.colcon_core.shell:Creating package script '/home/pradyun/Assignment2_ws/install/mars_msgs/share/mars_msgs/package.zsh'
[3.014s] Level 1:colcon.colcon_core.environment:create_file_with_runtime_dependencies(/home/pradyun/Assignment2_ws/install/mars_msgs/share/colcon-core/packages/mars_msgs)
[3.014s] Level 1:colcon.colcon_core.environment:create_environment_scripts_only(mars_msgs)
[3.014s] Level 1:colcon.colcon_core.environment:checking '/home/pradyun/Assignment2_ws/install/mars_msgs' for CMake module files
[3.014s] Level 1:colcon.colcon_core.environment:checking '/home/pradyun/Assignment2_ws/install/mars_msgs' for CMake config files
[3.015s] Level 1:colcon.colcon_core.shell:create_environment_hook('mars_msgs', 'cmake_prefix_path')
[3.015s] INFO:colcon.colcon_core.shell:Creating environment hook '/home/pradyun/Assignment2_ws/install/mars_msgs/share/mars_msgs/hook/cmake_prefix_path.ps1'
[3.015s] INFO:colcon.colcon_core.shell:Creating environment descriptor '/home/pradyun/Assignment2_ws/install/mars_msgs/share/mars_msgs/hook/cmake_prefix_path.dsv'
[3.015s] INFO:colcon.colcon_core.shell:Creating environment hook '/home/pradyun/Assignment2_ws/install/mars_msgs/share/mars_msgs/hook/cmake_prefix_path.sh'
[3.015s] Level 1:colcon.colcon_core.environment:checking '/home/pradyun/Assignment2_ws/install/mars_msgs/lib'
[3.015s] Level 1:colcon.colcon_core.shell:create_environment_hook('mars_msgs', 'ld_library_path_lib')
[3.016s] INFO:colcon.colcon_core.shell:Creating environment hook '/home/pradyun/Assignment2_ws/install/mars_msgs/share/mars_msgs/hook/ld_library_path_lib.ps1'
[3.016s] INFO:colcon.colcon_core.shell:Creating environment descriptor '/home/pradyun/Assignment2_ws/install/mars_msgs/share/mars_msgs/hook/ld_library_path_lib.dsv'
[3.016s] INFO:colcon.colcon_core.shell:Creating environment hook '/home/pradyun/Assignment2_ws/install/mars_msgs/share/mars_msgs/hook/ld_library_path_lib.sh'
[3.016s] Level 1:colcon.colcon_core.environment:checking '/home/pradyun/Assignment2_ws/install/mars_msgs/bin'
[3.016s] Level 1:colcon.colcon_core.environment:checking '/home/pradyun/Assignment2_ws/install/mars_msgs/lib/pkgconfig/mars_msgs.pc'
[3.016s] Level 1:colcon.colcon_core.environment:checking '/home/pradyun/Assignment2_ws/install/mars_msgs/lib/python3.10/site-packages'
[3.017s] Level 1:colcon.colcon_core.environment:checking '/home/pradyun/Assignment2_ws/install/mars_msgs/bin'
[3.017s] INFO:colcon.colcon_core.shell:Creating package script '/home/pradyun/Assignment2_ws/install/mars_msgs/share/mars_msgs/package.ps1'
[3.017s] INFO:colcon.colcon_core.shell:Creating package descriptor '/home/pradyun/Assignment2_ws/install/mars_msgs/share/mars_msgs/package.dsv'
[3.017s] INFO:colcon.colcon_core.shell:Creating package script '/home/pradyun/Assignment2_ws/install/mars_msgs/share/mars_msgs/package.sh'
[3.018s] INFO:colcon.colcon_core.shell:Creating package script '/home/pradyun/Assignment2_ws/install/mars_msgs/share/mars_msgs/package.bash'
[3.018s] INFO:colcon.colcon_core.shell:Creating package script '/home/pradyun/Assignment2_ws/install/mars_msgs/share/mars_msgs/package.zsh'
[3.018s] Level 1:colcon.colcon_core.environment:create_file_with_runtime_dependencies(/home/pradyun/Assignment2_ws/install/mars_msgs/share/colcon-core/packages/mars_msgs)
[3.018s] DEBUG:colcon.colcon_parallel_executor.executor.parallel:closing loop
[3.018s] DEBUG:colcon.colcon_parallel_executor.executor.parallel:loop closed
[3.018s] DEBUG:colcon.colcon_parallel_executor.executor.parallel:run_until_complete finished with '0'
[3.018s] DEBUG:colcon.colcon_core.event_reactor:joining thread
[3.022s] INFO:colcon.colcon_core.plugin_system:Skipping extension 'colcon_notification.desktop_notification.terminal_notifier': Not used on non-Darwin systems
[3.022s] INFO:colcon.colcon_core.plugin_system:Skipping extension 'colcon_notification.desktop_notification.win32': Not used on non-Windows systems
[3.022s] INFO:colcon.colcon_notification.desktop_notification:Sending desktop notification using 'notify2'
[3.030s] DEBUG:colcon.colcon_core.event_reactor:joined thread
[3.031s] INFO:colcon.colcon_core.shell:Creating prefix script '/home/pradyun/Assignment2_ws/install/local_setup.ps1'
[3.032s] INFO:colcon.colcon_core.shell:Creating prefix util module '/home/pradyun/Assignment2_ws/install/_local_setup_util_ps1.py'
[3.034s] INFO:colcon.colcon_core.shell:Creating prefix chain script '/home/pradyun/Assignment2_ws/install/setup.ps1'
[3.035s] INFO:colcon.colcon_core.shell:Creating prefix script '/home/pradyun/Assignment2_ws/install/local_setup.sh'
[3.036s] INFO:colcon.colcon_core.shell:Creating prefix util module '/home/pradyun/Assignment2_ws/install/_local_setup_util_sh.py'
[3.036s] INFO:colcon.colcon_core.shell:Creating prefix chain script '/home/pradyun/Assignment2_ws/install/setup.sh'
[3.037s] INFO:colcon.colcon_core.shell:Creating prefix script '/home/pradyun/Assignment2_ws/install/local_setup.bash'
[3.038s] INFO:colcon.colcon_core.shell:Creating prefix chain script '/home/pradyun/Assignment2_ws/install/setup.bash'
[3.038s] INFO:colcon.colcon_core.shell:Creating prefix script '/home/pradyun/Assignment2_ws/install/local_setup.zsh'
[3.039s] INFO:colcon.colcon_core.shell:Creating prefix chain script '/home/pradyun/Assignment2_ws/install/setup.zsh'
