running egg_info
creating ../../build/Rover/Rover.egg-info
writing ../../build/Rover/Rover.egg-info/PKG-INFO
writing dependency_links to ../../build/Rover/Rover.egg-info/dependency_links.txt
writing entry points to ../../build/Rover/Rover.egg-info/entry_points.txt
writing requirements to ../../build/Rover/Rover.egg-info/requires.txt
writing top-level names to ../../build/Rover/Rover.egg-info/top_level.txt
writing manifest file '../../build/Rover/Rover.egg-info/SOURCES.txt'
reading manifest file '../../build/Rover/Rover.egg-info/SOURCES.txt'
writing manifest file '../../build/Rover/Rover.egg-info/SOURCES.txt'
running build
running build_py
creating /home/pradyun/Assignment2_ws/build/Rover/build
creating /home/pradyun/Assignment2_ws/build/Rover/build/lib
creating /home/pradyun/Assignment2_ws/build/Rover/build/lib/Rover
copying Rover/__init__.py -> /home/pradyun/Assignment2_ws/build/Rover/build/lib/Rover
copying Rover/sub.py -> /home/pradyun/Assignment2_ws/build/Rover/build/lib/Rover
copying Rover/pub2.py -> /home/pradyun/Assignment2_ws/build/Rover/build/lib/Rover
copying Rover/pub1.py -> /home/pradyun/Assignment2_ws/build/Rover/build/lib/Rover
running install
running install_lib
creating /home/pradyun/Assignment2_ws/install/Rover/lib/python3.10/site-packages/Rover
copying /home/pradyun/Assignment2_ws/build/Rover/build/lib/Rover/__init__.py -> /home/pradyun/Assignment2_ws/install/Rover/lib/python3.10/site-packages/Rover
copying /home/pradyun/Assignment2_ws/build/Rover/build/lib/Rover/sub.py -> /home/pradyun/Assignment2_ws/install/Rover/lib/python3.10/site-packages/Rover
copying /home/pradyun/Assignment2_ws/build/Rover/build/lib/Rover/pub2.py -> /home/pradyun/Assignment2_ws/install/Rover/lib/python3.10/site-packages/Rover
copying /home/pradyun/Assignment2_ws/build/Rover/build/lib/Rover/pub1.py -> /home/pradyun/Assignment2_ws/install/Rover/lib/python3.10/site-packages/Rover
byte-compiling /home/pradyun/Assignment2_ws/install/Rover/lib/python3.10/site-packages/Rover/__init__.py to __init__.cpython-310.pyc
byte-compiling /home/pradyun/Assignment2_ws/install/Rover/lib/python3.10/site-packages/Rover/sub.py to sub.cpython-310.pyc
byte-compiling /home/pradyun/Assignment2_ws/install/Rover/lib/python3.10/site-packages/Rover/pub2.py to pub2.cpython-310.pyc
byte-compiling /home/pradyun/Assignment2_ws/install/Rover/lib/python3.10/site-packages/Rover/pub1.py to pub1.cpython-310.pyc
running install_data
creating /home/pradyun/Assignment2_ws/install/Rover/share/ament_index
creating /home/pradyun/Assignment2_ws/install/Rover/share/ament_index/resource_index
creating /home/pradyun/Assignment2_ws/install/Rover/share/ament_index/resource_index/packages
copying resource/Rover -> /home/pradyun/Assignment2_ws/install/Rover/share/ament_index/resource_index/packages
copying package.xml -> /home/pradyun/Assignment2_ws/install/Rover/share/Rover
running install_egg_info
Copying ../../build/Rover/Rover.egg-info to /home/pradyun/Assignment2_ws/install/Rover/lib/python3.10/site-packages/Rover-0.0.0-py3.10.egg-info
running install_scripts
Installing pub1 = Rover.pub1:mainpub2 = Rover.pub1:mainsub script to /home/pradyun/Assignment2_ws/install/Rover/lib/Rover
writing list of installed files to '/home/pradyun/Assignment2_ws/build/Rover/install.log'
