[0.169s] Invoking command in '/home/pradyun/Assignment2_ws/build/interfaces': CMAKE_PREFIX_PATH=${CMAKE_PREFIX_PATH}:/home/pradyun/Assignment2_ws/install/my_py_pkg:/home/pradyun/Assignment2_ws/install/Rover:/opt/ros/humble /usr/bin/cmake /home/pradyun/Assignment2_ws/src/interfaces -DCMAKE_INSTALL_PREFIX=/home/pradyun/Assignment2_ws/install/interfaces
[0.325s] -- Found ament_cmake: 1.3.12 (/opt/ros/humble/share/ament_cmake/cmake)
[0.326s] -- Found geometry_msgs: 4.9.0 (/opt/ros/humble/share/geometry_msgs/cmake)
[0.326s] -- Found rosidl_generator_c: 3.1.7 (/opt/ros/humble/share/rosidl_generator_c/cmake)
[0.327s] -- Found rosidl_adapter: 3.1.7 (/opt/ros/humble/share/rosidl_adapter/cmake)
[0.327s] -- Found rosidl_generator_cpp: 3.1.7 (/opt/ros/humble/share/rosidl_generator_cpp/cmake)
[0.327s] -- Using all available rosidl_typesupport_c: rosidl_typesupport_fastrtps_c;rosidl_typesupport_introspection_c
[0.327s] -- Using all available rosidl_typesupport_cpp: rosidl_typesupport_fastrtps_cpp;rosidl_typesupport_introspection_cpp
[0.327s] -- Found rosidl_default_generators: 1.2.0 (/opt/ros/humble/share/rosidl_default_generators/cmake)
[0.473s] [31mCMake Error at /opt/ros/humble/share/rosidl_cmake/cmake/rosidl_generate_interfaces.cmake:229 (message):
[0.473s]   Packages installing interfaces must include
[0.473s]   '<member_of_group>rosidl_interface_packages</member_of_group>' in their
[0.473s]   package.xml
[0.473s] Call Stack (most recent call first):
[0.473s]   CMakeLists.txt:17 (rosidl_generate_interfaces)
[0.473s] 
[0.473s] [0m
[0.473s] -- Configuring incomplete, errors occurred!
[0.473s] See also "/home/pradyun/Assignment2_ws/build/interfaces/CMakeFiles/CMakeOutput.log".
[0.496s] Invoked command in '/home/pradyun/Assignment2_ws/build/interfaces' returned '1': CMAKE_PREFIX_PATH=${CMAKE_PREFIX_PATH}:/home/pradyun/Assignment2_ws/install/my_py_pkg:/home/pradyun/Assignment2_ws/install/Rover:/opt/ros/humble /usr/bin/cmake /home/pradyun/Assignment2_ws/src/interfaces -DCMAKE_INSTALL_PREFIX=/home/pradyun/Assignment2_ws/install/interfaces
