[0.565s] Invoking command in '/home/pradyun/Assignment2_ws/src/my_py_pkg': PYTHONPATH=/home/pradyun/Assignment2_ws/build/my_py_pkg/prefix_override:/usr/lib/python3/dist-packages/colcon_core/task/python/colcon_distutils_commands:/home/pradyun/Assignment2_ws/install/my_py_pkg/lib/python3.10/site-packages:${PYTHONPATH} /usr/bin/python3 -W ignore:setup.py install is deprecated -W ignore:easy_install command is deprecated setup.py egg_info --egg-base ../../build/my_py_pkg build --build-base /home/pradyun/Assignment2_ws/build/my_py_pkg/build install --record /home/pradyun/Assignment2_ws/build/my_py_pkg/install.log --single-version-externally-managed install_data
[0.708s] running egg_info
[0.709s] writing ../../build/my_py_pkg/my_py_pkg.egg-info/PKG-INFO
[0.711s] writing dependency_links to ../../build/my_py_pkg/my_py_pkg.egg-info/dependency_links.txt
[0.711s] writing entry points to ../../build/my_py_pkg/my_py_pkg.egg-info/entry_points.txt
[0.711s] writing requirements to ../../build/my_py_pkg/my_py_pkg.egg-info/requires.txt
[0.711s] writing top-level names to ../../build/my_py_pkg/my_py_pkg.egg-info/top_level.txt
[0.712s] reading manifest file '../../build/my_py_pkg/my_py_pkg.egg-info/SOURCES.txt'
[0.713s] writing manifest file '../../build/my_py_pkg/my_py_pkg.egg-info/SOURCES.txt'
[0.713s] running build
[0.713s] running build_py
[0.713s] running install
[0.714s] running install_lib
[0.714s] running install_data
[0.715s] running install_egg_info
[0.716s] removing '/home/pradyun/Assignment2_ws/install/my_py_pkg/lib/python3.10/site-packages/my_py_pkg-0.0.0-py3.10.egg-info' (and everything under it)
[0.716s] Copying ../../build/my_py_pkg/my_py_pkg.egg-info to /home/pradyun/Assignment2_ws/install/my_py_pkg/lib/python3.10/site-packages/my_py_pkg-0.0.0-py3.10.egg-info
[0.716s] running install_scripts
[0.730s] writing list of installed files to '/home/pradyun/Assignment2_ws/build/my_py_pkg/install.log'
[0.748s] Invoked command in '/home/pradyun/Assignment2_ws/src/my_py_pkg' returned '0': PYTHONPATH=/home/pradyun/Assignment2_ws/build/my_py_pkg/prefix_override:/usr/lib/python3/dist-packages/colcon_core/task/python/colcon_distutils_commands:/home/pradyun/Assignment2_ws/install/my_py_pkg/lib/python3.10/site-packages:${PYTHONPATH} /usr/bin/python3 -W ignore:setup.py install is deprecated -W ignore:easy_install command is deprecated setup.py egg_info --egg-base ../../build/my_py_pkg build --build-base /home/pradyun/Assignment2_ws/build/my_py_pkg/build install --record /home/pradyun/Assignment2_ws/build/my_py_pkg/install.log --single-version-externally-managed install_data
