[0.715s] Invoking command in '/home/pradyun/Assignment2_ws/src/rover_odometry': PYTHONPATH=/home/pradyun/Assignment2_ws/build/rover_odometry/prefix_override:/usr/lib/python3/dist-packages/colcon_core/task/python/colcon_distutils_commands:/home/pradyun/Assignment2_ws/install/rover_odometry/lib/python3.10/site-packages:${PYTHONPATH} /usr/bin/python3 -W ignore:setup.py install is deprecated -W ignore:easy_install command is deprecated setup.py egg_info --egg-base ../../build/rover_odometry build --build-base /home/pradyun/Assignment2_ws/build/rover_odometry/build install --record /home/pradyun/Assignment2_ws/build/rover_odometry/install.log --single-version-externally-managed install_data
[0.868s] running egg_info
[0.869s] writing ../../build/rover_odometry/rover_odometry.egg-info/PKG-INFO
[0.869s] writing dependency_links to ../../build/rover_odometry/rover_odometry.egg-info/dependency_links.txt
[0.869s] writing entry points to ../../build/rover_odometry/rover_odometry.egg-info/entry_points.txt
[0.869s] writing requirements to ../../build/rover_odometry/rover_odometry.egg-info/requires.txt
[0.870s] writing top-level names to ../../build/rover_odometry/rover_odometry.egg-info/top_level.txt
[0.871s] reading manifest file '../../build/rover_odometry/rover_odometry.egg-info/SOURCES.txt'
[0.872s] writing manifest file '../../build/rover_odometry/rover_odometry.egg-info/SOURCES.txt'
[0.872s] running build
[0.872s] running build_py
[0.872s] running install
[0.872s] running install_lib
[0.873s] running install_data
[0.873s] creating /home/pradyun/Assignment2_ws/install/rover_odometry/share/rover_odometry/launch
[0.874s] copying launch/launch.py -> /home/pradyun/Assignment2_ws/install/rover_odometry/share/rover_odometry/launch
[0.874s] running install_egg_info
[0.875s] removing '/home/pradyun/Assignment2_ws/install/rover_odometry/lib/python3.10/site-packages/rover_odometry-0.0.0-py3.10.egg-info' (and everything under it)
[0.875s] Copying ../../build/rover_odometry/rover_odometry.egg-info to /home/pradyun/Assignment2_ws/install/rover_odometry/lib/python3.10/site-packages/rover_odometry-0.0.0-py3.10.egg-info
[0.876s] running install_scripts
[0.893s] Installing publisher script to /home/pradyun/Assignment2_ws/install/rover_odometry/lib/rover_odometry
[0.893s] Installing subscriber script to /home/pradyun/Assignment2_ws/install/rover_odometry/lib/rover_odometry
[0.893s] writing list of installed files to '/home/pradyun/Assignment2_ws/build/rover_odometry/install.log'
[0.914s] Invoked command in '/home/pradyun/Assignment2_ws/src/rover_odometry' returned '0': PYTHONPATH=/home/pradyun/Assignment2_ws/build/rover_odometry/prefix_override:/usr/lib/python3/dist-packages/colcon_core/task/python/colcon_distutils_commands:/home/pradyun/Assignment2_ws/install/rover_odometry/lib/python3.10/site-packages:${PYTHONPATH} /usr/bin/python3 -W ignore:setup.py install is deprecated -W ignore:easy_install command is deprecated setup.py egg_info --egg-base ../../build/rover_odometry build --build-base /home/pradyun/Assignment2_ws/build/rover_odometry/build install --record /home/pradyun/Assignment2_ws/build/rover_odometry/install.log --single-version-externally-managed install_data
