running egg_info
creating ../../build/rover/Rover.egg-info
writing ../../build/rover/Rover.egg-info/PKG-INFO
writing dependency_links to ../../build/rover/Rover.egg-info/dependency_links.txt
writing entry points to ../../build/rover/Rover.egg-info/entry_points.txt
writing requirements to ../../build/rover/Rover.egg-info/requires.txt
writing top-level names to ../../build/rover/Rover.egg-info/top_level.txt
writing manifest file '../../build/rover/Rover.egg-info/SOURCES.txt'
reading manifest file '../../build/rover/Rover.egg-info/SOURCES.txt'
writing manifest file '../../build/rover/Rover.egg-info/SOURCES.txt'
running build
running build_py
creating /home/pradyun/Assignment2_ws/build/rover/build
creating /home/pradyun/Assignment2_ws/build/rover/build/lib
creating /home/pradyun/Assignment2_ws/build/rover/build/lib/rover
copying rover/__init__.py -> /home/pradyun/Assignment2_ws/build/rover/build/lib/rover
copying rover/pub1.py -> /home/pradyun/Assignment2_ws/build/rover/build/lib/rover
copying rover/pub2.py -> /home/pradyun/Assignment2_ws/build/rover/build/lib/rover
copying rover/sub.py -> /home/pradyun/Assignment2_ws/build/rover/build/lib/rover
running install
running install_lib
creating /home/pradyun/Assignment2_ws/install/rover/lib/python3.10/site-packages/rover
copying /home/pradyun/Assignment2_ws/build/rover/build/lib/rover/__init__.py -> /home/pradyun/Assignment2_ws/install/rover/lib/python3.10/site-packages/rover
copying /home/pradyun/Assignment2_ws/build/rover/build/lib/rover/sub.py -> /home/pradyun/Assignment2_ws/install/rover/lib/python3.10/site-packages/rover
copying /home/pradyun/Assignment2_ws/build/rover/build/lib/rover/pub2.py -> /home/pradyun/Assignment2_ws/install/rover/lib/python3.10/site-packages/rover
copying /home/pradyun/Assignment2_ws/build/rover/build/lib/rover/pub1.py -> /home/pradyun/Assignment2_ws/install/rover/lib/python3.10/site-packages/rover
byte-compiling /home/pradyun/Assignment2_ws/install/rover/lib/python3.10/site-packages/rover/__init__.py to __init__.cpython-310.pyc
byte-compiling /home/pradyun/Assignment2_ws/install/rover/lib/python3.10/site-packages/rover/sub.py to sub.cpython-310.pyc
byte-compiling /home/pradyun/Assignment2_ws/install/rover/lib/python3.10/site-packages/rover/pub2.py to pub2.cpython-310.pyc
byte-compiling /home/pradyun/Assignment2_ws/install/rover/lib/python3.10/site-packages/rover/pub1.py to pub1.cpython-310.pyc
running install_data
